<?xml version="1.0" encoding="UTF-8"?>
<testsuite name="com.apollo.StackQueueTest" tests="1" skipped="0" failures="0" errors="0" timestamp="2020-05-21T12:02:27" hostname="DESKTOP-A10VHUM" time="0.004">
  <properties/>
  <testcase name="testDailyNextGreaterElements" classname="com.apollo.StackQueueTest" time="0.004"/>
  <system-out><![CDATA[[-1, 0, 0]
]]></system-out>
  <system-err><![CDATA[]]></system-err>
</testsuite>
