<?xml version="1.0" encoding="UTF-8"?>
<testsuite name="com.apollo.BitTest" tests="1" skipped="0" failures="0" errors="0" timestamp="2020-06-08T06:39:32" hostname="DESKTOP-A10VHUM" time="0.017">
  <properties/>
  <testcase name="testMaxProduct" classname="com.apollo.BitTest" time="0.017"/>
  <system-out><![CDATA[16
]]></system-out>
  <system-err><![CDATA[]]></system-err>
</testsuite>
