<?xml version="1.0" encoding="UTF-8"?>
<testsuite name="com.apollo.ArrayTest" tests="1" skipped="0" failures="0" errors="0" timestamp="2020-06-04T11:20:56" hostname="DESKTOP-A10VHUM" time="0.005">
  <properties/>
  <testcase name="testFindDuplicate" classname="com.apollo.ArrayTest" time="0.005"/>
  <system-out><![CDATA[2
]]></system-out>
  <system-err><![CDATA[]]></system-err>
</testsuite>
