<?xml version="1.0" encoding="UTF-8"?>
<testsuite name="com.apollo.HashSetTest" tests="1" skipped="0" failures="0" errors="0" timestamp="2020-05-23T15:13:16" hostname="DESKTOP-A10VHUM" time="0.009">
  <properties/>
  <testcase name="testLongestConsecutive" classname="com.apollo.HashSetTest" time="0.009"/>
  <system-out><![CDATA[4
]]></system-out>
  <system-err><![CDATA[]]></system-err>
</testsuite>
