<?xml version="1.0" encoding="UTF-8"?>
<testsuite name="com.apollo.labuladong.DPLearnTest" tests="1" skipped="0" failures="0" errors="0" timestamp="2020-06-26T07:52:48" hostname="DESKTOP-A10VHUM" time="0.005">
  <properties/>
  <testcase name="testEditDistance" classname="com.apollo.labuladong.DPLearnTest" time="0.005"/>
  <system-out><![CDATA[3
]]></system-out>
  <system-err><![CDATA[]]></system-err>
</testsuite>
