<?xml version="1.0" encoding="UTF-8"?>
<testsuite name="com.apollo.labuladong.DPLearnTest" tests="1" skipped="0" failures="0" errors="0" timestamp="2020-06-26T12:18:58" hostname="DESKTOP-A10VHUM" time="0.009">
  <properties/>
  <testcase name="testFindLongestChain" classname="com.apollo.labuladong.DPLearnTest" time="0.009"/>
  <system-out><![CDATA[2
]]></system-out>
  <system-err><![CDATA[]]></system-err>
</testsuite>
