<?xml version="1.0" encoding="UTF-8"?>
<testsuite name="com.apollo.bst.BstTest" tests="1" skipped="0" failures="0" errors="0" timestamp="2020-05-31T13:21:56" hostname="DESKTOP-A10VHUM" time="0.055">
  <properties/>
  <testcase name="testSortedListToBST" classname="com.apollo.bst.BstTest" time="0.055"/>
  <system-out><![CDATA[TreeNode{val=-10}
TreeNode{val=-3}
TreeNode{val=0}
TreeNode{val=5}
TreeNode{val=9}
]]></system-out>
  <system-err><![CDATA[]]></system-err>
</testsuite>
