<?xml version="1.0" encoding="UTF-8"?>
<testsuite name="com.apollo.hierarchy.HierarchyTest" tests="1" skipped="0" failures="0" errors="0" timestamp="2020-05-17T07:01:31" hostname="DESKTOP-A10VHUM" time="0.069">
  <properties/>
  <testcase name="testAverageOfLevels" classname="com.apollo.hierarchy.HierarchyTest" time="0.069"/>
  <system-out><![CDATA[2020-05-17 15:01:31,079 DEBUG [com.apollo.utils.TreeUtil] - 4
2020-05-17 15:01:31,082 DEBUG [com.apollo.utils.TreeUtil] - [TreeNode{val=3}, TreeNode{val=9}, TreeNode{val=20}, null, null, TreeNode{val=15}, TreeNode{val=7}]
3.0
14.5
11.0
]]></system-out>
  <system-err><![CDATA[]]></system-err>
</testsuite>
