<?xml version="1.0" encoding="UTF-8"?>
<testsuite name="com.apollo.TreeTest" tests="1" skipped="0" failures="0" errors="0" timestamp="2020-05-15T07:58:12" hostname="DESKTOP-A10VHUM" time="0.069">
  <properties/>
  <testcase name="testIsSymmetric" classname="com.apollo.TreeTest" time="0.069"/>
  <system-out><![CDATA[2020-05-15 15:58:12,738 DEBUG [com.apollo.utils.TreeUtil] - 4
2020-05-15 15:58:12,742 DEBUG [com.apollo.utils.TreeUtil] - [TreeNode{val=1}, TreeNode{val=2}, TreeNode{val=2}, TreeNode{val=3}, TreeNode{val=4}, TreeNode{val=4}, TreeNode{val=3}]
true
]]></system-out>
  <system-err><![CDATA[]]></system-err>
</testsuite>
