<?xml version="1.0" encoding="UTF-8"?>
<testsuite name="com.apollo.TreeTest" tests="1" skipped="0" failures="0" errors="0" timestamp="2020-05-11T15:54:09" hostname="DESKTOP-A10VHUM" time="0.067">
  <properties/>
  <testcase name="testHasPathSum" classname="com.apollo.TreeTest" time="0.067"/>
  <system-out><![CDATA[2020-05-11 23:54:09,711 DEBUG [com.apollo.utils.TreeUtil] - 4
2020-05-11 23:54:09,714 DEBUG [com.apollo.utils.TreeUtil] - [TreeNode{val=5}, TreeNode{val=4}, TreeNode{val=8}, TreeNode{val=11}, null, TreeNode{val=13}, TreeNode{val=4}, TreeNode{val=7}, TreeNode{val=2}, null, null, null, TreeNode{val=1}]
true
]]></system-out>
  <system-err><![CDATA[]]></system-err>
</testsuite>
