<?xml version="1.0" encoding="UTF-8"?>
<testsuite name="com.apollo.GraphTest" tests="1" skipped="0" failures="0" errors="0" timestamp="2020-06-16T06:35:30" hostname="DESKTOP-A10VHUM" time="0.005">
  <properties/>
  <testcase name="testFindOrder" classname="com.apollo.GraphTest" time="0.005"/>
  <system-out><![CDATA[[0]
]]></system-out>
  <system-err><![CDATA[]]></system-err>
</testsuite>
