<?xml version="1.0" encoding="UTF-8"?>
<testsuite name="com.apollo.linkedListTest" tests="1" skipped="0" failures="0" errors="0" timestamp="2020-05-06T14:05:31" hostname="DESKTOP-A10VHUM" time="0.006">
  <properties/>
  <testcase name="testOddEvenList" classname="com.apollo.linkedListTest" time="0.006"/>
  <system-out><![CDATA[1
3
5
2
4
6
]]></system-out>
  <system-err><![CDATA[]]></system-err>
</testsuite>
