<?xml version="1.0" encoding="UTF-8"?>
<testsuite name="com.apollo.linkedListTest" tests="1" skipped="0" failures="0" errors="0" timestamp="2020-05-02T15:18:51" hostname="LAPTOP-M2EA1U5K" time="0.006">
  <properties/>
  <testcase name="testReverseList" classname="com.apollo.linkedListTest" time="0.006"/>
  <system-out><![CDATA[5
4
3
2
1
]]></system-out>
  <system-err><![CDATA[]]></system-err>
</testsuite>
