<?xml version="1.0" encoding="UTF-8"?>
<testsuite name="com.apollo.SortTest" tests="1" skipped="0" failures="0" errors="0" timestamp="2020-05-09T14:45:43" hostname="DESKTOP-A10VHUM" time="0.098">
  <properties/>
  <testcase name="testCountingSort" classname="com.apollo.SortTest" time="0.098"/>
  <system-out><![CDATA[排序后的时间是=34ms
[9, 30, 35, 51, 52, 300, 375, 412, 798, 842, 1200, 1217, 1230, 1254, 1641, 1662, 1742, 1818, 1852, 1929, 1938, 1975, 2024, 2068, 2206, 2500, 2736, 2804, 2808, 3091, 3225, 3568, 3598, 3809, 3829, 4337, 4368, 4398, 4899, 4913, 5112, 5132, 5383, 5737, 5748, 5814, 5852, 5868, 5923, 6251, 6311, 6324, 6324, 6326, 6380, 6579, 6783, 6796, 6861, 6954, 7050, 7154, 7265, 7266, 7291, 7314, 7375, 7646, 7770, 7853, 7872, 7980, 8064, 8109, 8210, 8320, 8677, 8752, 8846, 9141, 9165, 9223, 9291, 9360, 9845, 9914, 9986, 10011, 10140, 10158, 10179, 10281, 10489, 10595, 10737, 10800, 10829, 10903, 10942, 10973, 10984, 11020, 11037, 11188, 11341, 11556, 11700, 11742, 11807, 11842, 11845, 11901, 11983, 12180, 12323, 12378, 12427, 12492, 12504, 12804, 12808, 12980, 12985, 13183, 13207, 13226, 13364, 13737, 13836, 13930, 14088, 14120, 14192, 14225, 14367, 14409, 14416, 14666, 14727, 14774, 14968, 15040, 15284, 15318, 15456, 15734, 15750, 15853, 15866, 16023, 16033, 16129, 16151, 16169, 16345, 16481, 16547, 16658, 16811, 16877, 17073, 17256, 17262, 17343, 17425, 17512, 17516, 17591, 17686, 17713, 17723, 17782, 17952, 17999, 18133, 18366, 18425, 18466, 18483, 18539, 18695, 18733, 18738, 18740, 18781, 18783, 18896, 18920, 18994, 19164, 19175, 19183, 19304, 19468, 19684, 19732, 19930, 19939, 19982, 20042, 20075, 20195, 20287, 20436, 20497, 20548, 21105, 21128, 21157, 21194, 21450, 21468, 21543, 21566, 21596, 21655, 21668, 21931, 22004, 22033, 22086, 22196, 22197, 22478, 22517, 22833, 22894, 22980, 22995, 23259, 23269, 23312, 23394, 23452, 23565, 23620, 23720, 24036, 24046, 24453, 24497, 24584, 24839, 24943, 25011, 25279, 25440, 25539, 25600, 25756, 25904, 25949, 25992, 26025, 26028, 26033, 26220, 26234, 26452, 26480, 26497, 26707, 26744, 26795, 27018, 27200, 27212, 27218, 27252, 27302, 27880, 28111, 28231, 28263, 28300, 28313, 28356, 28399, 28405, 28455, 28660, 28683, 28831, 28858, 28928, 28938, 29102, 29105, 29130, 29154, 29179, 29491, 29590, 29859, 29996, 29999, 30099, 30120, 30198, 30210, 30417, 30455, 30909, 31043, 31110, 31333, 31383, 31490, 31505, 31518, 31726, 31845, 31892, 31962, 32245, 32275, 32390, 32436, 32538, 32566, 32605, 32636, 33151, 33183, 33366, 33464, 33570, 33695, 33710, 33941, 33986, 34072, 34092, 34236, 34306, 34345, 34475, 34657, 34841, 34846, 34879, 34907, 35138, 35209, 35347, 35366, 35586, 35648, 35686, 35827, 35975, 36004, 36027, 36118, 36189, 36299, 36330, 36363, 36424, 36760, 37128, 37282, 37862, 38077, 38390, 38442, 38482, 38531, 38581, 38618, 38689, 38755, 38820, 38879, 38896, 38901, 38971, 39091, 39228, 39262, 39277, 39297, 39359, 39364, 39396, 39430, 39483, 39602, 39672, 39858, 39992, 40004, 40250, 40337, 40384, 40402, 40575, 40586, 40808, 40818, 40831, 40834, 40866, 41191, 41246, 41252, 41277, 41394, 41424, 41517, 41558, 41662, 41709, 41751, 41762, 41782, 41911, 42000, 42006, 42246, 42301, 42310, 42347, 42363, 42421, 42426, 42448, 42448, 42558, 42593, 42742, 42803, 42824, 42856, 42987, 43136, 43201, 43252, 43456, 43617, 43653, 43655, 43744, 43826, 43893, 43948, 44041, 44390, 44525, 44551, 44581, 44911, 44943, 44951, 45125, 45185, 45213, 45272, 45444, 45678, 45681, 45706, 45778, 45810, 45927, 45998, 46153, 46303, 46713, 47177, 47206, 47371, 47395, 47512, 47561, 47716, 48192, 48230, 48243, 48257, 48401, 48418, 48446, 48968, 48990, 49007, 49038, 49102, 49145, 49247, 49255, 49267, 49267, 49336, 49473, 49498, 49538, 49727, 49729, 49930, 49941, 50111, 50176, 50408, 50506, 50737, 50971, 51291, 51367, 51451, 51512, 51819, 51892, 51954, 51969, 52011, 52140, 52282, 52303, 52384, 52528, 52685, 52893, 53226, 53231, 53691, 53765, 53808, 53891, 54091, 54187, 54194, 54305, 54388, 54404, 54724, 54773, 54785, 54829, 54836, 54836, 54869, 55034, 55051, 55174, 55236, 55303, 55366, 55439, 55492, 55516, 55545, 55588, 55629, 55723, 55735, 55787, 55933, 55945, 56149, 56203, 56223, 56261, 56673, 56988, 57068, 57155, 57232, 57318, 57484, 57668, 57738, 57761, 57810, 57835, 57950, 58130, 58336, 58397, 58600, 58631, 58686, 58869, 58888, 58945, 58969, 59130, 59140, 59163, 59293, 59474, 59667, 59821, 59964, 60019, 60172, 60175, 60225, 60357, 60372, 60444, 60533, 60546, 60582, 60703, 60844, 60877, 60941, 61105, 61127, 61215, 61313, 61353, 61356, 61371, 61386, 61496, 61516, 61687, 61827, 61969, 62221, 62336, 62340, 62495, 62511, 62717, 62963, 63002, 63080, 63127, 63156, 63223, 63408, 63410, 63425, 63603, 63717, 63721, 63891, 64050, 64238, 64276, 64279, 64339, 64372, 64399, 64432, 64608, 64643, 64706, 64814, 64921, 65094, 65243, 65425, 65511, 65700, 65854, 65882, 65904, 65933, 66015, 66522, 66642, 66842, 66888, 67047, 67264, 67445, 67460, 67467, 67611, 67645, 67746, 67910, 68055, 68233, 68296, 68373, 68374, 68501, 68517, 68552, 68600, 68631, 68637, 68695, 68876, 68936, 69052, 69105, 69133, 69193, 69268, 69446, 69571, 69586, 69722, 69795, 69829, 70002, 70008, 70435, 70521, 70650, 70728, 70804, 70829, 70885, 70952, 71022, 71188, 71354, 71618, 71650, 71689, 71889, 72071, 72134, 72287, 72327, 72512, 72526, 72542, 72551, 72733, 72832, 72857, 72953, 72988, 73031, 73042, 73400, 73476, 73908, 73978, 73979, 74059, 74106, 74162, 74273, 74348, 74413, 74467, 74527, 74845, 74916, 75222, 75232, 75271, 75329, 75415, 75503, 75701, 75709, 75760, 75785, 75999, 76124, 76177, 76299, 76443, 76558, 76558, 76590, 76709, 76772, 76982, 77247, 77366, 77403, 77446, 77618, 77653, 77698, 77848, 78059, 78304, 78376, 78387, 78526, 78640, 78640, 78723, 78794, 78815, 79035, 79140, 79360, 79408, 79428, 79446, 79474, 79498, 79864, 79894, 79956, 79973, 80007, 80193, 80195, 80207, 80251, 80474, 80593, 80677, 80864, 81051, 81235, 81385, 81416, 81421, 81578, 81608, 81741, 81815, 81873, 81895, 81954, 82038, 82297, 82347, 82348, 82461, 82470, 82502, 82710, 82937, 83131, 83284, 83349, 83354, 83493, 83501, 83510, 83778, 83831, 84014, 84076, 84104, 84106, 84147, 84324, 84616, 84709, 84804, 84821, 84840, 85040, 85203, 85240, 85558, 85597, 85630, 85785, 85792, 85851, 85926, 86005, 86123, 86251, 86342, 86659, 86800, 86881, 87240, 87245, 87360, 87488, 87758, 87858, 87892, 87975, 88072, 88175, 88591, 88606, 88635, 88661, 88769, 88771, 88911, 89227, 89293, 89477, 89579, 89583, 89626, 89697, 89741, 90003, 90019, 90019, 90160, 90201, 90229, 90265, 90329, 90354, 90541, 90580, 90590, 90671, 90689, 90826, 90984, 91091, 91113, 91127, 91209, 91365, 91367, 91435, 91453, 91610, 91790, 91794, 91809, 91857, 91880, 92001, 92035, 92120, 92124, 92252, 92257, 92288, 92329, 92623, 92629, 92655, 92696, 92729, 93041, 93150, 93167, 93468, 93708, 93778, 93857, 93869, 93882, 94049, 94151, 94195, 94205, 94325, 94332, 94389, 94496, 94619, 94708, 94858, 94910, 94971, 94987, 95070, 95112, 95266, 95317, 95357, 95430, 95437, 95528, 95624, 95660, 95879, 95903, 96289, 96295, 96300, 96471, 96567, 96637, 96715, 96827, 96884, 96978, 97308, 97340, 97403, 97578, 97684, 97791, 97831, 97898, 97942, 98124, 98222, 98247, 98248, 98353, 98471, 98593, 98774, 98816, 99125, 99290, 99348, 99501, 99559, 99622, 99629, 99890, 99927, 99951, 99984, 100332, 100366, 100684, 100723, 100728, 100826, 100881, 100937, 100947, 100968, 100968, 101035, 101065, 101304, 101480, 101501, 101547, 101567, 101570, 101665, 101674, 101705, 101895, 102026, 102026, 102123, 102136, 102347, 102411, 102432, 102542, 102665, 102668, 103113, 103337, 103507, 103554, 103614, 103682, 103772, 103778, 103895, 104318, 104400, 104408, 104415, 104510, 104696, 104708, 104740, 104821, 104884, 104896, 104899, 104966, 105023, 105070, 105118, 105221, 105233, 105246, 105284, 105318, 105362, 105411, 105483, 105613, 105759, 105806, 105977, 106090, 106141, 106180, 106229, 106397, 106490, 106595, 106658, 106833, 106911, 107098, 107284, 107318, 107353, 107440, 107565, 107657, 107766, 107807, 107917, 107932, 108009, 108494, 108589, 108621, 108722, 108936, 108973, 109244, 109386, 109683, 109720, 109908, 109952, 110041, 110063, 110128, 110236, 110309, 110329, 110409, 110445, 110519, 110637, 110642, 110652, 110675, 110743, 110749, 110913, 111091, 111093, 111202, 111351, 111355, 111457, 111596, 111609, 111643, 111667, 111678, 111834, 111946, 112275, 112292, 112391, 112478, 112698, 112831, 112840, 112849, 112897, 112897, 112952, 112965, 113010, 113205, 113288, 113323, 113394, 113452, 113536, 113748, 113947, 114047, 114399, 114560, 114665, 114668, 114805, 114889, 114919, 114952, 115082, 115168, 115189, 115268, 115388, 115532, 115546, 115651, 115657, 115820, 115836, 115969, 115972, 116068, 116306, 116401, 116569, 116688, 116690, 116747, 116761, 116827, 117058, 117142, 117236, 117373, 117496, 117528, 117598, 117655, 117738, 117824, 117886, 118037, 118117, 118141, 118155, 118179, 118196, 118494, 118534, 118631, 118935, 119229, 119769, 119832, 119833, 119941, 119963, 119979, 120025, 120430, 120529, 120592, 120659, 120820, 120878, 120905, 120999, 121158, 121292, 121392, 121453, 121491, 121665, 121755, 121779, 121791, 121849, 121929, 121957, 122236, 122313, 122430, 122475, 122490, 122508, 122533, 122648, 122788, 122908, 122996, 123014, 123028, 123060, 123228, 123254, 123305, 123406, 123464, 123572, 123584, 123643, 123725, 123745, 123750, 123955, 124039, 124071, 124240, 124399, 124406, 124560, 124648, 124747, 124778, 124804, 124958, 124959, 125167, 125171, 125187, 125399, 125418, 125450, 125468, 125471, 125507, 125548, 125621, 125626, 125713, 125758, 125854, 125976, 126085, 126136, 126340, 126373, 126437, 126745, 126758, 126917, 126996, 127066, 127102, 127193, 127508, 127635, 127674, 127763, 127909, 127916, 128023, 128106, 128156, 128230, 128355, 128377, 128446, 128455, 128456, 128495, 128612, 128944, 128948, 129125, 129314, 129315, 129371, 129517, 129643, 129699, 129762, 129997, 130046, 130332, 130333, 130518, 130722, 130808, 130983, 131104, 131118, 131165, 131166, 131185, 131197, 131203, 131285, 131293, 131304, 131330, 131342, 131552, 131685, 131767, 131769, 131853, 131865, 132011, 132116, 132238, 132415, 132477, 132492, 132589, 132801, 133287, 133758, 133910, 133917, 134093, 134104, 134243, 134375, 134422, 134552, 134555, 134646, 134724, 134870, 135238, 135413, 135636, 135682, 135732, 135844, 135892, 136080, 136187, 136277, 136306, 136307, 136315, 136428, 136433, 136736, 136762, 136782, 136841, 136862, 136886, 136947, 137067, 137070, 137077, 137281, 137380, 137415, 137527, 137536, 137549, 137555, 137640, 137718, 137786, 137832, 137838, 137975, 138106, 138127, 138294, 138306, 138353, 138370, 138474, 138474, 138675, 138700, 138715, 138716, 138728, 138776, 138830, 138930, 138952, 139012, 139148, 139351, 139358, 139504, 139525, 139567, 139665, 139667, 139797, 139811, 139848, 139908, 140066, 140262, 140364, 140445, 140493, 140555, 140942, 140947, 140967, 141094, 141218, 141231, 141342, 141392, 141415, 141666, 141669, 141790, 141963, 142014, 142103, 142132, 142335, 142338, 142539, 142597, 142735, 142805, 142910, 142974, 142997, 143126, 143401, 143628, 143635, 143821, 143926, 143961, 144044, 144058, 144146, 144189, 144357, 144828, 144855, 144882, 144929, 145014, 145030, 145065, 145320, 145397, 145577, 145587, 145913, 145978, 146114, 146209, 146257, 146340, 146494, 146599, 146641, 146672, 146675, 146759, 146789, 146925, 146979, 147053, 147206, 147292, 147332, 147504, 147545, 147614, 147656, 147717, 147726, 147807, 147838, 147866, 148112, 148363, 148495, 148515, 148832, 148874, 149224, 149226, 149245, 149255, 149380, 149392, 149397, 149516, 149573, 149591, 149605, 149819, 150048, 150049, 150054, 150133, 150163, 150163, 150216, 150296, 150431, 150617, 150776, 150777, 150864, 150892, 151048, 151083, 151175, 151427, 151518, 151768, 151862, 151876, 152174, 152601, 152609, 152655, 152657, 152762, 152807, 152868, 152905, 152951, 153036, 153073, 153096, 153244, 153260, 153410, 153411, 153424, 153464, 153604, 153652, 153774, 153893, 155300, 155365, 155438, 155727, 155758, 155762, 155818, 155830, 155831, 155842, 156121, 156164, 156239, 156275, 156331, 156405, 156426, 156603, 156603, 156783, 156950, 157012, 157022, 157128, 157135, 157148, 157184, 157284, 157341, 157369, 157401, 157429, 157485, 157932, 158135, 158162, 158273, 158361, 158410, 158476, 158726, 158784, 158848, 159169, 159597, 159957, 160037, 160265, 160370, 160663, 160803, 161176, 161215, 161279, 161456, 161589, 161716, 161849, 162065, 162179, 162320, 162402, 162504, 162701, 162734, 162754, 162857, 162940, 163113, 163265, 163268, 163325, 163339, 163368, 163516, 163563, 163576, 163734, 163988, 164146, 164220, 164389, 164409, 164627, 164648, 164723, 164841, 165057, 165147, 165239, 165361, 165783, 165858, 165960, 166347, 166380, 166395, 166491, 166498, 166661, 166798, 166882, 166929, 167122, 167131, 167227, 167351, 167400, 167634, 167733, 168028, 168093, 168276, 168563, 168589, 168743, 168886, 168952, 169098, 169114, 169256, 169339, 169360, 169458, 169479, 169540, 169568, 169772, 170121, 170215, 170303, 170360, 170432, 170438, 170442, 170650, 170673, 170734, 170744, 170851, 170930, 171234, 171315, 171409, 171479, 171525, 171534, 171956, 171998, 172148, 172180, 172243, 172353, 172364, 172607, 172796, 172818, 172932, 173062, 173201, 173265, 173496, 173518, 173539, 173587, 173599, 173692, 173794, 173919, 173993, 174057, 174173, 174173, 174316, 174318, 174386, 174617, 174631, 175003, 175190, 175206, 175280, 175523, 175539, 175588, 175644, 175695, 175884, 175885, 175894, 175939, 176055, 176111, 176253, 176411, 176469, 176567, 176628, 176712, 176768, 176774, 176870, 177008, 177139, 177711, 177823, 177832, 177933, 177986, 178113, 178162, 178247, 178711, 178832, 178835, 178853, 179168, 179342, 179377, 179410, 179512, 179607, 179663, 179681, 179703, 180015, 180118, 180262, 180263, 180319, 180528, 180596, 180650, 180663, 180694, 180745, 180843, 180988, 181205, 181327, 181334, 181387, 181438, 181452, 182047, 182163, 182168, 182263, 182303, 182316, 182488, 182550, 182601, 182811, 183184, 183307, 183654, 183851, 184184, 184229, 184520, 184557, 185255, 185359, 185520, 185545, 185601, 185608, 185737, 185858, 185974, 186026, 186198, 186202, 186247, 186379, 186465, 186532, 186909, 186958, 187088, 187210, 187231, 187331, 187333, 187447, 187483, 187632, 187714, 187823, 187857, 187932, 188044, 188077, 188080, 188238, 188354, 188527, 188532, 188642, 188697, 189067, 189111, 189182, 189218, 189330, 189410, 189503, 189527, 189566, 189582, 189775, 189829, 189859, 190036, 190204, 190207, 190372, 190541, 191028, 191083, 191106, 191176, 191208, 191255, 191308, 191370, 191389, 191917, 191977, 192050, 192134, 192205, 192216, 192264, 192351, 192409, 192428, 192430, 192510, 192565, 192588, 192673, 192763, 192853, 192933, 193118, 193236, 193404, 193436, 193489, 193551, 193760, 193979, 194009, 194057, 194079, 194144, 194302, 194474, 194613, 194738, 195051, 195152, 195214, 195239, 195304, 195327, 195412, 195525, 195672, 195738, 195860, 195908, 195952, 195993, 196184, 196269, 196469, 196552, 196766, 196829, 196871, 196955, 197027, 197195, 197403, 197530, 197656, 197659, 198015, 198053, 198114, 198117, 198207, 198263, 198299, 198411, 198507, 198792, 198934, 198976, 199065, 199301, 199378, 199385, 199387, 199399, 199550, 199580, 199593, 199593, 199728, 199795, 200086, 200109, 200119, 200476, 200515, 200541, 200652, 200665, 201015, 201041, 201283, 201694, 201770, 201869, 201955, 202070, 202101, 202387, 202546, 202646, 202669, 202686, 202712, 202808, 203073, 203073, 203076, 203233, 203455, 203542, 203613, 203642, 203649, 203705, 203826, 203988, 204195, 204299, 204346, 204348, 204368, 204385, 204518, 204551, 204580, 204657, 204713, 204721, 204730, 204910, 204953, 205065, 205117, 205174, 205176, 205266, 205289, 205342, 205536, 205732, 205992, 206042, 206054, 206119, 206141, 206148, 206170, 206623, 206820, 206820, 207045, 207156, 207187, 207364, 207457, 207570, 207860, 207881, 207927, 207945, 208040, 208057, 208207, 208448, 208569, 208724, 208809, 208864, 208952, 208975, 209260, 209498, 209538, 209595, 209704, 209736, 209791, 209873, 209929, 209986, 210205, 210241, 210246, 210343, 210409, 210710, 210721, 211194, 211287, 211414, 211661, 211682, 211734, 211988, 212167, 212314, 212366, 212561, 212647, 212797, 212814, 212874, 212981, 213075, 213172, 213271, 213287, 213358, 213497, 213603, 213691, 213733, 213761, 213893, 213976, 214323, 214615, 214670, 214704, 214822, 214931, 214947, 214969, 215251, 215334, 215503, 215538, 215597, 215644, 215675, 215698, 215897, 215984, 216102, 216118, 216250, 216278, 216311, 216319, 216356, 216586, 216616, 216632, 216683, 216914, 216920, 217039, 217293, 217297, 217306, 217909, 217944, 217951, 218192, 218318, 218781, 218986, 219108, 219212, 219220, 219305, 219461, 219694, 219792, 219981, 220245, 220316, 220397, 220550, 220807, 220811, 220893, 221011, 221038, 221221, 221284, 221319, 221566, 221665, 221730, 221836, 221993, 222002, 222016, 222462, 222563, 222661, 222697, 222700, 222942, 223073, 223233, 223324, 223494, 223536, 223655, 223698, 223986, 223996, 224003, 224210, 224518, 224643, 224741, 224757, 224766, 225002, 225177, 225298, 225442, 225582, 225591, 225611, 225822, 226062, 226089, 226175, 226236, 226302, 226512, 226708, 226888, 226904, 227074, 227118, 227452, 227503, 227609, 227611, 227649, 228019, 228080, 228143, 228170, 228255, 228352, 228540, 228659, 228752, 228783, 228794, 228958, 228974, 229116, 229364, 229390, 229406, 229407, 229600, 229659, 229688, 229827, 229860, 230079, 230750, 230940, 231002, 231047, 231119, 231327, 231559, 231639, 231678, 231958, 231995, 232161, 232419, 232453, 232529, 232562, 232666, 232867, 232896, 233022, 233131, 233290, 233295, 233320, 233497, 233794, 233883, 233939, 234067, 234126, 234424, 234428, 234440, 234486, 234622, 234856, 234995, 235071, 235117, 235181, 235308, 235357, 235559, 235618, 235627, 235767, 235785, 235878, 235897, 235911, 236047, 236057, 236112, 236318, 236382, 236469, 236495, 236555, 236720, 236864, 236944, 237153, 237500, 237501, 237614, 237704, 237899, 237899, 237922, 238270, 238322, 238532, 238638, 238648, 238835, 238932, 238945, 239248, 239455, 239523, 239533, 239728, 239757, 239798, 239844, 239856, 239857, 239985, 240126, 240392, 240401, 240522, 240545, 240548, 240647, 240712, 240724, 240916, 240946, 241008, 241212, 241248, 241279, 241388, 241442, 241692, 241803, 241804, 241893, 242132, 242161, 242299, 242430, 242680, 242726, 242827, 242849, 242856, 242921, 242995, 243171, 243311, 243477, 243501, 243542, 243666, 243777, 243906, 244004, 244352, 244479, 244556, 244597, 244682, 245033, 245267, 245284, 245302, 245367, 245468, 245632, 245719, 245788, 245792, 245847, 245893, 246030, 246247, 246266, 246492, 246558, 246647, 246770, 246929, 246973, 247053, 247132, 247396, 247411, 247453, 247667, 247730, 248079, 248101, 248135, 248216, 248355, 248414, 248516, 248530, 248715, 248778, 248791, 248808, 249039, 249039, 249159, 249199, 249361, 249396, 249785, 249871, 250006, 250147, 250186, 250416, 250504, 250528, 250660, 251271, 251294, 251421, 251490, 251594, 251676, 251776, 251796, 251819, 251857, 251871, 252135, 252166, 252383, 252450, 252548, 252608, 252610, 252683, 252746, 252766, 252928, 252972, 253064, 253139, 253223, 253446, 253614, 253874, 254004, 254092, 254210, 254461, 254644, 254651, 254788, 254822, 254898, 255038, 255122, 255137, 255508, 255518, 255601, 255799, 255862, 255989, 256126, 256541, 256560, 256625, 256703, 256704, 256731, 257064, 257108, 257162, 257184, 257192, 257284, 257298, 257339, 257386, 257434, 257473, 257515, 257551, 257594, 257596, 257690, 257729, 257770, 258088, 258497, 258680, 258682, 258718, 258754, 258804, 258887, 258984, 259143, 259163, 259341, 259347, 259363, 259371, 259419, 259588, 259635, 259671, 259807, 259845, 259910, 260029, 260173, 260356, 260404, 260452, 260577, 260594, 260676, 260680, 260756, 260879, 261114, 261251, 261261, 261335, 261538, 261705, 261760, 262064, 262122, 262206, 262330, 262342, 262401, 262494, 262562, 262712, 262729, 262999, 263074, 263258, 263312, 263330, 263348, 263409, 263769, 263874, 263963, 264229, 264244, 264273, 264307, 264423, 264550, 264746, 265029, 265101, 265211, 265236, 265517, 265567, 265601, 265606, 265724, 265772, 265925, 265954, 265985, 266027, 266049, 266110, 266135, 266194, 266232, 266282, 266364, 266386, 266466, 266776, 266839, 267193, 267344, 267379, 267426, 267590, 267664, 267679, 267752, 267758, 267822, 267945, 268110, 268162, 268207, 268243, 268484, 268605, 268648, 268650, 268763, 268776, 268835, 268855, 269025, 269037, 269039, 269115, 269119, 269169, 269302, 269413, 269467, 269621, 269649, 269659, 269682, 269731, 269909, 269930, 269967, 270004, 270191, 270550, 270583, 270591, 270593, 270617, 270838, 270904, 270955, 271030, 271118, 271181, 271286, 271289, 271457, 271569, 271680, 271715, 271864, 271904, 272158, 272182, 272190, 272219, 272396, 272435, 272774, 272811, 272846, 272963, 273017, 273043, 273091, 273190, 273198, 273431, 273449, 273585, 273595, 273613, 273619, 273639, 273652, 273769, 273811, 273882, 273944, 274012, 274194, 274278, 274293, 274297, 274322, 274376, 274378, 274626, 274693, 275057, 275147, 275202, 275245, 275281, 275315, 275419, 275514, 275530, 275644, 275703, 275704, 275762, 275813, 276037, 276103, 276274, 276323, 276323, 276892, 276942, 277001, 277029, 277050, 277101, 277191, 277326, 277412, 277412, 277860, 277946, 277998, 278035, 278162, 278247, 278253, 278268, 278366, 278415, 278451, 278506, 278734, 278859, 278864, 278902, 278910, 278914, 278915, 279062, 279171, 279268, 279270, 279519, 279557, 279971, 280030, 280056, 280082, 280116, 280450, 280498, 280533, 280624, 280979, 281090, 281213, 281251, 281385, 281427, 281510, 281684, 281779, 282043, 282162, 282211, 282225, 282241, 282351, 282416, 282552, 282640, 283326, 283343, 283400, 283563, 283645, 283654, 283828, 284116, 284227, 284278, 284286, 284316, 284718, 285179, 285220, 285242, 285270, 285310, 285343, 285417, 285458, 285461, 285675, 285780, 286165, 286355, 286366, 286417, 286725, 286862, 287180, 287505, 287545, 287652, 287711, 287799, 287916, 287978, 288167, 288526, 288576, 288589, 288624, 288647, 288711, 288717, 288724, 288775, 288776, 288826, 288885, 288964, 289103, 289240, 289330, 289465, 289541, 289572, 289589, 289636, 290148, 290195, 290252, 290281, 290324, 290367, 290492, 290599, 290867, 290882, 290915, 290981, 290998, 291278, 291389, 291475, 291483, 291659, 291685, 291775, 291805, 291805, 291815, 291834, 292029, 292112, 292141, 292199, 292199, 292425, 292528, 292541, 292574, 292623, 292700, 292767, 292798, 292889, 292960, 292998, 293025, 293057, 293278, 293320, 293349, 293358, 293368, 293369, 293528, 293634, 293885, 294174, 294186, 294209, 294309, 294361, 294456, 294513, 294905, 295253, 295261, 295320, 295375, 295471, 295492, 295941, 295971, 296117, 296567, 296595, 296860, 296888, 296899, 297046, 297164, 297171, 297459, 297468, 297550, 297790, 297816, 297914, 298100, 298180, 298254, 298262, 298287, 298320, 298679, 298693, 298763, 298765, 298863, 298950, 299010, 299027, 299030, 299131, 299135, 299264, 299364, 299376, 299394, 299411, 299516, 299777, 299882, 299893, 299982, 300019, 300109, 300114, 300129, 300281, 300381, 300386, 300417, 300684, 300957, 300981, 301044, 301161, 301346, 301376, 301534, 301870, 302503, 302620, 302735, 302844, 302924, 303180, 303445, 303448, 303629, 303763, 303773, 304158, 304380, 304398, 304497, 304512, 304616, 304702, 304758, 304780, 304943, 305183, 305250, 305309, 305538, 305597, 305634, 305722, 305825, 305965, 306016, 306034, 306060, 306118, 306297, 306364, 306403, 306662, 306709, 306824, 306877, 306917, 306963, 307033, 307039, 307295, 307349, 307472, 307916, 307932, 308042, 308112, 308157, 308174, 308180, 308201, 308331, 308333, 308365, 308450, 308525, 308534, 308596, 308726, 308819, 308839, 308933, 308994, 309001, 309150, 309237, 309278, 309383, 309525, 309608, 309620, 309799, 309851, 309986, 310000, 310123, 310143, 310166, 310311, 310503, 310783, 310907, 310964, 310973, 310981, 310984, 311047, 311123, 311182, 311185, 311235, 311312, 311318, 311414, 311803, 312089, 312104, 312266, 312421, 312459, 312639, 312902, 313068, 313538, 313576, 313655, 313660, 313758, 313795, 313805, 313821, 313908, 314291, 314496, 314501, 314534, 314789, 315109, 315568, 315653, 315674, 315756, 315831, 316076, 316247, 316291, 316488, 316539, 316591, 316820, 316936, 317069, 317127, 317211, 317213, 317276, 317288, 317447, 317448, 317771, 317897, 317982, 318010, 318030, 318034, 318089, 318105, 318195, 318216, 318224, 318301, 318363, 318455, 318550, 318550, 318565, 318580, 318721, 318726, 318780, 318811, 318821, 319008, 319249, 319383, 319461, 319614, 319678, 319706, 319715, 319786, 320005, 320007, 320129, 320222, 320310, 320454, 320495, 320565, 320581, 320680, 320705, 320744, 320750, 320778, 320788, 320802, 320872, 320896, 320979, 320986, 321003, 321099, 321194, 321206, 321223, 321241, 321274, 321452, 321457, 321467, 321483, 321491, 321750, 321981, 322052, 322079, 322298, 322654, 322793, 322801, 322864, 322992, 323020, 323057, 323090, 323265, 323356, 323366, 323604, 323613, 323703, 323846, 323898, 323899, 324015, 324095, 324121, 324270, 324446, 324449, 324501, 324645, 324759, 324784, 324807, 324811, 325149, 325245, 325372, 325387, 325399, 325407, 325419, 325479, 325566, 325582, 325911, 325967, 326260, 326285, 326313, 326363, 326383, 326393, 326635, 326639, 326658, 326800, 327079, 327235, 327310, 327329, 327411, 327456, 327514, 327584, 327735, 327737, 327751, 327775, 327817, 327931, 327953, 327957, 328010, 328014, 328027, 328151, 328152, 328231, 328342, 328716, 328807, 329157, 329277, 329558, 329645, 329725, 329731, 329755, 329821, 329826, 329852, 329858, 329871, 329897, 330285, 330360, 330543, 330750, 330821, 330886, 330911, 331111, 331174, 331242, 331247, 331267, 331273, 331529, 331703, 331730, 331790, 331791, 331932, 332092, 332255, 332277, 332796, 332887, 333102, 333213, 333226, 333351, 333405, 333441, 333525, 333658, 333713, 333736, 333744, 333858, 333908, 334082, 334145, 334599, 334738, 334784, 334884, 335013, 335063, 335231, 335392, 335526, 335560, 335944, 335958, 335985, 335999, 336112, 336142, 336152, 336156, 336314, 336414, 336438, 336447, 336457, 336657, 336674, 336735, 336906, 337487, 337543, 337560, 337630, 337698, 337705, 337760, 337919, 338179, 338457, 338527, 338534, 338752, 338908, 338968, 338981, 339009, 339132, 339327, 339373, 339507, 339657, 339661, 340005, 340142, 340146, 340223, 340284, 340311, 340453, 340478, 340782, 340913, 341029, 341120, 341209, 341383, 341403, 341493, 341514, 341559, 341616, 341866, 341943, 342308, 342380, 342395, 342471, 342530, 342634, 342636, 342764, 342782, 342878, 342909, 343159, 343210, 343253, 343348, 343779, 343837, 343856, 344011, 344042, 344129, 344462, 344571, 344619, 344645, 344724, 344758, 344902, 345010, 345243, 345495, 345518, 345518, 345845, 345988, 346080, 346125, 346196, 346246, 346261, 346279, 346546, 346623, 346669, 346698, 346751, 346784, 346841, 346949, 346982, 347049, 347135, 347319, 347571, 347592, 347686, 347759, 347764, 347791, 347880, 348172, 348284, 348339, 348439, 348446, 348540, 348549, 348705, 348816, 348864, 349077, 349390, 349445, 349671, 349701, 349898, 350044, 350057, 350082, 350262, 350555, 350566, 350660, 350813, 351129, 351174, 351185, 351330, 351335, 351367, 351381, 351407, 351551, 351732, 351820, 351888, 351908, 351955, 351997, 352024, 352071, 352381, 352479, 352548, 352592, 353095, 353644, 353771, 353775, 353893, 353900, 353909, 353979, 354034, 354105, 354147, 354211, 354243, 354445, 354463, 354502, 354511, 354552, 354562, 354628, 354687, 354792, 354866, 355027, 355047, 355320, 355354, 355435, 355501, 355641, 355656, 355741, 355943, 355947, 355970, 356005, 356253, 356342, 356344, 356450, 356469, 356621, 356692, 356818, 356847, 357018, 357068, 357245, 357268, 357443, 357516, 357694, 357922, 357962, 358014, 358129, 358561, 358592, 358593, 358631, 358735, 358752, 358761, 358781, 358812, 358983, 359048, 359079, 359121, 359172, 359307, 359327, 359356, 359480, 359487, 359524, 359556, 359737, 359745, 359827, 359880, 359943, 360083, 360190, 360206, 360230, 360236, 360303, 360316, 360330, 360360, 360450, 360533, 360616, 360660, 360676, 360749, 360991, 361001, 361273, 361479, 361792, 361893, 361970, 361995, 362163, 362263, 362276, 362341, 362411, 362625, 362648, 362715, 362933, 363181, 363197, 363260, 363343, 363385, 363446, 363707, 363733, 363747, 364004, 364015, 364141, 364162, 364246, 364263, 364819, 364899, 364980, 365070, 365108, 365131, 365213, 365326, 365422, 365458, 365719, 365935, 366140, 366397, 366607, 366690, 366769, 366773, 366778, 366792, 366887, 366902, 366956, 367021, 367148, 367211, 367228, 367267, 367395, 367468, 367622, 367709, 367826, 367844, 368403, 368439, 368708, 368717, 368810, 368962, 369107, 369109, 369315, 369343, 369484, 369501, 369583, 369649, 369659, 369754, 370037, 370247, 370252, 370329, 370391, 370541, 370579, 370677, 370697, 370796, 371020, 371083, 371220, 371362, 371404, 371613, 371705, 371992, 372086, 372220, 372324, 372534, 372544, 372554, 372584, 373032, 373089, 373127, 373242, 373247, 373255, 373255, 373321, 373498, 373904, 374013, 374054, 374061, 374219, 374307, 374486, 374530, 374579, 374597, 374746, 374801, 374870, 374933, 375039, 375165, 375170, 375221, 375221, 375460, 375839, 375856, 376131, 376140, 376225, 376449, 376453, 376653, 376761, 376834, 376869, 376883, 376901, 376929, 377196, 377261, 377469, 377774, 378402, 378443, 378542, 378683, 378849, 378970, 379134, 379307, 379335, 379465, 379482, 379598, 379670, 379832, 379835, 380102, 380144, 380158, 380663, 381132, 381194, 381223, 381310, 381525, 381586, 381615, 381716, 381764, 381813, 381962, 382138, 382309, 382402, 382450, 382721, 382751, 382761, 382946, 383027, 383341, 383372, 383508, 383619, 383634, 383654, 383748, 383754, 383767, 383784, 383797, 383861, 383907, 383949, 384037, 384052, 384095, 384140, 384213, 384384, 384515, 384842, 384967, 385076, 385335, 385364, 385402, 385428, 385677, 385772, 385877, 386088, 386124, 386628, 386802, 387048, 387185, 387215, 387245, 387589, 387604, 387615, 387640, 387839, 387912, 388053, 388118, 388174, 388396, 388406, 388413, 388414, 388466, 388572, 388749, 388834, 388842, 388984, 389022, 389027, 389073, 389167, 389216, 389569, 389633, 389763, 389785, 390009, 390013, 390023, 390035, 390158, 390166, 390222, 390263, 390276, 390329, 390365, 390384, 390747, 390785, 390926, 390937, 391059, 391142, 391318, 391475, 391505, 391754, 391776, 392278, 392289, 392291, 392292, 392410, 392646, 392665, 392727, 392942, 392952, 392974, 392994, 393268, 393338, 393341, 393409, 393486, 393573, 393716, 393782, 394047, 394082, 394259, 394331, 394338, 394518, 394628, 394654, 394724, 394731, 394739, 394827, 394840, 394894, 394939, 394988, 394993, 395004, 395210, 395737, 395744, 396051, 396110, 396147, 396336, 396714, 396922, 396928, 396975, 397132, 397250, 397683, 397704, 397736, 398103, 398118, 398344, 398354, 398361, 398418, 398435, 398511, 398530, 398530, 398591, 398623, 398685, 398966, 398977, 399223, 399308, 399318, 399351, 399481, 399604, 399636, 399728, 400471, 400744, 401059, 401100, 401236, 401417, 401574, 401611, 401699, 401731, 401765, 401897, 402010, 402042, 402103, 402187, 402322, 402524, 402615, 402703, 402746, 402834, 403069, 403089, 403300, 403342, 403476, 403647, 403674, 403687, 404101, 404107, 404119, 404184, 404223, 404341, 404432, 404463, 404470, 404475, 404500, 404540, 404709, 404742, 404939, 405126, 405249, 405255, 405288, 405388, 405425, 405539, 405619, 405656, 405664, 405768, 405959, 406033, 406223, 406235, 406395, 406609, 406616, 406822, 406888, 406989, 407150, 407206, 407297, 407311, 407466, 407483, 407549, 407634, 407762, 407806, 407830, 408040, 408209, 408236, 408412, 408433, 408514, 408826, 408889, 409222, 409290, 409545, 409651, 409741, 409763, 409895, 410009, 410392, 410421, 410504, 410600, 410613, 410684, 410724, 411002, 411100, 411290, 411323, 411507, 411531, 411570, 411924, 412016, 412618, 412644, 412703, 412796, 412814, 412822, 412920, 412980, 413008, 413089, 413127, 413155, 413187, 413246, 413411, 413465, 413674, 413922, 413938, 413968, 414126, 414180, 414354, 414426, 414568, 414588, 414841, 414901, 414977, 415170, 415217, 415312, 415395, 415534, 415574, 415645, 415819, 415841, 415937, 415965, 416078, 416246, 416269, 416307, 416317, 416779, 416785, 416895, 417057, 417135, 417174, 417223, 417318, 417564, 417792, 417799, 417890, 418000, 418088, 418104, 418231, 418242, 418371, 418534, 418544, 418785, 419025, 419093, 419114, 419185, 419306, 419312, 419325, 419459, 419462, 419493, 419512, 419634, 419667, 419797, 419875, 419933, 420003, 420104, 420165, 420172, 420323, 420342, 420492, 420541, 420559, 420570, 420592, 420629, 420665, 420891, 420915, 420987, 421056, 421242, 421266, 421325, 421473, 421888, 421909, 422092, 422099, 422379, 422508, 422658, 422666, 422698, 422860, 422913, 422958, 423195, 423268, 423273, 423279, 423284, 423289, 423477, 423603, 423724, 423848, 423927, 424054, 424075, 424109, 424426, 424439, 424549, 424609, 424622, 424665, 424706, 424747, 424774, 424807, 424902, 424954, 424974, 424975, 425025, 425149, 425226, 425260, 425310, 425548, 425611, 425666, 425689, 425695, 425778, 425780, 425951, 425995, 426012, 426024, 426133, 426361, 426529, 426549, 426598, 427014, 427165, 427548, 427574, 427726, 427791, 427826, 428040, 428040, 428126, 428153, 428190, 428273, 428446, 428603, 428679, 428941, 429112, 429113, 429143, 429490, 429715, 429845, 429885, 430139, 430240, 430354, 430832, 430867, 430978, 431070, 431134, 431166, 431218, 431329, 431451, 431535, 431537, 431592, 431657, 431689, 431723, 431759, 431765, 431785, 431791, 431912, 431991, 432221, 432549, 432609, 432642, 432643, 432676, 432802, 432844, 433037, 433215, 433429, 433589, 433611, 433679, 433810, 433812, 433856, 433858, 433935, 434091, 434218, 434357, 434513, 434539, 434553, 434750, 434828, 434962, 434992, 435254, 435255, 435259, 435625, 435698, 435710, 435730, 435799, 436095, 436297, 436622, 436894, 436903, 436903, 436944, 437296, 437504, 437507, 437543, 437621, 437638, 437766, 437857, 438073, 438087, 438214, 438484, 438693, 438832, 438880, 439174, 439282, 439323, 439443, 439558, 439618, 439627, 439647, 439842, 439939, 440265, 440421, 440429, 440675, 440676, 440696, 440744, 441039, 441191, 441217, 441248, 441308, 441351, 441576, 441609, 441687, 441818, 441837, 441841, 441958, 442091, 442144, 442446, 442456, 442481, 442596, 442623, 442662, 442897, 442944, 443001, 443036, 443048, 443056, 443220, 443353, 443369, 443426, 443503, 443553, 443569, 443588, 443611, 443614, 443648, 443736, 443774, 443854, 444021, 444193, 444271, 444536, 444560, 444631, 444860, 444998, 445086, 445264, 445347, 445382, 445428, 445430, 445487, 445617, 445768, 446052, 446093, 446231, 446487, 446898, 446928, 447030, 447227, 447239, 447281, 447285, 447337, 447407, 447484, 447488, 447623, 447779, 447887, 447895, 448047, 448106, 448186, 448399, 448439, 448494, 448652, 448871, 448897, 448941, 449000, 449044, 449064, 449093, 449131, 449135, 449205, 449244, 449319, 449355, 449435, 449679, 449737, 449851, 449856, 449866, 449960, 450262, 450359, 450367, 450496, 450526, 450570, 450614, 450642, 450707, 450855, 450894, 450932, 451040, 451074, 451092, 451164, 451232, 451235, 451286, 451372, 451408, 451440, 451523, 451565, 451591, 451624, 451666, 451732, 451770, 451774, 451835, 452062, 452222, 452369, 452493, 452670, 452682, 452723, 453354, 453562, 453636, 454052, 454134, 454142, 454596, 454640, 454694, 454845, 454879, 455061, 455069, 455309, 455378, 455476, 455491, 455621, 455904, 455905, 455905, 455927, 455982, 456033, 456034, 456080, 456196, 456219, 456298, 456305, 456404, 456430, 456639, 456694, 456738, 456924, 456998, 457039, 457094, 457452, 457533, 457545, 457573, 457717, 458002, 458022, 458077, 458154, 458358, 458409, 458493, 458496, 458592, 458718, 458753, 458795, 458978, 459247, 459333, 459348, 459457, 459638, 459937, 460062, 460265, 460338, 460498, 460511, 460649, 460758, 460845, 460932, 460972, 460999, 461085, 461253, 461296, 461443, 461463, 461577, 461599, 461732, 461762, 461798, 461896, 462151, 462298, 462341, 462352, 462442, 462564, 462584, 462817, 463045, 463148, 463162, 463330, 463386, 463410, 463453, 463534, 463772, 463782, 463835, 464005, 464457, 464512, 464601, 464676, 465065, 465221, 465231, 465242, 465320, 465321, 465376, 465424, 465529, 465587, 465718, 465758, 465828, 465889, 465949, 466057, 466106, 466123, 466380, 466389, 466438, 466604, 466897, 467086, 467146, 467272, 467309, 467577, 467708, 467817, 467991, 468112, 468165, 468279, 468346, 468565, 468622, 468662, 468862, 468960, 469002, 469119, 469408, 469507, 469605, 469665, 469674, 469810, 469982, 469993, 469998, 470159, 470236, 470464, 470477, 470597, 470647, 470721, 471002, 471057, 471067, 471164, 471250, 471426, 471759, 471926, 471943, 472011, 472128, 472231, 472253, 472326, 472450, 472493, 472592, 472682, 472729, 472759, 472879, 472932, 472975, 473018, 473312, 473628, 473635, 473928, 474000, 474253, 474372, 474708, 474842, 474999, 475002, 475056, 475223, 475313, 475393, 475401, 475469, 475514, 475559, 475568, 475573, 475581, 475693, 475940, 476317, 476352, 476381, 476413, 476466, 476667, 476675, 476881, 477001, 477059, 477101, 477164, 477181, 477295, 477390, 477443, 477472, 477703, 478013, 478029, 478153, 478197, 478258, 478294, 478376, 478530, 478593, 478726, 478990, 478994, 479106, 479182, 479492, 479569, 479613, 479808, 480000, 480038, 480065, 480071, 480247, 480374, 480496, 480623, 480675, 480754, 480886, 481074, 481224, 481306, 481311, 481311, 481578, 481750, 481836, 481903, 481996, 482035, 482066, 482256, 482358, 482546, 482587, 482646, 482654, 482696, 482839, 482883, 483264, 483355, 483373, 483459, 483608, 483850, 484060, 484120, 484215, 484359, 484515, 484637, 484673, 485039, 485080, 485468, 485559, 485628, 485682, 485926, 485962, 486018, 486019, 486098, 486110, 486377, 486410, 486418, 486446, 486504, 486529, 486636, 486670, 486743, 486820, 486890, 487248, 487298, 487394, 487479, 487494, 487647, 487779, 487803, 487857, 487884, 487888, 488015, 488055, 488092, 488252, 488266, 488296, 488458, 488546, 488690, 488853, 489008, 489154, 489187, 489346, 489394, 489407, 489434, 489560, 489764, 489764, 489789, 490037, 490345, 490521, 490646, 490735, 490925, 490979, 491095, 491103, 491149, 491166, 491172, 491172, 491256, 491341, 491394, 491395, 491409, 491411, 491440, 491524, 491549, 491609, 491762, 491863, 491956, 492075, 492117, 492449, 492453, 492454, 492548, 492600, 492680, 492823, 493045, 493059, 493325, 493368, 493433, 493441, 493518, 493583, 493725, 493819, 494107, 494225, 494547, 494549, 494869, 494925, 494992, 494997, 495167, 495298, 495321, 495578, 495594, 495689, 495954, 495966, 495990, 496013, 496083, 496145, 496168, 496188, 496253, 496403, 496702, 496751, 497004, 497244, 497439, 497461, 497551, 497655, 497700, 497990, 498033, 498461, 498513, 498514, 498634, 498640, 498698, 498768, 498803, 499052, 499180, 499236, 499320, 499362, 499438, 499486, 499836, 500039, 500057, 500074, 500131, 500234, 500291, 500292, 500435, 500544, 500759, 500873, 500984, 500987, 501114, 501305, 501328, 501766, 501785, 501786, 501801, 501813, 501844, 501884, 501972, 502199, 502298, 502352, 502394, 502576, 502872, 503176, 503191, 503229, 503254, 503506, 503531, 503645, 503957, 504053, 504286, 504600, 504613, 504668, 504884, 505081, 505094, 505246, 505252, 505384, 505483, 505582, 505628, 505654, 505705, 505730, 506075, 506128, 506162, 506298, 506561, 506815, 506827, 506966, 507132, 507218, 507224, 507443, 507444, 507565, 507572, 507719, 507770, 507890, 507915, 508004, 508021, 508210, 508394, 508418, 508464, 508683, 508880, 508931, 509354, 509397, 509421, 509464, 509504, 509526, 509579, 509652, 509656, 509657, 509658, 509699, 509808, 509902, 509905, 509930, 510179, 510599, 510705, 510745, 510840, 510844, 510847, 510867, 511057, 511091, 511171, 511269, 511306, 511320, 511848, 511923, 511937, 511943, 512252, 512587, 512589, 512704, 512818, 512829, 512859, 512862, 512885, 513071, 513099, 513284, 513531, 513541, 513575, 513626, 513857, 513995, 514015, 514844, 514881, 514924, 515056, 515217, 515371, 515739, 515996, 515998, 516085, 516302, 516511, 516527, 516543, 516624, 516646, 516811, 516837, 516946, 517088, 517135, 517299, 517326, 517493, 517550, 517767, 517823, 517832, 518085, 518153, 518260, 518354, 518463, 518490, 518592, 518825, 519028, 519090, 519104, 519157, 519165, 519320, 519345, 519420, 519520, 519573, 519577, 519600, 519642, 519887, 519932, 519998, 520072, 520207, 520263, 520367, 520437, 520500, 520661, 520684, 520709, 520745, 520830, 520851, 521022, 521256, 521740, 521804, 521887, 522034, 522039, 522294, 522320, 522360, 522387, 522412, 522605, 522625, 522648, 522652, 522653, 523046, 523103, 523329, 523436, 523458, 523548, 523733, 523780, 523809, 523950, 524011, 524181, 524364, 524449, 524449, 524513, 524564, 524632, 524636, 524852, 524879, 524907, 524916, 524958, 525069, 525227, 525379, 525724, 525729, 525951, 525962, 525998, 526212, 526286, 526325, 526370, 526413, 526437, 526441, 526545, 526584, 526630, 526632, 526650, 526674, 526891, 526895, 526982, 527149, 527295, 527330, 527502, 527543, 527818, 527922, 528033, 528160, 528404, 528529, 528727, 528805, 528901, 529175, 529191, 529395, 529414, 529538, 529553, 529558, 529600, 529636, 530088, 530112, 530122, 530134, 530170, 530302, 530368, 530379, 530406, 530422, 530481, 530528, 530747, 530786, 530841, 530859, 530905, 530947, 530987, 531031, 531318, 531326, 531379, 531400, 531566, 531702, 531733, 531746, 531751, 531875, 532086, 532124, 532213, 532252, 532347, 532452, 532902, 532905, 533159, 533234, 533312, 533333, 533390, 533515, 533533, 533538, 533650, 533665, 533715, 533799, 533906, 533934, 533972, 534080, 534358, 534540, 534818, 534865, 534990, 535172, 535226, 535495, 535791, 535816, 535956, 536020, 536138, 536171, 536200, 536228, 536279, 536408, 536501, 536537, 536658, 536737, 536772, 536894, 537397, 537438, 537696, 537754, 537774, 537977, 538241, 538348, 538376, 538475, 538481, 538492, 538619, 538894, 538928, 538935, 538954, 539064, 539101, 539157, 539190, 539193, 539218, 539282, 539489, 539515, 539563, 539791, 539794, 539805, 540017, 540119, 540151, 540157, 540187, 540328, 540355, 540455, 540797, 540869, 540889, 541195, 541245, 541293, 541690, 541956, 541989, 542012, 542017, 542087, 542560, 542596, 542623, 542672, 542708, 542775, 542898, 543105, 543127, 543141, 543295, 543350, 543382, 543389, 543426, 543740, 543845, 543938, 543951, 544075, 544084, 544398, 544519, 544618, 544684, 544848, 544879, 544910, 545092, 545112, 545218, 545444, 545595, 545625, 545644, 545783, 545835, 546190, 546279, 546283, 546693, 546785, 546962, 546973, 547178, 547268, 547328, 547387, 547388, 547393, 547440, 547455, 547458, 547481, 547679, 547742, 547802, 547918, 547951, 548036, 548053, 548101, 548404, 548657, 549146, 549176, 549181, 549213, 549414, 549415, 549453, 549734, 549755, 549763, 549773, 549923, 550050, 550058, 550234, 550411, 550723, 550742, 550747, 550890, 551137, 551153, 551220, 551287, 551482, 551495, 551519, 551593, 551685, 551716, 551764, 551772, 551973, 552009, 552137, 552257, 552354, 552381, 552511, 552596, 552874, 552952, 552952, 553045, 553054, 553101, 553182, 553191, 553415, 553470, 553502, 553683, 553726, 553740, 553772, 553832, 554032, 554241, 554634, 554671, 555010, 555038, 555102, 555274, 555276, 555280, 555347, 555410, 555492, 555761, 555778, 556155, 556174, 556249, 556281, 556395, 556698, 556839, 557055, 557311, 557566, 557584, 557706, 557711, 557735, 557739, 557807, 557828, 557878, 558021, 558065, 558091, 558127, 558155, 558263, 558365, 558412, 558432, 558582, 558656, 558803, 558887, 559070, 559137, 559160, 559303, 559400, 559544, 559598, 559623, 559731, 559759, 559995, 560075, 560089, 560168, 560264, 560273, 560330, 560435, 560834, 560959, 561108, 561149, 561403, 561515, 561605, 561707, 561811, 561901, 562172, 562172, 562194, 562337, 562355, 562409, 562625, 562662, 562738, 562744, 562775, 562795, 562851, 562902, 563023, 563213, 563252, 563426, 563628, 563791, 563858, 563917, 563971, 564062, 564256, 564461, 564489, 564494, 564523, 564552, 564568, 564647, 564729, 564746, 564798, 564869, 564894, 564939, 564942, 565031, 565154, 565525, 565534, 565609, 565644, 565695, 565717, 565745, 566051, 566120, 566266, 566355, 566470, 566486, 566499, 566529, 566539, 566768, 566795, 566865, 566950, 566995, 567032, 567276, 567437, 567443, 567614, 567657, 567827, 567862, 568120, 568278, 568342, 568404, 568417, 568607, 568628, 568673, 568835, 568863, 569002, 569075, 569211, 569312, 569317, 569469, 569540, 569653, 569900, 570047, 570175, 570182, 570204, 570435, 570474, 570628, 571121, 571124, 571136, 571325, 571406, 571616, 571629, 571688, 571856, 571980, 572095, 572116, 572218, 572229, 572294, 572477, 572593, 572601, 572631, 572643, 572680, 572781, 572799, 572923, 572958, 573128, 573139, 573354, 573359, 573399, 573475, 573483, 573514, 573716, 573860, 574065, 574106, 574330, 574447, 574492, 574743, 575116, 575374, 575377, 575472, 575476, 575481, 575549, 575560, 575660, 575676, 575881, 575926, 576080, 576136, 576278, 576440, 576449, 576469, 576471, 576491, 576494, 576530, 576869, 576883, 576904, 577101, 577348, 577434, 577552, 577830, 577839, 577907, 577976, 578001, 578201, 578214, 578467, 578476, 578520, 578529, 578546, 578560, 578580, 578798, 578915, 578934, 579119, 579135, 579337, 579419, 579450, 579548, 579717, 579764, 580121, 580516, 580550, 580594, 580643, 580712, 580755, 580775, 580794, 580874, 581093, 581169, 581231, 581401, 581480, 581499, 581553, 581554, 581638, 581863, 581896, 581968, 581984, 582139, 582328, 582383, 582562, 582740, 583519, 583547, 583598, 583609, 583626, 583679, 583762, 584201, 584313, 584389, 584520, 584565, 584601, 584833, 584909, 584991, 585006, 585134, 585142, 585179, 585268, 585351, 585476, 585530, 585618, 585729, 585737, 585808, 585818, 586078, 586159, 586349, 586357, 586545, 586597, 586686, 586957, 586962, 587413, 587461, 587779, 587798, 588075, 588158, 588234, 588549, 588595, 588602, 588874, 588908, 589036, 589228, 589234, 589298, 589299, 589321, 589363, 589404, 589496, 589587, 589597, 589851, 589906, 590015, 590036, 590383, 590406, 590497, 590527, 590724, 591048, 591070, 591095, 591097, 591225, 591279, 591320, 591344, 591425, 591434, 591515, 591828, 591837, 592032, 592075, 592219, 592308, 592421, 592466, 592509, 592513, 592668, 592829, 592835, 592887, 592933, 593094, 593097, 593400, 593450, 593808, 594306, 594341, 594369, 594440, 594448, 594466, 594499, 594514, 594556, 594723, 594811, 594839, 595019, 595087, 595499, 595499, 595536, 595536, 595685, 595702, 595850, 595898, 595905, 595935, 596044, 596083, 596368, 596400, 596406, 596531, 596566, 597104, 597154, 597300, 597459, 597714, 597875, 598128, 598170, 598236, 598252, 598257, 598449, 598526, 598534, 598612, 598678, 598849, 598870, 598907, 598913, 599012, 599068, 599116, 599181, 599187, 599306, 599418, 599523, 599729, 599914, 600177, 600396, 600406, 600477, 600582, 600713, 600791, 600811, 600841, 600981, 601033, 601088, 601288, 601434, 601435, 601462, 601462, 601474, 601514, 601567, 601645, 602144, 602165, 602177, 602184, 602229, 602298, 602308, 602442, 602444, 602462, 602494, 602605, 602608, 602772, 602825, 602828, 603185, 603191, 603327, 603501, 603532, 603566, 603576, 603625, 603762, 603821, 603870, 603889, 603977, 603995, 604065, 604131, 604320, 604326, 604427, 604519, 604531, 604624, 604648, 604687, 604768, 604807, 604938, 605423, 605568, 605584, 605725, 605782, 605874, 605939, 605946, 606076, 606352, 606381, 606426, 606437, 606494, 606560, 606564, 606571, 606596, 606913, 607015, 607184, 607397, 607511, 607587, 607684, 607703, 607722, 607982, 607994, 608148, 608289, 608410, 608513, 608564, 608574, 608664, 608816, 608945, 609033, 609099, 609152, 609173, 609187, 609247, 609261, 609374, 609424, 609548, 609620, 609627, 609727, 609840, 609937, 609945, 609958, 610043, 610095, 610130, 610379, 610692, 610815, 610842, 610984, 610999, 611092, 611112, 611192, 611362, 611544, 611606, 611879, 612087, 612114, 612211, 612359, 612461, 612495, 612556, 612564, 612581, 612786, 612981, 613109, 613136, 613213, 613217, 613488, 613719, 613752, 613870, 613884, 613899, 614137, 614233, 614267, 614342, 614363, 614432, 614648, 614802, 614862, 614990, 615032, 615136, 615188, 615253, 615814, 615909, 615969, 616162, 616487, 616518, 616553, 616665, 616746, 616764, 616817, 616984, 617100, 617234, 617646, 617752, 617943, 618227, 618327, 618532, 618756, 618853, 618927, 619011, 619178, 619270, 619506, 619558, 619640, 619752, 619941, 619976, 620075, 620143, 620215, 620236, 620318, 620355, 620503, 620739, 620806, 620814, 620875, 620949, 620997, 621171, 621218, 621253, 621429, 621579, 621794, 621869, 621992, 622024, 622075, 622106, 622334, 622621, 622769, 622797, 623014, 623080, 623095, 623226, 623314, 623322, 623322, 623404, 623808, 623895, 623989, 624046, 624132, 624271, 624291, 624431, 624479, 624629, 624719, 624767, 624944, 625073, 625090, 625243, 625253, 625273, 625381, 625393, 625414, 625483, 625512, 625604, 625698, 625714, 625822, 625961, 626084, 626090, 626170, 626192, 626220, 626343, 626501, 626501, 626720, 626771, 626899, 626947, 626970, 627047, 627139, 627144, 627146, 627210, 627267, 627429, 627654, 627656, 627731, 627866, 628043, 628055, 628128, 628286, 628535, 628547, 628569, 628613, 628686, 629102, 629343, 629348, 629582, 629607, 629739, 629790, 629824, 629839, 629860, 629876, 629891, 630171, 630298, 630411, 630466, 630827, 630956, 631014, 631126, 631254, 631372, 631397, 631480, 631633, 631651, 631680, 631883, 632119, 632221, 632292, 632442, 632567, 632622, 632644, 632662, 632926, 632954, 633000, 633010, 633071, 633425, 633531, 633600, 633626, 633754, 633762, 634247, 634433, 634466, 634601, 634637, 634762, 634911, 634928, 635006, 635135, 635214, 635496, 635509, 635521, 636067, 636151, 636211, 636232, 636505, 636540, 636544, 636581, 636637, 636774, 636864, 636883, 636994, 636995, 637235, 637323, 637427, 637651, 638106, 638283, 638439, 638493, 638512, 638551, 638609, 638738, 638835, 638880, 639000, 639319, 639559, 639770, 639872, 640359, 640406, 640435, 640448, 640552, 640640, 640852, 641126, 641159, 641171, 641192, 641261, 641288, 641336, 641449, 641700, 641823, 642025, 642182, 642239, 642252, 642437, 642444, 642516, 642556, 642572, 642891, 643028, 643147, 643440, 643476, 643476, 643483, 643519, 643753, 643992, 644258, 644263, 644266, 644483, 644537, 644621, 644646, 644757, 644921, 644954, 645005, 645106, 645634, 645770, 645814, 645872, 645930, 646038, 646070, 646146, 646152, 646200, 646559, 646681, 647043, 647177, 647238, 647256, 647312, 647385, 647479, 647804, 647912, 648209, 648243, 648370, 648440, 648487, 648538, 648583, 648670, 648714, 648780, 648863, 649038, 649050, 649118, 649303, 649305, 649410, 649642, 649783, 649916, 649960, 650061, 650084, 650188, 650335, 650341, 650351, 650507, 650677, 650751, 650811, 650876, 651065, 651178, 651202, 651239, 651328, 651379, 651578, 651579, 651589, 651613, 651680, 651737, 651744, 651757, 651830, 651968, 652010, 652046, 652047, 652066, 652236, 652300, 652363, 652497, 652591, 652847, 653164, 653174, 653305, 653315, 653317, 653479, 653512, 653646, 653848, 654097, 654235, 654262, 654408, 654496, 654577, 654664, 654683, 654841, 655050, 655080, 655175, 655371, 655379, 655497, 655634, 655687, 655763, 655840, 655922, 655973, 656280, 656303, 656365, 656400, 656574, 656786, 656872, 657084, 657086, 657093, 657253, 657255, 657320, 657333, 657623, 657743, 657930, 658152, 658194, 658467, 658807, 658886, 659017, 659040, 659270, 659383, 659445, 659672, 659812, 660091, 660100, 660131, 660153, 660177, 660198, 660321, 660327, 660333, 660444, 660617, 660719, 660816, 660839, 660934, 660956, 660983, 661048, 661053, 661116, 661236, 661241, 661244, 661268, 661395, 661414, 661439, 661495, 661552, 661590, 661639, 661767, 661815, 661883, 661897, 661937, 662054, 662165, 662191, 662252, 662379, 662408, 662482, 662486, 662551, 662606, 662778, 663098, 663195, 663356, 663529, 663681, 663706, 663933, 664023, 664086, 664086, 664188, 664258, 664303, 664339, 664426, 664540, 664591, 664623, 664643, 664697, 664704, 664739, 664749, 664873, 665005, 665046, 665401, 665434, 665532, 665597, 665621, 665635, 665640, 665654, 665969, 666014, 666113, 666176, 666251, 666486, 666502, 666533, 666706, 666724, 666790, 666792, 666898, 666912, 667057, 667149, 667443, 667488, 667499, 667662, 667744, 667786, 667792, 667813, 667874, 667925, 668231, 668344, 668387, 668524, 668838, 668933, 668945, 668963, 668984, 669375, 669582, 669613, 669913, 669938, 669958, 670164, 670267, 670501, 670520, 670546, 670790, 670827, 670879, 670906, 670974, 671001, 671106, 671254, 671269, 671340, 671389, 671511, 671599, 671735, 671799, 671866, 671871, 671996, 672189, 672290, 672464, 672508, 672511, 672576, 672689, 672702, 672718, 672759, 672819, 672874, 672911, 673089, 673235, 673265, 673460, 673657, 673740, 673822, 673997, 674042, 674107, 674119, 674150, 674421, 674494, 674673, 674755, 674989, 675081, 675147, 675292, 675711, 675990, 676056, 676065, 676375, 676598, 676820, 676836, 676854, 676990, 677025, 677163, 677195, 677271, 677325, 677368, 677415, 677430, 677486, 677696, 677862, 677900, 677962, 678022, 678116, 678266, 678327, 678338, 678346, 678567, 678584, 678585, 678624, 678713, 678754, 678842, 678885, 679145, 679161, 679340, 679359, 679422, 679466, 679488, 679512, 679594, 679805, 679812, 679869, 680031, 680153, 680377, 680642, 680713, 680760, 680820, 680824, 680933, 681079, 681129, 681201, 681211, 681548, 681555, 681650, 681687, 681704, 681737, 681740, 681927, 681932, 681937, 682025, 682097, 682131, 682165, 682304, 682372, 682459, 682475, 682809, 682839, 682868, 682945, 683013, 683067, 683102, 683165, 683256, 683260, 683277, 683367, 683630, 683767, 683777, 683887, 684010, 684028, 684294, 684452, 684621, 684664, 684712, 684867, 684986, 685028, 685082, 685311, 685318, 685406, 685453, 685577, 685745, 685886, 686164, 686473, 686584, 686723, 686867, 687127, 687139, 687149, 687180, 687316, 687404, 687509, 687619, 687720, 687985, 688026, 688134, 688248, 688336, 688361, 688410, 688463, 688580, 688685, 688932, 689020, 689047, 689332, 689363, 689506, 689526, 689555, 689602, 689609, 689673, 689926, 689969, 690206, 690220, 690283, 690429, 690430, 690457, 690698, 690767, 690801, 690933, 691056, 691076, 691134, 691157, 691186, 691223, 691364, 691419, 691525, 691581, 692433, 692806, 692824, 692830, 692859, 693158, 693486, 693742, 693743, 693860, 693871, 693998, 694134, 694140, 694163, 694211, 694284, 694425, 694672, 694685, 694729, 694980, 695183, 695376, 695634, 695641, 695729, 695868, 695987, 696011, 696087, 696261, 696305, 696406, 696472, 696576, 696614, 696661, 696674, 696675, 696759, 696761, 696870, 696882, 696966, 696993, 697203, 697502, 697568, 697572, 697703, 697760, 697871, 697912, 698037, 698085, 698188, 698204, 698464, 698589, 698728, 698837, 698899, 698911, 698947, 699010, 699154, 699430, 699451, 699484, 699663, 699665, 699677, 699721, 699770, 699782, 699853, 700170, 700273, 700285, 700379, 700381, 700426, 700485, 700505, 700600, 700696, 700753, 700811, 700876, 700909, 700984, 700994, 701002, 701101, 701193, 701201, 701472, 701518, 701566, 701583, 701689, 701692, 701724, 701755, 701843, 701960, 701997, 702001, 702021, 702172, 702285, 702333, 702363, 702669, 702782, 702801, 702876, 703205, 703212, 703270, 703309, 703327, 703352, 703503, 703611, 703738, 703945, 704017, 704123, 704282, 704290, 704298, 704299, 704389, 704665, 704698, 704790, 704863, 704868, 705001, 705053, 705126, 705359, 705427, 705443, 705470, 705670, 705700, 705770, 705783, 705808, 705882, 706049, 706073, 706137, 706194, 706250, 706411, 706448, 706503, 706684, 706771, 706955, 706982, 707060, 707248, 707292, 707304, 707562, 707877, 707965, 707974, 708169, 708456, 708466, 708493, 708550, 708586, 708662, 708866, 708891, 709000, 709145, 709236, 709282, 709436, 709446, 709484, 709576, 709643, 709747, 709861, 710031, 710102, 710108, 710212, 710253, 710304, 710366, 710401, 710461, 710487, 710585, 710694, 710821, 710887, 710934, 711302, 711530, 711604, 711820, 711883, 711912, 711976, 712072, 712108, 712119, 712198, 712304, 712351, 712358, 712370, 712402, 712521, 712699, 712758, 712816, 713100, 713108, 713246, 713354, 713421, 713644, 713659, 713863, 713879, 713905, 713984, 714200, 714225, 714251, 714414, 714731, 714739, 715008, 715047, 715061, 715071, 715207, 715210, 715213, 715248, 715270, 715395, 715453, 715539, 715720, 716054, 716292, 716770, 716929, 716936, 717051, 717064, 717147, 717167, 717171, 717176, 717267, 717386, 717535, 717590, 717886, 717960, 718086, 718165, 718317, 718359, 718368, 718380, 718442, 718449, 718630, 718714, 718872, 718976, 719053, 719153, 719221, 719224, 719336, 719570, 719818, 719887, 719912, 720147, 720189, 720217, 720279, 720384, 720498, 721016, 721065, 721129, 721184, 721254, 721294, 721429, 721493, 721584, 721691, 721882, 722174, 722190, 722383, 722404, 722453, 722609, 722657, 722746, 722866, 722960, 722963, 722977, 722991, 723083, 723217, 723247, 723272, 723320, 723352, 723364, 723503, 723607, 723653, 723855, 723904, 724079, 724248, 724597, 724598, 724729, 724905, 724921, 725354, 725377, 725452, 725616, 725649, 725810, 725952, 726031, 726059, 726770, 726815, 727010, 727035, 727152, 727335, 727436, 727490, 727507, 727562, 727704, 727725, 727784, 727882, 727987, 728056, 728160, 728235, 728368, 728429, 728463, 728500, 728616, 728719, 728771, 728809, 728827, 729075, 729165, 729182, 729297, 729499, 729982, 730078, 730129, 730131, 730262, 730355, 730544, 730582, 730675, 730743, 730843, 730923, 731002, 731061, 731074, 731111, 731256, 731347, 731389, 731456, 731613, 731620, 731889, 731901, 731908, 732148, 732159, 732163, 732182, 732678, 732762, 732972, 732981, 733059, 733333, 733364, 733389, 733439, 733480, 733558, 733611, 733667, 733744, 733933, 733952, 733966, 733978, 734003, 734184, 734209, 734220, 734234, 734335, 734788, 734931, 735029, 735070, 735108, 735553, 735774, 735963, 736012, 736184, 736232, 736410, 736759, 736766, 736864, 736898, 737029, 737153, 737153, 737301, 737323, 737678, 737804, 737848, 737963, 738234, 738340, 738378, 738532, 738539, 738857, 738950, 739116, 739409, 739496, 739608, 739736, 739961, 740108, 740140, 740521, 740592, 740894, 740939, 741478, 741491, 741607, 741810, 742030, 742126, 742177, 742289, 742427, 742538, 742611, 742693, 742800, 743077, 743129, 743170, 743368, 743538, 743615, 743772, 743813, 743893, 744025, 744156, 744167, 744202, 744230, 744247, 744483, 744511, 744556, 744583, 744655, 744826, 744975, 745085, 745155, 745218, 745370, 745381, 745430, 745479, 745541, 745770, 745835, 745930, 745933, 745943, 745969, 746083, 746143, 746159, 746191, 746210, 746314, 746340, 746347, 746445, 746500, 746633, 747002, 747056, 747067, 747183, 747198, 747243, 747427, 747540, 747601, 747713, 747874, 748080, 748210, 748232, 748318, 748347, 748723, 748740, 748742, 748983, 749328, 749628, 749956, 750122, 750130, 750180, 750197, 750200, 750220, 750253, 750282, 750301, 750511, 750580, 750585, 750756, 751042, 751222, 751442, 751487, 751524, 751562, 751733, 751758, 751767, 751799, 751799, 751869, 752040, 752041, 752087, 752133, 752251, 752295, 752400, 752573, 752648, 752763, 752768, 752798, 752816, 752896, 752974, 753021, 753055, 753097, 753119, 753149, 753174, 753177, 753290, 753417, 753522, 753616, 753671, 753673, 753732, 753770, 753804, 753880, 753999, 754067, 754111, 754449, 754595, 754638, 754642, 754875, 754943, 755475, 755605, 755639, 755799, 756033, 756092, 756194, 756244, 756261, 756293, 756423, 756470, 756549, 756562, 756690, 756873, 756999, 756999, 757068, 757080, 757147, 757192, 757323, 757400, 757552, 757593, 757613, 757619, 757714, 757737, 758088, 758116, 758121, 758176, 758293, 758309, 758310, 758461, 758552, 758761, 759067, 759069, 759245, 759335, 759397, 759459, 759583, 759875, 759940, 760352, 760453, 760490, 760593, 760651, 760682, 760777, 760900, 761234, 761243, 761250, 761371, 761524, 761627, 761700, 761822, 761871, 761945, 761998, 762027, 762063, 762171, 762173, 762183, 762198, 762249, 762283, 762327, 762342, 762399, 762563, 762585, 762601, 762617, 762813, 762885, 762961, 763025, 763091, 763208, 763311, 763500, 763526, 763543, 763631, 763925, 763968, 764208, 764250, 764295, 764320, 764394, 764441, 764540, 764847, 764871, 764895, 765118, 765230, 765310, 765318, 765328, 765387, 765461, 765483, 765619, 765644, 765827, 765844, 765847, 766149, 766152, 766246, 766479, 766940, 767424, 767605, 767680, 767687, 767851, 767877, 767934, 767936, 767937, 768116, 768138, 768195, 768271, 768359, 768504, 768728, 768815, 768863, 769099, 769128, 769275, 769631, 769822, 770030, 770355, 770364, 770435, 770464, 770533, 770976, 771052, 771113, 771180, 771420, 771465, 771469, 771516, 771623, 771650, 771756, 771850, 771924, 771937, 771944, 772046, 772132, 772344, 772414, 772511, 772516, 772536, 772607, 772613, 772736, 772960, 773140, 773294, 773372, 773435, 773518, 773606, 773667, 773881, 773883, 773897, 773926, 773970, 773997, 774344, 774346, 774576, 774793, 774815, 774874, 774932, 774933, 775097, 775151, 775210, 775413, 775433, 775494, 775693, 775771, 775910, 775960, 775969, 776127, 776168, 776420, 776499, 776589, 776654, 776660, 776778, 776832, 777050, 777105, 777493, 777514, 777515, 777531, 777673, 777768, 777779, 778086, 778171, 778196, 778403, 778588, 778752, 778901, 779029, 779121, 779223, 779254, 779417, 779491, 779713, 779791, 779794, 779867, 780025, 780061, 780072, 780186, 780246, 780537, 780546, 780595, 780664, 780776, 780902, 781003, 781089, 781272, 781325, 781373, 781379, 781461, 781553, 781587, 781591, 781606, 781722, 781785, 781963, 782014, 782024, 782035, 782084, 782159, 782287, 782317, 782361, 782383, 782438, 782747, 782766, 782802, 782920, 783127, 783192, 783197, 783310, 783719, 783744, 783793, 783982, 784099, 784202, 784208, 784386, 784921, 784952, 785061, 785183, 785259, 785276, 785280, 785369, 785479, 785726, 785798, 785834, 785916, 786090, 786094, 786310, 786342, 786415, 786457, 786469, 786543, 786639, 786668, 786749, 786754, 786834, 786934, 787053, 787088, 787229, 787238, 787618, 787624, 787624, 787752, 787767, 787887, 787939, 788090, 788306, 788354, 788450, 788649, 788788, 788931, 789016, 789420, 789461, 789498, 789579, 789679, 789811, 790055, 790082, 790177, 790219, 790238, 790318, 790455, 790696, 790729, 790805, 791051, 791102, 791183, 791384, 791415, 791466, 791483, 791525, 791902, 791961, 792005, 792087, 792114, 792205, 792479, 792770, 792924, 793103, 793231, 793497, 793498, 793529, 793612, 793630, 794010, 794233, 794282, 794351, 794489, 794680, 794734, 794891, 794898, 794964, 794995, 795101, 795245, 795275, 795382, 795541, 795586, 795676, 795776, 795808, 795822, 795840, 795862, 795880, 795888, 795941, 795962, 795975, 796202, 796292, 796550, 796713, 796912, 796912, 797026, 797454, 797481, 797551, 797829, 797845, 797939, 797953, 798171, 798261, 798292, 798400, 798523, 798559, 798618, 798689, 798853, 799043, 799067, 799276, 799313, 799377, 799465, 799473, 799588, 799693, 799822, 799856, 799858, 799864, 800015, 800030, 800090, 800142, 800192, 800202, 800247, 800516, 800553, 800553, 800688, 800984, 801009, 801010, 801044, 801091, 801155, 801255, 801281, 801287, 801321, 801512, 801680, 801722, 801728, 801906, 802014, 802043, 802117, 802158, 802217, 802348, 802423, 802489, 802497, 802501, 802766, 802785, 802857, 802964, 803090, 803250, 803406, 803421, 803505, 803527, 803679, 803684, 803760, 803774, 803785, 803844, 803866, 803915, 804000, 804012, 804016, 804227, 804255, 804409, 804416, 804607, 804625, 804695, 804838, 805014, 805138, 805203, 805212, 805263, 805557, 805762, 805890, 805935, 806004, 806081, 806097, 806312, 806443, 806489, 806646, 806676, 806708, 806768, 806979, 806995, 807009, 807077, 807117, 807399, 807549, 807550, 807561, 807564, 807656, 807733, 807805, 807860, 807944, 808063, 808258, 808595, 808646, 808775, 808869, 808976, 809109, 809199, 809232, 809455, 809490, 809500, 809506, 809670, 809752, 809786, 809973, 810131, 810400, 810402, 810468, 810688, 810689, 810709, 810728, 810733, 810805, 810900, 810938, 810995, 811098, 811235, 811243, 811349, 811488, 811532, 811701, 811759, 811796, 811842, 811954, 811985, 812188, 812198, 812308, 812370, 812435, 812515, 812536, 812653, 812715, 813180, 813204, 813286, 813420, 813688, 813815, 813828, 814013, 814144, 814198, 814256, 814370, 814372, 814409, 814521, 814546, 814690, 814815, 814893, 814958, 815012, 815026, 815089, 815503, 815550, 815776, 815836, 815845, 815897, 815989, 816047, 816071, 816598, 817122, 817258, 817287, 817370, 817375, 817482, 817522, 817526, 817581, 817785, 817820, 817832, 817863, 817998, 818028, 818161, 818162, 818322, 818473, 818763, 818909, 818994, 819143, 819204, 819248, 819272, 819278, 819389, 819518, 819522, 819607, 819712, 819900, 820006, 820208, 820294, 820344, 820398, 820518, 820724, 820792, 820961, 821283, 821412, 821464, 821486, 821572, 821778, 821839, 821939, 822148, 822155, 822284, 822332, 822355, 822559, 822734, 822782, 823369, 823457, 823512, 823718, 823738, 823889, 824015, 824171, 824267, 824303, 824381, 824443, 824507, 824595, 824600, 824663, 824686, 824697, 825089, 825198, 825233, 825234, 825299, 825416, 825484, 825637, 825772, 825801, 825826, 825931, 826210, 826274, 826424, 826504, 826668, 826745, 826768, 826898, 827072, 827078, 827168, 827291, 827392, 827464, 827692, 827973, 827998, 828065, 828228, 828248, 828277, 828415, 828503, 828665, 828757, 828808, 828986, 829039, 829078, 829086, 829205, 829282, 829326, 829353, 829367, 829403, 829453, 829476, 829703, 829867, 829901, 829928, 830161, 830317, 830539, 830606, 830626, 830687, 830736, 830792, 830793, 830904, 830911, 830987, 831039, 831147, 831175, 831451, 831530, 831568, 831592, 831597, 831800, 831867, 831882, 832015, 832227, 832267, 832330, 832356, 832433, 832496, 832497, 832539, 832564, 832601, 832709, 832721, 832727, 832774, 832784, 832804, 832932, 833038, 833115, 833202, 833341, 833355, 833459, 833584, 833630, 833750, 833770, 834312, 834661, 834790, 835226, 835287, 835297, 835353, 835450, 835466, 835664, 835769, 835950, 836069, 836099, 836257, 836266, 836395, 836505, 836694, 836806, 836857, 837137, 837153, 837283, 837330, 837489, 837498, 837679, 837790, 837872, 837903, 837923, 838278, 838544, 838712, 838808, 838923, 838964, 839007, 839048, 839097, 839125, 839245, 839399, 839440, 839692, 839734, 839752, 839957, 840000, 840057, 840213, 840365, 840504, 840564, 840609, 840636, 840699, 840876, 840919, 840970, 841011, 841051, 841087, 841204, 841307, 841355, 841413, 841737, 841801, 841821, 842107, 842410, 842462, 842471, 842496, 842567, 842641, 842747, 842811, 843040, 843128, 843282, 843577, 843601, 844050, 844058, 844157, 844373, 844564, 844792, 844894, 845295, 845304, 845390, 845483, 845501, 845618, 845660, 846159, 846199, 846329, 846387, 846548, 846603, 846661, 846706, 846769, 846858, 846900, 846908, 847033, 847115, 847299, 847563, 847852, 847871, 847900, 847937, 848263, 848281, 848660, 848801, 848864, 848885, 848903, 849032, 849301, 849426, 849449, 849615, 849764, 849875, 850053, 850086, 850232, 850252, 850275, 850295, 850565, 850705, 850793, 851162, 851184, 851266, 851330, 851353, 851539, 851625, 851634, 851673, 851959, 852084, 852117, 852160, 852323, 852459, 852556, 852604, 853099, 853117, 853354, 853410, 853514, 853615, 853630, 853665, 853720, 853952, 854013, 854067, 854179, 854268, 854356, 854512, 854694, 854739, 854743, 854868, 854909, 854919, 855089, 855132, 855170, 855196, 855692, 855697, 855733, 855903, 855924, 855993, 856135, 856147, 856210, 856552, 856925, 856989, 857016, 857087, 857157, 857212, 857231, 857306, 857400, 857532, 857631, 857653, 857871, 857888, 857960, 858109, 858298, 858449, 858468, 858567, 858682, 858777, 858942, 859030, 859064, 859232, 859250, 859307, 859323, 859500, 859854, 859876, 859887, 860112, 860167, 860290, 860383, 860438, 860586, 860681, 860691, 860753, 860922, 860958, 861052, 861054, 861145, 861188, 861638, 861685, 861732, 861836, 862106, 862112, 862166, 862368, 862380, 862387, 862851, 862881, 863141, 863304, 863390, 863540, 863610, 863701, 863753, 863770, 863784, 863816, 863910, 863998, 864036, 864184, 864328, 864328, 864387, 864450, 864635, 864661, 864978, 865067, 865089, 865096, 865309, 865463, 865472, 865598, 865689, 865694, 865934, 865989, 866015, 866131, 866177, 866197, 866245, 866253, 866266, 866314, 866381, 866428, 866468, 866653, 866655, 866771, 866862, 866921, 866936, 866953, 866988, 867198, 867200, 867321, 867328, 867328, 867340, 867392, 867575, 867771, 867774, 867823, 867865, 867988, 868049, 868085, 868088, 868145, 868270, 868344, 868352, 868416, 868679, 868729, 868778, 868885, 868955, 869056, 869087, 869098, 869126, 869237, 869572, 869585, 869593, 869609, 870201, 870373, 870448, 870538, 870595, 870753, 870754, 870778, 870838, 870871, 870913, 870922, 871127, 871341, 871346, 871362, 871483, 871521, 871664, 872013, 872338, 872425, 872535, 872615, 872668, 872906, 873029, 873208, 873225, 873412, 873437, 873448, 873516, 873536, 873699, 873990, 874319, 874423, 874533, 874581, 874607, 874788, 875100, 875145, 875502, 875540, 875911, 876023, 876063, 876496, 876553, 876620, 876630, 876638, 876660, 876682, 876775, 876840, 876940, 876955, 877101, 877139, 877407, 877675, 877776, 877809, 878014, 878130, 878145, 878160, 878320, 878438, 878585, 878639, 878744, 879109, 879112, 879210, 879232, 879254, 879273, 879285, 879319, 879321, 879333, 879343, 879387, 879564, 879623, 879757, 879764, 879777, 879806, 879834, 879838, 879849, 879954, 880098, 880105, 880213, 880495, 880505, 880702, 880717, 880798, 880823, 880891, 880902, 880954, 881161, 881234, 881336, 881384, 881443, 881449, 881464, 881581, 881601, 881667, 881684, 881803, 881803, 882035, 882074, 882120, 882191, 882243, 882425, 882454, 882655, 882710, 882730, 882836, 882917, 883046, 883076, 883254, 883342, 883507, 883549, 883586, 883719, 883849, 883952, 883963, 884008, 884079, 884160, 884445, 884631, 884647, 884654, 884707, 884714, 884794, 884841, 884842, 885034, 885084, 885200, 885231, 885493, 885563, 885715, 885765, 885894, 885898, 885973, 886032, 886058, 886106, 886359, 886412, 886578, 886758, 886771, 886903, 887114, 887251, 887281, 887291, 887374, 887731, 887773, 887859, 887873, 887874, 887898, 888022, 888071, 888228, 888427, 888548, 888761, 888808, 888872, 888924, 888944, 888953, 889276, 889435, 889567, 889711, 889820, 889938, 890058, 890114, 890132, 890180, 890302, 890348, 890363, 890393, 890485, 890529, 890723, 890898, 890950, 891034, 891038, 891175, 891197, 891203, 891311, 891444, 891455, 891826, 891898, 891920, 891935, 892104, 892199, 892320, 892506, 892600, 892762, 892953, 893103, 893136, 893341, 893480, 893499, 893532, 893601, 893702, 893865, 894074, 894126, 894162, 894190, 894431, 894534, 894626, 894652, 894683, 894781, 894825, 894853, 895046, 895339, 895386, 895532, 895644, 895955, 896057, 896075, 896166, 896197, 896233, 896484, 896521, 896629, 896656, 896675, 896992, 897003, 897181, 897396, 897623, 897661, 897728, 897785, 897813, 897845, 897862, 897934, 897938, 898000, 898079, 898167, 898416, 898499, 898636, 898718, 898890, 899054, 899089, 899294, 899544, 899605, 899670, 899779, 899808, 899970, 900228, 900399, 900543, 900651, 900685, 900710, 900720, 900941, 900970, 901153, 901343, 901442, 901454, 901776, 901987, 902099, 902268, 902365, 902399, 902606, 902618, 902628, 902776, 903047, 903137, 903169, 903173, 903272, 903291, 903293, 903294, 903926, 903961, 904011, 904041, 904171, 904215, 904244, 904315, 904355, 904402, 904465, 904499, 904509, 904713, 904878, 905020, 905056, 905086, 905162, 905209, 905222, 905657, 905673, 905910, 905944, 905970, 906056, 906256, 906532, 906667, 906720, 906801, 907009, 907140, 907181, 907494, 907593, 907713, 907881, 907898, 907992, 908442, 908611, 908946, 909066, 909368, 909612, 909801, 909809, 909867, 910232, 910291, 910410, 910527, 910565, 910673, 910700, 910739, 910781, 910978, 911078, 911120, 911351, 911361, 911431, 911520, 911610, 911701, 911708, 911855, 911975, 912002, 912017, 912118, 912157, 912231, 912260, 912286, 912361, 912395, 912484, 912487, 912509, 912717, 912870, 913023, 913027, 913111, 913201, 913293, 913323, 913358, 913398, 913439, 913441, 913563, 913604, 913616, 913626, 913902, 913941, 913986, 914000, 914008, 914064, 914103, 914277, 914436, 914556, 914619, 914878, 914908, 915137, 915184, 915222, 915349, 915618, 915656, 915770, 915898, 916082, 916128, 916193, 916333, 916416, 916699, 916787, 916792, 916804, 916817, 916900, 917192, 917357, 917433, 917513, 917534, 917613, 917636, 917734, 917781, 917873, 917949, 918070, 918110, 918238, 918271, 918368, 918392, 918471, 918526, 918587, 918781, 918793, 918804, 918809, 918877, 918995, 919242, 919309, 919345, 919439, 919685, 919730, 919857, 919980, 920114, 920207, 920306, 920328, 920569, 920686, 920732, 920736, 920871, 921017, 921157, 921261, 921303, 921317, 921409, 921420, 921457, 921548, 921549, 921590, 921640, 921714, 921767, 921841, 921847, 921946, 922020, 922029, 922089, 922236, 922288, 922318, 922332, 922404, 922668, 922690, 922700, 922763, 922795, 922972, 923027, 923047, 923086, 923124, 923264, 923308, 923436, 923577, 923597, 923783, 923794, 923948, 924083, 924121, 924150, 924234, 924319, 924353, 924399, 924611, 924777, 925065, 925113, 925218, 925298, 925371, 925380, 925494, 925521, 925556, 925664, 925766, 925930, 925978, 926196, 926201, 926260, 926479, 926534, 926594, 926717, 926735, 926771, 926807, 926812, 926956, 927049, 927128, 927251, 927330, 927379, 927481, 927571, 927624, 927764, 927769, 927789, 927792, 927859, 927928, 928287, 928329, 928349, 928441, 928536, 928568, 928603, 928638, 928681, 928683, 928742, 928744, 928749, 928860, 929038, 929178, 929211, 929229, 929391, 929414, 929598, 929614, 929677, 929734, 929899, 930012, 930055, 930060, 930330, 930390, 930466, 930673, 930733, 930992, 931036, 931038, 931346, 931374, 931425, 931433, 931466, 931484, 931543, 931618, 931659, 931669, 931679, 931744, 932030, 932100, 932186, 932224, 932661, 932803, 932881, 932902, 933026, 933237, 933238, 933334, 933427, 933565, 933635, 933657, 933946, 933990, 934043, 934056, 934223, 934240, 934240, 934265, 934267, 934357, 934554, 934677, 934680, 934778, 934913, 935174, 935181, 935218, 935220, 935223, 935350, 935410, 935427, 935462, 935737, 935985, 936275, 936275, 936313, 936531, 936683, 936901, 937072, 937444, 937839, 937998, 938389, 938437, 938472, 938512, 938525, 938613, 938618, 938734, 938791, 938900, 939049, 939141, 939150, 939513, 939587, 939592, 939918, 940261, 940446, 940616, 940629, 941052, 941265, 941396, 941408, 941483, 941890, 942038, 942294, 942331, 942565, 942655, 942783, 942857, 942902, 943026, 943152, 943333, 943613, 943632, 943705, 943716, 943943, 944144, 944189, 944214, 944385, 944424, 944597, 944773, 944866, 944869, 944887, 945069, 945202, 945228, 945325, 945675, 945862, 945909, 946075, 946104, 946111, 946207, 946317, 946424, 946526, 946774, 946818, 947105, 947278, 947355, 947523, 947553, 947619, 947723, 947862, 947922, 948111, 948118, 948149, 948237, 948468, 948469, 948645, 948710, 948757, 948899, 948920, 948922, 949023, 949027, 949143, 949182, 949241, 949330, 949426, 949456, 949563, 949648, 949788, 949845, 949887, 949975, 949987, 950021, 950033, 950172, 950335, 950391, 950484, 950580, 950645, 950651, 950859, 951038, 951575, 951661, 952120, 952265, 952301, 952412, 952438, 952457, 952594, 952697, 952745, 952939, 952940, 953045, 953080, 953160, 953165, 953244, 953254, 953254, 953255, 953275, 953542, 953625, 953696, 953843, 954375, 954618, 954626, 954636, 954664, 954707, 954846, 954912, 954941, 954946, 955011, 955038, 955078, 955117, 955145, 955214, 955229, 955500, 955537, 955627, 955804, 955914, 955948, 956067, 956272, 956335, 956481, 956567, 956617, 956681, 956685, 956688, 956899, 956952, 957030, 957082, 957154, 957221, 957317, 957537, 957731, 957773, 957999, 958407, 958599, 958648, 958686, 958762, 958811, 958894, 959085, 959165, 959194, 959360, 959393, 959408, 959476, 959497, 959569, 959578, 959771, 959848, 959874, 960065, 960242, 960276, 960726, 960768, 960809, 960986, 961023, 961055, 961070, 961071, 961214, 961217, 961265, 961366, 961574, 961589, 961685, 961729, 961900, 961960, 962008, 962136, 962154, 962213, 962303, 962319, 962370, 962501, 962567, 962701, 962775, 963567, 963574, 963575, 963607, 963726, 963741, 963758, 963806, 963989, 964165, 964168, 964209, 964236, 964282, 964366, 964445, 964504, 964535, 964612, 964770, 964773, 964780, 964852, 964875, 965242, 965401, 965700, 965717, 965790, 965948, 966087, 966234, 966537, 966574, 966668, 966683, 966714, 966726, 966730, 966763, 966877, 966930, 966995, 967454, 967481, 967872, 967992, 968080, 968098, 968120, 968203, 968207, 968332, 968338, 968338, 968384, 968421, 968503, 968536, 968537, 968605, 968624, 968703, 968710, 968730, 968828, 968937, 969063, 969173, 969203, 969322, 969337, 969383, 969573, 969619, 969736, 969763, 969974, 970087, 970105, 970236, 970244, 970273, 970496, 970572, 970761, 970862, 970952, 971021, 971091, 971449, 971454, 971622, 971667, 971676, 971821, 971838, 971879, 971943, 972072, 972105, 972194, 972276, 972303, 972344, 972373, 972572, 972583, 972637, 972788, 972807, 973016, 973035, 973241, 973352, 973387, 973392, 973682, 974009, 974033, 974039, 974235, 974293, 974327, 974434, 974442, 974487, 974529, 974653, 974665, 974702, 974815, 974958, 975051, 975061, 975328, 975346, 975463, 975539, 975675, 976012, 976088, 976462, 976574, 976657, 976791, 976838, 977045, 977058, 977059, 977062, 977256, 977391, 977407, 977453, 977471, 977671, 977714, 977929, 978612, 978731, 978802, 978818, 978926, 978945, 979030, 979068, 979125, 979318, 979334, 979358, 979434, 979441, 979601, 979658, 979693, 979733, 979754, 979816, 979887, 980063, 980146, 980149, 980195, 980232, 980242, 980339, 980478, 980544, 980647, 980679, 980733, 980763, 980784, 980863, 980880, 980897, 980960, 981055, 981172, 981208, 981314, 981317, 981358, 981496, 981579, 981585, 981604, 981851, 981861, 981915, 982031, 982045, 982130, 982145, 982155, 982297, 982313, 982364, 982374, 982548, 982603, 982723, 982850, 982901, 983062, 983117, 983172, 983214, 983304, 983414, 983486, 983542, 983768, 984292, 984369, 984369, 984395, 984455, 984472, 984535, 984634, 984724, 984842, 984930, 985019, 985066, 985076, 985140, 985215, 985241, 985246, 985543, 985600, 985701, 985802, 986074, 986177, 986283, 986297, 986327, 986354, 986725, 986773, 986926, 987268, 987296, 987359, 987407, 987603, 987611, 987635, 987674, 987993, 988004, 988112, 988149, 988225, 988255, 988300, 988413, 988436, 988458, 988659, 988713, 988809, 989249, 989446, 989551, 989601, 989605, 989615, 989846, 989867, 989990, 990077, 990140, 990579, 990699, 990870, 991128, 991250, 991344, 991417, 991418, 991449, 991486, 991558, 991746, 991995, 992225, 992389, 992390, 992403, 992422, 992423, 992464, 992679, 992696, 992729, 992806, 992923, 993083, 993254, 993280, 993368, 993457, 993511, 993599, 993644, 993688, 993749, 993782, 994192, 994211, 994244, 994250, 994351, 994448, 994463, 994511, 994799, 995128, 995220, 995240, 995263, 995385, 995412, 995425, 995434, 995469, 995491, 995559, 995743, 995762, 995887, 995903, 995997, 996432, 996660, 996739, 996761, 996880, 996967, 996978, 997022, 997054, 997056, 997095, 997095, 997331, 997387, 997459, 997477, 997564, 997692, 997779, 997814, 997929, 997958, 998086, 998129, 998182, 998189, 998334, 998355, 998471, 998515, 998566, 998654, 999174, 999322, 999448, 999454, 999527, 999777, 999910, 1000011, 1000113, 1000269, 1000390, 1000455, 1000519, 1000802, 1000948, 1001110, 1001216, 1001573, 1001649, 1001726, 1001749, 1001786, 1001885, 1001920, 1002017, 1002038, 1002065, 1002087, 1002246, 1002294, 1002502, 1002549, 1002635, 1002731, 1002749, 1002844, 1003056, 1003262, 1003280, 1003324, 1003364, 1004130, 1004166, 1004193, 1004213, 1004215, 1004230, 1004303, 1004342, 1004628, 1004768, 1004821, 1004926, 1004981, 1005040, 1005188, 1005211, 1005414, 1005505, 1005605, 1005723, 1005857, 1005904, 1006005, 1006008, 1006131, 1006191, 1006237, 1006271, 1006327, 1006388, 1006479, 1006510, 1006605, 1006608, 1006646, 1006854, 1006949, 1007007, 1007066, 1007380, 1007380, 1007410, 1007434, 1007659, 1007807, 1007842, 1007863, 1007866, 1007911, 1008008, 1008033, 1008108, 1008163, 1008165, 1008169, 1008386, 1008533, 1008654, 1008757, 1008871, 1008987, 1009001, 1009151, 1009164, 1009166, 1009274, 1009274, 1009407, 1009432, 1009538, 1009622, 1009655, 1009677, 1009740, 1009863, 1009876, 1009909, 1009950, 1009974, 1010091, 1010117, 1010191, 1010193, 1010410, 1010626, 1010758, 1010924, 1010932, 1010966, 1011112, 1011162, 1011595, 1011633, 1011658, 1011788, 1011792, 1011936, 1012012, 1012038, 1012152, 1012249, 1012316, 1012413, 1012426, 1012486, 1012583, 1012602, 1012633, 1012680, 1012699, 1013137, 1013216, 1013404, 1013782, 1013947, 1014131, 1014155, 1014207, 1014322, 1014373, 1014464, 1014472, 1014646, 1014673, 1014924, 1015140, 1015315, 1015356, 1015482, 1015605, 1015715, 1015812, 1016161, 1016369, 1016374, 1016678, 1016938, 1017002, 1017101, 1017119, 1017193, 1017200, 1017288, 1017350, 1017523, 1017954, 1017956, 1017978, 1018000, 1018278, 1018587, 1018627, 1018633, 1018642, 1018936, 1019028, 1019102, 1019487, 1019585, 1019658, 1019680, 1019848, 1019894, 1019978, 1020312, 1020347, 1020356, 1020669, 1020761, 1020816, 1020863, 1020928, 1021187, 1021428, 1021462, 1021896, 1021941, 1022026, 1022118, 1022158, 1022286, 1022325, 1022330, 1022448, 1022592, 1022649, 1022695, 1022765, 1022972, 1023097, 1023229, 1023251, 1023329, 1023343, 1023636, 1023660, 1023704, 1023882, 1023887, 1023973, 1024100, 1024227, 1024354, 1024888, 1024938, 1025044, 1025075, 1025108, 1025144, 1025172, 1025241, 1025344, 1025384, 1025450, 1025461, 1025638, 1025734, 1025923, 1026006, 1026087, 1026169, 1026172, 1026238, 1026285, 1026293, 1026343, 1026442, 1026535, 1026591, 1026715, 1026787, 1026792, 1026849, 1027008, 1027181, 1027288, 1027337, 1027371, 1027487, 1027520, 1027591, 1027593, 1027640, 1028203, 1028268, 1028324, 1028348, 1028406, 1028460, 1028635, 1028637, 1028719, 1028764, 1028809, 1028816, 1028824, 1029066, 1029067, 1029230, 1029410, 1029460, 1029461, 1029511, 1029529, 1029559, 1029905, 1029980, 1030129, 1030213, 1030219, 1030419, 1030434, 1030477, 1030626, 1030663, 1030707, 1030735, 1030903, 1030972, 1031027, 1031042, 1031115, 1031120, 1031148, 1031191, 1031428, 1031559, 1031614, 1031615, 1031622, 1031707, 1032130, 1032250, 1032306, 1032379, 1032606, 1032609, 1032733, 1032739, 1032785, 1032847, 1032975, 1032978, 1033261, 1033278, 1033319, 1033330, 1033340, 1033457, 1033704, 1033767, 1033979, 1034119, 1034128, 1034208, 1034228, 1034330, 1034503, 1034574, 1034653, 1034713, 1034816, 1034845, 1034870, 1034888, 1035224, 1035377, 1035535, 1035885, 1035932, 1036042, 1036365, 1036422, 1036424, 1036848, 1036883, 1036904, 1037037, 1037063, 1037072, 1037206, 1037500, 1037539, 1037713, 1037939, 1037965, 1038074, 1038122, 1038249, 1038252, 1038378, 1038400, 1038461, 1038580, 1038664, 1038744, 1038819, 1038918, 1038927, 1038967, 1039043, 1039075, 1039091, 1039143, 1039186, 1039217, 1039408, 1039434, 1039450, 1039481, 1039670, 1039747, 1039807, 1040012, 1040040, 1040057, 1040061, 1040100, 1040175, 1040193, 1040242, 1040259, 1040400, 1040538, 1040571, 1040660, 1040670, 1040708, 1041296, 1041313, 1041322, 1041843, 1041863, 1041869, 1042087, 1042089, 1042461, 1042472, 1042485, 1042572, 1042586, 1042619, 1042909, 1043139, 1043229, 1043258, 1043541, 1043594, 1043675, 1043859, 1043911, 1044088, 1044096, 1044309, 1044438, 1044484, 1044503, 1044542, 1044625, 1044796, 1045044, 1045139, 1045203, 1045302, 1045316, 1045429, 1045479, 1045487, 1045586, 1045627, 1045665, 1045791, 1045822, 1045886, 1046006, 1046067, 1046301, 1046960, 1046994, 1047030, 1047107, 1047135, 1047175, 1047224, 1047279, 1047312, 1047326, 1047518, 1047689, 1047708, 1047742, 1047767, 1047806, 1047830, 1048096, 1048110, 1048133, 1048201, 1048224, 1048240, 1048401, 1048706, 1048799, 1049045, 1049101, 1049159, 1049162, 1049210, 1049211, 1049231, 1049300, 1049355, 1049389, 1049393, 1049579, 1049680, 1049837, 1049943, 1050046, 1050314, 1050420, 1050485, 1050494, 1050568, 1050723, 1050900, 1050907, 1050940, 1050940, 1050944, 1051112, 1051118, 1051186, 1051219, 1051281, 1051331, 1051384, 1051417, 1051809, 1051845, 1051882, 1051923, 1051939, 1051947, 1051981, 1052438, 1052680, 1052847, 1052858, 1053196, 1053331, 1053414, 1053484, 1053512, 1053658, 1053672, 1053685, 1053707, 1053732, 1053872, 1053950, 1053984, 1054182, 1054257, 1054371, 1054458, 1054532, 1054553, 1054839, 1054929, 1054971, 1055000, 1055170, 1055241, 1055320, 1055328, 1055352, 1055408, 1055512, 1055544, 1055553, 1055564, 1055773, 1055869, 1055950, 1056086, 1056406, 1056569, 1056663, 1056701, 1056761, 1056779, 1056950, 1057101, 1057587, 1057650, 1057666, 1058092, 1058163, 1058579, 1058590, 1058799, 1058870, 1059128, 1059140, 1059182, 1059198, 1059470, 1059666, 1059747, 1059781, 1060067, 1060130, 1060272, 1060369, 1060386, 1060388, 1060503, 1060526, 1060607, 1060610, 1060701, 1060802, 1060803, 1060813, 1060848, 1060877, 1060980, 1061004, 1061010, 1061011, 1061316, 1061461, 1061467, 1061568, 1061860, 1061922, 1062010, 1062014, 1062168, 1062175, 1062234, 1062334, 1062417, 1062475, 1062561, 1062657, 1062775, 1062805, 1062862, 1062912, 1062918, 1063191, 1063284, 1063360, 1063381, 1063682, 1063728, 1063746, 1063746, 1063747, 1063760, 1063774, 1063821, 1063828, 1063866, 1063882, 1063960, 1064001, 1064099, 1064124, 1064134, 1064360, 1064500, 1064512, 1064591, 1064677, 1064733, 1064780, 1064857, 1064943, 1064999, 1065049, 1065056, 1065298, 1065565, 1065649, 1065722, 1065828, 1065840, 1065975, 1066211, 1066242, 1066304, 1066407, 1066453, 1066598, 1066622, 1066703, 1066796, 1067175, 1067212, 1067330, 1067427, 1067469, 1067636, 1067903, 1067996, 1068242, 1068302, 1068527, 1068544, 1068560, 1068598, 1068682, 1068702, 1068724, 1068823, 1068859, 1069166, 1069172, 1069219, 1069286, 1069362, 1069376, 1069598, 1069621, 1069762, 1069852, 1069909, 1070057, 1070148, 1070323, 1070379, 1070484, 1070563, 1070731, 1070845, 1070878, 1071354, 1071362, 1071482, 1071492, 1071527, 1071591, 1071688, 1071831, 1071839, 1072055, 1072195, 1072268, 1072301, 1072317, 1072330, 1072598, 1072632, 1072636, 1072780, 1073141, 1073284, 1073487, 1073505, 1073568, 1073609, 1073640, 1073662, 1073731, 1073796, 1073950, 1074028, 1074041, 1074085, 1074089, 1074288, 1074472, 1074516, 1074541, 1074552, 1074738, 1074791, 1075010, 1075160, 1075408, 1075427, 1075514, 1075664, 1075831, 1076034, 1076067, 1076093, 1076131, 1076139, 1076146, 1076426, 1076539, 1076642, 1076749, 1076795, 1076890, 1076956, 1077255, 1077275, 1077361, 1077474, 1077510, 1077530, 1077544, 1078000, 1078059, 1078136, 1078200, 1078335, 1078362, 1078588, 1079006, 1079103, 1079194, 1079195, 1079308, 1079351, 1079439, 1079442, 1079499, 1079578, 1079838, 1079890, 1079932, 1080000, 1080205, 1080211, 1080230, 1080690, 1080697, 1080807, 1080938, 1081236, 1081244, 1081263, 1081273, 1081338, 1081389, 1081514, 1081544, 1081692, 1081717, 1081721, 1081790, 1081822, 1082007, 1082278, 1082291, 1082430, 1082430, 1082605, 1082708, 1082715, 1082744, 1082969, 1082977, 1082978, 1083017, 1083050, 1083076, 1083483, 1083488, 1083798, 1083798, 1083807, 1083956, 1084128, 1084171, 1084181, 1084396, 1084539, 1084614, 1084893, 1084910, 1084911, 1084912, 1085043, 1085199, 1085312, 1085360, 1085424, 1085590, 1085692, 1085707, 1086002, 1086259, 1086279, 1086285, 1086390, 1086402, 1086420, 1086463, 1086517, 1086529, 1086769, 1086770, 1086781, 1086801, 1086904, 1086991, 1087059, 1087126, 1087531, 1087579, 1087667, 1087688, 1087730, 1087733, 1087736, 1087769, 1088052, 1088085, 1088174, 1088319, 1088489, 1088563, 1088656, 1088662, 1088680, 1088709, 1088735, 1088844, 1089245, 1089277, 1089462, 1089462, 1089508, 1089557, 1089610, 1089625, 1089722, 1089819, 1089849, 1089936, 1090007, 1090011, 1090189, 1090210, 1090411, 1090448, 1090486, 1090516, 1090734, 1090818, 1090894, 1091003, 1091249, 1091389, 1091398, 1091428, 1091506, 1091539, 1091842, 1091969, 1092061, 1092096, 1092141, 1092345, 1092382, 1092436, 1092535, 1092681, 1092807, 1092850, 1092885, 1093110, 1093156, 1093440, 1093463, 1093605, 1093636, 1093889, 1093927, 1094280, 1094289, 1094292, 1094342, 1094637, 1094721, 1094727, 1094770, 1094823, 1094912, 1094930, 1094961, 1094983, 1095135, 1095155, 1095188, 1095306, 1095345, 1095401, 1095677, 1095729, 1095869, 1096066, 1096117, 1096231, 1096994, 1097091, 1097097, 1097147, 1097702, 1097792, 1098136, 1098274, 1098315, 1098344, 1098366, 1098506, 1098742, 1098811, 1098888, 1098921, 1098922, 1099054, 1099093, 1099118, 1099311, 1099313, 1099351, 1099468, 1099486, 1099546, 1099571, 1099612, 1099675, 1099722, 1099788, 1099847, 1099852, 1100042, 1100156, 1100169, 1100241, 1100299, 1100308, 1100382, 1100398, 1100550, 1100626, 1100667, 1100742, 1100816, 1100830, 1101001, 1101041, 1101056, 1101096, 1101117, 1101198, 1101251, 1101263, 1101274, 1101371, 1101403, 1101632, 1101675, 1101766, 1101816, 1102008, 1102059, 1102109, 1102199, 1102209, 1102254, 1102426, 1102432, 1102445, 1102547, 1102604, 1102615, 1102677, 1102963, 1103045, 1103436, 1103581, 1103635, 1103720, 1104026, 1104189, 1104193, 1104402, 1104749, 1104769, 1104948, 1104996, 1105193, 1105235, 1105241, 1105330, 1105428, 1105448, 1105483, 1105686, 1105747, 1105846, 1106072, 1106091, 1106099, 1106121, 1106229, 1106374, 1106718, 1106855, 1106890, 1106898, 1106980, 1107108, 1107159, 1107188, 1107206, 1107321, 1107456, 1107626, 1107662, 1107789, 1107897, 1107945, 1108016, 1108353, 1108404, 1108468, 1108557, 1108565, 1108570, 1108573, 1108947, 1108970, 1109069, 1109229, 1109441, 1109480, 1109495, 1109989, 1110109, 1110237, 1110244, 1110276, 1110472, 1110726, 1110862, 1110913, 1110947, 1110969, 1111002, 1111164, 1111185, 1111199, 1111524, 1111729, 1111811, 1111838, 1111882, 1111935, 1112211, 1112263, 1112388, 1112516, 1112891, 1112906, 1113034, 1113046, 1113106, 1113241, 1113378, 1113465, 1113479, 1113489, 1113539, 1113839, 1113859, 1113976, 1114130, 1114132, 1114228, 1114316, 1114719, 1114720, 1114757, 1114842, 1115113, 1115218, 1115265, 1115543, 1115556, 1115651, 1115819, 1115854, 1115966, 1116085, 1116091, 1116128, 1116190, 1116263, 1116367, 1116416, 1116455, 1116616, 1117007, 1117059, 1117140, 1117150, 1117155, 1117164, 1117552, 1117578, 1117619, 1117647, 1117710, 1117730, 1117757, 1117892, 1117981, 1118029, 1118234, 1118244, 1118454, 1118658, 1118694, 1118818, 1119137, 1119216, 1119221, 1119405, 1119431, 1119461, 1119497, 1119543, 1119558, 1119639, 1119751, 1119896, 1119939, 1120016, 1120064, 1120078, 1120115, 1120161, 1120190, 1120199, 1120256, 1120307, 1120360, 1120420, 1120635, 1120672, 1120822, 1120980, 1121056, 1121122, 1121238, 1121239, 1121319, 1121419, 1121499, 1121547, 1121580, 1121729, 1121790, 1121911, 1121915, 1122101, 1122545, 1122572, 1122652, 1122886, 1122934, 1123129, 1123211, 1123249, 1123365, 1123416, 1123490, 1123525, 1123582, 1123583, 1123883, 1123961, 1124062, 1124130, 1124152, 1124158, 1124382, 1124550, 1124564, 1124795, 1125036, 1125075, 1125102, 1125131, 1125307, 1125350, 1125529, 1125843, 1126072, 1126087, 1126094, 1126345, 1126674, 1126746, 1126962, 1126971, 1127026, 1127077, 1127282, 1127292, 1127353, 1127364, 1127530, 1127550, 1127615, 1127618, 1127715, 1127732, 1127747, 1127810, 1127857, 1127905, 1127946, 1128030, 1128090, 1128129, 1128137, 1128164, 1128277, 1128390, 1128937, 1129214, 1129287, 1129319, 1129338, 1129351, 1129396, 1129615, 1129643, 1129956, 1129992, 1130209, 1130298, 1130434, 1130532, 1130608, 1131169, 1131204, 1131333, 1131495, 1131535, 1131623, 1131627, 1131640, 1131727, 1132003, 1132144, 1132171, 1132199, 1132358, 1132638, 1132639, 1132661, 1132749, 1132996, 1133148, 1133256, 1133292, 1133297, 1133318, 1133363, 1133411, 1133467, 1133470, 1133599, 1133662, 1133761, 1133974, 1133987, 1134102, 1134105, 1134291, 1134316, 1134377, 1134425, 1134488, 1134583, 1134653, 1134827, 1135001, 1135263, 1135276, 1135432, 1135503, 1135682, 1135809, 1135898, 1135998, 1136159, 1136246, 1136333, 1136346, 1136665, 1136828, 1136893, 1136909, 1136977, 1137056, 1137111, 1137130, 1137348, 1137391, 1137535, 1137537, 1137560, 1137629, 1137659, 1137674, 1137784, 1138079, 1138098, 1138245, 1138251, 1138266, 1138340, 1138579, 1138640, 1138758, 1138916, 1138983, 1139070, 1139073, 1139119, 1139191, 1139873, 1139899, 1139965, 1140002, 1140174, 1140256, 1140270, 1140292, 1140318, 1140545, 1140644, 1140724, 1140756, 1140865, 1140874, 1140954, 1140962, 1140989, 1141120, 1141139, 1141141, 1141234, 1141390, 1141392, 1141551, 1141654, 1141904, 1141918, 1142124, 1142436, 1142444, 1142526, 1142560, 1142561, 1142618, 1142619, 1142626, 1142725, 1143362, 1143535, 1143588, 1143749, 1143870, 1144127, 1144230, 1144257, 1144283, 1144318, 1144361, 1144400, 1144532, 1144590, 1144610, 1144761, 1144791, 1144850, 1144892, 1145049, 1145157, 1145183, 1145190, 1145282, 1145284, 1145296, 1145329, 1145434, 1146105, 1146120, 1146305, 1146315, 1146414, 1146418, 1146428, 1146544, 1146582, 1146847, 1147025, 1147142, 1147372, 1147433, 1147564, 1147772, 1147829, 1148190, 1148340, 1148344, 1148416, 1148454, 1148606, 1148719, 1148725, 1149234, 1149266, 1149287, 1149485, 1149599, 1149841, 1150011, 1150248, 1150308, 1150427, 1150547, 1150611, 1150618, 1150856, 1150856, 1150866, 1150891, 1150966, 1151244, 1151259, 1151310, 1151405, 1151584, 1151609, 1151704, 1152067, 1152120, 1152272, 1152287, 1152459, 1152548, 1152721, 1152749, 1152845, 1153190, 1153239, 1153246, 1153350, 1153380, 1153574, 1153628, 1153643, 1153780, 1153837, 1153938, 1154513, 1154615, 1154668, 1154673, 1154805, 1154811, 1154880, 1154891, 1154936, 1154962, 1154986, 1155037, 1155058, 1155165, 1155308, 1155313, 1155477, 1155557, 1155688, 1155751, 1155821, 1156048, 1156151, 1156312, 1156406, 1156488, 1156904, 1157088, 1157106, 1157129, 1157198, 1157529, 1157588, 1157711, 1157786, 1157956, 1157968, 1158049, 1158144, 1158270, 1158769, 1158812, 1158955, 1159060, 1159108, 1159267, 1159482, 1159508, 1159591, 1159647, 1159655, 1159690, 1159764, 1159801, 1159972, 1159999, 1160095, 1160125, 1160141, 1160158, 1160336, 1160638, 1160663, 1160848, 1160888, 1160981, 1161677, 1161677, 1161754, 1161852, 1162067, 1162097, 1162241, 1162565, 1162682, 1162710, 1162723, 1162776, 1162853, 1163102, 1163171, 1163289, 1163380, 1163498, 1163503, 1163511, 1163530, 1163565, 1163628, 1163837, 1163867, 1163870, 1163934, 1163997, 1164079, 1164327, 1164413, 1164422, 1164430, 1164540, 1164643, 1164657, 1164669, 1164815, 1164818, 1164854, 1164888, 1165055, 1165183, 1165211, 1165220, 1165363, 1165372, 1165432, 1165481, 1165642, 1165681, 1165757, 1165769, 1165824, 1165935, 1166008, 1166051, 1166074, 1166207, 1166209, 1166236, 1166304, 1166544, 1166646, 1166707, 1166989, 1167005, 1167015, 1167110, 1167203, 1167434, 1167558, 1167561, 1167730, 1168042, 1168050, 1168109, 1168184, 1168215, 1168294, 1168344, 1168388, 1168563, 1168733, 1168760, 1168887, 1168921, 1168928, 1168954, 1169240, 1169288, 1169574, 1169583, 1169723, 1169739, 1169762, 1169779, 1169850, 1170046, 1170103, 1170147, 1170266, 1170406, 1170476, 1170712, 1170747, 1171145, 1171269, 1171324, 1171361, 1171363, 1171498, 1171603, 1171650, 1171672, 1171815, 1171906, 1171913, 1171936, 1171971, 1172134, 1172226, 1172462, 1172489, 1172657, 1172661, 1172926, 1173022, 1173366, 1173431, 1173496, 1173669, 1173805, 1173811, 1173962, 1174204, 1174215, 1174484, 1174500, 1174663, 1174722, 1174727, 1174812, 1174818, 1174969, 1175369, 1175607, 1175625, 1175797, 1175826, 1175923, 1176088, 1176349, 1176374, 1176395, 1176690, 1176736, 1176912, 1176943, 1176984, 1177112, 1177125, 1177132, 1177695, 1177795, 1177864, 1177873, 1177907, 1177985, 1178073, 1178145, 1178414, 1178641, 1178646, 1178776, 1178838, 1178869, 1178909, 1178988, 1179002, 1179265, 1179359, 1179620, 1179641, 1179742, 1179894, 1180020, 1180107, 1180246, 1180406, 1180426, 1180503, 1180761, 1180970, 1181025, 1181094, 1181172, 1181267, 1181306, 1181341, 1181356, 1181486, 1181496, 1181508, 1181686, 1181777, 1182108, 1182115, 1182178, 1182273, 1182384, 1182902, 1182934, 1182951, 1183018, 1183046, 1183135, 1183230, 1183461, 1183505, 1183593, 1183735, 1183763, 1183789, 1183897, 1183966, 1184011, 1184054, 1184073, 1184141, 1184175, 1184192, 1184239, 1184273, 1184334, 1184373, 1184422, 1184827, 1184889, 1184907, 1185016, 1185058, 1185109, 1185176, 1185185, 1185399, 1185692, 1185712, 1185996, 1186030, 1186072, 1186078, 1186154, 1186387, 1186528, 1186543, 1186589, 1186702, 1186755, 1186903, 1186996, 1187083, 1187086, 1187360, 1187386, 1187420, 1187460, 1187721, 1187730, 1187882, 1187959, 1188060, 1188105, 1188176, 1188179, 1188320, 1188410, 1188442, 1188475, 1188577, 1188606, 1188644, 1188647, 1189484, 1189502, 1189642, 1189671, 1189918, 1190046, 1190106, 1190128, 1190168, 1190316, 1190326, 1190490, 1190578, 1190678, 1190679, 1190765, 1190797, 1190833, 1190997, 1191097, 1191322, 1191383, 1191432, 1191442, 1191461, 1191464, 1191513, 1191689, 1191766, 1191784, 1191806, 1191849, 1191862, 1191866, 1191959, 1192092, 1192214, 1192283, 1192534, 1192735, 1192742, 1192956, 1193056, 1193323, 1193407, 1193450, 1193498, 1193798, 1193920, 1193920, 1193935, 1194051, 1194056, 1194303, 1194394, 1194427, 1194584, 1194729, 1194771, 1194818, 1194903, 1195235, 1195299, 1195306, 1195335, 1195417, 1195630, 1195676, 1195727, 1195740, 1195789, 1195906, 1196012, 1196072, 1196258, 1196303, 1196601, 1197109, 1197181, 1197205, 1197229, 1197249, 1197551, 1197625, 1197767, 1197855, 1198054, 1198126, 1198283, 1198367, 1198404, 1198565, 1198574, 1198598, 1198647, 1199213, 1199294, 1199518, 1199615, 1199621, 1199955, 1200135, 1200156, 1200236, 1200262, 1200269, 1200325, 1200411, 1200442, 1200471, 1200643, 1200676, 1200800, 1200912, 1200970, 1201009, 1201452, 1201516, 1201614, 1201637, 1201745, 1201908, 1201910, 1201933, 1201946, 1201964, 1201989, 1202013, 1202069, 1202184, 1202190, 1202385, 1202405, 1202560, 1202673, 1202696, 1202888, 1202920, 1203261, 1203263, 1203305, 1203376, 1203427, 1203474, 1203553, 1203608, 1203618, 1203621, 1203633, 1203674, 1203703, 1203744, 1203777, 1203786, 1203833, 1203854, 1203991, 1204044, 1204071, 1204075, 1204149, 1204584, 1204625, 1204762, 1204909, 1205035, 1205230, 1205330, 1205364, 1205472, 1205484, 1205573, 1205643, 1205650, 1205682, 1205816, 1205966, 1205984, 1206056, 1206276, 1206347, 1206534, 1206573, 1206656, 1206842, 1206845, 1207013, 1207041, 1207209, 1207230, 1207282, 1207305, 1207661, 1207692, 1207813, 1207919, 1207993, 1208047, 1208116, 1208217, 1208312, 1208433, 1208514, 1208574, 1208719, 1208808, 1208833, 1208845, 1208946, 1208958, 1209007, 1209048, 1209340, 1209414, 1209426, 1209457, 1209517, 1209656, 1209659, 1209821, 1210083, 1210143, 1210204, 1210225, 1210407, 1210504, 1210548, 1210650, 1210926, 1211031, 1211080, 1211115, 1211183, 1211479, 1211545, 1211837, 1211871, 1212050, 1212107, 1212121, 1212142, 1212157, 1212266, 1212275, 1212338, 1212481, 1212568, 1212624, 1212666, 1212851, 1212905, 1213113, 1213118, 1213174, 1213424, 1213437, 1213438, 1213455, 1213588, 1213791, 1213886, 1213917, 1213982, 1214026, 1214159, 1214190, 1214269, 1214326, 1214334, 1214414, 1214445, 1214505, 1214593, 1215162, 1215285, 1215345, 1215368, 1215474, 1215522, 1215607, 1215775, 1215990, 1216021, 1216108, 1216322, 1216406, 1216453, 1216802, 1216803, 1216806, 1216878, 1216965, 1217144, 1217147, 1217188, 1217236, 1217527, 1217628, 1217666, 1217667, 1217790, 1217904, 1218044, 1218121, 1218182, 1218311, 1218316, 1218384, 1218755, 1218757, 1219068, 1219077, 1219094, 1219097, 1219241, 1219319, 1219558, 1219563, 1219591, 1219620, 1219995, 1220031, 1220153, 1220348, 1220828, 1220983, 1221113, 1221141, 1221274, 1221397, 1221400, 1221560, 1221653, 1221727, 1222419, 1222455, 1222800, 1222841, 1222919, 1223050, 1223061, 1223077, 1223179, 1223180, 1223265, 1223333, 1223408, 1223453, 1223490, 1223541, 1223577, 1223604, 1223763, 1223955, 1224051, 1224058, 1224217, 1224242, 1224427, 1224529, 1224553, 1224827, 1225079, 1225148, 1225148, 1225540, 1225554, 1225656, 1225724, 1225746, 1225829, 1225879, 1225916, 1226002, 1226092, 1226155, 1226207, 1226289, 1226354, 1226486, 1226496, 1226766, 1226834, 1227194, 1227244, 1227310, 1227486, 1227525, 1227659, 1227843, 1227850, 1227905, 1227920, 1227962, 1228310, 1228322, 1228376, 1228448, 1228737, 1228919, 1228923, 1229026, 1229197, 1229199, 1229230, 1229759, 1229779, 1229799, 1229917, 1230027, 1230039, 1230063, 1230261, 1230668, 1230774, 1231018, 1231033, 1231038, 1231104, 1231246, 1231339, 1231359, 1231362, 1231397, 1231421, 1231458, 1231482, 1231659, 1231674, 1231861, 1231921, 1232029, 1232073, 1232236, 1232238, 1232312, 1232518, 1232701, 1232748, 1232864, 1232870, 1232977, 1233005, 1233120, 1233134, 1233317, 1233361, 1233402, 1233707, 1233901, 1233982, 1234058, 1234106, 1234127, 1234213, 1234224, 1234286, 1234361, 1234383, 1234462, 1234542, 1234546, 1234598, 1234656, 1234748, 1234936, 1234939, 1235065, 1235121, 1235211, 1235232, 1235377, 1235428, 1235653, 1235943, 1235948, 1235977, 1236076, 1236167, 1236305, 1236560, 1236606, 1236625, 1236759, 1236958, 1236978, 1237166, 1237320, 1237328, 1237556, 1237643, 1237717, 1237721, 1237976, 1237982, 1238049, 1238073, 1238088, 1238117, 1238178, 1238615, 1238620, 1238883, 1238944, 1239058, 1239254, 1239411, 1239454, 1239597, 1239842, 1239886, 1240093, 1240115, 1240170, 1240198, 1240259, 1240262, 1240304, 1240314, 1240331, 1240390, 1240423, 1240457, 1240534, 1240640, 1240769, 1240898, 1240904, 1240914, 1240932, 1241084, 1241113, 1241151, 1241205, 1241281, 1241305, 1241450, 1241496, 1241694, 1242032, 1242048, 1242131, 1242251, 1242268, 1242293, 1242374, 1242416, 1242725, 1242922, 1243025, 1243038, 1243111, 1243357, 1243364, 1243390, 1243465, 1243684, 1243796, 1243802, 1244118, 1244369, 1244401, 1244426, 1244442, 1244515, 1244603, 1244699, 1244723, 1244801, 1245179, 1245192, 1245263, 1245299, 1245317, 1245725, 1245972, 1246155, 1246165, 1246220, 1246234, 1246382, 1246423, 1246602, 1246703, 1246947, 1247109, 1247302, 1247445, 1247512, 1247547, 1247558, 1247647, 1247650, 1247672, 1247737, 1247766, 1247921, 1248213, 1248232, 1248314, 1248684, 1248766, 1248777, 1248780, 1248799, 1248826, 1248874, 1248964, 1249086, 1249115, 1249136, 1249341, 1249353, 1249432, 1249453, 1249534, 1249550, 1249673, 1249866, 1249965, 1249976, 1250029, 1250061, 1250100, 1250114, 1250152, 1250359, 1250364, 1250391, 1250776, 1250819, 1250927, 1250930, 1250931, 1251012, 1251092, 1251183, 1251245, 1251531, 1251709, 1251770, 1251784, 1251893, 1252130, 1252224, 1252638, 1252697, 1252805, 1252864, 1252947, 1253059, 1253091, 1253296, 1253402, 1253462, 1253683, 1253704, 1253716, 1253723, 1253809, 1253836, 1253921, 1253928, 1253942, 1253983, 1254046, 1254277, 1254350, 1254462, 1254467, 1254613, 1254683, 1254823, 1255122, 1255167, 1255238, 1255318, 1255341, 1255462, 1255832, 1255994, 1256042, 1256145, 1256169, 1256430, 1256549, 1256570, 1256580, 1256642, 1256660, 1256668, 1256747, 1257159, 1257314, 1257365, 1257468, 1257549, 1257866, 1257927, 1257953, 1258086, 1258271, 1258333, 1258345, 1258419, 1258547, 1259140, 1259141, 1259141, 1259148, 1259190, 1259224, 1259494, 1259495, 1259834, 1260271, 1260329, 1260399, 1260518, 1260744, 1260771, 1260843, 1260995, 1261087, 1261239, 1261495, 1261652, 1261825, 1261839, 1261995, 1262013, 1262057, 1262297, 1262315, 1262324, 1262717, 1262719, 1262784, 1262876, 1262932, 1262981, 1263118, 1263171, 1263244, 1263295, 1263320, 1263342, 1263389, 1263456, 1263629, 1264089, 1264118, 1264585, 1264712, 1264784, 1264896, 1264900, 1264928, 1265152, 1265209, 1265263, 1265560, 1265775, 1266032, 1266074, 1266134, 1266394, 1266479, 1266485, 1266544, 1266554, 1266569, 1266597, 1266607, 1266690, 1266707, 1266765, 1266772, 1266829, 1266854, 1266870, 1266893, 1266933, 1267125, 1267250, 1267263, 1267277, 1267289, 1267543, 1267683, 1267844, 1267910, 1267932, 1268051, 1268059, 1268109, 1268397, 1268434, 1268572, 1268649, 1268662, 1268840, 1268849, 1268861, 1268898, 1268911, 1268980, 1269134, 1269191, 1269242, 1269276, 1269633, 1269638, 1269671, 1269743, 1269796, 1269871, 1270086, 1270096, 1270115, 1270215, 1270310, 1270314, 1270426, 1270596, 1270599, 1270876, 1271070, 1271215, 1271278, 1271316, 1271523, 1271648, 1271761, 1271814, 1271902, 1271923, 1272140, 1272397, 1272557, 1272609, 1272758, 1272888, 1272940, 1272960, 1272976, 1273143, 1273166, 1273173, 1273194, 1273285, 1273297, 1273329, 1273374, 1273405, 1273521, 1273727, 1273782, 1273878, 1274007, 1274146, 1274237, 1274275, 1274322, 1274385, 1274461, 1274506, 1274522, 1274748, 1274757, 1274781, 1274910, 1274926, 1274954, 1274972, 1275079, 1275094, 1275132, 1275366, 1275432, 1275449, 1275704, 1275725, 1275765, 1275825, 1275847, 1275974, 1276024, 1276044, 1276093, 1276123, 1276154, 1276163, 1276299, 1276339, 1276542, 1276640, 1276829, 1276933, 1276957, 1276986, 1277005, 1277172, 1277324, 1277481, 1277499, 1277672, 1277735, 1277830, 1277931, 1278047, 1278081, 1278236, 1278518, 1278545, 1278674, 1278940, 1278958, 1279015, 1279061, 1279282, 1279323, 1279417, 1279558, 1279568, 1279588, 1279671, 1279772, 1280035, 1280050, 1280091, 1280146, 1280243, 1280431, 1280573, 1280654, 1280679, 1280762, 1280788, 1280843, 1280935, 1280952, 1281098, 1281102, 1281258, 1281465, 1281572, 1281582, 1281866, 1281937, 1282078, 1282085, 1282272, 1282324, 1282324, 1282397, 1282475, 1282570, 1282581, 1282616, 1282707, 1282794, 1282888, 1283103, 1283203, 1283269, 1283306, 1283372, 1283399, 1283409, 1283418, 1283938, 1284180, 1284288, 1284288, 1284311, 1284501, 1284526, 1284905, 1284998, 1285053, 1285155, 1285166, 1285186, 1285236, 1285272, 1285349, 1285587, 1285795, 1285812, 1285818, 1285876, 1285965, 1286008, 1286035, 1286088, 1286141, 1286284, 1286291, 1286302, 1286406, 1286429, 1286458, 1286515, 1286564, 1286667, 1286749, 1286838, 1286896, 1287187, 1287226, 1287669, 1287735, 1287842, 1287895, 1288156, 1288307, 1288390, 1288495, 1288656, 1288805, 1288879, 1288895, 1288897, 1289009, 1289023, 1289082, 1289186, 1289255, 1289279, 1289362, 1289410, 1289503, 1289525, 1289606, 1289616, 1289697, 1289883, 1289934, 1290307, 1290465, 1290501, 1290601, 1290654, 1290702, 1290710, 1290738, 1290780, 1290842, 1290849, 1291142, 1291242, 1291345, 1291501, 1291517, 1291569, 1291753, 1291837, 1291885, 1291977, 1292028, 1292106, 1292359, 1292401, 1292526, 1292652, 1292698, 1293028, 1293263, 1293335, 1293404, 1293411, 1293484, 1293559, 1293568, 1293686, 1293704, 1293731, 1293831, 1294011, 1294384, 1294391, 1294406, 1294411, 1294720, 1294730, 1294776, 1295247, 1295531, 1295679, 1295686, 1295792, 1295822, 1296114, 1296432, 1296647, 1296662, 1296754, 1297024, 1297032, 1297151, 1297355, 1297624, 1297634, 1297711, 1297973, 1298018, 1298383, 1298708, 1298774, 1298838, 1299090, 1299138, 1299275, 1299332, 1299396, 1299419, 1299467, 1299486, 1299557, 1299587, 1299756, 1299894, 1300352, 1300492, 1300561, 1300569, 1300599, 1300635, 1300837, 1300841, 1301036, 1301234, 1301238, 1301265, 1301548, 1301564, 1301714, 1301784, 1301929, 1302027, 1302172, 1302347, 1302420, 1302428, 1302544, 1302573, 1302609, 1302689, 1302715, 1302759, 1302835, 1302875, 1303054, 1303102, 1303418, 1303555, 1303606, 1303722, 1303908, 1303927, 1304093, 1304253, 1304518, 1304585, 1304770, 1304774, 1304917, 1304947, 1304981, 1305131, 1305315, 1305429, 1305466, 1305473, 1305493, 1305565, 1305752, 1305979, 1306059, 1306064, 1306102, 1306244, 1306381, 1306481, 1306682, 1306699, 1306741, 1306773, 1306774, 1306801, 1306900, 1306958, 1307132, 1307327, 1307369, 1307406, 1307470, 1307484, 1307511, 1307604, 1307627, 1307633, 1307689, 1307729, 1307747, 1308015, 1308059, 1308082, 1308118, 1308141, 1308151, 1308265, 1308405, 1308415, 1308634, 1308855, 1308903, 1308907, 1308939, 1309142, 1309254, 1309281, 1309418, 1310090, 1310112, 1310366, 1310501, 1310572, 1310579, 1310851, 1310873, 1310994, 1311114, 1311194, 1311288, 1311410, 1311676, 1311726, 1311795, 1311837, 1311875, 1312071, 1312215, 1312219, 1312260, 1312338, 1312340, 1312379, 1312514, 1312942, 1313180, 1313183, 1313365, 1313416, 1313456, 1313475, 1313483, 1313640, 1313710, 1313785, 1313892, 1314005, 1314279, 1314349, 1314627, 1314779, 1314826, 1314917, 1314987, 1315148, 1315179, 1315215, 1315364, 1315462, 1315482, 1315674, 1315713, 1315844, 1315919, 1316009, 1316021, 1316282, 1316299, 1316455, 1316496, 1316650, 1316691, 1316697, 1316702, 1316858, 1316922, 1316961, 1317171, 1317218, 1317270, 1317273, 1317357, 1317445, 1317470, 1317568, 1317620, 1317647, 1317690, 1317828, 1317887, 1317899, 1318016, 1318046, 1318076, 1318933, 1319054, 1319208, 1319252, 1319607, 1319929, 1319963, 1320008, 1320025, 1320215, 1320352, 1320389, 1320688, 1320695, 1320825, 1320899, 1320925, 1321110, 1321128, 1321128, 1321238, 1321498, 1321541, 1321578, 1321583, 1321700, 1321795, 1322098, 1322360, 1322529, 1322614, 1323010, 1323109, 1323313, 1323455, 1323523, 1323710, 1323886, 1323895, 1323946, 1324000, 1324104, 1324169, 1324247, 1324365, 1324522, 1324526, 1324530, 1324721, 1324736, 1324855, 1324922, 1324973, 1325004, 1325021, 1325312, 1325328, 1325380, 1325570, 1325618, 1325740, 1325986, 1326009, 1326209, 1326223, 1326225, 1326279, 1326422, 1326483, 1326492, 1326649, 1326728, 1326955, 1326964, 1327171, 1327216, 1327219, 1327251, 1327257, 1327538, 1327555, 1327898, 1327941, 1328155, 1328300, 1328420, 1328421, 1328577, 1328604, 1328721, 1328730, 1328754, 1328843, 1328878, 1328953, 1329168, 1329241, 1329251, 1329272, 1329460, 1329533, 1329630, 1329772, 1329857, 1329978, 1330480, 1330600, 1330676, 1330703, 1330794, 1330844, 1330895, 1330985, 1331092, 1331354, 1331472, 1331548, 1331553, 1331638, 1331783, 1332002, 1332192, 1332216, 1332263, 1332378, 1332439, 1332698, 1332704, 1332707, 1332750, 1332778, 1332813, 1332927, 1332984, 1332995, 1333202, 1333288, 1333361, 1333716, 1333722, 1333913, 1333970, 1334055, 1334074, 1334307, 1334481, 1334497, 1334530, 1334752, 1334833, 1334943, 1335083, 1335112, 1335126, 1335300, 1335301, 1335313, 1335338, 1335359, 1335410, 1335445, 1335617, 1335637, 1335727, 1335727, 1335834, 1335857, 1335878, 1335961, 1336015, 1336043, 1336236, 1336337, 1336435, 1336527, 1336584, 1336654, 1336741, 1336770, 1336776, 1336778, 1336904, 1336958, 1336982, 1336997, 1337043, 1337049, 1337228, 1337410, 1337525, 1337683, 1337722, 1337783, 1337889, 1337939, 1337939, 1337998, 1338160, 1338226, 1338260, 1338285, 1338290, 1338331, 1338377, 1338385, 1338395, 1338412, 1338492, 1338587, 1338633, 1338676, 1338725, 1338806, 1338807, 1338808, 1338917, 1338964, 1339045, 1339055, 1339096, 1339354, 1339448, 1339514, 1339757, 1339919, 1339939, 1340160, 1340262, 1340652, 1340770, 1340986, 1340992, 1341065, 1341100, 1341187, 1341201, 1341233, 1341279, 1341394, 1341563, 1341566, 1341636, 1342138, 1342179, 1342284, 1342363, 1342529, 1342745, 1342835, 1343066, 1343127, 1343139, 1343222, 1343363, 1343370, 1343395, 1343443, 1343617, 1343822, 1343960, 1343975, 1344070, 1344135, 1344146, 1344314, 1344652, 1344665, 1344695, 1344701, 1344702, 1344745, 1344788, 1344879, 1344904, 1345150, 1345184, 1345290, 1345366, 1345402, 1345492, 1345522, 1345532, 1345624, 1345655, 1345881, 1345967, 1346179, 1346240, 1346256, 1346283, 1346322, 1346379, 1346383, 1346388, 1346409, 1346452, 1346509, 1346530, 1346593, 1346613, 1346645, 1346701, 1346769, 1346824, 1346858, 1346896, 1346993, 1347016, 1347049, 1347087, 1347248, 1347346, 1347364, 1347514, 1347885, 1347901, 1347986, 1348119, 1348181, 1348408, 1348433, 1348569, 1348588, 1348633, 1348637, 1348694, 1348745, 1348837, 1348956, 1349607, 1349752, 1349876, 1349928, 1350184, 1350214, 1350234, 1350529, 1350583, 1350599, 1351115, 1351141, 1351160, 1351164, 1351174, 1351198, 1351324, 1351368, 1351429, 1351632, 1351715, 1351756, 1352016, 1352107, 1352473, 1352552, 1352573, 1352673, 1352695, 1352746, 1352792, 1352861, 1352866, 1352940, 1352965, 1352979, 1353006, 1353028, 1353162, 1353320, 1353509, 1353567, 1353616, 1353637, 1353642, 1353667, 1354000, 1354046, 1354144, 1354213, 1354254, 1354612, 1354716, 1354872, 1354874, 1355153, 1355191, 1355218, 1355322, 1355444, 1355533, 1355541, 1355833, 1355928, 1355951, 1356039, 1356108, 1356142, 1356358, 1356435, 1356463, 1356655, 1356838, 1356929, 1356984, 1357033, 1357200, 1357273, 1357517, 1357725, 1357745, 1357899, 1358129, 1358136, 1358164, 1358272, 1358350, 1358431, 1358776, 1358968, 1359120, 1359159, 1359501, 1359504, 1359591, 1359616, 1359695, 1360079, 1360100, 1360320, 1360393, 1360558, 1360571, 1360773, 1360900, 1361148, 1361186, 1361384, 1361475, 1361641, 1361662, 1361670, 1361776, 1361988, 1362063, 1362139, 1362344, 1362369, 1362372, 1362396, 1362489, 1362619, 1362791, 1363075, 1363100, 1363197, 1363488, 1363510, 1363555, 1363588, 1363727, 1363879, 1363983, 1364063, 1364121, 1364251, 1364258, 1364444, 1364599, 1364700, 1364908, 1364938, 1365109, 1365112, 1365138, 1365261, 1365534, 1365544, 1365545, 1365588, 1365685, 1365780, 1365859, 1365922, 1366201, 1366316, 1366326, 1366331, 1366484, 1366668, 1366759, 1366759, 1366781, 1366861, 1367139, 1367142, 1367253, 1367265, 1367353, 1367409, 1367670, 1367885, 1367898, 1367950, 1368036, 1368119, 1368172, 1368192, 1368216, 1368298, 1368307, 1368326, 1368346, 1368393, 1368728, 1368835, 1368906, 1368953, 1368997, 1369024, 1369064, 1369086, 1369182, 1369268, 1369312, 1369403, 1369569, 1369575, 1369695, 1369794, 1369802, 1369935, 1370097, 1370107, 1370125, 1370183, 1370232, 1370397, 1370409, 1370439, 1370481, 1370806, 1370812, 1370835, 1370964, 1371185, 1371263, 1371296, 1371711, 1371813, 1371821, 1371830, 1371868, 1371921, 1372079, 1372164, 1372738, 1372914, 1373015, 1373090, 1373416, 1373775, 1373825, 1373880, 1373887, 1373906, 1373932, 1374139, 1374346, 1374440, 1374461, 1374510, 1374563, 1374595, 1374666, 1374739, 1374767, 1374887, 1374924, 1375032, 1375116, 1375159, 1375247, 1375362, 1375446, 1375508, 1375778, 1375790, 1375845, 1375991, 1376018, 1376022, 1376071, 1376074, 1376282, 1376318, 1376333, 1376406, 1376499, 1376551, 1376570, 1377106, 1377121, 1377163, 1377456, 1377507, 1377516, 1377602, 1377706, 1377825, 1377870, 1377951, 1377974, 1378021, 1378064, 1378071, 1378278, 1378526, 1378580, 1378636, 1378754, 1378848, 1378897, 1379083, 1379107, 1379114, 1379296, 1379306, 1379397, 1379403, 1379607, 1379808, 1380014, 1380051, 1380089, 1380243, 1380308, 1380356, 1380434, 1380990, 1380995, 1381071, 1381132, 1381178, 1381287, 1381331, 1381473, 1381496, 1381532, 1381704, 1381730, 1381743, 1381775, 1382028, 1382119, 1382207, 1382247, 1382446, 1382507, 1382513, 1382521, 1382596, 1382753, 1382836, 1382889, 1382942, 1383105, 1383142, 1383159, 1383224, 1383449, 1383453, 1383464, 1383625, 1383842, 1383860, 1383876, 1383903, 1384084, 1384126, 1384128, 1384252, 1384297, 1384602, 1384804, 1384993, 1385000, 1385017, 1385114, 1385146, 1385174, 1385186, 1385327, 1385383, 1385405, 1385496, 1385603, 1385622, 1385656, 1385703, 1385765, 1385788, 1385799, 1385824, 1385851, 1385915, 1386018, 1386022, 1386133, 1386238, 1386319, 1386784, 1386808, 1386870, 1386882, 1386888, 1386946, 1386995, 1387160, 1387162, 1387287, 1387349, 1387718, 1387933, 1388021, 1388042, 1388085, 1388087, 1388093, 1388254, 1388378, 1388476, 1388544, 1388723, 1388777, 1388884, 1388901, 1389136, 1389434, 1389468, 1389484, 1389729, 1389761, 1389839, 1389914, 1390033, 1390081, 1390138, 1390539, 1390676, 1390768, 1390965, 1391049, 1391057, 1391113, 1391191, 1391323, 1391453, 1391687, 1391786, 1391824, 1391905, 1391914, 1392027, 1392249, 1392298, 1392336, 1392370, 1392453, 1392485, 1392662, 1392760, 1392778, 1392850, 1392883, 1392926, 1392989, 1393224, 1393328, 1393446, 1393484, 1393567, 1393669, 1393893, 1394051, 1394215, 1394380, 1394390, 1394578, 1394678, 1394834, 1395130, 1395161, 1395261, 1395271, 1395375, 1395397, 1395560, 1395651, 1395732, 1395775, 1395814, 1395884, 1396021, 1396098, 1396099, 1396285, 1396379, 1396505, 1396552, 1396567, 1396602, 1396610, 1396911, 1397014, 1397015, 1397090, 1397197, 1397322, 1397395, 1397637, 1397640, 1397642, 1397677, 1397765, 1397785, 1397866, 1397937, 1398213, 1398214, 1398350, 1398487, 1398553, 1398608, 1398677, 1398734, 1398771, 1398801, 1398923, 1398930, 1399143, 1399176, 1399279, 1399334, 1399430, 1399541, 1399620, 1399681, 1399720, 1399866, 1399905, 1399916, 1399966, 1400040, 1400081, 1400208, 1400408, 1400452, 1400736, 1401162, 1401256, 1401265, 1401295, 1401347, 1401428, 1401518, 1401668, 1401711, 1401744, 1401819, 1402074, 1402183, 1402231, 1402375, 1402642, 1402785, 1402796, 1402812, 1402867, 1402998, 1403149, 1403165, 1403227, 1403243, 1403320, 1403459, 1403750, 1403865, 1403979, 1403982, 1404008, 1404023, 1404074, 1404316, 1404335, 1404471, 1404635, 1404766, 1404881, 1404951, 1405046, 1405093, 1405332, 1405454, 1405695, 1405969, 1406068, 1406184, 1406393, 1406453, 1406584, 1406623, 1406631, 1406704, 1406728, 1406757, 1406810, 1406968, 1407055, 1407161, 1407179, 1407254, 1407428, 1407438, 1407595, 1407638, 1407726, 1407731, 1407740, 1407770, 1407781, 1407996, 1408008, 1408051, 1408122, 1408180, 1408372, 1408386, 1408448, 1408453, 1408497, 1408574, 1408594, 1408685, 1408750, 1409145, 1409179, 1409198, 1409306, 1409531, 1409540, 1409669, 1409758, 1409765, 1409788, 1409890, 1409937, 1409992, 1410031, 1410043, 1410080, 1410121, 1410150, 1410360, 1410592, 1410726, 1410732, 1410742, 1411101, 1411107, 1411161, 1411206, 1411229, 1411394, 1411411, 1411429, 1411557, 1411607, 1411633, 1411674, 1411811, 1411847, 1411868, 1411983, 1412104, 1412163, 1412219, 1412416, 1412492, 1412567, 1412574, 1412610, 1412680, 1412709, 1412863, 1412931, 1412943, 1412953, 1413172, 1413182, 1413191, 1413419, 1413512, 1413563, 1413627, 1413745, 1413848, 1413850, 1413993, 1414017, 1414252, 1414498, 1414767, 1415081, 1415206, 1415220, 1415272, 1415406, 1415486, 1415617, 1415624, 1415715, 1415747, 1415866, 1416135, 1416319, 1416321, 1416360, 1416417, 1416792, 1416832, 1416856, 1417042, 1417098, 1417143, 1417224, 1417460, 1417502, 1417507, 1417558, 1417602, 1417888, 1418064, 1418150, 1418421, 1418460, 1418495, 1418581, 1418892, 1418954, 1419056, 1419239, 1419244, 1419344, 1419460, 1419536, 1419764, 1419803, 1419976, 1420159, 1420165, 1420209, 1420359, 1420379, 1420467, 1421101, 1421152, 1421236, 1421305, 1421379, 1421383, 1421486, 1421514, 1421540, 1421565, 1421706, 1421725, 1421762, 1421817, 1421948, 1421976, 1422064, 1422230, 1422475, 1422574, 1422885, 1423048, 1423101, 1423155, 1423165, 1423199, 1423203, 1423512, 1423544, 1423579, 1423625, 1423726, 1423738, 1423918, 1424009, 1424248, 1424431, 1424667, 1424758, 1424822, 1424866, 1425015, 1425380, 1425417, 1425534, 1425676, 1425835, 1425878, 1425883, 1425891, 1425928, 1426075, 1426175, 1426214, 1426223, 1426322, 1426362, 1426449, 1426463, 1426474, 1426475, 1426600, 1426655, 1426698, 1426823, 1426831, 1427066, 1427217, 1427238, 1427241, 1427310, 1427549, 1427579, 1427780, 1427942, 1427945, 1428071, 1428124, 1428173, 1428362, 1428507, 1428547, 1428886, 1428909, 1428929, 1428940, 1429100, 1429105, 1429318, 1429455, 1429548, 1429973, 1430013, 1430194, 1430290, 1430369, 1430502, 1430567, 1430587, 1430602, 1430802, 1430816, 1431007, 1431082, 1431176, 1431188, 1431293, 1431302, 1431360, 1431396, 1431435, 1431579, 1431584, 1431621, 1431917, 1432145, 1432338, 1432418, 1432503, 1432571, 1432606, 1432673, 1432729, 1432729, 1432729, 1432760, 1433021, 1433049, 1433091, 1433280, 1433289, 1433302, 1433498, 1434080, 1434118, 1434136, 1434282, 1434352, 1434385, 1434503, 1434514, 1434552, 1434582, 1434653, 1434838, 1434839, 1435075, 1435105, 1435158, 1435160, 1435225, 1435246, 1435314, 1435388, 1435426, 1435437, 1435438, 1435461, 1435722, 1435863, 1436395, 1436455, 1436505, 1436631, 1436672, 1436767, 1436933, 1436984, 1437008, 1437015, 1437205, 1437269, 1437357, 1437428, 1437752, 1437830, 1438136, 1438136, 1438385, 1438410, 1438585, 1438772, 1438848, 1438900, 1438923, 1438926, 1438985, 1439029, 1439200, 1439421, 1439423, 1439426, 1439437, 1439438, 1439463, 1439606, 1439742, 1439843, 1439907, 1440032, 1440202, 1440574, 1440621, 1440769, 1440933, 1440970, 1440983, 1441011, 1441034, 1441055, 1441066, 1441132, 1441146, 1441247, 1441319, 1441791, 1441840, 1442056, 1442077, 1442266, 1442307, 1442411, 1442508, 1442535, 1442637, 1442656, 1442687, 1442697, 1442874, 1442900, 1442928, 1443159, 1443162, 1443548, 1443799, 1443801, 1443853, 1443906, 1444029, 1444045, 1444088, 1444092, 1444148, 1444359, 1444390, 1444443, 1444520, 1444544, 1444640, 1444750, 1444889, 1444891, 1444956, 1445076, 1445460, 1445658, 1445861, 1445938, 1446120, 1446179, 1446225, 1446254, 1446266, 1446352, 1446376, 1446598, 1446688, 1446714, 1446766, 1446906, 1447415, 1447530, 1447541, 1447715, 1447719, 1447778, 1447798, 1447799, 1447824, 1447858, 1448410, 1448469, 1448643, 1448666, 1448680, 1449048, 1449104, 1449131, 1449343, 1449398, 1449469, 1449677, 1449852, 1449997, 1450214, 1450381, 1450552, 1450653, 1451005, 1451053, 1451062, 1451132, 1451180, 1451182, 1451223, 1451226, 1451629, 1451744, 1451818, 1451982, 1451991, 1452022, 1452025, 1452130, 1452259, 1452346, 1452381, 1452404, 1452562, 1452656, 1452691, 1452749, 1452824, 1453339, 1453358, 1453459, 1453474, 1453600, 1453774, 1454015, 1454175, 1454215, 1454279, 1454280, 1454284, 1454304, 1454348, 1454457, 1454461, 1454528, 1454590, 1454629, 1454759, 1454787, 1454798, 1454813, 1454995, 1455095, 1455225, 1455387, 1455490, 1455507, 1455516, 1455891, 1455915, 1456053, 1456340, 1456342, 1456414, 1456572, 1456668, 1456874, 1456894, 1456911, 1457030, 1457397, 1457402, 1457477, 1457578, 1457658, 1457728, 1457833, 1458146, 1458208, 1458315, 1458373, 1458424, 1458432, 1458669, 1458681, 1459089, 1459140, 1459177, 1459276, 1459379, 1459436, 1459517, 1459568, 1459668, 1459682, 1459699, 1459826, 1459911, 1460104, 1460222, 1460238, 1460454, 1460772, 1460811, 1461442, 1461512, 1461512, 1461538, 1461603, 1461618, 1461652, 1461772, 1461863, 1462183, 1462327, 1462413, 1462507, 1462582, 1462687, 1462701, 1462745, 1462749, 1462927, 1463071, 1463125, 1463381, 1463475, 1463560, 1463631, 1463885, 1463916, 1464092, 1464143, 1464265, 1464415, 1464419, 1464486, 1464693, 1464700, 1464706, 1464722, 1464817, 1464838, 1464885, 1465119, 1465188, 1465270, 1465384, 1465433, 1465682, 1465768, 1465801, 1465992, 1466039, 1466303, 1466416, 1466587, 1466707, 1466901, 1466908, 1466928, 1466962, 1466973, 1466976, 1466998, 1467239, 1467345, 1467771, 1467943, 1467967, 1468065, 1468067, 1468357, 1468358, 1468601, 1468613, 1468759, 1468839, 1468889, 1468920, 1469056, 1469076, 1469091, 1469117, 1469147, 1469298, 1469342, 1469485, 1469524, 1469543, 1469559, 1469571, 1469583, 1469655, 1469734, 1470010, 1470122, 1470154, 1470499, 1470536, 1470586, 1470600, 1470609, 1470661, 1470690, 1470726, 1471007, 1471016, 1471092, 1471150, 1471272, 1471454, 1471648, 1471730, 1471851, 1472026, 1472089, 1472242, 1472249, 1472652, 1472822, 1473013, 1473016, 1473071, 1473081, 1473099, 1473149, 1473484, 1473491, 1473493, 1473563, 1473794, 1474212, 1474323, 1474352, 1474364, 1474466, 1474505, 1474556, 1474707, 1474902, 1474982, 1475102, 1475115, 1475134, 1475146, 1475202, 1475349, 1475378, 1475582, 1475809, 1475824, 1475841, 1475898, 1475926, 1475950, 1476161, 1476162, 1476464, 1476535, 1476587, 1476600, 1476733, 1477027, 1477094, 1477112, 1477285, 1477520, 1477543, 1477559, 1477593, 1477659, 1477800, 1477864, 1477905, 1477959, 1477993, 1478192, 1478209, 1478423, 1478602, 1478668, 1478836, 1478943, 1479136, 1479236, 1479269, 1479280, 1479570, 1479624, 1479731, 1479777, 1479780, 1479885, 1479885, 1479971, 1480206, 1480301, 1480432, 1480678, 1480703, 1480728, 1480753, 1480803, 1480929, 1480939, 1481031, 1481079, 1481184, 1481205, 1481377, 1481497, 1481512, 1481755, 1481984, 1482141, 1482160, 1482287, 1482395, 1482518, 1482519, 1482638, 1482697, 1482777, 1482918, 1483242, 1483252, 1483315, 1483327, 1483426, 1483482, 1483484, 1483488, 1483608, 1483696, 1483768, 1483946, 1483969, 1484097, 1484212, 1484549, 1484581, 1484714, 1484760, 1484760, 1484848, 1484902, 1484979, 1485142, 1485168, 1485215, 1485306, 1485419, 1485453, 1485484, 1485575, 1485784, 1485818, 1485888, 1485926, 1486155, 1486249, 1486275, 1486320, 1486523, 1486684, 1486778, 1486880, 1486887, 1486965, 1487015, 1487088, 1487309, 1487499, 1487515, 1487634, 1487652, 1487662, 1487774, 1487808, 1487826, 1487925, 1487934, 1488030, 1488049, 1488089, 1488229, 1488252, 1488351, 1488368, 1488426, 1488438, 1488480, 1488510, 1488574, 1488630, 1488709, 1488925, 1489003, 1489139, 1489386, 1489665, 1489809, 1490273, 1490367, 1490426, 1490506, 1490600, 1490640, 1490744, 1490786, 1490816, 1490869, 1490986, 1491005, 1491124, 1491160, 1491168, 1491178, 1491245, 1491282, 1491401, 1491466, 1491471, 1491486, 1491538, 1491784, 1491834, 1491874, 1491943, 1492094, 1492224, 1492340, 1492399, 1492467, 1492576, 1492770, 1492887, 1492891, 1492911, 1493173, 1493268, 1493322, 1493404, 1493420, 1493479, 1493641, 1493651, 1493666, 1493676, 1493717, 1493781, 1493805, 1493840, 1493928, 1494131, 1494143, 1494235, 1494408, 1494502, 1494710, 1494750, 1494844, 1495110, 1495200, 1495222, 1495348, 1495447, 1495534, 1495627, 1495701, 1495780, 1496043, 1496137, 1496209, 1496328, 1497042, 1497066, 1497095, 1497107, 1497163, 1497244, 1497391, 1497788, 1497795, 1497854, 1497863, 1497926, 1497939, 1497995, 1498088, 1498348, 1498482, 1498572, 1498658, 1499024, 1499112, 1499208, 1499299, 1499383, 1499486, 1499590, 1499707, 1499872, 1499916, 1499974, 1500086, 1500103, 1500294, 1500509, 1500542, 1500550, 1500554, 1500716, 1500852, 1500979, 1501115, 1501116, 1501331, 1501352, 1501393, 1501551, 1501726, 1501798, 1502233, 1502306, 1502343, 1502358, 1502485, 1502486, 1502756, 1502760, 1503323, 1503344, 1503353, 1503459, 1503511, 1503563, 1503651, 1503788, 1503859, 1503890, 1503965, 1504101, 1504214, 1504227, 1504331, 1504369, 1504424, 1504466, 1504569, 1504789, 1504893, 1504959, 1505299, 1505382, 1505426, 1505495, 1505725, 1505843, 1506064, 1506070, 1506173, 1506225, 1506275, 1506314, 1506336, 1506387, 1506389, 1506521, 1506522, 1506528, 1506576, 1506769, 1506813, 1506821, 1506864, 1506866, 1506879, 1506932, 1507027, 1507037, 1507043, 1507194, 1507267, 1507267, 1507335, 1507383, 1507406, 1507589, 1507596, 1507626, 1507737, 1507867, 1507869, 1507899, 1507916, 1508001, 1508035, 1508054, 1508239, 1508340, 1508457, 1508662, 1508671, 1508930, 1508975, 1509049, 1509401, 1509482, 1509527, 1509597, 1509644, 1509777, 1509817, 1509856, 1509970, 1509995, 1510078, 1510132, 1510211, 1510218, 1510233, 1510324, 1510424, 1510450, 1510513, 1510599, 1510687, 1510699, 1510700, 1510825, 1510867, 1511058, 1511358, 1511450, 1511584, 1511597, 1511631, 1511978, 1512147, 1512154, 1512210, 1512363, 1512498, 1512858, 1512897, 1512898, 1513080, 1513422, 1513622, 1513682, 1513719, 1513743, 1513950, 1513983, 1514094, 1514211, 1514281, 1514717, 1514896, 1515005, 1515036, 1515095, 1515155, 1515197, 1515292, 1515299, 1515351, 1515431, 1515438, 1515551, 1515604, 1515706, 1515912, 1515929, 1516356, 1516478, 1516508, 1516856, 1516981, 1516983, 1517042, 1517075, 1517217, 1517221, 1517354, 1517408, 1517706, 1518237, 1518340, 1518458, 1518559, 1518724, 1518917, 1518923, 1518927, 1518937, 1519187, 1519190, 1519276, 1519282, 1519324, 1519369, 1519460, 1519489, 1519502, 1519571, 1519608, 1519648, 1519784, 1520446, 1520525, 1520574, 1520635, 1520681, 1520849, 1520919, 1521059, 1521160, 1521311, 1521453, 1521560, 1521837, 1522146, 1522323, 1522450, 1522462, 1522589, 1522876, 1522891, 1522917, 1522968, 1523059, 1523200, 1523446, 1523613, 1523736, 1523820, 1523871, 1523914, 1524017, 1524074, 1524345, 1524503, 1524622, 1524687, 1525110, 1525175, 1525180, 1525199, 1525390, 1525425, 1525505, 1525676, 1525758, 1525787, 1525822, 1525887, 1525995, 1526194, 1526240, 1526292, 1526299, 1526308, 1526584, 1526710, 1526734, 1526754, 1526774, 1526857, 1526872, 1526925, 1527290, 1527333, 1527349, 1527601, 1527664, 1527832, 1527863, 1527994, 1528151, 1528194, 1528213, 1528365, 1528687, 1528908, 1528993, 1529073, 1529163, 1529166, 1529484, 1529499, 1529567, 1529579, 1529886, 1529934, 1529994, 1530007, 1530119, 1530227, 1530237, 1530412, 1530532, 1530543, 1530742, 1530747, 1531042, 1531198, 1531362, 1531390, 1531426, 1531435, 1531438, 1531542, 1531614, 1531628, 1531708, 1531736, 1532256, 1532410, 1532435, 1532492, 1532516, 1532598, 1532655, 1532712, 1532795, 1532907, 1532932, 1533062, 1533287, 1533315, 1533537, 1533547, 1533600, 1533704, 1533838, 1533856, 1534201, 1534411, 1534504, 1534679, 1534685, 1534811, 1534943, 1535078, 1535219, 1535281, 1535406, 1535509, 1535754, 1535934, 1536142, 1536187, 1536419, 1536423, 1536640, 1536790, 1536819, 1536843, 1536898, 1536904, 1537134, 1537202, 1537278, 1537355, 1537374, 1537375, 1537459, 1537591, 1537617, 1537701, 1537926, 1537942, 1538005, 1538014, 1538014, 1538038, 1538071, 1538194, 1538234, 1538324, 1538527, 1538574, 1538662, 1538808, 1538832, 1538882, 1538936, 1538956, 1538967, 1539021, 1539186, 1539262, 1539334, 1539356, 1539392, 1539545, 1539808, 1539948, 1540170, 1540191, 1540472, 1540546, 1540634, 1540640, 1540656, 1540699, 1540708, 1540731, 1540756, 1540853, 1540877, 1540948, 1541130, 1541203, 1541219, 1541245, 1541416, 1541441, 1541543, 1541610, 1541624, 1541705, 1541756, 1541767, 1541776, 1541874, 1541888, 1542073, 1542106, 1542131, 1542136, 1542137, 1542328, 1542502, 1542670, 1542724, 1542815, 1542831, 1542953, 1542964, 1542974, 1543038, 1543094, 1543418, 1543535, 1543595, 1543801, 1543846, 1543999, 1544025, 1544090, 1544130, 1544132, 1544211, 1544575, 1544596, 1544645, 1544755, 1544788, 1544793, 1544819, 1544931, 1544945, 1544990, 1544999, 1545048, 1545055, 1545178, 1545210, 1545287, 1545311, 1545597, 1545820, 1545823, 1545842, 1545945, 1546153, 1546170, 1546234, 1546281, 1546305, 1546413, 1546580, 1546640, 1546728, 1546827, 1546838, 1546911, 1547077, 1547336, 1547527, 1547622, 1547871, 1548013, 1548110, 1548233, 1548262, 1548429, 1548515, 1548770, 1548774, 1549021, 1549122, 1549123, 1549255, 1549286, 1549304, 1549370, 1549380, 1549474, 1549525, 1549619, 1549762, 1549771, 1549782, 1549834, 1550098, 1550111, 1550613, 1550704, 1550998, 1551275, 1551292, 1551524, 1551556, 1551581, 1551791, 1551810, 1551853, 1551864, 1551932, 1552166, 1552318, 1552357, 1552566, 1552725, 1552747, 1552762, 1552904, 1553000, 1553123, 1553248, 1553317, 1553904, 1554302, 1554307, 1554415, 1554419, 1554453, 1554466, 1554526, 1554613, 1554676, 1554765, 1554910, 1554926, 1555008, 1555181, 1555301, 1555415, 1555527, 1555589, 1555594, 1555594, 1555736, 1555744, 1555752, 1555894, 1556022, 1556051, 1556200, 1556311, 1556597, 1556647, 1556826, 1557017, 1557394, 1557589, 1557719, 1558088, 1558172, 1558202, 1558203, 1558313, 1558324, 1558370, 1558391, 1558529, 1558542, 1558678, 1558708, 1558749, 1558964, 1559055, 1559083, 1559157, 1559164, 1559675, 1559677, 1559810, 1560005, 1560267, 1560509, 1560870, 1561018, 1561078, 1561096, 1561203, 1561283, 1561669, 1561863, 1561927, 1561930, 1562048, 1562103, 1562129, 1562238, 1562263, 1562281, 1562553, 1562682, 1562726, 1562734, 1563039, 1563085, 1563117, 1563194, 1563206, 1563410, 1563432, 1563475, 1563516, 1563551, 1563615, 1563681, 1563751, 1563878, 1563887, 1564144, 1564410, 1564573, 1564665, 1564729, 1564770, 1564915, 1564953, 1565084, 1565651, 1565866, 1566077, 1566087, 1566273, 1566301, 1566385, 1566573, 1566667, 1566699, 1566720, 1566741, 1567041, 1567451, 1567468, 1567484, 1567569, 1567756, 1567960, 1568194, 1568309, 1568812, 1568881, 1568931, 1568977, 1568993, 1569007, 1569035, 1569043, 1569062, 1569193, 1569331, 1569362, 1569403, 1569412, 1569432, 1569471, 1569607, 1569755, 1569769, 1569794, 1569817, 1569864, 1570048, 1570286, 1570363, 1570528, 1570537, 1570740, 1570976, 1571104, 1571262, 1571351, 1571452, 1571474, 1571975, 1572064, 1572230, 1572230, 1572442, 1572463, 1572495, 1572501, 1572511, 1572576, 1572589, 1572657, 1572784, 1572960, 1573037, 1573096, 1573451, 1573548, 1573603, 1574003, 1574078, 1574195, 1574277, 1574395, 1574763, 1574810, 1574993, 1575009, 1575382, 1575391, 1575396, 1575501, 1575503, 1575546, 1575668, 1575811, 1575955, 1576022, 1576025, 1576160, 1576231, 1576420, 1576426, 1576429, 1576460, 1576498, 1576498, 1576861, 1577029, 1577401, 1577521, 1577541, 1577552, 1577576, 1577579, 1577584, 1577611, 1577700, 1577764, 1577781, 1577978, 1578026, 1578030, 1578114, 1578133, 1578356, 1578442, 1578506, 1578523, 1578573, 1578597, 1578602, 1578616, 1578900, 1578903, 1578913, 1579157, 1579172, 1579380, 1579444, 1579525, 1579549, 1579660, 1580006, 1580052, 1580188, 1580240, 1580323, 1580471, 1580478, 1580497, 1580512, 1580872, 1581047, 1581132, 1581242, 1581350, 1581647, 1581648, 1581754, 1581789, 1581797, 1581797, 1581882, 1582089, 1582137, 1582216, 1582323, 1582352, 1582404, 1582422, 1582424, 1582520, 1582576, 1582599, 1582635, 1582642, 1582898, 1582901, 1582965, 1583049, 1583152, 1583231, 1583269, 1583319, 1583420, 1583459, 1583562, 1583567, 1583742, 1583775, 1583786, 1583870, 1583924, 1584021, 1584045, 1584135, 1584277, 1584459, 1584586, 1584711, 1584712, 1584780, 1584803, 1584916, 1585003, 1585011, 1585174, 1585364, 1585413, 1585426, 1585454, 1585586, 1585638, 1585693, 1585711, 1585712, 1585806, 1585839, 1585841, 1585955, 1586058, 1586209, 1586390, 1586632, 1586665, 1586777, 1586793, 1586817, 1586872, 1587030, 1587087, 1587155, 1587192, 1587219, 1587298, 1587322, 1587326, 1587416, 1587501, 1587635, 1587661, 1587842, 1587905, 1588144, 1588330, 1588437, 1588453, 1588461, 1588477, 1588628, 1588633, 1588835, 1589147, 1589207, 1589213, 1589216, 1589343, 1589564, 1589908, 1590022, 1590152, 1590179, 1590302, 1590312, 1590351, 1590428, 1590466, 1590487, 1590580, 1590602, 1590924, 1591363, 1591727, 1591761, 1591796, 1591806, 1591853, 1591920, 1592220, 1592292, 1592295, 1592308, 1592517, 1592527, 1592579, 1592658, 1592741, 1592787, 1593087, 1593135, 1593230, 1593339, 1593361, 1593630, 1593661, 1593782, 1593879, 1594134, 1594171, 1594232, 1594237, 1594307, 1594345, 1594346, 1594362, 1594366, 1594407, 1594439, 1594537, 1594611, 1594709, 1594762, 1594859, 1594993, 1595037, 1595234, 1595251, 1595438, 1595805, 1596024, 1596060, 1596062, 1596090, 1596113, 1596135, 1596156, 1596229, 1596316, 1596321, 1596391, 1596529, 1596543, 1596605, 1596609, 1597041, 1597252, 1597290, 1597311, 1597398, 1597436, 1597500, 1597517, 1597705, 1597766, 1597823, 1597843, 1597921, 1598003, 1598090, 1598134, 1598307, 1598340, 1598626, 1598641, 1598644, 1598873, 1598927, 1599321, 1599397, 1599563, 1599577, 1599593, 1599653, 1599656, 1599688, 1599695, 1599701, 1599721, 1599736, 1599766, 1599853, 1599855, 1600078, 1600273, 1600383, 1600421, 1600442, 1600881, 1601095, 1601129, 1601156, 1601354, 1601357, 1601502, 1601562, 1601700, 1601817, 1602015, 1602051, 1602106, 1602172, 1602177, 1602230, 1602263, 1602491, 1602687, 1602767, 1602781, 1603013, 1603059, 1603159, 1603284, 1603318, 1603475, 1603529, 1603534, 1603623, 1603634, 1603734, 1603846, 1603995, 1604091, 1604158, 1604214, 1604231, 1604281, 1604302, 1604306, 1604351, 1604399, 1604775, 1604787, 1604842, 1604982, 1605046, 1605057, 1605086, 1605189, 1605245, 1605304, 1605344, 1605431, 1605680, 1605888, 1605912, 1605938, 1606208, 1606230, 1606252, 1606323, 1606475, 1606498, 1606709, 1606747, 1606750, 1606791, 1606806, 1606947, 1607029, 1607030, 1607042, 1607104, 1607141, 1607363, 1607601, 1607635, 1607637, 1607671, 1607746, 1607897, 1608017, 1608089, 1608182, 1608215, 1608229, 1608239, 1608369, 1608635, 1608702, 1608726, 1608764, 1609091, 1609209, 1609581, 1609596, 1609655, 1609820, 1610049, 1610122, 1610164, 1610167, 1610217, 1610394, 1610491, 1610594, 1610677, 1610697, 1610710, 1610736, 1610970, 1610990, 1611012, 1611103, 1611172, 1611240, 1611253, 1611437, 1611533, 1611678, 1611909, 1611916, 1612235, 1612261, 1612326, 1612375, 1612441, 1612526, 1612778, 1613040, 1613265, 1613481, 1613569, 1613638, 1613760, 1613864, 1614037, 1614047, 1614062, 1614118, 1614144, 1614369, 1614437, 1614517, 1614594, 1614615, 1614737, 1614854, 1614925, 1615019, 1615127, 1615338, 1615488, 1615592, 1615702, 1615853, 1615998, 1616161, 1616206, 1616350, 1616547, 1616560, 1616947, 1616972, 1616976, 1617054, 1617137, 1617206, 1617234, 1617249, 1617399, 1617440, 1617536, 1617614, 1617687, 1617712, 1617810, 1617880, 1618064, 1618082, 1618136, 1618378, 1618398, 1618485, 1618561, 1618793, 1618824, 1618854, 1619016, 1619084, 1619111, 1619128, 1619149, 1619683, 1619690, 1619817, 1620310, 1620442, 1620605, 1620639, 1620770, 1620814, 1620865, 1620988, 1620995, 1621039, 1621112, 1621152, 1621420, 1621527, 1621614, 1621619, 1621638, 1621768, 1622002, 1622086, 1622251, 1622280, 1622483, 1622579, 1622658, 1622810, 1622927, 1622929, 1622983, 1623063, 1623160, 1623353, 1623428, 1623464, 1623591, 1623620, 1623692, 1623770, 1623783, 1623953, 1624030, 1624052, 1624054, 1624066, 1624228, 1624322, 1624376, 1624464, 1624573, 1624680, 1624684, 1624688, 1624691, 1624743, 1625002, 1625038, 1625099, 1625204, 1625253, 1625299, 1625509, 1625563, 1625798, 1625810, 1625880, 1625946, 1625962, 1625993, 1626034, 1626112, 1626160, 1626190, 1626225, 1626367, 1626490, 1626515, 1626672, 1626829, 1627076, 1627850, 1628080, 1628134, 1628201, 1628425, 1628539, 1628576, 1628623, 1628675, 1629024, 1629077, 1629090, 1629104, 1629343, 1629395, 1629452, 1629544, 1629626, 1629758, 1629886, 1629891, 1629987, 1630152, 1630221, 1630266, 1630304, 1630325, 1630644, 1630769, 1630891, 1631113, 1631213, 1631259, 1631265, 1631265, 1631282, 1631408, 1631569, 1631569, 1631604, 1631621, 1631645, 1631712, 1631805, 1631886, 1632024, 1632063, 1632071, 1632112, 1632161, 1632192, 1632197, 1632226, 1632242, 1632270, 1632372, 1632406, 1632448, 1632462, 1632590, 1632606, 1632919, 1632995, 1633002, 1633014, 1633026, 1633242, 1633377, 1633407, 1633474, 1633474, 1633507, 1633521, 1633557, 1633582, 1633659, 1633706, 1633807, 1633925, 1634060, 1634090, 1634211, 1634230, 1634315, 1634544, 1634719, 1634753, 1634919, 1634929, 1635035, 1635169, 1635283, 1635483, 1635608, 1635609, 1635614, 1635700, 1635750, 1636000, 1636073, 1636093, 1636204, 1636776, 1636919, 1636931, 1637025, 1637097, 1637259, 1637263, 1637610, 1637734, 1637837, 1637840, 1638751, 1638809, 1638853, 1638901, 1638938, 1639045, 1639072, 1639084, 1639131, 1639255, 1639347, 1639512, 1639569, 1639586, 1639659, 1639848, 1640025, 1640087, 1640349, 1640384, 1640539, 1640588, 1640921, 1640966, 1641219, 1641450, 1641568, 1641619, 1641698, 1641705, 1641753, 1641779, 1641832, 1641926, 1642131, 1642207, 1642266, 1642468, 1642493, 1642522, 1642527, 1642641, 1642665, 1642680, 1642794, 1642853, 1642952, 1643021, 1643422, 1643642, 1643687, 1643732, 1643734, 1643806, 1643814, 1644303, 1644320, 1644473, 1644754, 1644798, 1645247, 1645255, 1645337, 1645343, 1645411, 1645421, 1645723, 1645852, 1645856, 1645996, 1646277, 1646681, 1646761, 1646943, 1647073, 1647192, 1647256, 1647343, 1647423, 1647474, 1647540, 1647546, 1647574, 1647589, 1647614, 1647657, 1647780, 1647884, 1647899, 1648286, 1648335, 1648392, 1648537, 1648698, 1648701, 1648759, 1648888, 1649010, 1649038, 1649051, 1649110, 1649264, 1649272, 1649308, 1649587, 1649603, 1649736, 1650185, 1650452, 1650482, 1650773, 1650961, 1651019, 1651080, 1651082, 1651333, 1651446, 1651508, 1651511, 1651743, 1651982, 1652023, 1652028, 1652068, 1652097, 1652209, 1652351, 1652509, 1652674, 1652837, 1652877, 1652982, 1653051, 1653080, 1653113, 1653208, 1653316, 1653336, 1653450, 1653545, 1653625, 1653768, 1653778, 1653855, 1654071, 1654141, 1654225, 1654235, 1654242, 1654276, 1654297, 1654374, 1654421, 1654435, 1654440, 1654547, 1654767, 1654913, 1654931, 1655000, 1655144, 1655224, 1655230, 1655407, 1655727, 1655858, 1655902, 1656164, 1656267, 1656389, 1656560, 1656626, 1656804, 1656807, 1656961, 1656975, 1657420, 1657453, 1657478, 1657504, 1657541, 1657993, 1658053, 1658091, 1658113, 1658288, 1658504, 1658623, 1658799, 1658808, 1658831, 1658992, 1659200, 1659204, 1659406, 1659549, 1659566, 1659603, 1659672, 1659772, 1659812, 1659999, 1660258, 1660399, 1660562, 1660682, 1660801, 1660813, 1660861, 1660955, 1661034, 1661584, 1661619, 1661661, 1661935, 1661961, 1662026, 1662101, 1662221, 1662580, 1662634, 1662686, 1662818, 1662887, 1662915, 1663098, 1663106, 1663234, 1663244, 1663284, 1663427, 1663435, 1663547, 1663580, 1663606, 1664007, 1664025, 1664436, 1664591, 1664600, 1664752, 1664892, 1664922, 1665028, 1665195, 1665220, 1665231, 1665511, 1665592, 1665708, 1665783, 1666067, 1666100, 1666183, 1666303, 1666569, 1666664, 1666672, 1666805, 1667078, 1667080, 1667135, 1667327, 1667369, 1667418, 1667450, 1667612, 1667689, 1667694, 1667703, 1667711, 1667776, 1667792, 1667812, 1667835, 1668103, 1668204, 1668213, 1668219, 1668617, 1668620, 1668722, 1668740, 1668861, 1668929, 1669135, 1669176, 1669380, 1669399, 1669527, 1669740, 1670040, 1670110, 1670288, 1670372, 1670375, 1670415, 1670777, 1671066, 1671119, 1671227, 1671597, 1671912, 1671998, 1672064, 1672227, 1672466, 1672509, 1672529, 1672648, 1672726, 1672749, 1672783, 1672821, 1672833, 1672976, 1672998, 1673058, 1673060, 1673180, 1673379, 1673481, 1673674, 1673961, 1674223, 1674307, 1674315, 1674341, 1674365, 1674396, 1674433, 1674720, 1674824, 1674878, 1674894, 1674905, 1674924, 1674983, 1674991, 1675248, 1675346, 1675581, 1675704, 1675969, 1675992, 1676308, 1676479, 1676518, 1676786, 1676881, 1676950, 1677030, 1677096, 1677097, 1677183, 1677200, 1677338, 1677416, 1677494, 1677653, 1677721, 1677879, 1678317, 1678326, 1678388, 1678437, 1678501, 1678563, 1678565, 1678615, 1678756, 1678812, 1678851, 1678980, 1679069, 1679097, 1679136, 1679212, 1679230, 1679330, 1679344, 1679357, 1679375, 1679629, 1679729, 1679776, 1679795, 1679997, 1680121, 1680173, 1680273, 1680369, 1680598, 1680710, 1680748, 1680934, 1681153, 1681315, 1681321, 1681370, 1681619, 1681886, 1681996, 1682041, 1682048, 1682115, 1682179, 1682240, 1682329, 1682391, 1682554, 1682573, 1682588, 1682702, 1682738, 1682768, 1682820, 1682854, 1682870, 1683453, 1683515, 1683528, 1683579, 1683735, 1683736, 1683830, 1683881, 1684024, 1684074, 1684098, 1684179, 1684196, 1684210, 1684653, 1684797, 1684895, 1684898, 1684930, 1684953, 1685039, 1685130, 1685136, 1685303, 1685339, 1685482, 1685487, 1685900, 1686093, 1686102, 1686108, 1686164, 1686282, 1686357, 1686432, 1686441, 1686447, 1686476, 1686506, 1686637, 1686731, 1686734, 1686794, 1686803, 1686960, 1686970, 1687114, 1687176, 1687205, 1687207, 1687226, 1687259, 1687326, 1687417, 1687452, 1687485, 1687694, 1687699, 1687703, 1687781, 1687972, 1688476, 1688515, 1688603, 1688609, 1688841, 1688921, 1688926, 1688998, 1689019, 1689094, 1689109, 1689114, 1689153, 1689209, 1689313, 1689525, 1689784, 1689883, 1690036, 1690284, 1690293, 1690324, 1690343, 1690366, 1690448, 1690520, 1690577, 1690652, 1690697, 1690699, 1690749, 1690954, 1690993, 1691090, 1691174, 1691240, 1691383, 1691396, 1691437, 1691481, 1691492, 1691519, 1691596, 1691620, 1691709, 1691784, 1692111, 1692215, 1692501, 1692512, 1692519, 1692568, 1693066, 1693115, 1693235, 1693331, 1693379, 1693645, 1693741, 1693813, 1693911, 1693995, 1694343, 1694351, 1694527, 1694680, 1694729, 1695062, 1695137, 1695201, 1695347, 1695358, 1695433, 1695505, 1695732, 1696093, 1696126, 1696128, 1696138, 1696237, 1696258, 1696555, 1696718, 1696726, 1696782, 1696793, 1696864, 1696942, 1697047, 1697061, 1697068, 1697127, 1697194, 1697289, 1697324, 1697350, 1697447, 1697517, 1697627, 1697902, 1698035, 1698175, 1698200, 1698243, 1698592, 1698600, 1698766, 1698797, 1698827, 1699167, 1699172, 1699228, 1699354, 1699386, 1699584, 1699649, 1699792, 1699963, 1699976, 1700068, 1700205, 1700251, 1700276, 1700417, 1700484, 1700526, 1700626, 1700785, 1700795, 1700901, 1701188, 1701402, 1701440, 1701494, 1701537, 1701589, 1701771, 1702097, 1702110, 1702503, 1702551, 1702595, 1702598, 1702949, 1702956, 1702990, 1703028, 1703066, 1703070, 1703349, 1703508, 1703512, 1703631, 1703907, 1703952, 1704061, 1704110, 1704116, 1704680, 1705066, 1705139, 1705161, 1705406, 1705410, 1705517, 1705691, 1705737, 1705869, 1705870, 1705899, 1705958, 1705965, 1706054, 1706124, 1706249, 1706342, 1706638, 1706781, 1706881, 1707055, 1707089, 1707170, 1707286, 1707426, 1707497, 1707719, 1707932, 1707952, 1708125, 1708169, 1708292, 1708323, 1708478, 1708484, 1708820, 1708956, 1709035, 1709152, 1709184, 1709600, 1709709, 1709825, 1710142, 1710421, 1710434, 1710499, 1710830, 1710851, 1711069, 1711122, 1711578, 1711974, 1712046, 1712281, 1712309, 1712441, 1712539, 1712549, 1712563, 1712568, 1712774, 1712876, 1712936, 1712944, 1713017, 1713075, 1713317, 1713413, 1713576, 1713802, 1713827, 1713844, 1714006, 1714066, 1714123, 1714159, 1714167, 1714337, 1714348, 1714351, 1714362, 1714803, 1714903, 1714983, 1714991, 1715020, 1715070, 1715085, 1715143, 1715238, 1715287, 1715316, 1715524, 1715746, 1715777, 1715898, 1715922, 1716058, 1716206, 1716256, 1716268, 1716433, 1716440, 1716445, 1716450, 1716474, 1716506, 1716564, 1716711, 1716742, 1716921, 1717069, 1717265, 1717301, 1717302, 1717330, 1717343, 1717407, 1717436, 1717518, 1717694, 1717751, 1717863, 1717889, 1717952, 1718088, 1718133, 1718349, 1718395, 1718419, 1718446, 1718568, 1718628, 1718787, 1718824, 1718837, 1718931, 1719066, 1719104, 1719239, 1719250, 1719411, 1719425, 1719447, 1719641, 1719697, 1719812, 1719838, 1719907, 1719989, 1720029, 1720159, 1720241, 1720502, 1720627, 1720633, 1720686, 1720965, 1721067, 1721103, 1721304, 1721613, 1721786, 1721819, 1721841, 1721885, 1721909, 1722023, 1722083, 1722162, 1722383, 1722468, 1722483, 1722590, 1722616, 1722902, 1722903, 1722992, 1723016, 1723098, 1723129, 1723198, 1723291, 1723421, 1723481, 1723560, 1723578, 1723743, 1723783, 1724003, 1724023, 1724200, 1724792, 1724896, 1724989, 1725020, 1725098, 1725294, 1725400, 1725451, 1725456, 1725462, 1725533, 1725753, 1725786, 1726064, 1726119, 1726205, 1726276, 1726495, 1726586, 1726636, 1726869, 1726955, 1726957, 1726999, 1727098, 1727149, 1727280, 1727860, 1727907, 1727917, 1728025, 1728090, 1728107, 1728223, 1728243, 1728355, 1728373, 1728853, 1729233, 1729294, 1729463, 1729584, 1729601, 1729691, 1729787, 1729789, 1729869, 1729881, 1729901, 1729955, 1729985, 1730049, 1730528, 1730544, 1730624, 1730768, 1730812, 1730994, 1730997, 1731187, 1731194, 1731563, 1731697, 1732145, 1732192, 1732374, 1732397, 1732437, 1732514, 1732666, 1732728, 1732777, 1732802, 1732830, 1732850, 1733181, 1733202, 1733332, 1733513, 1733581, 1733584, 1733629, 1733764, 1733935, 1734320, 1734360, 1734627, 1734886, 1734999, 1735007, 1735203, 1735252, 1735265, 1735327, 1735378, 1735589, 1735596, 1735603, 1735604, 1735640, 1735832, 1736129, 1736215, 1736394, 1736406, 1736444, 1736472, 1736569, 1737040, 1737154, 1737173, 1737499, 1737522, 1737579, 1737590, 1737591, 1737718, 1737857, 1737861, 1738015, 1738086, 1738229, 1738400, 1738437, 1738697, 1738697, 1738723, 1739131, 1739325, 1739372, 1739665, 1739674, 1739934, 1739992, 1740147, 1740165, 1740208, 1740350, 1740412, 1740708, 1740788, 1740791, 1740799, 1741386, 1741755, 1741974, 1742040, 1742070, 1742152, 1742159, 1742200, 1742224, 1742389, 1742465, 1742524, 1742628, 1742702, 1743011, 1743333, 1743392, 1743455, 1743552, 1743674, 1743879, 1743904, 1743939, 1744118, 1744281, 1744547, 1744611, 1744827, 1744937, 1745020, 1745043, 1745051, 1745067, 1745283, 1745375, 1745501, 1745779, 1745938, 1746018, 1746296, 1746410, 1746488, 1746904, 1746927, 1747057, 1747136, 1747172, 1747246, 1747269, 1747470, 1747646, 1747649, 1748009, 1748546, 1748716, 1748863, 1748969, 1749017, 1749517, 1749596, 1749638, 1749754, 1749856, 1749861, 1749874, 1749914, 1750262, 1750372, 1750372, 1750387, 1750684, 1750698, 1750701, 1750723, 1750861, 1750924, 1750968, 1751028, 1751107, 1751142, 1751144, 1751295, 1751428, 1751566, 1751936, 1751968, 1751973, 1752166, 1752231, 1752315, 1752364, 1752439, 1752547, 1752549, 1752657, 1752700, 1752774, 1752874, 1752889, 1752932, 1753240, 1753320, 1753508, 1753562, 1753590, 1753710, 1753804, 1753807, 1753869, 1753959, 1754287, 1754356, 1754384, 1754400, 1754446, 1754534, 1754722, 1754941, 1755155, 1755184, 1755237, 1755339, 1755560, 1755623, 1755791, 1755797, 1756062, 1756096, 1756209, 1756230, 1756277, 1756365, 1756485, 1756510, 1756601, 1757248, 1757314, 1757371, 1757378, 1757491, 1757559, 1757624, 1757773, 1757776, 1757959, 1758280, 1758311, 1758374, 1758380, 1758526, 1758555, 1758651, 1758655, 1758710, 1758736, 1758761, 1758884, 1758905, 1759180, 1759257, 1759411, 1759454, 1759525, 1759542, 1759575, 1759623, 1759725, 1759733, 1759779, 1759789, 1760020, 1760049, 1760084, 1760298, 1760341, 1760349, 1760447, 1760461, 1760621, 1760650, 1760838, 1761567, 1761649, 1761695, 1761711, 1761763, 1761767, 1761903, 1761951, 1762099, 1762136, 1762329, 1762407, 1762412, 1762650, 1762716, 1762877, 1763021, 1763063, 1763123, 1763177, 1763217, 1763323, 1763347, 1763425, 1763427, 1763602, 1763972, 1764147, 1764199, 1764300, 1764339, 1764354, 1764581, 1764665, 1764977, 1765138, 1765163, 1765184, 1765220, 1765512, 1765527, 1765580, 1765977, 1766029, 1766056, 1766074, 1766260, 1766270, 1766396, 1766517, 1766669, 1766683, 1766693, 1766736, 1767089, 1767127, 1767317, 1767852, 1767950, 1767967, 1768291, 1768395, 1768415, 1768632, 1768643, 1768652, 1768662, 1768735, 1768764, 1768948, 1768953, 1768985, 1769047, 1769375, 1769459, 1769502, 1769741, 1769976, 1769978, 1770129, 1770207, 1770253, 1770281, 1770470, 1770491, 1770778, 1770793, 1770796, 1770818, 1770974, 1770998, 1771014, 1771104, 1771212, 1771403, 1771486, 1771552, 1771714, 1771728, 1771950, 1772064, 1772085, 1772116, 1772126, 1772135, 1772152, 1772158, 1772188, 1772190, 1772250, 1772316, 1772363, 1772402, 1772521, 1772833, 1772835, 1772847, 1772849, 1773200, 1773239, 1773528, 1773576, 1773580, 1773770, 1773818, 1773916, 1773923, 1774054, 1774505, 1774601, 1774648, 1774768, 1774787, 1774854, 1774860, 1774974, 1775025, 1775122, 1775161, 1775190, 1775202, 1775219, 1775337, 1775381, 1775508, 1775591, 1775800, 1775848, 1776109, 1776143, 1776149, 1776191, 1776291, 1776363, 1776558, 1776692, 1776780, 1776804, 1776867, 1776902, 1777403, 1777405, 1777484, 1777557, 1777731, 1777860, 1777879, 1777901, 1777907, 1778048, 1778183, 1778382, 1778473, 1778486, 1778707, 1778759, 1778818, 1778887, 1778985, 1779068, 1779272, 1779349, 1779353, 1779503, 1779606, 1779677, 1779711, 1779985, 1780027, 1780034, 1780044, 1780445, 1780570, 1780573, 1780795, 1780915, 1780959, 1781017, 1781245, 1781291, 1781415, 1781433, 1781465, 1781555, 1781677, 1781893, 1781917, 1782021, 1782031, 1782155, 1782340, 1782396, 1782431, 1782621, 1782677, 1782734, 1782910, 1782929, 1782933, 1782947, 1783040, 1783054, 1783389, 1783539, 1783546, 1783682, 1783685, 1783794, 1783817, 1783821, 1783931, 1784342, 1784666, 1784753, 1784778, 1784805, 1784895, 1784929, 1785022, 1785201, 1785209, 1785385, 1785442, 1785513, 1785591, 1785660, 1785691, 1785705, 1785971, 1786047, 1786157, 1786184, 1786213, 1786270, 1786274, 1786378, 1786545, 1786610, 1786627, 1786788, 1787163, 1787239, 1787312, 1787520, 1787571, 1787646, 1787692, 1787694, 1787867, 1787887, 1787929, 1787998, 1788010, 1788043, 1788072, 1788174, 1788466, 1788486, 1788579, 1788615, 1788682, 1788862, 1788896, 1788973, 1789044, 1789048, 1789049, 1789295, 1789386, 1789577, 1789696, 1789727, 1789866, 1789872, 1789975, 1790283, 1790373, 1790381, 1790458, 1790482, 1790578, 1790732, 1790829, 1790869, 1790902, 1790957, 1791022, 1791025, 1791105, 1791126, 1791152, 1791336, 1791378, 1791445, 1791541, 1791574, 1791576, 1791779, 1791926, 1791932, 1792358, 1792652, 1792662, 1792691, 1792786, 1792945, 1792951, 1792981, 1792990, 1792998, 1793344, 1793400, 1793524, 1793656, 1793762, 1793787, 1793840, 1793955, 1794100, 1794140, 1794172, 1794354, 1794397, 1794440, 1794594, 1794679, 1794689, 1794742, 1794779, 1794801, 1794840, 1794986, 1795135, 1795145, 1795148, 1795188, 1795401, 1795539, 1795610, 1795709, 1795732, 1795739, 1795919, 1796104, 1796119, 1796182, 1796279, 1796284, 1796342, 1796361, 1796428, 1796886, 1796966, 1797022, 1797070, 1797078, 1797131, 1797168, 1797237, 1797259, 1797409, 1797602, 1797656, 1797737, 1797846, 1797974, 1797976, 1798085, 1798105, 1798149, 1798187, 1798243, 1798457, 1798579, 1798617, 1798770, 1798941, 1798997, 1799169, 1799277, 1799344, 1799430, 1799469, 1799605, 1799703, 1799967, 1800039, 1800060, 1800287, 1800360, 1800377, 1800400, 1800411, 1800517, 1800545, 1800694, 1800736, 1800769, 1800773, 1800802, 1800835, 1800850, 1800887, 1800901, 1801138, 1801446, 1801620, 1801645, 1801811, 1801812, 1801849, 1801891, 1802250, 1802288, 1802332, 1802345, 1802359, 1802442, 1802510, 1802537, 1802804, 1802843, 1803012, 1803017, 1803120, 1803177, 1803416, 1803498, 1803518, 1803721, 1803737, 1803765, 1803783, 1803872, 1803921, 1803994, 1804330, 1804353, 1804361, 1804472, 1804485, 1804528, 1804710, 1804734, 1804953, 1805139, 1805152, 1805267, 1805324, 1805337, 1805341, 1805397, 1805863, 1805863, 1805864, 1805894, 1805941, 1806017, 1806022, 1806061, 1806063, 1806072, 1806216, 1806217, 1806554, 1806831, 1807150, 1807386, 1807516, 1807577, 1807600, 1807623, 1807692, 1807735, 1807829, 1807952, 1807966, 1808138, 1808468, 1808662, 1808686, 1808742, 1809086, 1809119, 1809177, 1809449, 1809450, 1809620, 1809702, 1809904, 1809990, 1810036, 1810420, 1810436, 1810487, 1810602, 1810762, 1810848, 1810898, 1810944, 1810948, 1811060, 1811200, 1811271, 1811351, 1811431, 1811764, 1811824, 1811872, 1812239, 1812239, 1812479, 1812523, 1812682, 1812754, 1812782, 1812950, 1813138, 1813291, 1813409, 1813453, 1813531, 1813724, 1813728, 1813832, 1813875, 1813946, 1814010, 1814237, 1814237, 1814363, 1814509, 1814549, 1814963, 1815057, 1815117, 1815235, 1815372, 1815423, 1815434, 1815833, 1816009, 1816193, 1816305, 1816420, 1816470, 1816569, 1816570, 1816650, 1816807, 1816851, 1816983, 1816997, 1817092, 1817122, 1817164, 1817252, 1817363, 1817393, 1817495, 1817513, 1817609, 1817639, 1818154, 1818200, 1818277, 1818373, 1818526, 1818775, 1818815, 1818902, 1819023, 1819031, 1819081, 1819146, 1819187, 1819225, 1819354, 1819393, 1819785, 1819811, 1819833, 1819973, 1820299, 1820364, 1820372, 1820450, 1820467, 1820552, 1820581, 1820652, 1820776, 1820800, 1820802, 1821024, 1821095, 1821256, 1821282, 1821283, 1821387, 1821625, 1821648, 1821660, 1821801, 1821825, 1822055, 1822323, 1822373, 1822540, 1822594, 1822654, 1822889, 1823276, 1823327, 1823345, 1823423, 1823514, 1823516, 1823597, 1823605, 1823658, 1823690, 1823714, 1823933, 1824004, 1824368, 1824377, 1824383, 1824597, 1824634, 1824693, 1824827, 1825013, 1825068, 1825208, 1825215, 1825654, 1825704, 1825944, 1826007, 1826154, 1826308, 1826320, 1826561, 1826713, 1826874, 1827072, 1827103, 1827158, 1827168, 1827199, 1827392, 1827415, 1827437, 1827473, 1827589, 1827711, 1827795, 1827896, 1828244, 1828365, 1828462, 1828577, 1828600, 1828701, 1828715, 1828726, 1828798, 1828800, 1828895, 1828931, 1828962, 1829387, 1829449, 1829466, 1829527, 1829633, 1829956, 1829961, 1829965, 1830040, 1830113, 1830254, 1830281, 1830314, 1830410, 1830441, 1830442, 1830499, 1830548, 1830715, 1830788, 1830867, 1830906, 1830969, 1831224, 1831420, 1831704, 1831754, 1831845, 1832140, 1832194, 1832209, 1832314, 1832365, 1832414, 1832542, 1832628, 1832702, 1832873, 1832951, 1832995, 1833154, 1833179, 1833336, 1833419, 1833463, 1833559, 1833628, 1833648, 1833689, 1833787, 1833790, 1834123, 1834184, 1834204, 1834252, 1834259, 1834328, 1834597, 1834650, 1834675, 1834763, 1834773, 1834788, 1834815, 1834965, 1835003, 1835113, 1835192, 1835198, 1835360, 1835400, 1835427, 1835481, 1835541, 1835613, 1835689, 1835841, 1835947, 1836081, 1836196, 1836237, 1836323, 1836357, 1836387, 1836449, 1836489, 1836731, 1836768, 1836823, 1836844, 1836944, 1836967, 1837014, 1837241, 1837270, 1837291, 1837454, 1837481, 1837529, 1837701, 1837769, 1837789, 1837870, 1837949, 1837998, 1838006, 1838037, 1838068, 1838082, 1838231, 1838435, 1838437, 1838496, 1838527, 1838541, 1838583, 1838587, 1838599, 1838605, 1838640, 1838663, 1838750, 1838763, 1838907, 1838935, 1838949, 1838957, 1839010, 1839072, 1839171, 1839195, 1839340, 1839434, 1839512, 1839625, 1839746, 1840128, 1840308, 1840340, 1840435, 1840466, 1840620, 1840679, 1840704, 1840778, 1840803, 1840815, 1840919, 1840925, 1840964, 1840981, 1841003, 1841123, 1841251, 1841473, 1841592, 1841746, 1841960, 1842110, 1842154, 1842273, 1842274, 1842358, 1842380, 1842628, 1842688, 1842712, 1842712, 1842751, 1842833, 1842913, 1843186, 1843425, 1843653, 1843771, 1843865, 1843865, 1843902, 1843950, 1844003, 1844142, 1844291, 1844310, 1844459, 1844626, 1844753, 1844881, 1844966, 1845015, 1845155, 1845213, 1845252, 1845261, 1845315, 1845545, 1845818, 1845911, 1845993, 1845999, 1846028, 1846057, 1846180, 1846383, 1846852, 1847029, 1847035, 1847425, 1847732, 1847769, 1847775, 1847932, 1847961, 1848000, 1848021, 1848036, 1848049, 1848206, 1848281, 1848316, 1848409, 1848477, 1848515, 1848608, 1848712, 1848918, 1848974, 1849026, 1849167, 1849237, 1849367, 1849388, 1849452, 1849480, 1849503, 1849843, 1850009, 1850094, 1850192, 1850275, 1850313, 1850325, 1850476, 1850699, 1850744, 1850848, 1851144, 1851278, 1851293, 1851302, 1851439, 1851453, 1851522, 1851579, 1851618, 1851662, 1851682, 1851825, 1851872, 1852035, 1852042, 1852053, 1852069, 1852133, 1852226, 1852258, 1852260, 1852276, 1852377, 1852585, 1852603, 1852692, 1852973, 1853010, 1853065, 1853107, 1853236, 1853237, 1853564, 1853657, 1853713, 1853735, 1853766, 1853832, 1854299, 1854332, 1854386, 1854438, 1854541, 1854584, 1854673, 1854697, 1854784, 1854804, 1854964, 1855051, 1855077, 1855154, 1855298, 1855327, 1855355, 1855403, 1855421, 1855564, 1855615, 1855717, 1855970, 1856208, 1856289, 1856395, 1856426, 1856545, 1856650, 1856716, 1856841, 1856976, 1856980, 1857030, 1857163, 1857311, 1857336, 1857371, 1857530, 1857845, 1857853, 1857931, 1858017, 1858452, 1858863, 1858919, 1859054, 1859132, 1859204, 1859234, 1859531, 1859545, 1859615, 1859686, 1859775, 1859801, 1859863, 1859913, 1860002, 1860051, 1860228, 1860239, 1860248, 1860252, 1860421, 1860664, 1860893, 1860910, 1861160, 1861267, 1861421, 1861835, 1861898, 1861929, 1862088, 1862189, 1862227, 1862237, 1862257, 1862278, 1862681, 1862701, 1862971, 1863005, 1863039, 1863064, 1863195, 1863212, 1863310, 1863371, 1863705, 1863719, 1863725, 1863837, 1863943, 1863989, 1864075, 1864158, 1864175, 1864178, 1864304, 1864443, 1864472, 1864498, 1864542, 1864614, 1864715, 1864772, 1864807, 1865009, 1865064, 1865188, 1865294, 1865680, 1865720, 1865777, 1865791, 1865847, 1865881, 1865935, 1866242, 1866265, 1866358, 1866690, 1866726, 1866808, 1866960, 1867035, 1867036, 1867064, 1867648, 1867662, 1867726, 1867781, 1867845, 1868069, 1868119, 1868233, 1868260, 1868397, 1868490, 1868621, 1868646, 1868676, 1868709, 1868809, 1868907, 1868956, 1868960, 1869066, 1869120, 1869127, 1869191, 1869291, 1869292, 1869461, 1869468, 1869543, 1869630, 1869655, 1869824, 1869889, 1870049, 1870195, 1870202, 1870535, 1870562, 1870620, 1870673, 1870891, 1870955, 1871028, 1871222, 1871362, 1871371, 1871485, 1871587, 1871740, 1871829, 1871879, 1872023, 1872034, 1872109, 1872213, 1872390, 1872435, 1872448, 1872545, 1872650, 1872753, 1872916, 1873082, 1873241, 1873412, 1873796, 1873827, 1873853, 1873868, 1873954, 1874068, 1874132, 1874213, 1874218, 1874289, 1874381, 1874504, 1874581, 1874650, 1874654, 1874741, 1874756, 1874788, 1874821, 1874857, 1874904, 1874949, 1875035, 1875091, 1875124, 1875301, 1875472, 1875587, 1875592, 1875665, 1875697, 1875807, 1875864, 1875903, 1875908, 1875948, 1876130, 1876412, 1876513, 1876514, 1876558, 1876693, 1876763, 1876887, 1876890, 1876937, 1876980, 1876989, 1877090, 1877147, 1877417, 1877506, 1877620, 1877671, 1877711, 1877884, 1877897, 1877960, 1878275, 1878327, 1878484, 1878521, 1878522, 1878598, 1878614, 1878806, 1878962, 1879068, 1879529, 1879575, 1879602, 1879628, 1879652, 1879671, 1879699, 1879721, 1879901, 1879916, 1880088, 1880222, 1880625, 1880749, 1880923, 1880996, 1881013, 1881115, 1881403, 1881876, 1881923, 1881976, 1882021, 1882280, 1882556, 1882970, 1883002, 1883025, 1883054, 1883194, 1883266, 1883332, 1883436, 1883675, 1883705, 1883992, 1884135, 1884167, 1884246, 1884510, 1884716, 1884855, 1884951, 1885038, 1885222, 1885277, 1885456, 1885466, 1885583, 1885643, 1885828, 1885963, 1886027, 1886119, 1886179, 1886267, 1886480, 1886652, 1886745, 1886881, 1886919, 1886946, 1887022, 1887102, 1887205, 1887218, 1887337, 1887356, 1887445, 1887641, 1887742, 1887800, 1887836, 1887880, 1887916, 1888031, 1888209, 1888229, 1888318, 1888499, 1888620, 1888642, 1888645, 1888975, 1889033, 1889211, 1889211, 1889342, 1889455, 1889474, 1889552, 1890084, 1890260, 1890404, 1890422, 1890560, 1890581, 1890664, 1890731, 1890748, 1890851, 1890924, 1891048, 1891072, 1891234, 1891269, 1891293, 1891296, 1891305, 1891338, 1891363, 1891411, 1891459, 1891530, 1891743, 1891796, 1891827, 1891864, 1891972, 1892161, 1892186, 1892224, 1892273, 1892400, 1892418, 1892539, 1892720, 1893026, 1893113, 1893152, 1893179, 1893207, 1893269, 1893663, 1893710, 1893749, 1893919, 1893961, 1894125, 1894383, 1894559, 1894592, 1894752, 1894989, 1895232, 1895259, 1895445, 1895519, 1895574, 1895603, 1895664, 1895842, 1896042, 1896097, 1896117, 1896344, 1896459, 1896508, 1896552, 1896629, 1896936, 1897196, 1897324, 1897716, 1897744, 1897939, 1898074, 1898382, 1898430, 1898584, 1898716, 1898722, 1898880, 1898911, 1898968, 1899059, 1899383, 1899428, 1899511, 1899611, 1899620, 1899625, 1899904, 1900060, 1900131, 1900264, 1900297, 1900306, 1900343, 1900372, 1900469, 1900470, 1900590, 1900611, 1900940, 1900998, 1901032, 1901036, 1901169, 1901226, 1901440, 1901529, 1901668, 1901776, 1901795, 1901830, 1901940, 1901971, 1902027, 1902655, 1902727, 1902755, 1902794, 1902819, 1902904, 1902954, 1903315, 1903349, 1903705, 1903712, 1903843, 1903864, 1903880, 1903890, 1903892, 1903951, 1903973, 1904049, 1904056, 1904254, 1904280, 1904304, 1904319, 1904367, 1904417, 1904542, 1904682, 1904791, 1904803, 1904864, 1904934, 1904943, 1904993, 1905039, 1905171, 1905184, 1905211, 1905233, 1905237, 1905252, 1905297, 1905351, 1905357, 1905375, 1905457, 1905473, 1905639, 1905693, 1905757, 1906070, 1906142, 1906269, 1906344, 1906361, 1906520, 1906704, 1906735, 1906773, 1907107, 1907112, 1907164, 1907209, 1907280, 1907526, 1907549, 1907649, 1907836, 1908100, 1908114, 1908209, 1908246, 1908281, 1908311, 1908370, 1908439, 1908641, 1908651, 1908654, 1908695, 1908750, 1908825, 1908853, 1908876, 1909208, 1909215, 1909366, 1909501, 1909661, 1909692, 1909798, 1909831, 1909953, 1910192, 1910209, 1910601, 1910957, 1911001, 1911116, 1911163, 1911305, 1911568, 1911571, 1911597, 1911676, 1911731, 1911936, 1912233, 1912252, 1912336, 1912468, 1912651, 1912720, 1912752, 1912874, 1912899, 1912960, 1913168, 1913201, 1913219, 1913405, 1913470, 1913513, 1913530, 1913552, 1913647, 1913717, 1913932, 1913990, 1914032, 1914055, 1914534, 1914672, 1914969, 1914971, 1915223, 1915270, 1915343, 1915402, 1915446, 1915475, 1915694, 1915744, 1915842, 1915885, 1915973, 1916003, 1916055, 1916398, 1916641, 1916701, 1916922, 1916929, 1916993, 1917027, 1917188, 1917266, 1917411, 1917412, 1917443, 1917577, 1917598, 1918212, 1918244, 1918324, 1918415, 1918453, 1918457, 1918534, 1918671, 1918743, 1918878, 1918983, 1919041, 1919054, 1919121, 1919319, 1919457, 1920000, 1920045, 1920099, 1920102, 1920150, 1920156, 1920255, 1920495, 1920503, 1920575, 1920814, 1920866, 1921243, 1921482, 1921541, 1921582, 1921763, 1921857, 1921998, 1922221, 1922294, 1922372, 1922418, 1922462, 1922526, 1922585, 1922662, 1922726, 1922806, 1922860, 1922888, 1922908, 1923251, 1923268, 1923352, 1923354, 1923522, 1923619, 1923823, 1923936, 1924049, 1924129, 1924150, 1924360, 1924501, 1924955, 1924966, 1925017, 1925066, 1925109, 1925241, 1925366, 1925462, 1925495, 1925566, 1925585, 1925609, 1925612, 1925664, 1925692, 1925820, 1926049, 1926154, 1926178, 1926320, 1926479, 1926529, 1926570, 1926590, 1926675, 1926945, 1927001, 1927087, 1927174, 1927230, 1927286, 1927292, 1927374, 1927430, 1927452, 1927463, 1927531, 1927585, 1927628, 1927746, 1927775, 1927934, 1927955, 1927998, 1928015, 1928066, 1928122, 1928132, 1928156, 1928282, 1928318, 1928481, 1928498, 1928572, 1928668, 1928809, 1928810, 1928879, 1928882, 1928885, 1929121, 1929162, 1929392, 1929412, 1929612, 1929864, 1929979, 1930181, 1930204, 1930337, 1930360, 1930555, 1930686, 1930713, 1930819, 1930886, 1930938, 1930968, 1931005, 1931090, 1931111, 1931145, 1931176, 1931206, 1931207, 1931230, 1931283, 1931336, 1931405, 1931592, 1931609, 1931752, 1931991, 1932029, 1932180, 1932722, 1932730, 1932893, 1933006, 1933104, 1933118, 1933175, 1933193, 1933445, 1933447, 1933837, 1933934, 1934283, 1934347, 1934366, 1934552, 1934554, 1934569, 1934597, 1934664, 1934745, 1934820, 1935100, 1935216, 1935256, 1935271, 1935449, 1935571, 1935632, 1935687, 1935697, 1935824, 1935877, 1935909, 1936046, 1936059, 1936221, 1936229, 1936362, 1936411, 1936453, 1936520, 1936528, 1936556, 1936789, 1937011, 1937032, 1937171, 1937437, 1937469, 1937550, 1937690, 1937725, 1937735, 1937868, 1937942, 1937994, 1938211, 1938243, 1938253, 1938280, 1938302, 1938827, 1938846, 1938942, 1938967, 1939116, 1939153, 1939180, 1939203, 1939241, 1939261, 1939293, 1939340, 1939390, 1939505, 1939569, 1939643, 1939714, 1939729, 1939805, 1939852, 1940014, 1940045, 1940093, 1940395, 1940495, 1940598, 1940833, 1941102, 1941157, 1941342, 1941390, 1941511, 1941540, 1941672, 1941788, 1941925, 1942067, 1942094, 1942171, 1942249, 1942436, 1942463, 1942539, 1942659, 1942710, 1942779, 1942806, 1942986, 1943010, 1943058, 1943061, 1943061, 1943083, 1943159, 1943537, 1943541, 1943591, 1943683, 1943868, 1944218, 1944288, 1944374, 1944432, 1944481, 1944529, 1944651, 1944829, 1945361, 1945386, 1945688, 1945975, 1946010, 1946045, 1946070, 1946224, 1946405, 1946469, 1946645, 1946903, 1946908, 1946911, 1947017, 1947107, 1947308, 1947687, 1947922, 1948094, 1948245, 1948266, 1948425, 1948506, 1948584, 1948650, 1949001, 1949225, 1949316, 1949328, 1949431, 1949474, 1949515, 1949580, 1949586, 1949815, 1950069, 1950089, 1950189, 1950315, 1950330, 1950401, 1950444, 1950532, 1950648, 1950730, 1950855, 1950917, 1950949, 1951015, 1951060, 1951069, 1951080, 1951136, 1951181, 1951222, 1951227, 1951287, 1951451, 1951512, 1951585, 1951887, 1951917, 1951934, 1951941, 1952141, 1952166, 1952167, 1952373, 1952418, 1952452, 1952521, 1952639, 1952960, 1952979, 1953012, 1953351, 1953555, 1953570, 1953591, 1953652, 1953907, 1954181, 1954232, 1954281, 1954298, 1954359, 1954413, 1954555, 1954614, 1954615, 1954710, 1954842, 1954933, 1955029, 1955197, 1955201, 1955213, 1955275, 1955333, 1955404, 1955468, 1955547, 1955565, 1955615, 1955709, 1955743, 1955780, 1955847, 1955853, 1955866, 1955894, 1956100, 1956291, 1956343, 1956382, 1956438, 1956502, 1956533, 1956545, 1956604, 1956849, 1956879, 1956895, 1956908, 1957112, 1957114, 1957223, 1957261, 1957293, 1957312, 1957470, 1957513, 1957530, 1957565, 1957587, 1957697, 1957770, 1957786, 1957886, 1957924, 1957927, 1957946, 1958084, 1958090, 1958235, 1958393, 1958894, 1958929, 1959001, 1959042, 1959044, 1959198, 1959238, 1959251, 1959599, 1959625, 1959671, 1959694, 1959829, 1959915, 1959916, 1959960, 1960014, 1960039, 1960379, 1960516, 1960936, 1960965, 1960975, 1961091, 1961324, 1961348, 1961348, 1961444, 1961449, 1961528, 1961722, 1961790, 1961809, 1961854, 1961867, 1962067, 1962148, 1962161, 1962295, 1962352, 1962359, 1962403, 1962504, 1962530, 1962552, 1962663, 1962749, 1962923, 1962990, 1963024, 1963143, 1963170, 1963254, 1963331, 1963499, 1963716, 1963866, 1964021, 1964161, 1964205, 1964213, 1964249, 1964303, 1964384, 1964551, 1964590, 1964605, 1964642, 1964720, 1964784, 1964830, 1964947, 1965117, 1965121, 1965136, 1965350, 1965451, 1965460, 1965603, 1965675, 1965698, 1966042, 1966134, 1966148, 1966174, 1966201, 1966239, 1966333, 1966359, 1966417, 1966440, 1966577, 1966654, 1966656, 1966976, 1967082, 1967157, 1967245, 1967315, 1967365, 1967408, 1967506, 1967724, 1967814, 1967839, 1967865, 1967878, 1967885, 1967916, 1967938, 1968030, 1968153, 1968293, 1968329, 1968344, 1968380, 1968508, 1968556, 1968603, 1968994, 1969192, 1969326, 1969329, 1969360, 1969572, 1969630, 1969633, 1969730, 1969896, 1969922, 1969996, 1970097, 1970120, 1970156, 1970173, 1970214, 1970604, 1970675, 1970877, 1970943, 1970951, 1971069, 1971155, 1971194, 1971216, 1971282, 1971343, 1971352, 1971421, 1971527, 1971669, 1971930, 1972305, 1972332, 1972406, 1972426, 1972435, 1972579, 1972832, 1972982, 1973169, 1973174, 1973207, 1973420, 1973475, 1973807, 1974045, 1974117, 1974329, 1974420, 1974475, 1974626, 1974723, 1974951, 1975093, 1975130, 1975322, 1975604, 1975670, 1975678, 1975954, 1975995, 1976005, 1976052, 1976228, 1976230, 1976284, 1976747, 1976864, 1976957, 1976970, 1976981, 1976993, 1977011, 1977054, 1977064, 1977151, 1977260, 1977799, 1977953, 1977988, 1978065, 1978092, 1978169, 1978968, 1978978, 1979143, 1979422, 1979464, 1979479, 1979540, 1979612, 1979765, 1979787, 1979796, 1980115, 1980147, 1980411, 1980502, 1980568, 1980978, 1980984, 1980993, 1981071, 1981180, 1981259, 1981564, 1981628, 1982098, 1982110, 1982110, 1982136, 1982219, 1982253, 1982503, 1982548, 1982747, 1982845, 1982866, 1982970, 1983249, 1983289, 1983451, 1983533, 1983605, 1983678, 1983814, 1984030, 1984056, 1984184, 1984245, 1984533, 1984700, 1984703, 1984749, 1984818, 1985114, 1985186, 1985205, 1985320, 1985341, 1985384, 1985477, 1985531, 1985667, 1985919, 1985974, 1986074, 1986076, 1986273, 1986314, 1986369, 1986440, 1986537, 1987051, 1987161, 1987208, 1987232, 1987299, 1987315, 1987315, 1987381, 1987493, 1987577, 1987580, 1987783, 1987847, 1987996, 1988202, 1988214, 1988224, 1988358, 1988360, 1988386, 1988457, 1988634, 1988640, 1988774, 1988874, 1988957, 1989258, 1989353, 1989383, 1989397, 1989432, 1989444, 1989537, 1989557, 1989576, 1989613, 1989632, 1989731, 1989744, 1989844, 1989879, 1989914, 1990008, 1990244, 1990251, 1990417, 1990443, 1990550, 1990646, 1990761, 1990869, 1990877, 1991009, 1991100, 1991107, 1991117, 1991129, 1991415, 1991799, 1991835, 1991898, 1992024, 1992314, 1992472, 1992499, 1992511, 1992516, 1992530, 1992556, 1992745, 1992748, 1992774, 1992857, 1993016, 1993130, 1993196, 1993248, 1993335, 1993407, 1993410, 1993461, 1993468, 1993526, 1993669, 1993919, 1993939, 1994119, 1994333, 1994335, 1994429, 1994726, 1994757, 1994803, 1994825, 1994873, 1994876, 1994970, 1995425, 1995635, 1995681, 1995748, 1995795, 1995920, 1996001, 1996070, 1996171, 1996182, 1996382, 1996586, 1996674, 1996714, 1996767, 1997147, 1997295, 1997324, 1997338, 1997409, 1997463, 1997476, 1997548, 1997883, 1997952, 1998032, 1998052, 1998056, 1998155, 1998360, 1998714, 1998737, 1998784, 1998808, 1998913, 1998947, 1999107, 1999155, 1999181, 1999263, 1999496, 1999680, 1999732, 1999861, 2000043, 2000088, 2000312, 2000551, 2000561, 2000649, 2000761, 2000885, 2000954, 2001044, 2001130, 2001263, 2001464, 2001476, 2001484, 2001486, 2001597, 2001684, 2001779, 2001793, 2001837, 2002106, 2002255, 2002325, 2002412, 2002432, 2002437, 2002540, 2002682, 2002721, 2002766, 2002806, 2002869, 2002915, 2002945, 2002963, 2003112, 2003153, 2003226, 2003585, 2003594, 2003752, 2003962, 2004088, 2004162, 2004304, 2004321, 2004327, 2004473, 2004521, 2004986, 2005076, 2005076, 2005163, 2005185, 2005412, 2005455, 2005723, 2005793, 2005797, 2005844, 2006116, 2006216, 2006218, 2006323, 2006519, 2006850, 2006912, 2007033, 2007213, 2007393, 2007417, 2007601, 2007646, 2007646, 2007873, 2007907, 2008269, 2008485, 2008528, 2008536, 2008553, 2008857, 2008966, 2009120, 2009214, 2009298, 2009404, 2009539, 2009602, 2009618, 2009795, 2009854, 2009968, 2010158, 2010264, 2010376, 2010426, 2010464, 2010648, 2010784, 2010880, 2011253, 2011292, 2011359, 2011377, 2011406, 2011408, 2011849, 2011858, 2011958, 2011967, 2012012, 2012401, 2012467, 2012577, 2012699, 2012790, 2013044, 2013051, 2013175, 2013277, 2013384, 2013416, 2013459, 2013524, 2013587, 2013858, 2013903, 2014059, 2014101, 2014391, 2014487, 2014756, 2015169, 2015350, 2015469, 2015718, 2015729, 2015760, 2015793, 2015814, 2015822, 2015945, 2016528, 2016855, 2016876, 2017030, 2017139, 2017202, 2017203, 2017352, 2017461, 2017479, 2017641, 2017724, 2017726, 2017733, 2017742, 2017797, 2017834, 2018061, 2018219, 2018422, 2018668, 2018838, 2018845, 2019008, 2019018, 2019041, 2019108, 2019113, 2019336, 2019398, 2019483, 2019537, 2020039, 2020050, 2020098, 2020158, 2020262, 2020563, 2020572, 2020574, 2020689, 2020692, 2020719, 2020745, 2020778, 2020909, 2020930, 2020981, 2021006, 2021178, 2021190, 2021200, 2021266, 2021386, 2021464, 2021500, 2021545, 2021761, 2021861, 2021872, 2021908, 2022009, 2022079, 2022125, 2022149, 2022227, 2022301, 2022335, 2022369, 2022391, 2022525, 2023062, 2023204, 2023442, 2023482, 2023484, 2023740, 2023745, 2023835, 2023846, 2023846, 2023866, 2023894, 2023982, 2024214, 2024241, 2024259, 2024397, 2024565, 2024585, 2024751, 2024909, 2024927, 2025120, 2025136, 2025223, 2025223, 2025247, 2025494, 2025592, 2025758, 2025957, 2025957, 2026018, 2026048, 2026135, 2026270, 2026301, 2026348, 2026375, 2026414, 2026533, 2026541, 2026789, 2026891, 2027145, 2027177, 2027369, 2027525, 2027547, 2027549, 2027609, 2027620, 2027700, 2027704, 2027841, 2027844, 2027892, 2027965, 2027973, 2027991, 2028273, 2028334, 2028414, 2028437, 2028652, 2028862, 2028954, 2028992, 2029119, 2029171, 2029538, 2029867, 2029914, 2029970, 2030146, 2030223, 2030540, 2030584, 2030726, 2030775, 2030894, 2030942, 2031031, 2031033, 2031140, 2031141, 2031208, 2031221, 2031229, 2031233, 2031405, 2031555, 2031633, 2031718, 2031843, 2031856, 2032016, 2032095, 2032129, 2032135, 2032191, 2032248, 2032333, 2032531, 2032542, 2032845, 2032871, 2032960, 2033109, 2033144, 2033176, 2033276, 2033292, 2033424, 2033467, 2033486, 2033513, 2033535, 2033592, 2033643, 2033654, 2033692, 2033884, 2033953, 2034105, 2034309, 2034447, 2034646, 2034754, 2034897, 2035034, 2035145, 2035169, 2035567, 2035656, 2035736, 2035757, 2035843, 2035858, 2036070, 2036117, 2036192, 2036454, 2036491, 2036730, 2036742, 2036837, 2036933, 2037114, 2037135, 2037159, 2037235, 2037246, 2037264, 2037266, 2037340, 2037465, 2037565, 2037618, 2037714, 2037871, 2037952, 2038086, 2038330, 2038519, 2038566, 2038573, 2038851, 2038946, 2039056, 2039103, 2039187, 2039214, 2039218, 2039504, 2039506, 2039514, 2039533, 2039614, 2039617, 2039632, 2040050, 2040149, 2040168, 2040251, 2040351, 2040476, 2040485, 2040593, 2040717, 2040844, 2041249, 2041380, 2041508, 2041511, 2041696, 2041794, 2041848, 2041908, 2042022, 2042059, 2042115, 2042138, 2042177, 2042197, 2042298, 2042494, 2042600, 2042633, 2042664, 2042682, 2042833, 2042845, 2042853, 2042903, 2043094, 2043098, 2043230, 2043256, 2043308, 2043622, 2044213, 2044615, 2044692, 2044819, 2044933, 2045010, 2045201, 2045648, 2045698, 2045725, 2045743, 2045848, 2046001, 2046227, 2046573, 2046630, 2046675, 2046744, 2046755, 2046773, 2046800, 2047021, 2047026, 2047058, 2047132, 2047206, 2047412, 2047451, 2047489, 2047547, 2047616, 2047789, 2047904, 2047937, 2047963, 2048409, 2048447, 2048529, 2048540, 2048551, 2048643, 2048680, 2048821, 2048835, 2048963, 2049088, 2049149, 2049207, 2049789, 2049825, 2049864, 2049892, 2050170, 2050201, 2050387, 2050405, 2050692, 2050695, 2050736, 2050919, 2051173, 2051282, 2051293, 2051386, 2051408, 2051453, 2051908, 2052015, 2052327, 2052537, 2052654, 2052984, 2053046, 2053207, 2053207, 2053211, 2053294, 2053377, 2053442, 2053508, 2053622, 2053687, 2053689, 2053773, 2053960, 2054041, 2054131, 2054454, 2054469, 2055223, 2055264, 2055401, 2055635, 2055767, 2055802, 2055880, 2055891, 2055915, 2055916, 2055983, 2056004, 2056025, 2056258, 2056415, 2056540, 2056782, 2056963, 2057015, 2057197, 2057306, 2057356, 2057362, 2057500, 2057629, 2057682, 2057786, 2057826, 2057982, 2058175, 2058192, 2058309, 2058386, 2058401, 2058453, 2058508, 2058524, 2058885, 2058993, 2059258, 2059460, 2059469, 2059490, 2059631, 2059671, 2059742, 2059776, 2059811, 2059930, 2060212, 2060285, 2060415, 2060472, 2060548, 2060613, 2060659, 2060703, 2060716, 2060731, 2061018, 2061110, 2061527, 2061537, 2062055, 2062069, 2062107, 2062172, 2062178, 2062191, 2062305, 2062306, 2062431, 2062452, 2062637, 2062692, 2062737, 2062773, 2062921, 2062967, 2062985, 2063116, 2063211, 2063244, 2063670, 2064075, 2064455, 2064652, 2064696, 2064723, 2064733, 2064905, 2064933, 2065127, 2065346, 2065435, 2065465, 2065571, 2065695, 2065733, 2065787, 2065819, 2065901, 2065918, 2065944, 2066013, 2066041, 2066080, 2066085, 2066253, 2066425, 2066752, 2066864, 2066872, 2066879, 2066886, 2066910, 2066929, 2066942, 2067043, 2067397, 2067524, 2067838, 2067871, 2067995, 2068036, 2068064, 2068096, 2068360, 2068380, 2068398, 2068433, 2068458, 2068569, 2068624, 2068646, 2068724, 2068910, 2068933, 2069093, 2069198, 2069204, 2069204, 2069313, 2069364, 2069433, 2069502, 2069528, 2069548, 2069605, 2069652, 2069658, 2069687, 2069748, 2069776, 2069829, 2069874, 2069944, 2069955, 2070053, 2070152, 2070153, 2070181, 2070195, 2070317, 2070407, 2070898, 2070930, 2071058, 2071089, 2071337, 2071463, 2071552, 2071562, 2071650, 2071684, 2071798, 2072177, 2072376, 2072412, 2072596, 2072664, 2072687, 2072733, 2072863, 2072939, 2073129, 2073239, 2073253, 2073304, 2073355, 2073549, 2073726, 2073726, 2073739, 2073775, 2073805, 2073842, 2073933, 2073969, 2074110, 2074135, 2074160, 2074484, 2074714, 2074847, 2074973, 2074974, 2075042, 2075408, 2075521, 2075604, 2075898, 2075997, 2076127, 2076269, 2076399, 2076404, 2076418, 2076554, 2076827, 2076946, 2077002, 2077015, 2077207, 2077244, 2077539, 2077693, 2078056, 2078062, 2078068, 2078382, 2078686, 2078903, 2078964, 2079032, 2079090, 2079100, 2079327, 2079437, 2079599, 2079679, 2079727, 2079764, 2079774, 2079833, 2079913, 2079953, 2079954, 2080553, 2080615, 2080666, 2080704, 2080845, 2080849, 2080998, 2081014, 2081143, 2081428, 2081516, 2081570, 2081680, 2081960, 2082135, 2082164, 2082192, 2082267, 2082873, 2082894, 2082951, 2082974, 2083061, 2083265, 2083266, 2083403, 2083488, 2083788, 2083794, 2083915, 2083953, 2083977, 2084054, 2084199, 2084399, 2084415, 2084419, 2084600, 2084747, 2084820, 2084821, 2084861, 2084882, 2084954, 2084990, 2085083, 2085337, 2085639, 2085657, 2085974, 2086018, 2086066, 2086169, 2086242, 2086263, 2086353, 2086434, 2086653, 2086765, 2086786, 2086842, 2086849, 2087188, 2087241, 2087251, 2087282, 2087285, 2087295, 2087312, 2087338, 2087401, 2087462, 2087494, 2087586, 2087593, 2087675, 2087718, 2087804, 2087910, 2087914, 2088022, 2088218, 2088434, 2088578, 2088641, 2088742, 2089128, 2089153, 2089355, 2089501, 2089536, 2089557, 2089747, 2089769, 2090400, 2090679, 2090708, 2091066, 2091284, 2091290, 2091324, 2091402, 2091405, 2091437, 2091461, 2091578, 2091641, 2091660, 2091675, 2091696, 2091698, 2091708, 2092055, 2092537, 2092620, 2092621, 2093115, 2093193, 2093391, 2093426, 2093563, 2093649, 2093746, 2093852, 2093990, 2094211, 2094259, 2094270, 2094337, 2094604, 2094605, 2094782, 2094792, 2094892, 2095145, 2095259, 2095441, 2095670, 2095942, 2096208, 2096209, 2096664, 2096895, 2096999, 2097028, 2097169, 2097179, 2097200, 2097295, 2097295, 2097462, 2097643, 2097646, 2097652, 2097787, 2097858, 2098039, 2098052, 2098197, 2098382, 2098485, 2098605, 2098829, 2098881, 2098916, 2099037, 2099120, 2099197, 2099309, 2099321, 2099365, 2099825, 2099951, 2099968, 2100088, 2100092, 2100114, 2100145, 2100169, 2100180, 2100339, 2100458, 2100627, 2100708, 2100805, 2100837, 2101084, 2101134, 2101201, 2101202, 2101370, 2101411, 2101472, 2101527, 2101746, 2101857, 2101895, 2102022, 2102061, 2102075, 2102217, 2102353, 2102433, 2102475, 2102580, 2102644, 2102782, 2102816, 2102998, 2103002, 2103072, 2103132, 2103274, 2103578, 2103606, 2104038, 2104214, 2104247, 2104959, 2105135, 2105165, 2105257, 2105326, 2105340, 2105352, 2105771, 2105820, 2105831, 2105848, 2106036, 2106108, 2106177, 2106239, 2106378, 2106392, 2106393, 2106404, 2106428, 2106470, 2106563, 2106639, 2106666, 2106703, 2106724, 2106753, 2106830, 2106841, 2106883, 2106915, 2107098, 2107250, 2107347, 2107392, 2107660, 2107717, 2107719, 2107878, 2107880, 2107978, 2108043, 2108076, 2108251, 2108593, 2108609, 2108711, 2108756, 2108784, 2108844, 2108911, 2108975, 2109001, 2109261, 2109527, 2109535, 2109608, 2109620, 2109652, 2109672, 2109819, 2109930, 2109940, 2110082, 2110083, 2110311, 2110360, 2110480, 2110729, 2111004, 2111148, 2111181, 2111334, 2111473, 2111502, 2111595, 2111612, 2111731, 2111888, 2111994, 2112017, 2112042, 2112073, 2112076, 2112097, 2112432, 2112463, 2112542, 2112699, 2112708, 2112804, 2113187, 2113226, 2113280, 2113281, 2113290, 2113303, 2113308, 2113350, 2113367, 2113596, 2113597, 2113602, 2113672, 2113767, 2113908, 2114058, 2114171, 2114304, 2114406, 2114482, 2114513, 2114559, 2114594, 2114784, 2114841, 2115076, 2115204, 2115331, 2115447, 2115552, 2115558, 2115578, 2115617, 2115618, 2115704, 2115750, 2115964, 2116154, 2116256, 2116507, 2116615, 2116637, 2116908, 2116931, 2116942, 2117528, 2117679, 2117737, 2117850, 2117887, 2118386, 2118427, 2118586, 2118697, 2118814, 2118950, 2118961, 2119076, 2119337, 2119476, 2119508, 2119656, 2119704, 2119728, 2119836, 2119864, 2119871, 2119873, 2119929, 2120026, 2120079, 2120177, 2120234, 2120239, 2120330, 2120394, 2120443, 2120458, 2120459, 2120524, 2120532, 2120595, 2120608, 2120646, 2120852, 2120913, 2120943, 2121097, 2121111, 2121171, 2121268, 2121396, 2121455, 2121534, 2121559, 2121612, 2121770, 2121779, 2122027, 2122046, 2122178, 2122212, 2122243, 2122250, 2122266, 2122362, 2122483, 2122490, 2122532, 2122717, 2122775, 2122782, 2122837, 2122855, 2122866, 2123288, 2123331, 2123482, 2123559, 2123612, 2123668, 2123729, 2123790, 2123953, 2124013, 2124117, 2124136, 2124174, 2124228, 2124253, 2124415, 2124587, 2124712, 2124761, 2124906, 2125015, 2125055, 2125064, 2125066, 2125220, 2125277, 2125346, 2125515, 2125565, 2125574, 2125581, 2125681, 2125735, 2125922, 2126026, 2126046, 2126078, 2126245, 2126582, 2126591, 2126616, 2126678, 2126786, 2126823, 2126873, 2126919, 2127287, 2127426, 2127576, 2127632, 2127798, 2128030, 2128207, 2128341, 2128582, 2128644, 2128648, 2128676, 2128722, 2128819, 2128860, 2129054, 2129126, 2129130, 2129409, 2129462, 2129487, 2129508, 2130064, 2130070, 2130085, 2130121, 2130200, 2130477, 2130649, 2130763, 2130961, 2130997, 2130997, 2131059, 2131063, 2131137, 2131143, 2131245, 2131355, 2131398, 2131497, 2131534, 2131717, 2131842, 2131916, 2131998, 2132104, 2132107, 2132133, 2132395, 2132423, 2132436, 2132730, 2132833, 2133051, 2133397, 2133648, 2133712, 2133983, 2134068, 2134117, 2134634, 2134686, 2134695, 2134795, 2134805, 2135139, 2135143, 2135349, 2135372, 2135559, 2135738, 2135913, 2135943, 2136067, 2136072, 2136187, 2136203, 2136229, 2136238, 2136296, 2136423, 2136507, 2136532, 2136580, 2136597, 2136627, 2136666, 2136672, 2136697, 2136764, 2136768, 2136952, 2136978, 2137013, 2137081, 2137205, 2137288, 2137290, 2137414, 2137508, 2137529, 2137592, 2137625, 2137688, 2137701, 2137799, 2137829, 2138095, 2138312, 2138344, 2138367, 2138374, 2138412, 2138462, 2138531, 2138597, 2138801, 2138868, 2139089, 2139176, 2139289, 2139424, 2139471, 2139509, 2139531, 2139536, 2139574, 2139677, 2139714, 2139737, 2139819, 2139931, 2139942, 2140029, 2140095, 2140117, 2140162, 2140202, 2140531, 2140537, 2140566, 2140571, 2140678, 2140900, 2141035, 2141090, 2141205, 2141238, 2141272, 2141787, 2141827, 2142144, 2142222, 2142255, 2142274, 2142277, 2142355, 2142465, 2142711, 2142779, 2142903, 2142905, 2143127, 2143270, 2143440, 2143461, 2143501, 2143581, 2143910, 2144167, 2144580, 2144653, 2144926, 2144931, 2145005, 2145038, 2145052, 2145062, 2145086, 2145135, 2145246, 2145253, 2145462, 2145662, 2145777, 2145788, 2145930, 2145973, 2145985, 2146029, 2146141, 2146216, 2146246, 2146369, 2146390, 2146424, 2146553, 2146634, 2146766, 2146788, 2146811, 2146863, 2146951, 2146957, 2146985, 2147006, 2147140, 2147167, 2147369, 2147413, 2147504, 2147735, 2147768, 2147770, 2147892, 2148053, 2148084, 2148182, 2148418, 2148425, 2148678, 2148695, 2148762, 2148790, 2148973, 2149101, 2149233, 2149265, 2149278, 2149344, 2149357, 2149488, 2149584, 2150283, 2150325, 2150332, 2150333, 2150452, 2150614, 2150791, 2150814, 2150896, 2150913, 2151029, 2151076, 2151330, 2151337, 2151451, 2151623, 2151662, 2151667, 2151687, 2151787, 2151961, 2152044, 2152149, 2152152, 2152424, 2152443, 2152475, 2152512, 2152657, 2152819, 2152831, 2153036, 2153062, 2153144, 2153165, 2153217, 2153241, 2153281, 2153374, 2153470, 2153549, 2153701, 2153867, 2153894, 2153977, 2153999, 2154236, 2154276, 2154446, 2154467, 2154673, 2154683, 2154898, 2154932, 2154998, 2155110, 2155182, 2155261, 2155340, 2155366, 2155380, 2155397, 2155514, 2155544, 2155547, 2155769, 2155852, 2155871, 2155927, 2156023, 2156343, 2156522, 2156538, 2156698, 2156879, 2157119, 2157360, 2157403, 2157417, 2157532, 2157645, 2157678, 2158066, 2158086, 2158101, 2158154, 2158160, 2158231, 2158313, 2158436, 2158568, 2158921, 2158947, 2158964, 2159090, 2159138, 2159148, 2159374, 2159425, 2159495, 2159540, 2159598, 2159607, 2159622, 2159713, 2159885, 2159919, 2159946, 2160064, 2160098, 2160299, 2160334, 2160360, 2160628, 2160649, 2160708, 2160776, 2160800, 2161177, 2161273, 2161361, 2161370, 2161373, 2161542, 2161543, 2161637, 2161849, 2162037, 2162255, 2162299, 2162321, 2162321, 2162422, 2162637, 2162743, 2162865, 2162868, 2163225, 2163239, 2163244, 2163508, 2163516, 2163620, 2163701, 2163786, 2163972, 2164038, 2164127, 2164158, 2164670, 2164793, 2164953, 2165092, 2165166, 2165609, 2165633, 2165635, 2165751, 2165811, 2165848, 2165888, 2165904, 2165961, 2165970, 2166073, 2166105, 2166133, 2166191, 2166217, 2166310, 2166343, 2166360, 2166457, 2166620, 2166690, 2166786, 2166836, 2166892, 2166942, 2166945, 2166969, 2167028, 2167150, 2167234, 2167565, 2167948, 2167973, 2168127, 2168184, 2168438, 2168578, 2168674, 2168704, 2168904, 2168954, 2169028, 2169241, 2169252, 2169452, 2169485, 2169559, 2169643, 2169685, 2169798, 2169862, 2169918, 2169966, 2170101, 2170116, 2170227, 2170252, 2170320, 2170496, 2170597, 2170712, 2170797, 2170971, 2171105, 2171141, 2171147, 2171167, 2171402, 2171495, 2171637, 2171726, 2171767, 2171801, 2172398, 2172479, 2172801, 2172905, 2173007, 2173408, 2173430, 2173460, 2173540, 2173552, 2174064, 2174100, 2174137, 2174156, 2174163, 2174280, 2174311, 2174318, 2174375, 2174488, 2174531, 2174827, 2174867, 2174920, 2174973, 2174990, 2175020, 2175128, 2175220, 2175271, 2175533, 2175565, 2175632, 2175670, 2175758, 2175771, 2175911, 2175984, 2175985, 2176139, 2176149, 2176292, 2176612, 2176721, 2177168, 2177185, 2177227, 2177307, 2177340, 2177437, 2177980, 2177998, 2178028, 2178046, 2178091, 2178106, 2178241, 2178657, 2178731, 2178740, 2178832, 2178842, 2178937, 2178970, 2178971, 2178998, 2179074, 2179075, 2179107, 2179110, 2179179, 2179212, 2179261, 2179294, 2179428, 2179627, 2179637, 2179648, 2179663, 2179754, 2179780, 2179848, 2179880, 2179932, 2180032, 2180092, 2180300, 2180546, 2180665, 2180729, 2180982, 2180993, 2181005, 2181211, 2181233, 2181411, 2181461, 2181595, 2181724, 2181928, 2181960, 2182006, 2182008, 2182124, 2182166, 2182358, 2182385, 2182502, 2182551, 2182576, 2182625, 2182669, 2182748, 2182798, 2183129, 2183190, 2183198, 2183234, 2183328, 2183429, 2183481, 2183534, 2183549, 2183558, 2183898, 2183908, 2183925, 2183959, 2183976, 2184138, 2184238, 2184291, 2184330, 2184561, 2184637, 2184767, 2184831, 2184973, 2185320, 2185462, 2185589, 2185809, 2185968, 2186006, 2186048, 2186112, 2186207, 2186373, 2186379, 2186473, 2186542, 2186560, 2186845, 2186846, 2187101, 2187105, 2187157, 2187202, 2187436, 2187661, 2188103, 2188313, 2188401, 2188473, 2188649, 2188761, 2188769, 2188778, 2188802, 2188830, 2188850, 2188949, 2189010, 2189015, 2189053, 2189326, 2189508, 2189529, 2190026, 2190049, 2190112, 2190203, 2190295, 2190342, 2190461, 2190624, 2190663, 2190720, 2190793, 2191210, 2191216, 2191259, 2191453, 2191536, 2191558, 2191621, 2191726, 2191815, 2191831, 2191986, 2192069, 2192181, 2192294, 2192295, 2192430, 2192573, 2192646, 2192691, 2192738, 2192903, 2192935, 2192942, 2192950, 2193068, 2193136, 2193182, 2193286, 2193326, 2193383, 2193435, 2193500, 2193610, 2193666, 2193788, 2193975, 2194021, 2194231, 2194245, 2194265, 2194277, 2194324, 2194423, 2194441, 2194475, 2194613, 2194636, 2194639, 2194727, 2194877, 2194908, 2194922, 2194957, 2195110, 2195295, 2195334, 2195353, 2195464, 2195478, 2195485, 2195716, 2195769, 2195783, 2195801, 2196024, 2196132, 2196147, 2196244, 2196325, 2196373, 2196451, 2196470, 2196658, 2196736, 2196837, 2196867, 2196928, 2196961, 2197014, 2197121, 2197207, 2197558, 2197736, 2197944, 2198101, 2198111, 2198324, 2198444, 2198462, 2198509, 2198522, 2198610, 2198681, 2198804, 2198833, 2198896, 2198897, 2198903, 2199030, 2199077, 2199136, 2199192, 2199259, 2199278, 2199358, 2199363, 2199531, 2199619, 2199646, 2199695, 2199795, 2199910, 2199951, 2200055, 2200231, 2200395, 2200434, 2200594, 2200634, 2200825, 2200962, 2201435, 2201436, 2201503, 2201515, 2201534, 2201632, 2201931, 2202286, 2202455, 2202557, 2202582, 2202594, 2202764, 2202793, 2202844, 2202925, 2202963, 2202990, 2203052, 2203250, 2203308, 2203315, 2203377, 2203401, 2204111, 2204135, 2204199, 2204361, 2204597, 2204664, 2204744, 2204752, 2204780, 2204969, 2204997, 2205012, 2205056, 2205065, 2205172, 2205249, 2205307, 2205541, 2205562, 2205615, 2205712, 2205820, 2205820, 2206011, 2206017, 2206423, 2206449, 2206458, 2206673, 2206822, 2207108, 2207269, 2207339, 2207452, 2207460, 2207528, 2207672, 2207702, 2207787, 2207824, 2208419, 2208650, 2208661, 2208851, 2208866, 2209101, 2209160, 2209242, 2209385, 2209543, 2209629, 2209655, 2209658, 2209658, 2209786, 2209846, 2209936, 2209952, 2209990, 2209990, 2210009, 2210148, 2210211, 2210276, 2210488, 2210602, 2211080, 2211103, 2211159, 2211208, 2211223, 2211278, 2211333, 2211490, 2211642, 2211645, 2211773, 2211908, 2212039, 2212073, 2212212, 2212533, 2212545, 2212754, 2212804, 2212890, 2212951, 2212962, 2213147, 2213171, 2213207, 2213215, 2213368, 2213452, 2213470, 2213484, 2213535, 2213618, 2213619, 2213769, 2213776, 2214135, 2214142, 2214205, 2214219, 2214281, 2214286, 2214445, 2214623, 2214696, 2214910, 2214991, 2215105, 2215116, 2215144, 2215245, 2215505, 2215525, 2215617, 2215675, 2215695, 2215805, 2215810, 2215851, 2215926, 2215969, 2216044, 2216068, 2216108, 2216142, 2216385, 2216413, 2216480, 2216622, 2216963, 2217005, 2217013, 2217025, 2217099, 2217124, 2217130, 2217151, 2217353, 2217425, 2217458, 2217977, 2218007, 2218096, 2218142, 2218557, 2218681, 2218916, 2218959, 2219045, 2219116, 2219321, 2219345, 2219382, 2219396, 2219687, 2219739, 2219773, 2219783, 2219885, 2219943, 2219979, 2220007, 2220146, 2220149, 2220217, 2220321, 2220427, 2220538, 2220716, 2220825, 2220986, 2221044, 2221317, 2221597, 2221620, 2221647, 2221830, 2221868, 2222396, 2222536, 2222604, 2222723, 2222793, 2222942, 2222955, 2223240, 2223275, 2223308, 2223918, 2224309, 2224521, 2224745, 2224976, 2224997, 2225164, 2225164, 2225177, 2225248, 2225280, 2225298, 2225327, 2225334, 2225399, 2225404, 2225424, 2225529, 2225703, 2225805, 2225930, 2225937, 2225949, 2225959, 2226003, 2226121, 2226213, 2226380, 2226642, 2226807, 2226831, 2226838, 2226861, 2226909, 2226909, 2227069, 2227238, 2227512, 2227543, 2227655, 2227666, 2227709, 2228070, 2228113, 2228198, 2228237, 2228325, 2228432, 2228507, 2228556, 2228693, 2228762, 2228826, 2228893, 2229141, 2229285, 2229288, 2229330, 2229482, 2229596, 2229661, 2229723, 2229746, 2229755, 2229962, 2229969, 2229973, 2229974, 2229978, 2230185, 2230195, 2230241, 2230293, 2230441, 2230477, 2230500, 2230621, 2230688, 2230912, 2230916, 2230999, 2231031, 2231137, 2231263, 2231433, 2231464, 2231475, 2231609, 2231636, 2231722, 2231802, 2231872, 2231903, 2232131, 2232237, 2232311, 2232528, 2232873, 2233009, 2233038, 2233110, 2233238, 2233256, 2233336, 2233372, 2233402, 2233425, 2233526, 2233546, 2233591, 2233643, 2233829, 2234122, 2234276, 2234370, 2234713, 2234747, 2234805, 2234844, 2234905, 2234914, 2234958, 2235004, 2235167, 2235319, 2235483, 2235499, 2235551, 2235616, 2235635, 2235763, 2235783, 2235981, 2236042, 2236177, 2236181, 2236352, 2236447, 2236529, 2236546, 2236560, 2236650, 2236968, 2237002, 2237074, 2237242, 2237244, 2237262, 2237500, 2237521, 2237595, 2237865, 2237889, 2237943, 2237974, 2238375, 2238451, 2238497, 2238534, 2238715, 2238781, 2238962, 2239040, 2239042, 2239099, 2239196, 2239557, 2239596, 2239673, 2239921, 2239946, 2240255, 2240291, 2240338, 2240420, 2240566, 2240657, 2240742, 2240766, 2240797, 2240948, 2241093, 2241555, 2241728, 2241767, 2241808, 2241982, 2242088, 2242335, 2242392, 2242437, 2242561, 2242649, 2242688, 2242757, 2242786, 2242904, 2243043, 2243268, 2243417, 2243449, 2243525, 2243583, 2243598, 2243619, 2243639, 2243827, 2243835, 2243889, 2244186, 2244207, 2244231, 2244233, 2244254, 2244329, 2244577, 2244625, 2244938, 2244941, 2245007, 2245092, 2245155, 2245165, 2245201, 2245205, 2245299, 2245496, 2245503, 2245509, 2245628, 2245746, 2245806, 2245883, 2245957, 2246044, 2246104, 2246205, 2246213, 2246237, 2246279, 2246283, 2246307, 2246402, 2246743, 2246803, 2247050, 2247051, 2247107, 2247257, 2247280, 2247411, 2247603, 2247616, 2247975, 2248111, 2248226, 2248230, 2248339, 2248364, 2248492, 2248700, 2248725, 2248745, 2248827, 2248905, 2248939, 2248942, 2249052, 2249119, 2249199, 2249223, 2249369, 2249470, 2249493, 2249546, 2249573, 2249623, 2249639, 2249698, 2249753, 2249831, 2249873, 2250169, 2250304, 2250576, 2250749, 2250801, 2250866, 2251207, 2251303, 2251403, 2251424, 2251435, 2251566, 2251582, 2251598, 2251661, 2251729, 2252021, 2252048, 2252199, 2252339, 2252352, 2252388, 2252657, 2252807, 2252849, 2252856, 2252952, 2252954, 2253013, 2253096, 2253133, 2253159, 2253174, 2253260, 2253472, 2253526, 2253625, 2253885, 2254343, 2254346, 2254509, 2254526, 2254544, 2254683, 2254685, 2254756, 2254956, 2254985, 2255041, 2255159, 2255160, 2255270, 2255288, 2255291, 2255335, 2255511, 2255607, 2255667, 2255688, 2255887, 2255973, 2256063, 2256099, 2256267, 2256467, 2256517, 2256613, 2256619, 2256624, 2256647, 2256743, 2256876, 2256990, 2257079, 2257281, 2257498, 2257796, 2257982, 2258097, 2258103, 2258127, 2258382, 2258796, 2258798, 2258806, 2258827, 2258922, 2259023, 2259123, 2259180, 2259324, 2259510, 2259541, 2259561, 2260178, 2260496, 2260560, 2260653, 2261067, 2261282, 2261402, 2261540, 2261745, 2261786, 2261806, 2261812, 2261971, 2262004, 2262323, 2262363, 2262422, 2262573, 2262584, 2262587, 2262867, 2263109, 2263110, 2263209, 2263320, 2263373, 2263508, 2263950, 2264076, 2264108, 2264184, 2264208, 2264255, 2264262, 2264331, 2264506, 2264528, 2264565, 2264659, 2264782, 2264802, 2264888, 2264971, 2265028, 2265093, 2265154, 2265328, 2265376, 2265439, 2265559, 2265609, 2265816, 2265951, 2265982, 2266159, 2266359, 2266406, 2266435, 2266525, 2266757, 2266785, 2266850, 2266858, 2266859, 2267019, 2267057, 2267109, 2267142, 2267273, 2267396, 2267476, 2267725, 2267794, 2267813, 2267821, 2267928, 2267965, 2267990, 2267992, 2268138, 2268199, 2268246, 2268355, 2268490, 2268577, 2268586, 2268608, 2268722, 2268803, 2268823, 2268971, 2268989, 2268990, 2269065, 2269240, 2269379, 2269511, 2269525, 2269631, 2269727, 2269728, 2269762, 2269785, 2269809, 2269924, 2270011, 2270038, 2270059, 2270095, 2270283, 2270337, 2270369, 2270388, 2270437, 2270659, 2270786, 2271146, 2271165, 2271202, 2271296, 2271423, 2271506, 2271552, 2271584, 2271714, 2271726, 2271757, 2271807, 2271827, 2271913, 2271917, 2272171, 2272242, 2272284, 2272308, 2272629, 2272651, 2272742, 2272780, 2272923, 2272938, 2273074, 2273156, 2273309, 2273426, 2273582, 2273740, 2273754, 2273974, 2274059, 2274103, 2274257, 2274336, 2274361, 2274475, 2274659, 2274742, 2274996, 2275003, 2275122, 2275209, 2275234, 2275523, 2275534, 2275770, 2275823, 2275885, 2275912, 2275976, 2275987, 2276036, 2276278, 2276478, 2276923, 2277209, 2277224, 2277269, 2277271, 2277290, 2277296, 2277358, 2277560, 2277581, 2277900, 2278248, 2278269, 2278337, 2278526, 2278660, 2278899, 2278959, 2279126, 2279405, 2279453, 2279486, 2279572, 2279581, 2279604, 2279673, 2279818, 2279864, 2279867, 2280002, 2280328, 2280358, 2280422, 2280434, 2280476, 2280510, 2280687, 2280701, 2280801, 2281175, 2281242, 2281371, 2281391, 2281491, 2281501, 2281739, 2281748, 2281869, 2282202, 2282390, 2282711, 2282752, 2282883, 2283102, 2283352, 2283513, 2283563, 2283576, 2283599, 2283600, 2283610, 2283631, 2283756, 2283779, 2283792, 2283840, 2284225, 2284238, 2284282, 2284330, 2284334, 2284465, 2284496, 2284598, 2284601, 2284637, 2284715, 2284806, 2284900, 2285063, 2285088, 2285097, 2285118, 2285191, 2285391, 2285430, 2285689, 2285778, 2286047, 2286111, 2286170, 2286175, 2286233, 2286301, 2286302, 2286357, 2286389, 2286420, 2286491, 2286557, 2286783, 2286822, 2286825, 2286829, 2286853, 2286858, 2287102, 2287106, 2287161, 2287188, 2287206, 2287294, 2287305, 2287519, 2287669, 2287736, 2287909, 2288013, 2288220, 2288256, 2288327, 2288707, 2288772, 2288830, 2288871, 2289004, 2289083, 2289083, 2289437, 2289489, 2289490, 2289683, 2289946, 2289975, 2290337, 2290538, 2290711, 2290753, 2291071, 2291074, 2291294, 2291446, 2291620, 2291752, 2291797, 2292076, 2292163, 2292261, 2292283, 2292295, 2292390, 2292542, 2292543, 2292551, 2292588, 2292598, 2292690, 2292739, 2292745, 2292749, 2292899, 2292933, 2292993, 2293080, 2293138, 2293267, 2293381, 2293382, 2293463, 2293478, 2293573, 2293666, 2293783, 2294046, 2294049, 2294076, 2294467, 2294482, 2294531, 2294589, 2295061, 2295259, 2295284, 2295479, 2295599, 2295622, 2295682, 2295841, 2295873, 2295901, 2295999, 2296153, 2296220, 2296438, 2296498, 2296504, 2296515, 2296559, 2296959, 2297185, 2297238, 2297329, 2297448, 2297449, 2297718, 2297743, 2297768, 2297868, 2297874, 2297910, 2298036, 2298069, 2298090, 2298112, 2298160, 2298186, 2298333, 2298418, 2298445, 2298515, 2298527, 2298562, 2298582, 2298786, 2298828, 2298901, 2298920, 2299136, 2299280, 2299374, 2299510, 2299570, 2299618, 2299736, 2299802, 2299847, 2299872, 2299895, 2299940, 2299950, 2300008, 2300096, 2300353, 2300370, 2300489, 2300786, 2300895, 2300940, 2300956, 2301242, 2301326, 2301414, 2301697, 2301908, 2302033, 2302033, 2302075, 2302154, 2302170, 2302220, 2302396, 2302470, 2302531, 2302532, 2302552, 2302574, 2302760, 2302973, 2303016, 2303033, 2303048, 2303096, 2303261, 2303369, 2303394, 2303608, 2303622, 2303676, 2303962, 2304130, 2304201, 2304258, 2304312, 2304460, 2304499, 2304547, 2304574, 2304595, 2304602, 2304671, 2304746, 2304781, 2304821, 2304976, 2305094, 2305096, 2305270, 2305529, 2305643, 2306077, 2306112, 2306243, 2306352, 2306395, 2306403, 2306409, 2306511, 2306597, 2306761, 2306850, 2306918, 2306921, 2306963, 2306998, 2307022, 2307097, 2307185, 2307242, 2307297, 2307378, 2307470, 2307950, 2307983, 2308042, 2308378, 2308498, 2308610, 2308633, 2308636, 2308702, 2308729, 2308795, 2309037, 2309060, 2309466, 2309480, 2309492, 2309646, 2309755, 2309760, 2309803, 2309808, 2309910, 2310011, 2310125, 2310234, 2310343, 2310584, 2310597, 2310598, 2310779, 2310839, 2310881, 2310898, 2311012, 2311620, 2311897, 2311929, 2311971, 2312146, 2312209, 2312414, 2312422, 2312528, 2312534, 2312545, 2312603, 2312642, 2312760, 2312910, 2313069, 2313174, 2313220, 2313283, 2313296, 2313336, 2313373, 2313421, 2313683, 2313800, 2313875, 2313930, 2313933, 2314210, 2314299, 2314330, 2314384, 2314490, 2314525, 2314588, 2314649, 2314849, 2314944, 2315016, 2315505, 2315536, 2315623, 2315658, 2315664, 2315947, 2315975, 2316010, 2316305, 2316409, 2316410, 2316658, 2316691, 2316728, 2316984, 2317132, 2317264, 2317555, 2317781, 2318048, 2318189, 2318230, 2318480, 2318530, 2318549, 2318603, 2318914, 2318939, 2319040, 2319223, 2319348, 2319627, 2319727, 2319801, 2319946, 2320003, 2320008, 2320051, 2320359, 2320393, 2320403, 2320537, 2320726, 2320821, 2320866, 2320934, 2320939, 2321191, 2321367, 2321434, 2321625, 2321673, 2321842, 2321866, 2321920, 2321954, 2321967, 2322045, 2322077, 2322198, 2322201, 2322366, 2322382, 2322481, 2322561, 2322873, 2323030, 2323113, 2323133, 2323263, 2323417, 2323483, 2323567, 2323707, 2323830, 2323836, 2323863, 2323891, 2324096, 2324102, 2324131, 2324246, 2324581, 2324603, 2324603, 2324866, 2324889, 2325112, 2325221, 2325301, 2325567, 2325814, 2325874, 2325909, 2326426, 2326434, 2326480, 2326569, 2326624, 2326660, 2326706, 2326762, 2326827, 2327266, 2327544, 2327678, 2327731, 2327788, 2327799, 2327911, 2327991, 2328020, 2328021, 2328133, 2328150, 2328172, 2328343, 2328671, 2328906, 2328940, 2329066, 2329330, 2329352, 2329420, 2329468, 2329559, 2329671, 2329723, 2329763, 2329856, 2330061, 2330170, 2330219, 2330279, 2330290, 2330552, 2330555, 2330602, 2330645, 2330732, 2330764, 2330952, 2331173, 2331288, 2331361, 2331516, 2331719, 2331792, 2331812, 2331836, 2332034, 2332193, 2332220, 2332261, 2332313, 2332537, 2332542, 2332598, 2332691, 2333042, 2333106, 2333195, 2333230, 2333318, 2333386, 2333419, 2333451, 2333488, 2333600, 2333607, 2334281, 2334336, 2334522, 2334916, 2334950, 2334995, 2335013, 2335043, 2335269, 2335497, 2335499, 2335809, 2336110, 2336226, 2336254, 2336261, 2336341, 2336429, 2336434, 2336508, 2336534, 2336626, 2336668, 2336671, 2336688, 2336805, 2336843, 2337039, 2337151, 2337379, 2337446, 2337524, 2337679, 2337766, 2337774, 2337783, 2338140, 2338170, 2338350, 2338402, 2338424, 2338440, 2338458, 2338551, 2338631, 2338760, 2338868, 2339045, 2339317, 2339351, 2339388, 2339438, 2339646, 2339977, 2340006, 2340037, 2340123, 2340165, 2340227, 2340235, 2340362, 2340387, 2340411, 2340578, 2340593, 2340598, 2340658, 2340659, 2340700, 2341043, 2341175, 2341229, 2341296, 2341559, 2341568, 2341585, 2341626, 2341752, 2341816, 2341828, 2341882, 2341911, 2341979, 2342253, 2342351, 2342417, 2342474, 2342560, 2342647, 2342753, 2342854, 2342985, 2343003, 2343055, 2343216, 2343402, 2343444, 2343490, 2343541, 2343552, 2343621, 2343660, 2343832, 2343833, 2344013, 2344126, 2344338, 2344350, 2344427, 2344537, 2344577, 2344710, 2344896, 2345053, 2345078, 2345121, 2345351, 2345406, 2345512, 2345667, 2345856, 2345889, 2346044, 2346243, 2346344, 2346397, 2346434, 2346844, 2346948, 2346968, 2347194, 2347394, 2347404, 2347555, 2347691, 2347865, 2348374, 2348383, 2348454, 2348464, 2348466, 2348513, 2348621, 2348934, 2349275, 2349281, 2349529, 2349534, 2349760, 2349762, 2349785, 2349854, 2349900, 2349910, 2350142, 2350200, 2350268, 2350394, 2350537, 2350556, 2350646, 2350927, 2350928, 2350961, 2351048, 2351098, 2351180, 2351274, 2351293, 2351505, 2351528, 2351584, 2351654, 2351712, 2351963, 2351965, 2352145, 2352158, 2352246, 2352610, 2352637, 2352984, 2353074, 2353255, 2353319, 2353333, 2353366, 2353462, 2353537, 2353578, 2353713, 2353749, 2353802, 2353828, 2353854, 2354013, 2354075, 2354148, 2354415, 2354488, 2354492, 2354815, 2354953, 2355043, 2355133, 2355413, 2355432, 2355461, 2355541, 2355566, 2355630, 2355644, 2355653, 2355681, 2355857, 2356084, 2356159, 2356268, 2356278, 2356287, 2356324, 2356343, 2356444, 2356484, 2356508, 2356513, 2356556, 2356619, 2356629, 2356665, 2356672, 2356802, 2356938, 2357072, 2357165, 2357249, 2357324, 2357355, 2357500, 2357539, 2357546, 2357552, 2357665, 2357762, 2357772, 2357967, 2358093, 2358195, 2358308, 2358617, 2358668, 2358741, 2358792, 2358895, 2358942, 2358975, 2359029, 2359177, 2359344, 2359367, 2359407, 2359443, 2359556, 2359595, 2359610, 2359695, 2359768, 2359831, 2360080, 2360112, 2360533, 2360547, 2360622, 2360791, 2360832, 2361065, 2361067, 2361234, 2361378, 2361416, 2361544, 2361588, 2361609, 2361633, 2361683, 2361707, 2361820, 2361872, 2362171, 2362374, 2362400, 2362487, 2362717, 2362856, 2362949, 2362984, 2363066, 2363177, 2363212, 2363525, 2363551, 2363591, 2363822, 2363885, 2363913, 2363977, 2364007, 2364253, 2364266, 2364310, 2364333, 2364417, 2364480, 2364497, 2364522, 2364527, 2364655, 2364707, 2364791, 2364994, 2365003, 2365353, 2365383, 2365437, 2365577, 2365580, 2365783, 2365972, 2366242, 2366379, 2366445, 2366447, 2366466, 2366561, 2366782, 2366898, 2366936, 2367061, 2367108, 2367474, 2367512, 2367523, 2367551, 2367853, 2367857, 2367922, 2367935, 2367951, 2368131, 2368152, 2368187, 2368238, 2368293, 2368475, 2368484, 2368828, 2368878, 2369148, 2369162, 2369203, 2369220, 2369238, 2369294, 2369334, 2369366, 2369914, 2370019, 2370318, 2370552, 2370622, 2370628, 2370740, 2370753, 2370809, 2370836, 2370946, 2371065, 2371145, 2371194, 2371226, 2371251, 2371435, 2371522, 2371716, 2371779, 2372266, 2372412, 2372415, 2372426, 2372451, 2372528, 2372571, 2372767, 2372802, 2372857, 2373120, 2373193, 2373280, 2373294, 2373319, 2373421, 2373431, 2373468, 2373502, 2373509, 2373684, 2373751, 2373793, 2374074, 2374149, 2374181, 2374461, 2374524, 2374531, 2374574, 2374770, 2374773, 2375178, 2375212, 2375269, 2375285, 2375421, 2375421, 2375441, 2375450, 2375593, 2375647, 2375672, 2375742, 2375797, 2375852, 2376175, 2376468, 2376710, 2376715, 2376898, 2376931, 2377045, 2377287, 2377360, 2377614, 2377669, 2377870, 2378113, 2378129, 2378224, 2378317, 2378332, 2378391, 2378395, 2378622, 2378678, 2378726, 2378780, 2378803, 2378970, 2379007, 2379009, 2379020, 2379350, 2379428, 2379501, 2379668, 2379714, 2379797, 2379838, 2379895, 2379949, 2380011, 2380112, 2380252, 2380350, 2380553, 2380568, 2380676, 2380822, 2380943, 2381034, 2381067, 2381278, 2381357, 2381408, 2381769, 2381801, 2382010, 2382114, 2383003, 2383070, 2383206, 2383285, 2383369, 2383460, 2383490, 2383566, 2383589, 2383717, 2383841, 2383937, 2384013, 2384238, 2384381, 2384439, 2384520, 2384693, 2384927, 2384979, 2385213, 2385245, 2385269, 2385358, 2385364, 2385387, 2385666, 2385691, 2385728, 2385861, 2385885, 2385949, 2386087, 2386151, 2386159, 2386292, 2386363, 2386447, 2386513, 2386563, 2386590, 2386652, 2386652, 2386706, 2386712, 2386922, 2387113, 2387207, 2387217, 2387320, 2387719, 2387778, 2387899, 2387944, 2388031, 2388037, 2388060, 2388092, 2388399, 2388564, 2388701, 2388718, 2388904, 2388942, 2388961, 2389191, 2389327, 2389467, 2389517, 2389530, 2389891, 2389925, 2390136, 2390245, 2390252, 2390459, 2390762, 2390831, 2390891, 2390902, 2390974, 2391090, 2391141, 2391143, 2391145, 2391329, 2391354, 2391390, 2391567, 2391712, 2391916, 2391931, 2392057, 2392277, 2392711, 2392789, 2392813, 2392904, 2392972, 2392981, 2392998, 2393010, 2393711, 2393756, 2393891, 2393899, 2393970, 2394170, 2394446, 2394739, 2394749, 2394775, 2394869, 2394972, 2395008, 2395050, 2395124, 2395157, 2395217, 2395352, 2395768, 2395845, 2395866, 2395891, 2395910, 2396254, 2396263, 2396284, 2396490, 2396522, 2396607, 2396689, 2396734, 2396742, 2397056, 2397216, 2397308, 2397355, 2397392, 2397512, 2397579, 2397817, 2397909, 2398116, 2398132, 2398257, 2398495, 2398526, 2398773, 2398815, 2398859, 2399053, 2399307, 2399326, 2399366, 2399434, 2399502, 2399597, 2399679, 2399722, 2399766, 2399850, 2399864, 2399891, 2399948, 2400040, 2400160, 2400337, 2400611, 2400989, 2401056, 2401200, 2401225, 2401229, 2401326, 2401402, 2401626, 2401627, 2401629, 2401651, 2401680, 2401863, 2401934, 2402034, 2402163, 2402241, 2402417, 2402535, 2402689, 2402696, 2402825, 2402830, 2402876, 2402882, 2402938, 2403243, 2403455, 2403524, 2403556, 2403577, 2403594, 2403606, 2403773, 2403932, 2404080, 2404208, 2404272, 2404386, 2404393, 2404650, 2404733, 2404771, 2404832, 2405026, 2405042, 2405706, 2405758, 2405848, 2405920, 2406129, 2406226, 2406275, 2406297, 2406319, 2406401, 2406426, 2406747, 2406961, 2407020, 2407268, 2407309, 2407314, 2407483, 2407491, 2407684, 2407810, 2407832, 2407876, 2407881, 2407923, 2407998, 2408024, 2408294, 2408624, 2408626, 2408688, 2408691, 2408724, 2408891, 2408913, 2408925, 2408939, 2408990, 2409008, 2409091, 2409101, 2409126, 2409202, 2409220, 2409221, 2409467, 2409646, 2409757, 2409892, 2410020, 2410108, 2410158, 2410196, 2410200, 2410243, 2410313, 2410392, 2410427, 2410642, 2410681, 2410706, 2410778, 2411162, 2411242, 2411275, 2411320, 2411335, 2411354, 2411452, 2411731, 2411836, 2411852, 2411911, 2411936, 2411944, 2411957, 2411973, 2412138, 2412183, 2412226, 2412231, 2412235, 2412274, 2412596, 2412679, 2412689, 2412733, 2412780, 2412792, 2412946, 2413069, 2413108, 2413305, 2413311, 2413410, 2413410, 2413690, 2413894, 2413909, 2413948, 2414012, 2414104, 2414110, 2414144, 2414169, 2414403, 2414728, 2415110, 2415290, 2415292, 2415462, 2415555, 2415603, 2415732, 2415809, 2415892, 2415920, 2415950, 2415991, 2416194, 2416201, 2416205, 2416227, 2416274, 2416420, 2416605, 2416834, 2416867, 2416998, 2417091, 2417160, 2417220, 2417228, 2417496, 2417548, 2417738, 2417978, 2418275, 2418776, 2418808, 2418964, 2419107, 2419114, 2419257, 2419270, 2419407, 2419466, 2419469, 2419551, 2419636, 2419645, 2419674, 2419734, 2419846, 2419931, 2420190, 2420344, 2420686, 2420687, 2420813, 2420900, 2421047, 2421134, 2421225, 2421381, 2421424, 2421505, 2421535, 2421632, 2421924, 2421991, 2422126, 2422154, 2422468, 2422471, 2422625, 2422774, 2422799, 2422924, 2422925, 2423022, 2423042, 2423086, 2423091, 2423267, 2423354, 2423396, 2423550, 2423655, 2423709, 2423854, 2423951, 2423968, 2424033, 2424063, 2424206, 2424215, 2424303, 2424306, 2424403, 2424436, 2424454, 2424596, 2424625, 2424699, 2424735, 2424749, 2424797, 2424853, 2424926, 2424984, 2424999, 2425016, 2425041, 2425045, 2425077, 2425113, 2425161, 2425343, 2425487, 2425611, 2425659, 2425840, 2425985, 2426037, 2426052, 2426058, 2426272, 2426358, 2426416, 2426509, 2426654, 2426689, 2426698, 2426758, 2426991, 2427042, 2427196, 2427317, 2427438, 2427734, 2427744, 2427858, 2427920, 2428029, 2428249, 2428404, 2428555, 2428662, 2428795, 2428823, 2429139, 2429358, 2429441, 2429594, 2429669, 2429686, 2429709, 2429727, 2429803, 2430250, 2430290, 2430453, 2430730, 2430771, 2430964, 2431333, 2431526, 2431532, 2431663, 2431724, 2431824, 2431829, 2431868, 2431965, 2431981, 2432008, 2432070, 2432099, 2432264, 2432325, 2432351, 2432451, 2432641, 2432765, 2433067, 2433075, 2433135, 2433154, 2433218, 2433251, 2433319, 2433620, 2433767, 2433875, 2434092, 2434117, 2434240, 2434248, 2434382, 2434491, 2434593, 2434933, 2434991, 2435033, 2435164, 2435166, 2435222, 2435242, 2435522, 2435558, 2435650, 2435676, 2435852, 2436277, 2436316, 2436523, 2436626, 2436643, 2436797, 2436819, 2437052, 2437102, 2437151, 2437223, 2437326, 2437419, 2437544, 2437552, 2437621, 2437637, 2437741, 2437908, 2437945, 2438378, 2438526, 2438723, 2438784, 2438800, 2439427, 2439564, 2439736, 2439808, 2439878, 2440116, 2440245, 2440358, 2440439, 2440483, 2440500, 2440517, 2440985, 2440987, 2441142, 2441217, 2441225, 2441236, 2441360, 2441669, 2441840, 2441950, 2441971, 2442012, 2442027, 2442027, 2442213, 2442218, 2442480, 2442489, 2442499, 2442516, 2442665, 2442668, 2442839, 2442876, 2442881, 2443035, 2443048, 2443161, 2443240, 2443366, 2443403, 2443495, 2443555, 2443565, 2443602, 2443718, 2443932, 2443942, 2443990, 2444073, 2444090, 2444110, 2444118, 2444160, 2444203, 2444228, 2444239, 2444299, 2444309, 2444370, 2444395, 2444484, 2444682, 2444785, 2444875, 2444901, 2444934, 2445029, 2445275, 2445516, 2445588, 2445721, 2445764, 2445772, 2445887, 2445920, 2445951, 2446162, 2446184, 2446187, 2446201, 2446269, 2446396, 2446520, 2446587, 2446648, 2446751, 2446778, 2446831, 2446899, 2447030, 2447193, 2447206, 2447262, 2447614, 2447722, 2447879, 2448006, 2448040, 2448224, 2448364, 2448543, 2448702, 2448829, 2449040, 2449212, 2449221, 2449228, 2449366, 2449510, 2449934, 2449939, 2449981, 2450026, 2450346, 2450752, 2450760, 2450795, 2450823, 2450836, 2451054, 2451262, 2451424, 2451549, 2451580, 2451614, 2451708, 2451716, 2451904, 2451930, 2451957, 2452033, 2452090, 2452096, 2452131, 2452142, 2452287, 2452408, 2452435, 2452812, 2452838, 2453287, 2453341, 2453418, 2453506, 2453604, 2453693, 2453741, 2453747, 2453843, 2453970, 2454119, 2454155, 2454188, 2454304, 2454312, 2454343, 2454383, 2454468, 2454530, 2454545, 2454546, 2454577, 2454694, 2454705, 2454731, 2454797, 2455071, 2455095, 2455099, 2455174, 2455179, 2455211, 2455484, 2455562, 2455710, 2455932, 2456144, 2456370, 2456374, 2456391, 2456414, 2456418, 2456422, 2456460, 2456738, 2456762, 2456905, 2456988, 2457118, 2457214, 2457236, 2457308, 2457316, 2457347, 2457702, 2457895, 2457984, 2458017, 2458079, 2458080, 2458084, 2458086, 2458345, 2458362, 2458471, 2458552, 2458629, 2458718, 2459071, 2459119, 2459240, 2459241, 2459377, 2459513, 2459573, 2459745, 2459753, 2459827, 2459940, 2459970, 2460018, 2460068, 2460687, 2460722, 2460768, 2460835, 2460847, 2460929, 2461149, 2461212, 2461218, 2461418, 2461430, 2461503, 2461516, 2461907, 2462063, 2462368, 2462382, 2462538, 2462628, 2462667, 2462674, 2462880, 2462975, 2463063, 2463136, 2463140, 2463296, 2463366, 2463665, 2463771, 2463807, 2463968, 2464037, 2464112, 2464207, 2464605, 2464656, 2464674, 2464722, 2464757, 2464784, 2464795, 2465000, 2465076, 2465097, 2465152, 2465290, 2465606, 2465612, 2465679, 2465797, 2465890, 2465971, 2466113, 2466215, 2466401, 2466418, 2466427, 2466533, 2466650, 2466986, 2467050, 2467170, 2467262, 2467295, 2467310, 2467340, 2467357, 2467364, 2467499, 2467657, 2467683, 2468032, 2468184, 2468238, 2468649, 2468893, 2469069, 2469104, 2469135, 2469238, 2469323, 2469429, 2469472, 2469684, 2469705, 2469715, 2469801, 2469882, 2469895, 2469946, 2470119, 2470136, 2470223, 2470595, 2470607, 2470671, 2470718, 2470731, 2470805, 2470813, 2470876, 2470889, 2470926, 2470993, 2471009, 2471061, 2471080, 2471444, 2471542, 2471717, 2471730, 2471743, 2471762, 2471775, 2471792, 2471800, 2471815, 2471862, 2471932, 2471968, 2472023, 2472047, 2472281, 2472296, 2472348, 2472411, 2472470, 2472484, 2472690, 2472690, 2472724, 2472793, 2472993, 2473142, 2473282, 2473288, 2473336, 2473337, 2473350, 2473373, 2473442, 2473538, 2473617, 2473689, 2473723, 2474105, 2474310, 2474385, 2474461, 2474578, 2474633, 2474639, 2474668, 2474783, 2474932, 2475214, 2475241, 2475341, 2475417, 2475589, 2475609, 2475634, 2475665, 2475893, 2476050, 2476056, 2476243, 2476264, 2476333, 2476390, 2476527, 2476555, 2476591, 2476593, 2476611, 2476861, 2476921, 2476928, 2477087, 2477147, 2477215, 2477233, 2477266, 2477335, 2477388, 2477430, 2477589, 2477816, 2478005, 2478111, 2478160, 2478198, 2478277, 2478286, 2478314, 2478464, 2478526, 2478966, 2478992, 2479072, 2479190, 2479223, 2479501, 2479588, 2479645, 2479677, 2479907, 2479918, 2479971, 2480058, 2480084, 2480084, 2480094, 2480164, 2480396, 2480683, 2480701, 2480737, 2480972, 2481130, 2481160, 2481266, 2481300, 2481336, 2481397, 2481561, 2481674, 2481690, 2481695, 2481870, 2481990, 2482108, 2482118, 2482126, 2482217, 2482226, 2482318, 2482327, 2482465, 2482599, 2482663, 2482742, 2482768, 2482891, 2483286, 2483475, 2483618, 2483621, 2483659, 2484088, 2484109, 2484171, 2484287, 2484308, 2484557, 2484637, 2484659, 2484687, 2484688, 2484764, 2484769, 2484848, 2485037, 2485115, 2485283, 2485284, 2485469, 2485556, 2485571, 2485651, 2485747, 2486073, 2486093, 2486124, 2486184, 2486366, 2486383, 2486414, 2486456, 2486763, 2486942, 2486985, 2487112, 2487203, 2487214, 2487216, 2487548, 2487691, 2487703, 2488090, 2488161, 2488317, 2488497, 2488549, 2488744, 2488892, 2488911, 2489095, 2489190, 2489410, 2489454, 2489648, 2489708, 2489967, 2490088, 2490095, 2490716, 2490742, 2490745, 2490768, 2490789, 2490844, 2490893, 2491033, 2491112, 2491206, 2491270, 2491344, 2491436, 2491488, 2491514, 2491579, 2491657, 2491807, 2491948, 2491948, 2491987, 2492327, 2492393, 2492429, 2492515, 2492531, 2492593, 2492636, 2492769, 2492784, 2492832, 2492878, 2492966, 2493068, 2493133, 2493568, 2493758, 2493786, 2493809, 2493823, 2493825, 2493849, 2494314, 2494523, 2494554, 2494649, 2494689, 2494743, 2494757, 2494773, 2494905, 2494936, 2495058, 2495067, 2495361, 2495437, 2495570, 2495680, 2495769, 2495781, 2495906, 2495987, 2496256, 2496285, 2496345, 2496387, 2496416, 2496562, 2496776, 2496840, 2496861, 2496863, 2496968, 2497020, 2497187, 2497242, 2497298, 2497301, 2497495, 2497799, 2497857, 2498019, 2498026, 2498058, 2498160, 2498239, 2498255, 2498265, 2498316, 2498370, 2498621, 2498732, 2498785, 2499144, 2499195, 2499222, 2499224, 2499358, 2499405, 2499756, 2499759, 2499784, 2499933, 2500172, 2500187, 2500364, 2500474, 2500490, 2500492, 2500551, 2500622, 2500708, 2500810, 2500930, 2500995, 2501096, 2501142, 2501145, 2501284, 2501884, 2501924, 2502140, 2502308, 2502557, 2502609, 2502674, 2502693, 2502709, 2502745, 2502876, 2502894, 2502944, 2502962, 2502984, 2503032, 2503098, 2503115, 2503236, 2503552, 2503594, 2503642, 2503745, 2503795, 2503887, 2504060, 2504151, 2504537, 2504738, 2504755, 2504890, 2504902, 2504943, 2504952, 2505051, 2505144, 2505250, 2505261, 2505327, 2505345, 2505365, 2505923, 2506019, 2506135, 2506661, 2506691, 2506760, 2506774, 2506783, 2506965, 2507173, 2507208, 2507363, 2507457, 2507468, 2507506, 2507615, 2507704, 2507788, 2507944, 2507955, 2508148, 2508182, 2508213, 2508264, 2508326, 2508444, 2508539, 2508598, 2508642, 2508653, 2508670, 2508747, 2508765, 2508852, 2508883, 2508994, 2509015, 2509228, 2509486, 2509544, 2509650, 2509654, 2509715, 2509937, 2510038, 2510106, 2510274, 2510326, 2510450, 2510489, 2510548, 2510570, 2510603, 2510658, 2510681, 2510695, 2510699, 2510798, 2510944, 2511038, 2511263, 2511463, 2511669, 2511696, 2511768, 2511820, 2511847, 2512407, 2512437, 2512439, 2512841, 2512869, 2512873, 2513034, 2513154, 2513265, 2513526, 2513621, 2513731, 2513840, 2513898, 2513991, 2514257, 2514461, 2514677, 2514696, 2514820, 2515094, 2515491, 2516071, 2516171, 2516199, 2516267, 2516400, 2516588, 2516629, 2516847, 2516886, 2516968, 2517162, 2517170, 2517197, 2517199, 2517258, 2517295, 2517323, 2517483, 2517775, 2517881, 2517947, 2517965, 2518047, 2518185, 2518445, 2518553, 2518564, 2518592, 2518684, 2518733, 2518878, 2518885, 2518894, 2519132, 2519136, 2519200, 2519231, 2519396, 2519452, 2519471, 2519667, 2519800, 2519825, 2519859, 2520005, 2520028, 2520121, 2520135, 2520154, 2520185, 2520208, 2520432, 2520516, 2520571, 2520625, 2520676, 2520696, 2521126, 2521344, 2521368, 2521370, 2521529, 2521558, 2521610, 2521691, 2521697, 2521745, 2522416, 2522424, 2522479, 2522507, 2522602, 2522616, 2522619, 2522763, 2522827, 2522851, 2522980, 2523069, 2523181, 2523453, 2523517, 2523708, 2523759, 2523906, 2523936, 2524045, 2524105, 2524435, 2524512, 2524886, 2524930, 2524959, 2524978, 2524990, 2525091, 2525180, 2525278, 2525439, 2525500, 2525567, 2525573, 2525580, 2525595, 2525743, 2525918, 2525930, 2526218, 2526290, 2526696, 2526763, 2526898, 2526900, 2526944, 2527086, 2527169, 2527213, 2527306, 2527307, 2527356, 2527397, 2527420, 2527593, 2528006, 2528010, 2528182, 2528211, 2528264, 2528658, 2528702, 2529094, 2529257, 2529385, 2529463, 2529478, 2529508, 2529643, 2529857, 2529942, 2529964, 2530098, 2530425, 2530458, 2530517, 2530835, 2530924, 2531117, 2531211, 2531253, 2531811, 2531855, 2531959, 2532118, 2532143, 2532211, 2532296, 2532527, 2532634, 2532666, 2533005, 2533060, 2533230, 2533246, 2533255, 2533368, 2533409, 2533458, 2533471, 2533548, 2533607, 2533715, 2533756, 2533790, 2533831, 2533853, 2533955, 2534031, 2534039, 2534083, 2534122, 2534366, 2534381, 2534484, 2534538, 2534582, 2534588, 2534670, 2534851, 2534944, 2535005, 2535008, 2535088, 2535260, 2535554, 2535565, 2535784, 2535930, 2535939, 2535963, 2535975, 2535984, 2536197, 2536435, 2536511, 2536669, 2536713, 2536809, 2536951, 2537070, 2537119, 2537221, 2537237, 2537304, 2537550, 2537581, 2537674, 2537745, 2537769, 2537836, 2537910, 2537991, 2538335, 2538394, 2538617, 2538766, 2538908, 2538950, 2539088, 2539393, 2539457, 2539800, 2539889, 2539913, 2539934, 2539975, 2540052, 2540318, 2540397, 2540398, 2540605, 2540613, 2540792, 2540860, 2540895, 2541027, 2541370, 2541467, 2541779, 2541808, 2541958, 2542006, 2542057, 2542089, 2542136, 2542322, 2542437, 2542500, 2542572, 2542787, 2542920, 2543192, 2543220, 2543228, 2543346, 2543390, 2543539, 2543871, 2543938, 2544011, 2544027, 2544133, 2544322, 2544529, 2544573, 2544630, 2544678, 2544680, 2544855, 2544889, 2545040, 2545079, 2545193, 2545281, 2545310, 2545345, 2545495, 2545549, 2545636, 2545949, 2545989, 2546161, 2546221, 2546312, 2546330, 2546492, 2546601, 2546690, 2546694, 2546727, 2546735, 2546787, 2546806, 2546816, 2546849, 2547078, 2547252, 2547465, 2547512, 2547656, 2547785, 2547829, 2547883, 2547956, 2548140, 2548158, 2548295, 2548357, 2548362, 2548385, 2548495, 2548500, 2548610, 2548756, 2548884, 2548974, 2549055, 2549180, 2549185, 2549369, 2549542, 2549728, 2549762, 2549830, 2550189, 2550373, 2550576, 2550876, 2551002, 2551050, 2551264, 2551357, 2551479, 2551506, 2551671, 2551735, 2551748, 2551769, 2551992, 2552097, 2552163, 2552173, 2552180, 2552283, 2552291, 2552328, 2552351, 2552381, 2552562, 2552655, 2552659, 2552936, 2553041, 2553149, 2553197, 2553227, 2553292, 2553296, 2553414, 2553482, 2553553, 2553914, 2553915, 2553982, 2554114, 2554162, 2554225, 2554372, 2554400, 2554429, 2554485, 2554510, 2554713, 2554722, 2555183, 2555347, 2555355, 2555384, 2555389, 2555590, 2555755, 2555815, 2555878, 2556026, 2556149, 2556338, 2556339, 2556468, 2556573, 2556802, 2556852, 2556909, 2557114, 2557114, 2557133, 2557350, 2557501, 2557544, 2557545, 2557649, 2557650, 2557672, 2557698, 2557776, 2557779, 2557973, 2558036, 2558371, 2558508, 2558573, 2558646, 2558751, 2559299, 2559453, 2559488, 2559562, 2559695, 2559755, 2559857, 2559924, 2559958, 2559969, 2560067, 2560125, 2560172, 2560396, 2560551, 2560675, 2560690, 2560800, 2560842, 2560900, 2561049, 2561061, 2561215, 2561419, 2561488, 2561737, 2561926, 2561950, 2562140, 2562166, 2562207, 2562474, 2562486, 2562562, 2562647, 2562653, 2562726, 2562731, 2562795, 2562989, 2563056, 2563103, 2563196, 2563197, 2563203, 2563218, 2563370, 2563371, 2563389, 2563512, 2563638, 2563781, 2563783, 2563910, 2564047, 2564059, 2564365, 2564726, 2564816, 2564831, 2564842, 2565001, 2565030, 2565476, 2565498, 2565626, 2565678, 2565765, 2565786, 2565830, 2565855, 2565861, 2566073, 2566148, 2566151, 2566530, 2566544, 2566682, 2567126, 2567202, 2567206, 2567208, 2567567, 2567766, 2567805, 2567965, 2567983, 2567990, 2568045, 2568100, 2568178, 2568222, 2568510, 2568657, 2568675, 2568729, 2568944, 2569208, 2569624, 2569656, 2569664, 2569670, 2569757, 2569821, 2570076, 2570103, 2570103, 2570132, 2570144, 2570351, 2570696, 2570751, 2570756, 2570815, 2570906, 2571031, 2571180, 2571215, 2571267, 2571393, 2571525, 2571560, 2571697, 2571761, 2571762, 2571849, 2571888, 2572002, 2572076, 2572440, 2572479, 2572481, 2572629, 2572653, 2572675, 2572741, 2572927, 2572961, 2573002, 2573049, 2573069, 2573161, 2573162, 2573419, 2573843, 2573855, 2573864, 2574065, 2574095, 2574116, 2574168, 2574191, 2574197, 2574220, 2574379, 2574409, 2574436, 2574515, 2574557, 2574661, 2574674, 2574707, 2574784, 2574856, 2575011, 2575101, 2575170, 2575291, 2575428, 2575684, 2575894, 2575950, 2576022, 2576051, 2576309, 2576340, 2576349, 2576515, 2576589, 2576652, 2576679, 2576717, 2576757, 2576772, 2576801, 2576930, 2576994, 2577188, 2577234, 2577300, 2577414, 2577561, 2577617, 2577619, 2577654, 2577680, 2577776, 2578156, 2578161, 2578171, 2578294, 2578378, 2578422, 2578602, 2578642, 2578750, 2578880, 2578972, 2579198, 2579293, 2579502, 2579507, 2579534, 2579662, 2580048, 2580072, 2580305, 2580453, 2580505, 2580681, 2580739, 2580816, 2580848, 2580867, 2581103, 2581190, 2581284, 2581293, 2581330, 2581482, 2581677, 2581737, 2581807, 2581956, 2582136, 2582155, 2582261, 2582287, 2582335, 2582431, 2582563, 2582590, 2582590, 2582592, 2582624, 2582739, 2582756, 2582805, 2582830, 2582871, 2583031, 2583094, 2583122, 2583330, 2583375, 2583468, 2583473, 2583521, 2583535, 2583780, 2583818, 2583866, 2583917, 2584067, 2584111, 2584114, 2584232, 2584268, 2584463, 2584630, 2584686, 2584709, 2584710, 2584808, 2585126, 2585238, 2585356, 2585597, 2585704, 2585833, 2585928, 2586028, 2586206, 2586244, 2586349, 2586381, 2586475, 2586651, 2586653, 2586663, 2586690, 2586848, 2586923, 2586986, 2587036, 2587040, 2587687, 2587732, 2588258, 2588351, 2588409, 2588508, 2588539, 2588596, 2588685, 2588691, 2588727, 2588887, 2589012, 2589115, 2589186, 2589262, 2589485, 2589578, 2589582, 2589665, 2589982, 2590172, 2590198, 2590206, 2590233, 2590398, 2590442, 2590483, 2590617, 2590695, 2590721, 2590865, 2590912, 2590942, 2590965, 2591300, 2591329, 2591348, 2591381, 2591563, 2591671, 2591775, 2591820, 2591952, 2591995, 2592038, 2592080, 2592088, 2592272, 2592418, 2592522, 2592542, 2592612, 2592723, 2592773, 2592871, 2593183, 2593468, 2593738, 2593951, 2593957, 2594099, 2594106, 2594182, 2594313, 2594495, 2594569, 2594712, 2594763, 2594885, 2595036, 2595094, 2595213, 2595454, 2595564, 2595577, 2595631, 2595699, 2595717, 2595780, 2595790, 2595798, 2595871, 2595924, 2595969, 2596078, 2596334, 2596370, 2596387, 2596532, 2597084, 2597100, 2597160, 2597189, 2597207, 2597387, 2597398, 2597412, 2597753, 2597829, 2597929, 2598182, 2598458, 2598567, 2598577, 2598699, 2598789, 2598899, 2599012, 2599096, 2599189, 2599209, 2599384, 2599509, 2599550, 2599630, 2599682, 2599803, 2599964, 2599993, 2600069, 2600096, 2600222, 2600267, 2600323, 2600491, 2600510, 2600515, 2600667, 2600924, 2600972, 2601083, 2601186, 2601326, 2601362, 2601452, 2601485, 2601539, 2601713, 2601730, 2601789, 2601896, 2601920, 2602195, 2602295, 2602354, 2602377, 2602387, 2602630, 2602765, 2602765, 2602958, 2602995, 2603121, 2603248, 2603370, 2603406, 2603421, 2603527, 2603527, 2603556, 2603567, 2603669, 2603720, 2604024, 2604056, 2604056, 2604078, 2604233, 2604641, 2604699, 2604900, 2605043, 2605174, 2605463, 2605498, 2605646, 2605763, 2605940, 2606283, 2606378, 2606670, 2606760, 2606813, 2606969, 2607209, 2607213, 2607231, 2607245, 2607412, 2607543, 2607545, 2608058, 2608099, 2608286, 2608311, 2608339, 2608490, 2608503, 2608725, 2608838, 2608852, 2608877, 2608968, 2608977, 2609139, 2609141, 2609163, 2609233, 2609521, 2609538, 2609788, 2610044, 2610161, 2610492, 2610623, 2610635, 2610667, 2610868, 2610942, 2611006, 2611117, 2611241, 2611356, 2611504, 2611529, 2611564, 2611596, 2611650, 2611683, 2611720, 2611879, 2612038, 2612194, 2612226, 2612367, 2612458, 2612470, 2612678, 2612679, 2612752, 2612759, 2613274, 2613349, 2613445, 2613600, 2613710, 2613782, 2614065, 2614117, 2614278, 2614356, 2614806, 2614832, 2615089, 2615380, 2615552, 2615609, 2615700, 2615749, 2615775, 2615831, 2615940, 2615994, 2616065, 2616153, 2616518, 2616761, 2616774, 2616914, 2616953, 2616994, 2617538, 2617585, 2617771, 2617796, 2617820, 2617919, 2618168, 2618483, 2618531, 2618594, 2618632, 2618635, 2618733, 2618747, 2618912, 2618922, 2619117, 2619125, 2619163, 2619169, 2619228, 2619462, 2619512, 2619627, 2619651, 2619855, 2620051, 2620110, 2620331, 2620345, 2620509, 2620703, 2620794, 2620884, 2620984, 2621185, 2621270, 2621361, 2621582, 2621599, 2621685, 2621692, 2621699, 2621740, 2622017, 2622179, 2622370, 2622496, 2622561, 2622631, 2622685, 2623039, 2623040, 2623209, 2623210, 2623222, 2623270, 2623316, 2623366, 2623446, 2623489, 2623599, 2623706, 2623730, 2623894, 2624067, 2624174, 2624285, 2624349, 2624425, 2624461, 2624502, 2624525, 2624691, 2624711, 2624730, 2624804, 2624843, 2624863, 2625028, 2625067, 2625252, 2625400, 2625469, 2625759, 2625852, 2625864, 2625910, 2625924, 2626360, 2626626, 2626631, 2626660, 2626667, 2626775, 2626949, 2627116, 2627142, 2627169, 2627198, 2627220, 2627345, 2627397, 2627458, 2627513, 2627689, 2627805, 2627994, 2628399, 2628531, 2628702, 2628902, 2628927, 2629164, 2629256, 2629290, 2629371, 2629400, 2629404, 2629518, 2629628, 2629698, 2629788, 2629950, 2630001, 2630104, 2630176, 2630455, 2630489, 2630502, 2630504, 2631225, 2631281, 2631289, 2631400, 2631623, 2631642, 2631652, 2631723, 2631790, 2631969, 2632222, 2632351, 2632454, 2632602, 2632679, 2632783, 2633184, 2633533, 2633561, 2633604, 2633687, 2633714, 2633988, 2633999, 2634004, 2634238, 2634451, 2634529, 2634577, 2634590, 2634596, 2634610, 2634666, 2634796, 2635240, 2635322, 2635387, 2635814, 2635836, 2636004, 2636142, 2636186, 2636320, 2636334, 2636402, 2636548, 2636759, 2636766, 2636946, 2637042, 2637172, 2637308, 2637495, 2637678, 2637920, 2637970, 2638083, 2638186, 2638223, 2638273, 2638273, 2638405, 2638417, 2638542, 2638549, 2638597, 2638915, 2638958, 2638972, 2638979, 2639003, 2639111, 2639113, 2639253, 2639262, 2639296, 2639423, 2639588, 2639668, 2639739, 2639828, 2639999, 2640145, 2640166, 2640227, 2640261, 2640355, 2640366, 2640562, 2640754, 2640894, 2641003, 2641017, 2641046, 2641063, 2641233, 2641237, 2641243, 2641253, 2641264, 2641465, 2641807, 2641938, 2642092, 2642196, 2642199, 2642406, 2642429, 2642529, 2642620, 2642624, 2642634, 2642912, 2642990, 2643080, 2643135, 2643154, 2643206, 2643258, 2643319, 2643354, 2643363, 2643570, 2643687, 2643706, 2643749, 2644005, 2644014, 2644031, 2644061, 2644159, 2644323, 2644403, 2644566, 2644694, 2644768, 2644947, 2645020, 2645033, 2645114, 2645248, 2645312, 2645645, 2645773, 2645784, 2645806, 2645818, 2645917, 2645929, 2645938, 2645982, 2646040, 2646076, 2646084, 2646291, 2646475, 2646527, 2646578, 2646593, 2646873, 2646893, 2647009, 2647413, 2647440, 2647455, 2647488, 2647615, 2647630, 2647649, 2647659, 2647679, 2647712, 2647784, 2648137, 2648226, 2648248, 2648312, 2648609, 2648619, 2648646, 2649004, 2649166, 2649172, 2649207, 2649242, 2649286, 2649326, 2649329, 2649398, 2649495, 2649595, 2649817, 2649889, 2649928, 2649989, 2650263, 2650339, 2650342, 2650394, 2650741, 2650775, 2650895, 2651155, 2651384, 2651785, 2651821, 2651911, 2651939, 2651963, 2652025, 2652055, 2652335, 2652342, 2652405, 2652532, 2652544, 2652571, 2652718, 2652736, 2652746, 2653406, 2653613, 2653713, 2653729, 2653902, 2654416, 2654431, 2654486, 2654568, 2654679, 2654743, 2654786, 2654968, 2655012, 2655155, 2655228, 2655266, 2655343, 2655353, 2655363, 2655575, 2655589, 2655589, 2655753, 2655759, 2655870, 2656530, 2656720, 2656932, 2656936, 2657088, 2657159, 2657176, 2657199, 2657225, 2657355, 2657435, 2657500, 2657589, 2657642, 2657741, 2657839, 2657876, 2657878, 2657890, 2658044, 2658122, 2658297, 2658373, 2658476, 2658642, 2658852, 2658868, 2658981, 2659044, 2659281, 2659410, 2659438, 2659503, 2659588, 2659594, 2660208, 2660302, 2660498, 2660571, 2660586, 2660620, 2660676, 2660828, 2660906, 2660997, 2661194, 2661464, 2661646, 2661665, 2661727, 2661796, 2661912, 2661990, 2662055, 2662224, 2662275, 2662308, 2662485, 2662621, 2662657, 2662731, 2662857, 2663164, 2663176, 2663463, 2663555, 2663766, 2663842, 2664296, 2664335, 2664466, 2664582, 2664739, 2664742, 2664775, 2664811, 2665089, 2665264, 2665403, 2665478, 2665485, 2665503, 2665510, 2665520, 2665546, 2665575, 2665730, 2665804, 2665847, 2666246, 2666260, 2666344, 2666471, 2666504, 2666628, 2666631, 2666717, 2666735, 2666794, 2666998, 2667144, 2667225, 2667433, 2667546, 2667577, 2667801, 2667877, 2667915, 2667975, 2668055, 2668204, 2668241, 2668535, 2668661, 2668940, 2669052, 2669118, 2669244, 2669281, 2669324, 2669333, 2669367, 2669450, 2669608, 2669690, 2669769, 2669944, 2670102, 2670198, 2670213, 2670325, 2670355, 2670488, 2670613, 2670626, 2670818, 2670920, 2670935, 2671024, 2671070, 2671094, 2671235, 2671398, 2671430, 2671476, 2671546, 2671607, 2671803, 2671814, 2671827, 2671897, 2671938, 2672017, 2672083, 2672094, 2672114, 2672152, 2672194, 2672302, 2672352, 2672423, 2672470, 2672592, 2672593, 2672634, 2672767, 2673160, 2673170, 2673380, 2673443, 2673452, 2673696, 2673819, 2673917, 2673942, 2673964, 2673996, 2674084, 2674114, 2674144, 2674174, 2674504, 2674709, 2674729, 2674808, 2675052, 2675199, 2675287, 2675435, 2675460, 2675468, 2675631, 2675646, 2675792, 2675970, 2676046, 2676196, 2676302, 2676616, 2676653, 2676717, 2676720, 2676729, 2677028, 2677056, 2677206, 2677218, 2677370, 2677509, 2677535, 2677596, 2677769, 2677775, 2677856, 2677889, 2678218, 2678285, 2678315, 2678494, 2678554, 2678665, 2679099, 2679191, 2679199, 2679228, 2679355, 2679364, 2679440, 2679463, 2679514, 2679582, 2679590, 2679738, 2679807, 2679893, 2680019, 2680137, 2680283, 2680372, 2680415, 2680794, 2680887, 2680890, 2681264, 2681310, 2681495, 2681610, 2681618, 2682034, 2682065, 2682295, 2682492, 2682547, 2682721, 2682946, 2683010, 2683091, 2683153, 2683206, 2683275, 2683485, 2683556, 2683558, 2683591, 2683662, 2683725, 2683780, 2683901, 2683965, 2684178, 2684349, 2684514, 2684546, 2684582, 2684779, 2684870, 2685068, 2685068, 2685121, 2685507, 2685520, 2685532, 2685616, 2685756, 2685966, 2685978, 2685983, 2685984, 2686068, 2686190, 2686221, 2686412, 2686448, 2686475, 2686748, 2686951, 2687061, 2687138, 2687179, 2687215, 2687225, 2687351, 2687381, 2687472, 2687494, 2687626, 2687678, 2687737, 2687751, 2687838, 2687878, 2687884, 2687940, 2687953, 2688042, 2688217, 2688288, 2688336, 2688387, 2688591, 2688680, 2689075, 2689245, 2689382, 2689401, 2689459, 2689643, 2689693, 2689738, 2689796, 2689887, 2689901, 2690011, 2690065, 2690159, 2690301, 2690394, 2690770, 2690862, 2690955, 2690989, 2691378, 2691480, 2691511, 2691662, 2691688, 2691732, 2691821, 2691830, 2692078, 2692191, 2692207, 2692224, 2692247, 2692251, 2692288, 2692594, 2692668, 2692720, 2692795, 2692890, 2693003, 2693110, 2693177, 2693304, 2693381, 2693422, 2693426, 2693518, 2693546, 2693643, 2693710, 2693754, 2693771, 2693966, 2693976, 2694185, 2694359, 2694395, 2694470, 2694515, 2694728, 2694903, 2694994, 2695004, 2695041, 2695293, 2695333, 2695344, 2695523, 2695585, 2695592, 2695709, 2695773, 2695865, 2695921, 2695940, 2696087, 2696129, 2696193, 2696250, 2696268, 2696316, 2696468, 2696647, 2696657, 2696916, 2696979, 2697040, 2697163, 2697342, 2697437, 2697617, 2697789, 2697791, 2697844, 2697974, 2697999, 2698051, 2698106, 2698173, 2698467, 2698499, 2698518, 2698537, 2698651, 2698655, 2698679, 2698786, 2698802, 2698985, 2699048, 2699101, 2699218, 2699516, 2699533, 2699633, 2699664, 2699753, 2699801, 2699936, 2700065, 2700148, 2700571, 2700665, 2700756, 2700883, 2700947, 2700971, 2701010, 2701035, 2701094, 2701483, 2701542, 2701637, 2701648, 2701849, 2701907, 2702301, 2702367, 2702442, 2702703, 2702788, 2702799, 2702817, 2702843, 2702963, 2703130, 2703155, 2703226, 2703325, 2703487, 2703500, 2703538, 2703603, 2703603, 2704197, 2704199, 2704234, 2704326, 2704345, 2704834, 2704944, 2705136, 2705141, 2705155, 2705174, 2705200, 2705206, 2705291, 2705348, 2705418, 2705486, 2705774, 2705927, 2706228, 2706283, 2706450, 2706586, 2706647, 2706722, 2706860, 2706958, 2707075, 2707190, 2707192, 2707379, 2707479, 2707541, 2707652, 2707766, 2707777, 2707799, 2708229, 2708328, 2708375, 2708411, 2708719, 2708889, 2708911, 2708958, 2708986, 2708994, 2709172, 2709222, 2709272, 2709279, 2709343, 2709525, 2709541, 2709555, 2709702, 2709708, 2709710, 2710012, 2710060, 2710109, 2710147, 2710194, 2710199, 2710208, 2710218, 2710327, 2710538, 2710583, 2710590, 2710624, 2710655, 2710855, 2710913, 2710920, 2710979, 2711081, 2711173, 2711187, 2711234, 2711330, 2711643, 2711751, 2711758, 2711835, 2712029, 2712363, 2712410, 2712572, 2712757, 2712816, 2712884, 2712887, 2712981, 2713009, 2713075, 2713122, 2713280, 2713318, 2713321, 2713368, 2713388, 2713452, 2713513, 2713825, 2713837, 2713936, 2714098, 2714218, 2714418, 2714433, 2714594, 2714873, 2714878, 2715400, 2715430, 2715511, 2715555, 2715576, 2715659, 2715667, 2715735, 2715880, 2715989, 2716013, 2716039, 2716198, 2716254, 2716608, 2716678, 2716794, 2716890, 2717067, 2717099, 2717153, 2717251, 2717276, 2717372, 2717399, 2717775, 2717814, 2718029, 2718203, 2718293, 2718368, 2718393, 2718434, 2718451, 2718632, 2718713, 2718828, 2719032, 2719131, 2719416, 2719472, 2719643, 2719856, 2719911, 2719958, 2720035, 2720114, 2720315, 2720449, 2720535, 2720697, 2720942, 2721115, 2721123, 2721172, 2721262, 2721749, 2721855, 2721999, 2722007, 2722018, 2722079, 2722454, 2722459, 2722486, 2722539, 2722625, 2722635, 2722762, 2722763, 2722774, 2722966, 2723001, 2723263, 2723416, 2723428, 2723445, 2723460, 2723490, 2723589, 2723630, 2723851, 2723951, 2723954, 2723972, 2724008, 2724008, 2724024, 2724052, 2724164, 2724212, 2724222, 2724347, 2724768, 2724895, 2724923, 2725289, 2725310, 2725451, 2725482, 2725506, 2725535, 2725584, 2725641, 2725797, 2725869, 2726251, 2726254, 2726509, 2726637, 2726800, 2726901, 2726977, 2727065, 2727081, 2727101, 2727148, 2727212, 2727272, 2727468, 2727472, 2727546, 2727809, 2728032, 2728038, 2728038, 2728068, 2728231, 2728335, 2728409, 2728543, 2728810, 2728876, 2728913, 2728975, 2729191, 2729340, 2729383, 2729391, 2729466, 2729481, 2729534, 2729555, 2729694, 2729869, 2730172, 2730423, 2730607, 2730729, 2730735, 2730866, 2731047, 2731147, 2731202, 2731283, 2731425, 2731445, 2731626, 2731682, 2731765, 2732045, 2732155, 2732182, 2732227, 2732287, 2732584, 2732675, 2732737, 2733341, 2733499, 2733895, 2734025, 2734228, 2734370, 2734484, 2734650, 2734724, 2734890, 2734993, 2735217, 2735249, 2735252, 2735358, 2735374, 2735673, 2735681, 2735708, 2736057, 2736100, 2736193, 2736265, 2736316, 2736388, 2736443, 2736512, 2736559, 2736592, 2736661, 2736872, 2736914, 2737182, 2737206, 2737308, 2737352, 2737405, 2737495, 2737706, 2737731, 2737801, 2737871, 2738019, 2738081, 2738339, 2738419, 2738453, 2738455, 2738524, 2738767, 2738847, 2738938, 2739037, 2739181, 2739254, 2739270, 2739296, 2739313, 2739328, 2739388, 2739481, 2739548, 2739837, 2740045, 2740177, 2740179, 2740215, 2740275, 2740297, 2740456, 2740486, 2740550, 2740571, 2740712, 2740759, 2740900, 2740907, 2740939, 2740969, 2741048, 2741150, 2741179, 2741292, 2741295, 2741378, 2741448, 2741525, 2741535, 2741559, 2741700, 2741815, 2741863, 2741892, 2741979, 2742134, 2742305, 2742393, 2742450, 2742491, 2742831, 2743250, 2743533, 2743838, 2743862, 2743932, 2743975, 2744029, 2744068, 2744199, 2744230, 2744354, 2744545, 2744692, 2744769, 2744889, 2744893, 2745184, 2745236, 2745322, 2745513, 2745574, 2745728, 2745742, 2745905, 2745956, 2746213, 2746216, 2746326, 2746479, 2746496, 2746524, 2746590, 2746787, 2746798, 2746915, 2746933, 2746947, 2746977, 2747124, 2747180, 2747224, 2747339, 2747402, 2747465, 2747478, 2747514, 2747573, 2747697, 2747977, 2748114, 2748237, 2748347, 2748358, 2748426, 2748458, 2748842, 2748919, 2748921, 2748940, 2749123, 2749175, 2749560, 2749560, 2749660, 2749975, 2749997, 2750274, 2750593, 2750597, 2750689, 2750689, 2751152, 2751519, 2751666, 2751667, 2751791, 2751893, 2751910, 2751948, 2751962, 2752043, 2752233, 2752253, 2752611, 2752633, 2752980, 2753191, 2753206, 2753270, 2753508, 2753577, 2753614, 2753851, 2753988, 2754041, 2754070, 2754091, 2754160, 2754258, 2754265, 2754413, 2754543, 2754661, 2754679, 2754817, 2754824, 2755056, 2755072, 2755135, 2755141, 2755381, 2755443, 2755659, 2755722, 2755890, 2756212, 2756269, 2756688, 2756711, 2756717, 2756871, 2757052, 2757190, 2757236, 2757338, 2757365, 2757390, 2757416, 2757437, 2757456, 2757497, 2757628, 2757674, 2757740, 2757778, 2757841, 2757992, 2758027, 2758052, 2758065, 2758183, 2758209, 2758292, 2758436, 2758803, 2758891, 2758908, 2758912, 2758979, 2759125, 2759197, 2759322, 2759402, 2759580, 2759626, 2759641, 2759858, 2759916, 2760142, 2760190, 2760200, 2760246, 2760345, 2760472, 2760753, 2760859, 2761037, 2761076, 2761184, 2761188, 2761673, 2761722, 2761749, 2761786, 2761941, 2761975, 2762041, 2762111, 2762232, 2762388, 2762468, 2762469, 2762480, 2762526, 2762626, 2762706, 2762763, 2762904, 2762916, 2763095, 2763120, 2763141, 2763149, 2763153, 2763339, 2763495, 2763549, 2763630, 2763676, 2764066, 2764135, 2764442, 2764451, 2764467, 2764493, 2764644, 2764963, 2765050, 2765082, 2765109, 2765253, 2765258, 2765417, 2765552, 2766067, 2766067, 2766242, 2766528, 2766663, 2766733, 2766801, 2766919, 2767002, 2767278, 2767342, 2767374, 2767787, 2767926, 2767949, 2768104, 2768133, 2768269, 2768293, 2768460, 2768477, 2768511, 2768526, 2768648, 2768704, 2768741, 2768873, 2769089, 2769158, 2769211, 2769325, 2769472, 2769573, 2769608, 2769619, 2769933, 2769938, 2769974, 2770060, 2770235, 2770320, 2770354, 2770444, 2770542, 2770592, 2770768, 2770782, 2770909, 2771195, 2771340, 2771353, 2771496, 2771534, 2771573, 2771622, 2771638, 2771690, 2771825, 2771950, 2771968, 2771982, 2772086, 2772327, 2772391, 2772420, 2772470, 2772493, 2772494, 2772623, 2772775, 2772793, 2772826, 2772912, 2772977, 2773175, 2773261, 2773268, 2773380, 2773385, 2773454, 2773503, 2773600, 2773771, 2773855, 2773877, 2773890, 2774033, 2774040, 2774061, 2774079, 2774164, 2774225, 2774227, 2774300, 2774348, 2774350, 2774922, 2775021, 2775101, 2775528, 2775570, 2775743, 2776013, 2776060, 2776108, 2776218, 2776303, 2776349, 2776814, 2776970, 2777032, 2777034, 2777102, 2777145, 2777182, 2777443, 2777650, 2777746, 2778055, 2778241, 2778274, 2778327, 2778411, 2778591, 2778861, 2778981, 2779161, 2779179, 2779202, 2779489, 2779506, 2779698, 2779729, 2779805, 2779910, 2779982, 2780133, 2780213, 2780365, 2780453, 2780465, 2781218, 2781554, 2781607, 2781683, 2782189, 2782324, 2782912, 2782921, 2782936, 2782961, 2783021, 2783032, 2783201, 2783217, 2783246, 2783427, 2783448, 2783655, 2783860, 2783876, 2783900, 2784213, 2784268, 2784346, 2784463, 2784466, 2784636, 2784669, 2784737, 2784780, 2784828, 2784892, 2784964, 2785231, 2785280, 2785474, 2785526, 2785529, 2785591, 2785619, 2785632, 2785693, 2785700, 2785868, 2785962, 2785987, 2786117, 2786357, 2786377, 2786417, 2786524, 2786648, 2786673, 2786695, 2786726, 2786849, 2786882, 2786919, 2787051, 2787130, 2787134, 2787155, 2787509, 2787555, 2787659, 2787661, 2787728, 2788058, 2788196, 2788280, 2788438, 2788498, 2788565, 2788581, 2788682, 2788851, 2788875, 2788921, 2789217, 2789339, 2789494, 2789528, 2789651, 2789688, 2790006, 2790130, 2790489, 2790533, 2790644, 2790688, 2790700, 2790709, 2790755, 2790827, 2790835, 2790860, 2790947, 2791064, 2791107, 2791160, 2791355, 2791433, 2791452, 2791683, 2791766, 2791848, 2791930, 2791998, 2792277, 2792301, 2792442, 2792469, 2792544, 2792587, 2792818, 2792904, 2793045, 2793143, 2793159, 2793183, 2793626, 2793874, 2793914, 2793929, 2793969, 2793996, 2794369, 2794375, 2794424, 2794432, 2794568, 2794573, 2794653, 2794680, 2794754, 2794773, 2794925, 2794969, 2794985, 2795044, 2795074, 2795178, 2795246, 2795284, 2795360, 2795364, 2795366, 2795402, 2795549, 2795586, 2795665, 2795668, 2795672, 2795716, 2795862, 2795931, 2796109, 2796336, 2796408, 2796692, 2796739, 2796789, 2796885, 2797055, 2797088, 2797106, 2797247, 2797374, 2797455, 2797482, 2797571, 2797661, 2797877, 2798118, 2798386, 2798415, 2798637, 2798742, 2798750, 2798987, 2799056, 2799061, 2799371, 2799531, 2799658, 2799682, 2799722, 2799868, 2799895, 2799935, 2800020, 2800270, 2800314, 2800361, 2800427, 2800452, 2800558, 2800695, 2800809, 2800875, 2800914, 2800928, 2801138, 2801181, 2801183, 2801191, 2801222, 2801250, 2801349, 2801421, 2801469, 2801472, 2801482, 2801532, 2801534, 2801662, 2801685, 2801714, 2801722, 2801754, 2801877, 2801959, 2802207, 2802214, 2802267, 2802295, 2802335, 2802405, 2802503, 2802516, 2802805, 2802810, 2802889, 2802893, 2802993, 2803065, 2803200, 2803410, 2803518, 2803537, 2803693, 2803750, 2803758, 2803889, 2803891, 2804058, 2804059, 2804081, 2804166, 2804216, 2804303, 2804346, 2804812, 2804939, 2804958, 2805193, 2805219, 2805284, 2805429, 2805589, 2805667, 2805668, 2805677, 2805801, 2805905, 2806071, 2806072, 2806104, 2806209, 2806306, 2806411, 2806471, 2806562, 2806633, 2806881, 2806928, 2806962, 2807140, 2807261, 2807284, 2807465, 2807601, 2807606, 2807620, 2807669, 2807793, 2807848, 2807912, 2807917, 2807962, 2807963, 2807969, 2807987, 2808024, 2808187, 2808224, 2808281, 2808647, 2808668, 2808711, 2808810, 2808837, 2808915, 2808957, 2809047, 2809092, 2809093, 2809222, 2809278, 2809414, 2809435, 2809497, 2809506, 2809644, 2809703, 2809872, 2809900, 2809956, 2810026, 2810251, 2810302, 2810484, 2810615, 2810624, 2810862, 2811009, 2811068, 2811147, 2811168, 2811352, 2811462, 2811491, 2811750, 2811877, 2811920, 2811970, 2812161, 2812193, 2812626, 2812705, 2812811, 2812831, 2812881, 2812924, 2812932, 2812997, 2813017, 2813041, 2813093, 2813217, 2813347, 2813424, 2813597, 2813635, 2813718, 2813782, 2813811, 2813889, 2813896, 2813990, 2814123, 2814141, 2814181, 2814196, 2814222, 2814265, 2814624, 2814930, 2814936, 2814951, 2815014, 2815139, 2815152, 2815223, 2815280, 2815384, 2815385, 2815539, 2815554, 2815637, 2815834, 2815844, 2815967, 2816173, 2816261, 2816277, 2816334, 2816631, 2816726, 2816753, 2816774, 2816867, 2816892, 2816979, 2817385, 2817442, 2817589, 2817615, 2818150, 2818538, 2818657, 2818663, 2818703, 2819006, 2819009, 2819019, 2819052, 2819150, 2819410, 2819490, 2819894, 2820022, 2820073, 2820221, 2820509, 2820608, 2820647, 2820711, 2820839, 2820956, 2821120, 2821281, 2821355, 2821481, 2821570, 2821619, 2821623, 2821629, 2821667, 2821692, 2821865, 2822000, 2822141, 2822210, 2822245, 2822275, 2822346, 2822408, 2822561, 2822572, 2822917, 2823010, 2823027, 2823036, 2823040, 2823062, 2823127, 2823280, 2823371, 2823417, 2823456, 2823523, 2823539, 2823671, 2823695, 2823792, 2823828, 2824338, 2824354, 2824702, 2824722, 2824819, 2825232, 2825388, 2825402, 2825446, 2825473, 2825622, 2825820, 2826084, 2826124, 2826213, 2826262, 2826313, 2826392, 2826557, 2826626, 2826665, 2826840, 2827001, 2827041, 2827105, 2827485, 2827690, 2827747, 2827758, 2827792, 2827806, 2827953, 2827977, 2828045, 2828054, 2828253, 2828308, 2828358, 2828464, 2828551, 2828560, 2828692, 2828732, 2829063, 2829145, 2829189, 2829538, 2829620, 2829632, 2829778, 2829811, 2829932, 2830091, 2830265, 2830274, 2830287, 2830330, 2830424, 2830988, 2831034, 2831129, 2831131, 2831148, 2831169, 2831265, 2831274, 2831324, 2831419, 2831688, 2832069, 2832265, 2832481, 2832523, 2832560, 2832625, 2832883, 2832939, 2832955, 2832967, 2833008, 2833254, 2833309, 2833398, 2833494, 2833519, 2833707, 2833778, 2834347, 2834368, 2834476, 2834524, 2834533, 2834653, 2834655, 2834677, 2834901, 2834913, 2834913, 2835062, 2835176, 2835227, 2835376, 2835729, 2835760, 2835832, 2835846, 2836167, 2836281, 2836292, 2836364, 2836454, 2836549, 2836582, 2836594, 2836599, 2836660, 2836701, 2836864, 2836913, 2836969, 2837070, 2837474, 2837594, 2837646, 2837719, 2837726, 2837727, 2837882, 2838038, 2838195, 2838444, 2838699, 2838743, 2838750, 2838778, 2838975, 2839100, 2839127, 2839271, 2839352, 2839434, 2839584, 2839761, 2839788, 2839859, 2840010, 2840378, 2840428, 2840627, 2840643, 2840655, 2840734, 2840900, 2841024, 2841071, 2841297, 2841305, 2841410, 2841655, 2841807, 2841879, 2842038, 2842163, 2842294, 2842376, 2842376, 2842447, 2842564, 2842604, 2842614, 2842687, 2842835, 2842855, 2842905, 2842910, 2842959, 2843055, 2843223, 2843554, 2843724, 2843771, 2843847, 2843912, 2843971, 2843987, 2844254, 2844319, 2844347, 2844629, 2844633, 2844847, 2844861, 2844933, 2845080, 2845271, 2845740, 2845746, 2845818, 2846046, 2846272, 2846274, 2846303, 2846317, 2846408, 2846621, 2846690, 2847143, 2847144, 2847288, 2847396, 2847555, 2847711, 2847774, 2847969, 2848110, 2848226, 2848293, 2848328, 2848347, 2848360, 2848406, 2848416, 2848724, 2848751, 2848815, 2848828, 2848905, 2849120, 2849304, 2849418, 2849484, 2849530, 2849610, 2849630, 2849977, 2849985, 2850054, 2850071, 2850127, 2850179, 2850231, 2850273, 2850445, 2850555, 2850755, 2850757, 2850875, 2850987, 2851025, 2851027, 2851295, 2851297, 2851382, 2851427, 2851597, 2851718, 2851721, 2851830, 2851932, 2852049, 2852161, 2852226, 2852239, 2852304, 2852336, 2852362, 2852372, 2852441, 2852531, 2852670, 2852709, 2852781, 2853043, 2853060, 2853076, 2853114, 2853183, 2853230, 2853477, 2853609, 2853940, 2854060, 2854134, 2854688, 2854832, 2854914, 2854936, 2854966, 2854992, 2855132, 2855320, 2855331, 2855346, 2855425, 2855426, 2855446, 2855454, 2855760, 2855913, 2855955, 2856069, 2856093, 2856140, 2856200, 2856372, 2856597, 2856976, 2857110, 2857531, 2857845, 2858167, 2858295, 2858314, 2858400, 2858445, 2858521, 2858547, 2858551, 2858601, 2858622, 2858734, 2858830, 2858857, 2858882, 2858896, 2858960, 2858977, 2859058, 2859190, 2859213, 2859271, 2859279, 2859375, 2859382, 2859402, 2859486, 2859551, 2859565, 2859760, 2859792, 2859830, 2859938, 2859948, 2860306, 2860480, 2860536, 2860559, 2860707, 2860725, 2860914, 2861090, 2861220, 2861240, 2861546, 2861579, 2861628, 2861724, 2861805, 2861902, 2861913, 2862073, 2862124, 2862299, 2862358, 2862366, 2862380, 2862463, 2862529, 2862564, 2862653, 2862727, 2862813, 2862870, 2862941, 2862965, 2862977, 2863109, 2863119, 2863121, 2863147, 2863160, 2863488, 2863538, 2863628, 2863660, 2863795, 2863822, 2863832, 2863900, 2864261, 2864360, 2864503, 2864667, 2864725, 2864818, 2864867, 2864996, 2865120, 2865205, 2865322, 2865407, 2865662, 2865876, 2865927, 2865941, 2866047, 2866099, 2866259, 2866356, 2866518, 2866541, 2866560, 2866726, 2866809, 2866838, 2866908, 2866979, 2867004, 2867095, 2867186, 2867329, 2867341, 2867409, 2867591, 2867693, 2867725, 2867774, 2867832, 2868185, 2868240, 2868398, 2868399, 2868473, 2868746, 2868755, 2868774, 2868801, 2868807, 2868952, 2868972, 2868974, 2869285, 2869287, 2869296, 2869305, 2869559, 2869645, 2869798, 2869843, 2869900, 2869989, 2870204, 2870263, 2870380, 2870417, 2870440, 2870460, 2870555, 2870878, 2871005, 2871070, 2871291, 2871538, 2871611, 2871800, 2871839, 2872060, 2872091, 2872101, 2872267, 2872296, 2872340, 2872629, 2872663, 2872944, 2873158, 2873382, 2873397, 2873436, 2873456, 2873577, 2873650, 2873665, 2873731, 2873955, 2874093, 2874127, 2874219, 2874596, 2874779, 2874891, 2874958, 2874999, 2875080, 2875201, 2875510, 2875587, 2875728, 2875776, 2876054, 2876119, 2876539, 2876584, 2876693, 2876814, 2877173, 2877191, 2877269, 2877321, 2877432, 2877466, 2877496, 2877537, 2877629, 2877795, 2878085, 2878259, 2878333, 2878617, 2878624, 2879288, 2879348, 2879353, 2879404, 2879411, 2879431, 2879510, 2879652, 2879725, 2879884, 2880149, 2880176, 2880204, 2880293, 2880343, 2880351, 2880704, 2880716, 2880764, 2880807, 2880874, 2880936, 2880949, 2881031, 2881278, 2881465, 2881748, 2881765, 2881829, 2881894, 2882072, 2882342, 2882393, 2882410, 2882471, 2882561, 2882649, 2882655, 2882834, 2882921, 2882927, 2882967, 2883066, 2883091, 2883222, 2883464, 2883560, 2883645, 2883664, 2883703, 2883902, 2883967, 2884028, 2884142, 2884190, 2884279, 2884420, 2884535, 2884579, 2884631, 2884648, 2884899, 2884947, 2885042, 2885107, 2885165, 2885283, 2885336, 2885343, 2885382, 2885436, 2885475, 2885512, 2885514, 2885542, 2885560, 2885690, 2885694, 2885710, 2885738, 2885753, 2885809, 2885874, 2885913, 2886049, 2886107, 2886617, 2886634, 2886635, 2886682, 2886725, 2886775, 2886815, 2886824, 2886921, 2887364, 2887415, 2887645, 2887676, 2887694, 2887976, 2888125, 2888589, 2888762, 2888902, 2888902, 2888930, 2888966, 2888971, 2889053, 2889060, 2889103, 2889284, 2889304, 2889411, 2889485, 2889726, 2889753, 2889793, 2889809, 2889824, 2889869, 2889947, 2889972, 2889986, 2890120, 2890167, 2890223, 2890227, 2890513, 2890584, 2890634, 2890743, 2891055, 2891190, 2891211, 2891380, 2891643, 2891748, 2891821, 2891932, 2892010, 2892071, 2892204, 2892316, 2892320, 2892353, 2892503, 2892591, 2892737, 2892788, 2892805, 2892982, 2893074, 2893212, 2893282, 2893559, 2893592, 2893610, 2893734, 2893797, 2893841, 2894066, 2894136, 2894220, 2894236, 2894297, 2894392, 2894486, 2894546, 2894788, 2894802, 2894939, 2895084, 2895284, 2895585, 2895667, 2895837, 2895851, 2895855, 2895870, 2896033, 2896055, 2896219, 2896242, 2896261, 2896285, 2896592, 2896624, 2896644, 2896712, 2896805, 2896952, 2896979, 2897110, 2897125, 2897207, 2897667, 2897699, 2897750, 2897828, 2897912, 2898311, 2898400, 2898415, 2898473, 2898597, 2898597, 2898630, 2898798, 2898803, 2898816, 2898819, 2898828, 2898865, 2898867, 2899010, 2899044, 2899075, 2899111, 2899154, 2899237, 2899376, 2899381, 2899476, 2899793, 2899933, 2900043, 2900196, 2900270, 2900324, 2900402, 2900493, 2900543, 2900613, 2900613, 2900626, 2900638, 2900717, 2901015, 2901204, 2901216, 2901302, 2901321, 2901403, 2901403, 2901705, 2901761, 2901828, 2902174, 2902288, 2902604, 2902609, 2902889, 2903134, 2903190, 2903374, 2903381, 2903432, 2903445, 2903530, 2903679, 2903685, 2903870, 2903900, 2904003, 2904089, 2904143, 2904367, 2904507, 2904788, 2904881, 2904899, 2905082, 2905096, 2905125, 2905163, 2905194, 2905388, 2905422, 2905447, 2905461, 2905500, 2905535, 2905705, 2905730, 2905768, 2905988, 2906008, 2906070, 2906321, 2906382, 2906438, 2906444, 2906470, 2906596, 2906675, 2906739, 2906837, 2906868, 2906896, 2906961, 2906976, 2907046, 2907113, 2907175, 2907259, 2907280, 2907446, 2907446, 2907472, 2907590, 2907608, 2907735, 2907754, 2907755, 2907830, 2908061, 2908064, 2908286, 2908433, 2908434, 2908440, 2908449, 2908500, 2908560, 2908987, 2909112, 2909164, 2909298, 2909318, 2909404, 2909480, 2909536, 2909813, 2909904, 2909994, 2910017, 2910026, 2910079, 2910087, 2910118, 2910287, 2910377, 2910497, 2910502, 2910513, 2910527, 2910637, 2910654, 2910705, 2910791, 2910997, 2911060, 2911192, 2911336, 2911341, 2911409, 2911510, 2911529, 2911673, 2911693, 2911890, 2912263, 2912464, 2912606, 2912668, 2912689, 2912718, 2912854, 2913069, 2913124, 2913365, 2913367, 2913532, 2913542, 2913542, 2913542, 2913569, 2913603, 2913622, 2913713, 2913752, 2913769, 2913901, 2913919, 2913982, 2914173, 2914212, 2914469, 2914592, 2914598, 2914794, 2914822, 2914822, 2914884, 2915025, 2915033, 2915055, 2915443, 2915500, 2915563, 2915948, 2916002, 2916128, 2916434, 2916674, 2916728, 2916872, 2916926, 2916988, 2917031, 2917298, 2917394, 2917609, 2917727, 2917754, 2917827, 2917900, 2918027, 2918029, 2918126, 2918131, 2918255, 2918292, 2918345, 2918491, 2918758, 2918808, 2918979, 2919379, 2919483, 2919564, 2919574, 2919670, 2919671, 2919682, 2919958, 2919979, 2920010, 2920162, 2920456, 2920635, 2920756, 2920992, 2921107, 2921290, 2921429, 2921433, 2921573, 2921800, 2921834, 2922011, 2922038, 2922114, 2922253, 2922260, 2922280, 2922423, 2922520, 2922641, 2923026, 2923060, 2923301, 2923359, 2923382, 2923447, 2923633, 2923694, 2923813, 2923903, 2923949, 2924019, 2924237, 2924251, 2924273, 2924294, 2924647, 2924659, 2924964, 2925106, 2925207, 2925258, 2925299, 2925538, 2925644, 2925677, 2925764, 2925769, 2925782, 2925802, 2925879, 2925941, 2926082, 2926233, 2926297, 2926507, 2926530, 2926648, 2926675, 2926705, 2926722, 2927061, 2927127, 2927393, 2927469, 2927494, 2927513, 2927751, 2927944, 2927954, 2928009, 2928181, 2928183, 2928506, 2928511, 2928717, 2928720, 2928911, 2929103, 2929177, 2929185, 2929254, 2929306, 2929343, 2929667, 2929724, 2929796, 2929891, 2929982, 2930085, 2930456, 2930550, 2930744, 2930800, 2930850, 2930859, 2931002, 2931090, 2931303, 2931361, 2931595, 2931712, 2932111, 2932115, 2932132, 2932328, 2932559, 2932669, 2932737, 2932809, 2933187, 2933206, 2933226, 2933358, 2933646, 2933657, 2933718, 2933860, 2933935, 2933990, 2934059, 2934133, 2934328, 2934364, 2934639, 2934670, 2934683, 2935036, 2935148, 2935363, 2935477, 2935597, 2935669, 2935974, 2936180, 2936257, 2936486, 2936592, 2936642, 2937233, 2937359, 2937412, 2937449, 2937609, 2937687, 2937716, 2937720, 2937822, 2938029, 2938131, 2938148, 2938169, 2938474, 2938479, 2938525, 2938632, 2938635, 2938659, 2938754, 2938757, 2938797, 2938866, 2938884, 2938926, 2938948, 2938954, 2939014, 2939173, 2939361, 2939511, 2939566, 2939654, 2939697, 2939799, 2939828, 2940137, 2940175, 2940268, 2940368, 2940711, 2940743, 2940787, 2940804, 2940811, 2940861, 2941010, 2941084, 2941256, 2941303, 2941306, 2941526, 2941541, 2941549, 2941691, 2941842, 2941918, 2941921, 2941930, 2941936, 2941937, 2942126, 2942164, 2942223, 2942410, 2942658, 2942688, 2942850, 2942908, 2942998, 2943018, 2943132, 2943152, 2943208, 2943279, 2943400, 2943521, 2943599, 2943815, 2943886, 2944318, 2944462, 2944478, 2944562, 2944567, 2944670, 2944718, 2944809, 2944879, 2944966, 2944973, 2945138, 2945148, 2945197, 2945295, 2945399, 2945583, 2945662, 2945765, 2945974, 2946373, 2946383, 2946415, 2946632, 2947005, 2947013, 2947032, 2947042, 2947169, 2947203, 2947233, 2947483, 2947558, 2947759, 2947817, 2947928, 2948011, 2948095, 2948683, 2948703, 2948833, 2948846, 2949044, 2949071, 2949179, 2949350, 2949383, 2949412, 2949470, 2949539, 2949798, 2950187, 2950288, 2950313, 2950552, 2950635, 2950729, 2950782, 2950792, 2950828, 2950835, 2950862, 2951544, 2951560, 2951772, 2951817, 2951841, 2951904, 2951968, 2952103, 2952338, 2952502, 2952507, 2952521, 2952637, 2952738, 2952821, 2952897, 2953164, 2953171, 2953230, 2953311, 2953390, 2953391, 2953559, 2953646, 2953676, 2953696, 2953730, 2953863, 2953882, 2953920, 2954055, 2954196, 2954251, 2954387, 2954476, 2954528, 2954638, 2954805, 2954833, 2954962, 2955220, 2955266, 2955304, 2955402, 2955415, 2955529, 2955613, 2955621, 2955769, 2955888, 2956094, 2956295, 2956480, 2956578, 2956644, 2956647, 2956697, 2956886, 2957058, 2957105, 2957269, 2957328, 2957379, 2957580, 2957587, 2957790, 2958026, 2958082, 2958175, 2958318, 2958590, 2958597, 2958696, 2959073, 2959160, 2959277, 2959378, 2959551, 2959689, 2959716, 2959740, 2959931, 2960024, 2960069, 2960131, 2960191, 2960237, 2960403, 2960712, 2960745, 2960782, 2960795, 2960829, 2961057, 2961327, 2961587, 2961958, 2961964, 2962320, 2962405, 2962616, 2962667, 2962683, 2962754, 2963131, 2963152, 2963152, 2963277, 2963310, 2963378, 2963402, 2963749, 2963775, 2963833, 2963987, 2964077, 2964344, 2964477, 2964530, 2964567, 2964594, 2964800, 2964863, 2964886, 2965106, 2965162, 2965293, 2965350, 2965403, 2965433, 2965443, 2965490, 2965720, 2965749, 2965925, 2966044, 2966067, 2966088, 2966178, 2966209, 2966275, 2966493, 2966670, 2966734, 2966777, 2966811, 2967540, 2967655, 2967773, 2967838, 2967992, 2968135, 2968152, 2968214, 2968311, 2968331, 2968604, 2968731, 2968841, 2968982, 2969095, 2969256, 2969281, 2969286, 2969308, 2969756, 2969756, 2969830, 2969836, 2969924, 2969989, 2970034, 2970109, 2970206, 2970275, 2970416, 2970690, 2970798, 2970887, 2971583, 2971696, 2971809, 2971835, 2971857, 2972147, 2972379, 2972433, 2972499, 2972606, 2972776, 2972820, 2972832, 2972928, 2973013, 2973221, 2973225, 2973299, 2973355, 2973364, 2973609, 2973651, 2973872, 2973901, 2973934, 2973939, 2974211, 2974237, 2974379, 2974379, 2974590, 2974685, 2974727, 2974772, 2974930, 2974973, 2975208, 2975242, 2975273, 2975302, 2975387, 2975503, 2975552, 2975669, 2976017, 2976028, 2976087, 2976096, 2976176, 2976255, 2976354, 2976397, 2976410, 2976640, 2976665, 2976714, 2976788, 2976801, 2976895, 2977052, 2977054, 2977319, 2977356, 2977467, 2977748, 2977792, 2977846, 2978006, 2978054, 2978064, 2978126, 2978317, 2978499, 2978579, 2978583, 2978583, 2978652, 2978885, 2979001, 2979008, 2979044, 2979059, 2979151, 2979192, 2979661, 2979662, 2980108, 2980123, 2980197, 2980221, 2980313, 2980322, 2980395, 2980607, 2981281, 2981480, 2981564, 2982159, 2982201, 2982219, 2982337, 2982418, 2982479, 2982617, 2982853, 2982904, 2982962, 2982988, 2983042, 2983339, 2983645, 2983707, 2983732, 2983830, 2983851, 2983863, 2983905, 2983934, 2984127, 2984420, 2984583, 2984621, 2984817, 2984938, 2984977, 2985141, 2985378, 2985488, 2985728, 2985934, 2986109, 2986147, 2986195, 2986517, 2986697, 2986939, 2987265, 2987291, 2987298, 2987378, 2987414, 2987452, 2987587, 2987817, 2987817, 2987833, 2988080, 2988082, 2988226, 2988277, 2988345, 2988520, 2988602, 2988614, 2988717, 2988726, 2988886, 2989111, 2989168, 2989242, 2989384, 2989457, 2989460, 2989701, 2989735, 2990042, 2990263, 2990522, 2990527, 2990855, 2990859, 2990905, 2990965, 2991126, 2991172, 2991185, 2991335, 2991354, 2991398, 2991402, 2991404, 2991491, 2991548, 2991583, 2991624, 2991843, 2991915, 2992020, 2992037, 2992249, 2992487, 2992496, 2992533, 2992586, 2992606, 2992682, 2992686, 2992710, 2992718, 2992867, 2992993, 2993053, 2993103, 2993180, 2993222, 2993235, 2993270, 2993382, 2993463, 2993667, 2993804, 2994020, 2994036, 2994275, 2994303, 2994371, 2994456, 2994518, 2994565, 2994667, 2994690, 2994824, 2994879, 2995004, 2995013, 2995059, 2995188, 2995433, 2995636, 2995654, 2995820, 2995946, 2995982, 2996319, 2996455, 2996583, 2996591, 2996703, 2996706, 2996712, 2996748, 2997027, 2997134, 2997399, 2997479, 2997673, 2997678, 2997680, 2997725, 2997763, 2998002, 2998009, 2998083, 2998222, 2998244, 2998336, 2998382, 2998475, 2998539, 2998563, 2998617, 2998641, 2998664, 2998755, 2999136, 2999138, 2999400, 2999491, 2999596, 2999641, 2999659, 2999713, 2999782, 2999925, 2999946, 3000010, 3000031, 3000047, 3000084, 3000187, 3000226, 3000231, 3000241, 3000332, 3000617, 3000681, 3000695, 3000744, 3000762, 3000804, 3000827, 3000970, 3001122, 3001333, 3001466, 3001536, 3001595, 3001966, 3001971, 3001971, 3002057, 3002092, 3002252, 3002254, 3002289, 3002293, 3002363, 3002429, 3002483, 3002577, 3002695, 3002940, 3003039, 3003073, 3003364, 3003465, 3003570, 3003728, 3003779, 3003876, 3003879, 3003936, 3003938, 3004073, 3004076, 3004110, 3004143, 3004436, 3004938, 3005077, 3005205, 3005240, 3005325, 3005401, 3005414, 3005574, 3005690, 3005692, 3006120, 3006138, 3006164, 3006200, 3006284, 3006403, 3006474, 3006538, 3006738, 3006846, 3007032, 3007100, 3007311, 3007423, 3007745, 3007756, 3007773, 3007798, 3007837, 3008166, 3008255, 3008328, 3008631, 3008974, 3009019, 3009132, 3009136, 3009450, 3009668, 3009702, 3010016, 3010125, 3010203, 3010324, 3010348, 3010388, 3010413, 3010443, 3010507, 3010550, 3011165, 3011268, 3011389, 3011393, 3011423, 3011508, 3011528, 3011531, 3011644, 3011856, 3011924, 3011934, 3012028, 3012208, 3012241, 3012318, 3012340, 3012435, 3012726, 3012799, 3012816, 3012832, 3012838, 3012893, 3012941, 3012945, 3012994, 3013235, 3013284, 3013341, 3013424, 3013626, 3013685, 3013694, 3013856, 3013961, 3014002, 3014027, 3014130, 3014135, 3014549, 3014705, 3014902, 3014958, 3015127, 3015185, 3015306, 3015456, 3015475, 3015486, 3015618, 3015630, 3015644, 3015694, 3015864, 3016299, 3016538, 3016589, 3016593, 3016672, 3016672, 3016695, 3016702, 3016712, 3016740, 3016830, 3016836, 3016845, 3016920, 3016944, 3017039, 3017061, 3017184, 3017326, 3017480, 3017495, 3017566, 3017838, 3017871, 3017888, 3018217, 3018261, 3018286, 3018289, 3018602, 3018677, 3018778, 3018797, 3018823, 3018836, 3019018, 3019082, 3019119, 3019286, 3019328, 3019464, 3019522, 3019613, 3019737, 3019757, 3019810, 3019868, 3020578, 3020632, 3020640, 3020646, 3020667, 3020700, 3020725, 3020857, 3020940, 3020943, 3020997, 3021166, 3021246, 3021256, 3021879, 3022061, 3022090, 3022242, 3022398, 3022501, 3022550, 3022617, 3022634, 3022868, 3022942, 3022981, 3022994, 3022998, 3023069, 3023123, 3023151, 3023224, 3023256, 3023314, 3023578, 3023755, 3023976, 3024038, 3024137, 3024297, 3024425, 3024598, 3024657, 3024807, 3024851, 3024865, 3024872, 3024924, 3025148, 3025568, 3025747, 3026023, 3026148, 3026182, 3026277, 3026539, 3026834, 3027119, 3027284, 3027383, 3027713, 3028074, 3028083, 3028143, 3028282, 3028558, 3028577, 3028736, 3028824, 3028846, 3028861, 3028898, 3029002, 3029010, 3029021, 3029087, 3029120, 3029326, 3029369, 3029423, 3029497, 3029579, 3029646, 3029684, 3029846, 3029877, 3029964, 3029971, 3030044, 3030157, 3030218, 3030284, 3030383, 3030506, 3030518, 3030542, 3030593, 3030597, 3030632, 3030681, 3030704, 3030805, 3030948, 3031069, 3031298, 3031301, 3031330, 3031521, 3031554, 3031567, 3031572, 3031640, 3031662, 3031688, 3031699, 3031827, 3031922, 3031925, 3031946, 3031949, 3031980, 3031988, 3031990, 3032064, 3032218, 3032434, 3032574, 3032581, 3032591, 3032663, 3032703, 3032748, 3032789, 3032790, 3032792, 3032841, 3033058, 3033144, 3033153, 3033524, 3033703, 3033732, 3033854, 3034234, 3034439, 3034471, 3034674, 3034847, 3034957, 3035234, 3035292, 3035308, 3035329, 3035411, 3035495, 3035612, 3035721, 3035725, 3035776, 3035930, 3036130, 3036253, 3036312, 3036344, 3036497, 3036719, 3036725, 3036740, 3036828, 3036839, 3036920, 3037164, 3037236, 3037303, 3037426, 3037429, 3037475, 3037616, 3037948, 3037997, 3038177, 3038284, 3038367, 3038692, 3038798, 3038817, 3038942, 3039166, 3039324, 3039546, 3039783, 3039833, 3039844, 3039848, 3039861, 3039923, 3040020, 3040037, 3040050, 3040136, 3040316, 3040332, 3040442, 3040500, 3040542, 3040796, 3040820, 3040843, 3040981, 3041304, 3041350, 3041419, 3041492, 3041512, 3041552, 3041599, 3041625, 3041662, 3041809, 3041835, 3041996, 3042323, 3042325, 3042489, 3042627, 3042693, 3042773, 3042873, 3042912, 3043238, 3043338, 3043349, 3043355, 3043452, 3043471, 3043562, 3043701, 3043725, 3043850, 3043904, 3044082, 3044083, 3044145, 3044165, 3044226, 3044255, 3044271, 3044366, 3044429, 3044514, 3044581, 3044703, 3044731, 3044758, 3044790, 3044942, 3045022, 3045044, 3045317, 3045679, 3045948, 3046328, 3046436, 3046439, 3046444, 3046761, 3046832, 3046861, 3047009, 3047105, 3047163, 3047241, 3047332, 3047550, 3047626, 3047804, 3047810, 3047911, 3047918, 3047940, 3048103, 3048110, 3048153, 3048163, 3048338, 3048345, 3048444, 3048465, 3048468, 3048498, 3048599, 3048628, 3048881, 3049172, 3049372, 3049774, 3049812, 3049828, 3049859, 3049976, 3050089, 3050290, 3050293, 3050312, 3050314, 3050471, 3050551, 3050618, 3050629, 3050859, 3051091, 3051171, 3051340, 3051346, 3051400, 3051506, 3051516, 3051523, 3051645, 3051709, 3051857, 3051994, 3052159, 3052165, 3052235, 3052413, 3052473, 3052701, 3052709, 3052769, 3052778, 3052784, 3052981, 3053388, 3053416, 3053632, 3053700, 3053766, 3053801, 3053851, 3053940, 3053966, 3053967, 3053968, 3053994, 3054015, 3054032, 3054135, 3054173, 3054188, 3054343, 3054386, 3054388, 3054412, 3054572, 3054746, 3054784, 3054796, 3054851, 3054977, 3055019, 3055110, 3055373, 3055630, 3055738, 3055933, 3055964, 3056091, 3056099, 3056200, 3056267, 3056453, 3056680, 3056722, 3056733, 3056736, 3056765, 3056783, 3056811, 3056904, 3057032, 3057118, 3057230, 3057411, 3057683, 3057703, 3057829, 3057889, 3058056, 3058075, 3058095, 3058141, 3058392, 3058461, 3058498, 3058676, 3058778, 3058813, 3059187, 3059304, 3059332, 3059393, 3059556, 3059615, 3059634, 3059955, 3060057, 3060372, 3060379, 3060390, 3060655, 3060708, 3060872, 3060911, 3060915, 3060934, 3060984, 3060988, 3061100, 3061201, 3061221, 3061239, 3061262, 3061330, 3061456, 3061573, 3061586, 3061586, 3061695, 3061868, 3061999, 3062019, 3062034, 3062146, 3062179, 3062181, 3062459, 3062462, 3062495, 3062499, 3062727, 3062814, 3062890, 3062956, 3062971, 3063056, 3063089, 3063210, 3063271, 3063373, 3063431, 3063481, 3063505, 3063506, 3063749, 3064025, 3064095, 3064266, 3064416, 3064511, 3064622, 3064643, 3064718, 3064722, 3064886, 3064898, 3064900, 3065049, 3065104, 3065225, 3065408, 3065547, 3065716, 3065723, 3065743, 3065810, 3065959, 3066143, 3066212, 3066213, 3066288, 3066341, 3066390, 3066396, 3066427, 3066611, 3066630, 3066740, 3066845, 3066878, 3067035, 3067083, 3067206, 3067213, 3067313, 3067356, 3067366, 3067627, 3067697, 3067984, 3067985, 3068029, 3068181, 3068542, 3068571, 3068574, 3068621, 3068662, 3068723, 3068992, 3069187, 3069367, 3069467, 3069503, 3069762, 3069902, 3070072, 3070260, 3070262, 3070290, 3070341, 3070471, 3070483, 3070621, 3070650, 3070707, 3070877, 3070975, 3071002, 3071040, 3071231, 3071316, 3071468, 3071477, 3071609, 3071705, 3071743, 3071905, 3072103, 3072107, 3072229, 3072351, 3072364, 3072465, 3072521, 3072533, 3072661, 3072833, 3072896, 3072934, 3073040, 3073203, 3073235, 3073265, 3073272, 3073302, 3073477, 3073572, 3073589, 3073669, 3073751, 3073836, 3073847, 3073923, 3073989, 3074017, 3074316, 3074432, 3074574, 3074615, 3074626, 3074676, 3074692, 3074709, 3074822, 3075015, 3075135, 3075304, 3075312, 3075405, 3075438, 3075478, 3075505, 3075531, 3075610, 3075881, 3075958, 3076037, 3076478, 3076595, 3076667, 3076828, 3076898, 3076918, 3077029, 3077043, 3077201, 3077450, 3077505, 3077542, 3077605, 3077711, 3077769, 3077859, 3077897, 3078326, 3078350, 3078424, 3078580, 3078872, 3078993, 3079009, 3079186, 3079205, 3079243, 3079299, 3079473, 3079500, 3079691, 3079825, 3079833, 3079836, 3079979, 3080000, 3080102, 3080342, 3080395, 3080434, 3080453, 3080461, 3080500, 3080507, 3080696, 3080766, 3080988, 3081007, 3081072, 3081091, 3081150, 3081207, 3081237, 3081381, 3081384, 3081596, 3081630, 3081692, 3081739, 3081824, 3081929, 3082063, 3082091, 3082127, 3082136, 3082177, 3082263, 3082462, 3082580, 3082583, 3082610, 3082684, 3082756, 3082858, 3083032, 3083125, 3083197, 3083386, 3083574, 3083690, 3084047, 3084251, 3084261, 3084286, 3084315, 3084399, 3084432, 3084514, 3084537, 3084615, 3084682, 3084703, 3084731, 3084823, 3084957, 3084973, 3084973, 3085014, 3085055, 3085072, 3085101, 3085106, 3085284, 3085302, 3085339, 3085385, 3085459, 3085529, 3085861, 3085929, 3086061, 3086062, 3086099, 3086380, 3086386, 3086441, 3086505, 3086581, 3086684, 3086899, 3086917, 3086972, 3087106, 3087124, 3087139, 3087161, 3087178, 3087196, 3087230, 3087289, 3087386, 3087394, 3087495, 3087518, 3087653, 3087672, 3087687, 3087902, 3088249, 3088266, 3088268, 3088541, 3088751, 3088818, 3088904, 3088972, 3088977, 3089026, 3089048, 3089105, 3089109, 3089168, 3089233, 3089322, 3089443, 3089852, 3089858, 3089925, 3090044, 3090107, 3090126, 3090170, 3090275, 3090513, 3090609, 3090610, 3090669, 3090696, 3090850, 3091003, 3091011, 3091121, 3091137, 3091158, 3091174, 3091225, 3091325, 3091555, 3091578, 3091693, 3091720, 3091750, 3091902, 3091926, 3091986, 3091991, 3092322, 3092438, 3092513, 3092659, 3092679, 3092844, 3092874, 3092974, 3093073, 3093217, 3093542, 3093709, 3093719, 3093755, 3093875, 3093914, 3094139, 3094348, 3094396, 3094699, 3094727, 3094819, 3094832, 3095074, 3095189, 3095436, 3095591, 3095703, 3095726, 3095867, 3095923, 3095947, 3096008, 3096146, 3096151, 3096540, 3096552, 3096731, 3096754, 3096913, 3097037, 3097159, 3097343, 3097483, 3097506, 3097518, 3097566, 3097582, 3097590, 3097644, 3097740, 3097777, 3097835, 3098122, 3098181, 3098284, 3098354, 3098443, 3098672, 3098846, 3099011, 3099141, 3099205, 3099556, 3099607, 3099673, 3099736, 3099940, 3099943, 3099997, 3100016, 3100182, 3100215, 3100254, 3100280, 3100389, 3100666, 3100793, 3100902, 3100953, 3101142, 3101191, 3101313, 3101395, 3101466, 3101835, 3102134, 3102180, 3102404, 3102562, 3102635, 3102831, 3102872, 3103021, 3103052, 3103332, 3103573, 3103593, 3103597, 3103612, 3103731, 3103811, 3104030, 3104110, 3104186, 3104273, 3104300, 3104334, 3104531, 3104579, 3104643, 3104731, 3104769, 3104832, 3104961, 3105009, 3105126, 3105206, 3105305, 3105329, 3105398, 3105443, 3105478, 3105730, 3105802, 3105828, 3105884, 3105998, 3106368, 3106404, 3106490, 3106555, 3106738, 3106804, 3106879, 3106949, 3107007, 3107045, 3107328, 3107764, 3107807, 3107973, 3108029, 3108244, 3108398, 3108684, 3108696, 3108699, 3108726, 3108793, 3108824, 3108904, 3109037, 3109105, 3109214, 3109553, 3109618, 3109628, 3109660, 3109922, 3109975, 3110000, 3110011, 3110077, 3110139, 3110281, 3110335, 3110378, 3110551, 3110621, 3110749, 3110823, 3110861, 3110924, 3110929, 3111095, 3111119, 3111250, 3111300, 3111306, 3111331, 3111413, 3111527, 3111630, 3111704, 3111760, 3111776, 3111846, 3112070, 3112129, 3112190, 3112256, 3112396, 3112492, 3112764, 3112826, 3112926, 3112942, 3113005, 3113019, 3113058, 3113285, 3113327, 3113478, 3113559, 3113578, 3113616, 3113732, 3113961, 3114286, 3114478, 3114547, 3114560, 3114620, 3114656, 3114725, 3114821, 3114888, 3115087, 3115273, 3115328, 3115372, 3115402, 3115614, 3115649, 3115774, 3115799, 3115863, 3116026, 3116112, 3116123, 3116164, 3116310, 3116356, 3116457, 3116708, 3116883, 3116887, 3116888, 3116927, 3117014, 3117057, 3117067, 3117233, 3117234, 3117251, 3117382, 3117488, 3117521, 3117584, 3117669, 3118000, 3118053, 3118092, 3118132, 3118245, 3118265, 3118654, 3118716, 3118739, 3118843, 3118909, 3119025, 3119240, 3119300, 3119346, 3119438, 3119609, 3119904, 3119957, 3119957, 3119964, 3120166, 3120267, 3120283, 3120283, 3120545, 3120620, 3120703, 3120879, 3120946, 3120982, 3121001, 3121054, 3121083, 3121168, 3121227, 3121432, 3121454, 3122000, 3122150, 3122210, 3122292, 3122408, 3122619, 3122623, 3122754, 3122839, 3122842, 3122983, 3123047, 3123104, 3123138, 3123161, 3123241, 3123345, 3123495, 3123504, 3123719, 3123846, 3123985, 3124136, 3124200, 3124204, 3124205, 3124282, 3124329, 3124337, 3124495, 3124535, 3124546, 3124549, 3124675, 3124769, 3124846, 3124946, 3125079, 3125105, 3125215, 3125306, 3125333, 3125371, 3125438, 3125473, 3125488, 3125497, 3125526, 3125531, 3125819, 3126028, 3126043, 3126188, 3126403, 3126413, 3126444, 3126447, 3126571, 3126663, 3126768, 3127008, 3127120, 3127160, 3127189, 3127304, 3127375, 3127429, 3127700, 3127851, 3127868, 3128104, 3128176, 3128277, 3128290, 3128406, 3128487, 3128496, 3128630, 3128733, 3128807, 3128881, 3128931, 3128975, 3129041, 3129049, 3129139, 3129255, 3129289, 3129450, 3129559, 3129635, 3129656, 3129854, 3130027, 3130139, 3130167, 3130230, 3130239, 3130299, 3130313, 3130379, 3130448, 3130505, 3130563, 3130586, 3130742, 3130779, 3130816, 3130818, 3130878, 3130906, 3130938, 3131000, 3131027, 3131064, 3131098, 3131230, 3131374, 3131446, 3131473, 3131490, 3131751, 3132033, 3132149, 3132255, 3132412, 3132513, 3132719, 3132877, 3133100, 3133334, 3133383, 3133407, 3133470, 3133478, 3133489, 3133490, 3133502, 3133676, 3133722, 3133800, 3133891, 3134105, 3134522, 3134574, 3134775, 3134850, 3134899, 3134921, 3134928, 3135070, 3135163, 3135232, 3135293, 3135486, 3135509, 3135674, 3135957, 3136058, 3136068, 3136096, 3136124, 3136151, 3136651, 3136672, 3136696, 3136776, 3136858, 3136905, 3137054, 3137179, 3137351, 3137386, 3137395, 3137438, 3137558, 3137579, 3137737, 3137891, 3138048, 3138072, 3138078, 3138144, 3138147, 3138289, 3138360, 3138464, 3138559, 3138595, 3138777, 3138888, 3138982, 3139022, 3139111, 3139121, 3139221, 3139229, 3139244, 3139550, 3139599, 3139618, 3139699, 3139732, 3139780, 3139793, 3139863, 3140037, 3140118, 3140219, 3140294, 3140350, 3140809, 3140929, 3141169, 3141438, 3141439, 3141454, 3141613, 3141626, 3141630, 3141726, 3141787, 3141823, 3141827, 3142318, 3142431, 3142467, 3142514, 3142535, 3142657, 3142696, 3142762, 3142770, 3142791, 3142963, 3143449, 3143614, 3143615, 3143638, 3143752, 3143805, 3143828, 3143924, 3143943, 3144012, 3144016, 3144099, 3144331, 3144506, 3144532, 3144585, 3144619, 3144628, 3144650, 3144672, 3144672, 3144786, 3144978, 3145161, 3145230, 3145401, 3145525, 3145553, 3145619, 3145719, 3145983, 3145984, 3146026, 3146134, 3146388, 3146836, 3146840, 3146880, 3146943, 3146951, 3146997, 3147010, 3147428, 3147436, 3147470, 3147558, 3147622, 3147628, 3147708, 3147793, 3147869, 3148009, 3148048, 3148070, 3148155, 3148253, 3148274, 3148342, 3148626, 3148801, 3148849, 3148875, 3149084, 3149142, 3149168, 3149385, 3149600, 3149679, 3149833, 3149934, 3150002, 3150042, 3150121, 3150236, 3150270, 3150279, 3150303, 3150336, 3150442, 3150788, 3150801, 3150975, 3151031, 3151134, 3151203, 3151241, 3151247, 3151280, 3151285, 3151352, 3151404, 3151562, 3151635, 3151838, 3152210, 3152247, 3152397, 3152450, 3152829, 3152906, 3152985, 3153003, 3153202, 3153273, 3153292, 3153314, 3153365, 3153441, 3153451, 3153454, 3153466, 3153508, 3153888, 3154144, 3154200, 3154294, 3154296, 3154495, 3154508, 3154587, 3154685, 3154775, 3154950, 3155002, 3155243, 3155350, 3155453, 3155481, 3155594, 3155595, 3156030, 3156031, 3156212, 3156327, 3156471, 3156575, 3157008, 3157224, 3157232, 3157350, 3157377, 3157450, 3157663, 3157687, 3157725, 3158040, 3158138, 3158150, 3158189, 3158249, 3158424, 3158463, 3158713, 3158806, 3158811, 3159039, 3159169, 3159208, 3159245, 3159272, 3159283, 3159568, 3159724, 3159733, 3159781, 3159828, 3159916, 3160012, 3160186, 3160524, 3160563, 3160567, 3160743, 3160832, 3160905, 3160935, 3160943, 3161217, 3161305, 3161425, 3161579, 3161582, 3161700, 3161781, 3161922, 3162084, 3162121, 3162419, 3162472, 3162538, 3162637, 3162659, 3162810, 3163072, 3163302, 3163308, 3163413, 3163818, 3164039, 3164052, 3164097, 3164523, 3164551, 3164639, 3164659, 3164671, 3164730, 3164792, 3164811, 3164895, 3165019, 3165027, 3165179, 3165300, 3165322, 3165343, 3165354, 3165395, 3165428, 3165496, 3165721, 3165770, 3165833, 3165917, 3165935, 3166316, 3166349, 3166487, 3166588, 3166636, 3166758, 3166776, 3166907, 3167007, 3167181, 3167299, 3167360, 3167362, 3167382, 3167389, 3167455, 3167596, 3167632, 3167742, 3167770, 3167787, 3167833, 3167851, 3167860, 3167928, 3168065, 3168229, 3168245, 3168354, 3168399, 3168737, 3168745, 3168763, 3168824, 3169134, 3169148, 3169153, 3169232, 3169428, 3169460, 3169480, 3169783, 3169934, 3170059, 3170108, 3170292, 3170493, 3170496, 3170539, 3170548, 3170569, 3170676, 3170782, 3170802, 3170869, 3171026, 3171162, 3171224, 3171292, 3171435, 3171523, 3171580, 3171656, 3171884, 3171988, 3172086, 3172103, 3172281, 3172366, 3172536, 3172695, 3172782, 3172827, 3172855, 3172938, 3173045, 3173147, 3173240, 3173243, 3173337, 3173378, 3173690, 3173782, 3173826, 3173860, 3173910, 3174130, 3174160, 3174198, 3174328, 3174423, 3174427, 3174537, 3174582, 3174603, 3174689, 3174710, 3174779, 3174866, 3174901, 3175028, 3175043, 3175124, 3175225, 3175254, 3175291, 3175429, 3175435, 3175491, 3175555, 3175774, 3175904, 3175926, 3176114, 3176260, 3176345, 3176411, 3176541, 3176593, 3176614, 3176668, 3176701, 3176730, 3176755, 3176827, 3176852, 3177007, 3177325, 3177707, 3177768, 3177786, 3178013, 3178143, 3178157, 3178192, 3178405, 3178607, 3178748, 3178884, 3178930, 3179021, 3179054, 3179137, 3179193, 3179205, 3179242, 3179252, 3179382, 3179402, 3179476, 3179542, 3179784, 3179810, 3180004, 3180124, 3180282, 3180347, 3180485, 3180562, 3180969, 3180994, 3181003, 3181006, 3181044, 3181046, 3181108, 3181120, 3181138, 3181196, 3181299, 3181336, 3181372, 3181411, 3181411, 3181433, 3181647, 3181688, 3181739, 3181766, 3181963, 3182002, 3182078, 3182400, 3182415, 3182518, 3182608, 3182678, 3182681, 3182860, 3182898, 3182986, 3183002, 3183005, 3183154, 3183367, 3183425, 3183518, 3183717, 3183747, 3183758, 3183768, 3183913, 3184010, 3184139, 3184167, 3184313, 3184413, 3184654, 3184899, 3184902, 3185260, 3185268, 3185562, 3185772, 3185772, 3185821, 3185844, 3185869, 3185870, 3185987, 3186040, 3186292, 3186328, 3186347, 3186426, 3186447, 3186509, 3186617, 3186715, 3186790, 3186939, 3187259, 3187462, 3187510, 3187517, 3187680, 3187910, 3187919, 3187933, 3187975, 3187976, 3187997, 3188048, 3188250, 3188409, 3188491, 3188590, 3188635, 3188703, 3188708, 3188715, 3188824, 3188900, 3188961, 3189050, 3189124, 3189229, 3189230, 3189445, 3189517, 3189527, 3189694, 3189791, 3190191, 3190361, 3190838, 3190857, 3190912, 3191357, 3191474, 3191494, 3191555, 3191740, 3191797, 3191898, 3191912, 3192002, 3192150, 3192165, 3192234, 3192241, 3192480, 3192684, 3192725, 3192773, 3193015, 3193199, 3193421, 3193425, 3193430, 3193625, 3193656, 3193721, 3193765, 3193787, 3193804, 3193837, 3194023, 3194070, 3194091, 3194099, 3194127, 3194323, 3194369, 3194441, 3194487, 3194716, 3194943, 3194983, 3194998, 3195010, 3195020, 3195118, 3195172, 3195211, 3195288, 3195482, 3195664, 3195743, 3195897, 3195964, 3196088, 3196357, 3196397, 3196472, 3196610, 3196725, 3196779, 3196847, 3196977, 3197122, 3197204, 3197246, 3197305, 3197522, 3197526, 3197529, 3197706, 3197782, 3197784, 3197808, 3197809, 3197907, 3197990, 3197997, 3198007, 3198176, 3198223, 3198417, 3198450, 3198549, 3198624, 3198706, 3198745, 3198789, 3198867, 3198999, 3199191, 3199305, 3199374, 3199526, 3199569, 3199622, 3199702, 3199937, 3199998, 3200469, 3200560, 3200588, 3200685, 3200748, 3200830, 3200846, 3200959, 3201000, 3201219, 3201361, 3201432, 3201450, 3201487, 3201603, 3201886, 3202025, 3202075, 3202083, 3202095, 3202189, 3202206, 3202491, 3202633, 3202710, 3202748, 3202790, 3202846, 3203019, 3203040, 3203090, 3203095, 3203191, 3203453, 3203615, 3203708, 3203914, 3203999, 3204276, 3204321, 3204327, 3204328, 3204497, 3204676, 3204697, 3204712, 3204997, 3205073, 3205089, 3205188, 3205453, 3205609, 3205646, 3205722, 3205891, 3205968, 3206143, 3206202, 3206322, 3206460, 3206545, 3206650, 3206736, 3206783, 3206949, 3206969, 3206991, 3207164, 3207251, 3207279, 3207372, 3207427, 3207590, 3207658, 3207783, 3207956, 3208024, 3208095, 3208121, 3208717, 3209157, 3209524, 3209575, 3209647, 3209739, 3209872, 3210141, 3210158, 3210493, 3210526, 3210558, 3210721, 3210895, 3210943, 3211000, 3211006, 3211195, 3211379, 3211388, 3211439, 3211487, 3211529, 3211577, 3211651, 3211672, 3211757, 3211903, 3212096, 3212144, 3212270, 3212323, 3212607, 3212664, 3212669, 3212757, 3212765, 3212863, 3213326, 3213365, 3213465, 3213569, 3213763, 3213808, 3213897, 3213915, 3214001, 3214048, 3214071, 3214174, 3214483, 3214610, 3214632, 3214679, 3214841, 3214882, 3214905, 3214940, 3214994, 3215105, 3215107, 3215501, 3215559, 3215913, 3216092, 3216102, 3216239, 3216516, 3216545, 3216786, 3216834, 3216914, 3216914, 3216992, 3217040, 3217147, 3217287, 3217335, 3217355, 3217389, 3217512, 3217525, 3217613, 3217661, 3217667, 3217765, 3217770, 3217820, 3217861, 3217967, 3218154, 3218212, 3218256, 3218262, 3218264, 3218307, 3218561, 3218567, 3218650, 3218707, 3218862, 3218897, 3218912, 3219104, 3219114, 3219126, 3219136, 3219160, 3219189, 3219331, 3219389, 3219394, 3219483, 3219514, 3219528, 3219548, 3219736, 3219743, 3219756, 3219918, 3220041, 3220075, 3220117, 3220458, 3220510, 3220614, 3220699, 3220720, 3220723, 3220807, 3220814, 3220871, 3220889, 3220966, 3221156, 3221360, 3221442, 3221459, 3221672, 3221695, 3221733, 3221741, 3221747, 3221763, 3221944, 3222025, 3222080, 3222256, 3222400, 3222477, 3222942, 3222956, 3222978, 3223035, 3223076, 3223102, 3223145, 3223253, 3223428, 3223535, 3223566, 3223687, 3223705, 3223729, 3223756, 3223902, 3223951, 3224035, 3224090, 3224141, 3224170, 3224261, 3224290, 3224365, 3224378, 3224482, 3224553, 3224954, 3225331, 3225668, 3225675, 3225793, 3225836, 3226060, 3226077, 3226103, 3226377, 3226827, 3226944, 3226962, 3227070, 3227091, 3227194, 3227237, 3227271, 3227303, 3227333, 3227404, 3227509, 3227588, 3227596, 3227599, 3227630, 3227637, 3227687, 3227796, 3227859, 3227864, 3228063, 3228278, 3228391, 3228417, 3228581, 3228587, 3228602, 3228714, 3228769, 3228885, 3229013, 3229062, 3229069, 3229109, 3229174, 3229203, 3229259, 3229310, 3229617, 3229649, 3229922, 3230090, 3230135, 3230258, 3230452, 3230492, 3230613, 3230936, 3230987, 3231172, 3231191, 3231235, 3231294, 3231347, 3231431, 3231452, 3231570, 3231612, 3231706, 3231856, 3232191, 3232307, 3232322, 3232409, 3232451, 3232553, 3232623, 3232777, 3233156, 3233347, 3233381, 3233584, 3233603, 3234346, 3234508, 3234652, 3234753, 3234975, 3235002, 3235026, 3235068, 3235077, 3235454, 3235481, 3235521, 3235548, 3235552, 3235555, 3235691, 3235746, 3235750, 3235855, 3236026, 3236107, 3236196, 3236290, 3236354, 3236376, 3236657, 3236897, 3236927, 3236934, 3237042, 3237050, 3237088, 3237287, 3237385, 3237812, 3237909, 3237954, 3238116, 3238170, 3238201, 3238249, 3238251, 3238379, 3238416, 3238503, 3238710, 3238746, 3238958, 3239078, 3239125, 3239140, 3239172, 3239360, 3239366, 3239386, 3239412, 3239702, 3239863, 3239938, 3240151, 3240184, 3240267, 3240281, 3240492, 3240566, 3240583, 3240813, 3240827, 3240913, 3240965, 3241020, 3241121, 3241140, 3241213, 3241318, 3241391, 3241532, 3241606, 3241965, 3242012, 3242082, 3242094, 3242465, 3242900, 3242944, 3242969, 3242985, 3243050, 3243131, 3243339, 3243386, 3243408, 3243570, 3243681, 3243788, 3243889, 3243890, 3243894, 3243898, 3244003, 3244264, 3244399, 3244406, 3244431, 3244545, 3244571, 3244599, 3244637, 3244658, 3244775, 3244869, 3244886, 3244942, 3244969, 3245199, 3245264, 3245316, 3245498, 3245684, 3245695, 3245773, 3245798, 3245841, 3246411, 3246443, 3246452, 3246477, 3246593, 3246605, 3246610, 3246692, 3246869, 3246881, 3246953, 3247132, 3247499, 3248089, 3248144, 3248154, 3248302, 3248430, 3248443, 3248801, 3248845, 3248862, 3248888, 3249048, 3249140, 3249306, 3249406, 3249445, 3249556, 3249562, 3249685, 3249732, 3250027, 3250118, 3250163, 3250391, 3250491, 3250633, 3250841, 3250903, 3250964, 3251084, 3251214, 3251713, 3251866, 3252021, 3252091, 3252149, 3252189, 3252207, 3252237, 3252303, 3252335, 3252347, 3252549, 3252641, 3252767, 3252929, 3252990, 3253099, 3253250, 3253400, 3253419, 3253457, 3253498, 3253553, 3253609, 3253877, 3253973, 3254171, 3254517, 3254525, 3254598, 3254637, 3254775, 3254867, 3254869, 3254920, 3254988, 3255061, 3255112, 3255233, 3255240, 3255332, 3255505, 3255571, 3255594, 3255615, 3255620, 3255621, 3255882, 3256046, 3256112, 3256166, 3256255, 3256517, 3256550, 3256573, 3256606, 3256666, 3256773, 3256825, 3256861, 3256985, 3257481, 3257707, 3257715, 3257721, 3257846, 3258255, 3258271, 3258367, 3258499, 3258696, 3258709, 3258760, 3258801, 3258803, 3259008, 3259081, 3259299, 3259824, 3259981, 3260206, 3260228, 3260233, 3260245, 3260252, 3260330, 3260619, 3260773, 3260778, 3260783, 3260792, 3260948, 3260950, 3261001, 3261033, 3261195, 3261250, 3261293, 3261331, 3261532, 3261544, 3261586, 3261599, 3261708, 3261725, 3261766, 3261935, 3261953, 3262032, 3262123, 3262175, 3262284, 3262348, 3262356, 3262423, 3262789, 3262880, 3262908, 3263388, 3263439, 3263462, 3263476, 3263527, 3263643, 3263702, 3263764, 3263792, 3263799, 3263829, 3263905, 3263905, 3263967, 3264000, 3264163, 3264217, 3264389, 3264576, 3264583, 3264689, 3264734, 3264760, 3264822, 3264849, 3264932, 3265016, 3265135, 3265435, 3265478, 3265503, 3265514, 3265577, 3265858, 3265886, 3266080, 3266084, 3266185, 3266204, 3266291, 3266299, 3266337, 3266570, 3266628, 3266640, 3266715, 3267130, 3267277, 3267325, 3267563, 3267920, 3268055, 3268177, 3268245, 3268259, 3268332, 3268423, 3268430, 3268439, 3268900, 3268984, 3269005, 3269008, 3269033, 3269119, 3269129, 3269222, 3269240, 3269318, 3269462, 3269570, 3269677, 3269803, 3269810, 3269964, 3270012, 3270043, 3270080, 3270230, 3270254, 3270280, 3270377, 3270644, 3270649, 3270677, 3270988, 3270989, 3271046, 3271073, 3271074, 3271303, 3271317, 3271446, 3271532, 3271555, 3271784, 3271838, 3271987, 3272067, 3272080, 3272085, 3272313, 3272317, 3272375, 3272489, 3272607, 3272679, 3272751, 3272880, 3272988, 3273033, 3273100, 3273122, 3273159, 3273347, 3273441, 3273444, 3273605, 3273608, 3273692, 3273693, 3273878, 3274107, 3274203, 3274363, 3274392, 3274401, 3274505, 3274619, 3274626, 3274648, 3274935, 3274989, 3275093, 3275156, 3275247, 3275319, 3275419, 3275478, 3275653, 3275672, 3275931, 3275971, 3276029, 3276128, 3276240, 3276265, 3276270, 3276383, 3276473, 3276580, 3276671, 3276777, 3276810, 3276926, 3276961, 3277078, 3277104, 3277172, 3277230, 3277577, 3277606, 3277607, 3277714, 3277801, 3277872, 3278046, 3278103, 3278158, 3278205, 3278280, 3278358, 3278448, 3278557, 3278578, 3278589, 3278710, 3278718, 3278746, 3278898, 3278902, 3278993, 3279030, 3279078, 3279080, 3279145, 3279203, 3279240, 3279252, 3279424, 3279464, 3279545, 3279590, 3279617, 3279641, 3279729, 3279794, 3279812, 3279972, 3280011, 3280074, 3280150, 3280261, 3280322, 3280322, 3280420, 3280424, 3280617, 3280670, 3280850, 3280853, 3280995, 3281033, 3281099, 3281136, 3281203, 3281235, 3281236, 3281276, 3281353, 3281354, 3281545, 3281821, 3281892, 3281950, 3282044, 3282165, 3282542, 3282654, 3282690, 3282983, 3283078, 3283218, 3283446, 3283446, 3283530, 3283629, 3283783, 3284105, 3284157, 3284269, 3284272, 3284449, 3284477, 3284505, 3284857, 3284917, 3285047, 3285077, 3285141, 3285490, 3285532, 3285559, 3285602, 3285663, 3285709, 3285819, 3285965, 3286169, 3286250, 3286404, 3286478, 3286478, 3286563, 3286711, 3286828, 3286912, 3286913, 3287194, 3287254, 3287367, 3287391, 3287447, 3287564, 3287676, 3287725, 3287763, 3287850, 3287933, 3287979, 3288084, 3288240, 3288267, 3288309, 3288505, 3288653, 3288682, 3288760, 3289035, 3289060, 3289075, 3289209, 3289227, 3289313, 3289317, 3289433, 3289510, 3289556, 3289734, 3289972, 3290118, 3290274, 3290801, 3290921, 3291206, 3291212, 3291370, 3291476, 3291478, 3291494, 3291528, 3291556, 3291629, 3291632, 3291677, 3291717, 3291769, 3291817, 3292039, 3292133, 3292177, 3292256, 3292282, 3292457, 3292603, 3292648, 3292973, 3293010, 3293027, 3293327, 3293472, 3293477, 3293614, 3293798, 3293801, 3293999, 3294151, 3294320, 3294339, 3294366, 3294371, 3294764, 3294764, 3294803, 3294895, 3294947, 3294950, 3294960, 3295014, 3295019, 3295019, 3295191, 3295350, 3295352, 3295389, 3295411, 3295440, 3295520, 3295582, 3295607, 3295718, 3295748, 3295751, 3295984, 3296044, 3296150, 3296151, 3296204, 3296216, 3296395, 3296400, 3296443, 3296454, 3296455, 3296644, 3296732, 3296806, 3296830, 3296848, 3296952, 3297060, 3297079, 3297180, 3297184, 3297267, 3297409, 3297640, 3297686, 3297910, 3298057, 3298112, 3298113, 3298169, 3298171, 3298184, 3298337, 3298424, 3298517, 3298806, 3298877, 3299373, 3299380, 3299560, 3299676, 3299767, 3299775, 3299828, 3299833, 3299845, 3299925, 3300060, 3300226, 3300326, 3300512, 3300643, 3300652, 3300745, 3300767, 3300931, 3300945, 3300999, 3301043, 3301056, 3301060, 3301199, 3301315, 3301367, 3301417, 3301485, 3301578, 3301586, 3301617, 3301643, 3302202, 3302347, 3302352, 3302390, 3302439, 3302485, 3302519, 3302642, 3302657, 3302826, 3302878, 3302898, 3303297, 3303337, 3303387, 3303480, 3303719, 3303898, 3303954, 3304070, 3304130, 3304419, 3304630, 3304670, 3304699, 3304739, 3304753, 3304801, 3304869, 3304878, 3305007, 3305241, 3305589, 3305723, 3305728, 3305842, 3305853, 3305949, 3305972, 3306052, 3306109, 3306168, 3306373, 3306432, 3306517, 3307254, 3307272, 3307327, 3307334, 3307344, 3307359, 3307397, 3307586, 3307658, 3307669, 3307707, 3307838, 3307868, 3307896, 3307899, 3307948, 3307958, 3307975, 3307983, 3308026, 3308027, 3308034, 3308043, 3308151, 3308162, 3308257, 3308291, 3308334, 3308484, 3308586, 3308640, 3308641, 3308674, 3308721, 3308755, 3308776, 3308947, 3308968, 3309079, 3309175, 3309320, 3309399, 3309473, 3309516, 3309536, 3309583, 3309609, 3309678, 3309770, 3309773, 3309915, 3310100, 3310245, 3310248, 3310366, 3310386, 3310470, 3310490, 3310708, 3310822, 3310866, 3311299, 3311439, 3311782, 3311812, 3311865, 3312119, 3312237, 3312244, 3312284, 3312287, 3312304, 3312368, 3312517, 3312635, 3312701, 3312721, 3312737, 3312909, 3313033, 3313064, 3313103, 3313112, 3313161, 3313484, 3313544, 3313566, 3313667, 3313765, 3314083, 3314153, 3314401, 3314438, 3314449, 3314472, 3314541, 3314744, 3314867, 3314879, 3314995, 3315035, 3315075, 3315192, 3315193, 3315443, 3315458, 3315486, 3315558, 3315645, 3315751, 3315851, 3315853, 3315945, 3316038, 3316094, 3316378, 3316474, 3316713, 3316857, 3316912, 3317103, 3317130, 3317157, 3317178, 3317228, 3317254, 3317399, 3317600, 3317679, 3317683, 3317695, 3317962, 3317971, 3317982, 3318255, 3318318, 3318399, 3318408, 3318633, 3318680, 3319050, 3319150, 3319339, 3319478, 3319554, 3319567, 3319580, 3319798, 3320144, 3320158, 3320463, 3320638, 3320699, 3320828, 3321003, 3321155, 3321167, 3321494, 3321555, 3321600, 3321649, 3321657, 3321688, 3321910, 3321913, 3322002, 3322203, 3322233, 3322387, 3322515, 3322572, 3322636, 3322752, 3323077, 3323139, 3323408, 3323555, 3323621, 3323762, 3323766, 3323856, 3323931, 3323999, 3324025, 3324185, 3324247, 3324305, 3324371, 3324682, 3324782, 3325059, 3325177, 3325332, 3325343, 3325438, 3326014, 3326522, 3326526, 3326642, 3326646, 3326712, 3326805, 3326907, 3326964, 3326979, 3327081, 3327476, 3327524, 3327684, 3327714, 3327718, 3327921, 3328024, 3328033, 3328046, 3328062, 3328130, 3328176, 3328334, 3328392, 3328402, 3328424, 3328464, 3328468, 3328546, 3328565, 3328568, 3328570, 3328630, 3328707, 3328963, 3329031, 3329118, 3329156, 3329233, 3329269, 3329302, 3329483, 3329489, 3329616, 3329704, 3329718, 3329915, 3329992, 3330031, 3330035, 3330071, 3330250, 3330300, 3330418, 3330463, 3330472, 3330505, 3330862, 3331003, 3331029, 3331084, 3331095, 3331205, 3331344, 3331375, 3331406, 3331477, 3331640, 3331679, 3331702, 3332049, 3332109, 3332113, 3332399, 3332663, 3332682, 3332757, 3332798, 3332907, 3332964, 3332983, 3333233, 3333493, 3333539, 3333738, 3334107, 3334188, 3334303, 3334366, 3334512, 3334671, 3334688, 3335106, 3335112, 3335278, 3335431, 3335597, 3335608, 3335616, 3335921, 3335986, 3336079, 3336182, 3336190, 3336237, 3336286, 3336427, 3336549, 3336593, 3336623, 3336692, 3336768, 3337130, 3337167, 3337341, 3337726, 3337779, 3337790, 3337901, 3337949, 3338091, 3338165, 3338423, 3338542, 3338710, 3338728, 3338735, 3338856, 3338879, 3338913, 3338957, 3339019, 3339091, 3339120, 3339166, 3339275, 3339352, 3339360, 3339428, 3339488, 3339671, 3339683, 3339746, 3339994, 3340058, 3340132, 3340277, 3340277, 3340383, 3340637, 3340710, 3340728, 3340831, 3340897, 3341323, 3341325, 3341419, 3341608, 3341633, 3341774, 3341794, 3341889, 3342055, 3342056, 3342090, 3342197, 3342206, 3342690, 3342820, 3342920, 3343099, 3343214, 3343264, 3343811, 3343843, 3343927, 3343929, 3344149, 3344210, 3344290, 3344757, 3344836, 3344867, 3344941, 3345262, 3345313, 3345354, 3345457, 3345651, 3345703, 3345842, 3345872, 3346112, 3346144, 3346428, 3346588, 3346612, 3346643, 3346844, 3346872, 3346937, 3346955, 3347073, 3347186, 3347280, 3347345, 3347448, 3347465, 3347471, 3347472, 3347537, 3347560, 3347614, 3347659, 3347684, 3347720, 3347841, 3347885, 3347904, 3348093, 3348193, 3348382, 3348444, 3348490, 3348509, 3348550, 3348588, 3348978, 3349011, 3349156, 3349187, 3349189, 3349237, 3349269, 3349381, 3349424, 3349614, 3349767, 3349857, 3349890, 3349935, 3350048, 3350281, 3350317, 3350424, 3350452, 3350478, 3350544, 3350571, 3350592, 3350755, 3350899, 3350946, 3351077, 3351131, 3351221, 3351663, 3351748, 3351749, 3351758, 3351844, 3351985, 3352049, 3352183, 3352213, 3352402, 3352562, 3352714, 3352839, 3352860, 3353044, 3353046, 3353250, 3353371, 3353457, 3353465, 3353485, 3353645, 3353833, 3354122, 3354132, 3354411, 3354575, 3354696, 3354719, 3354731, 3354744, 3354864, 3355150, 3355411, 3355519, 3355583, 3355638, 3355854, 3355885, 3355901, 3356047, 3356114, 3356146, 3356391, 3356791, 3357051, 3357092, 3357115, 3357116, 3357180, 3357303, 3357498, 3357685, 3357916, 3357939, 3357946, 3358041, 3358155, 3358195, 3358196, 3358221, 3358227, 3358253, 3358307, 3358346, 3358467, 3358543, 3358796, 3358936, 3358979, 3359154, 3359271, 3359353, 3359438, 3359474, 3359505, 3359869, 3360117, 3360391, 3360568, 3360572, 3360729, 3360761, 3360799, 3360842, 3360916, 3361171, 3361189, 3361266, 3361473, 3361562, 3361613, 3361732, 3361741, 3361769, 3361998, 3362179, 3362388, 3362407, 3362427, 3362492, 3362681, 3362691, 3363248, 3363450, 3363616, 3363853, 3363865, 3364240, 3364247, 3364254, 3364461, 3364489, 3364531, 3364564, 3364573, 3364583, 3364617, 3364975, 3364983, 3365062, 3365155, 3365158, 3365215, 3365339, 3365356, 3365379, 3365556, 3366103, 3366113, 3366225, 3366422, 3366429, 3366454, 3366548, 3366703, 3366777, 3366798, 3366908, 3367186, 3367188, 3367405, 3367812, 3367991, 3368121, 3368157, 3368198, 3368230, 3368247, 3368259, 3368325, 3368444, 3368588, 3368702, 3368786, 3368990, 3369085, 3369443, 3369568, 3369644, 3370001, 3370049, 3370508, 3370528, 3371040, 3371044, 3371090, 3371423, 3371548, 3371746, 3371865, 3371890, 3371916, 3371963, 3372067, 3372074, 3372080, 3372304, 3372458, 3372470, 3372868, 3372889, 3372925, 3372990, 3373098, 3373222, 3373558, 3373647, 3373749, 3373805, 3373816, 3373915, 3374028, 3374173, 3374475, 3374740, 3374774, 3374927, 3375008, 3375067, 3375212, 3375364, 3375450, 3375475, 3375669, 3375848, 3375882, 3375885, 3375894, 3376024, 3376136, 3376242, 3376278, 3376302, 3376347, 3376612, 3376625, 3376674, 3376874, 3377097, 3377141, 3377205, 3377233, 3377261, 3377436, 3377518, 3377564, 3377648, 3377966, 3377986, 3378016, 3378080, 3378212, 3378287, 3378312, 3378339, 3378402, 3378513, 3378633, 3378652, 3378849, 3378888, 3379012, 3379061, 3379134, 3379228, 3379258, 3379343, 3379771, 3379793, 3379886, 3379920, 3379966, 3380013, 3380061, 3380137, 3380179, 3380198, 3380245, 3380339, 3380366, 3380474, 3380610, 3380655, 3380808, 3380965, 3381028, 3381066, 3381186, 3381221, 3381620, 3381664, 3381677, 3381701, 3381745, 3381775, 3381815, 3381957, 3381975, 3382051, 3382076, 3382089, 3382197, 3382238, 3382419, 3382429, 3382523, 3382547, 3382578, 3382603, 3382623, 3382804, 3382835, 3382837, 3383083, 3383084, 3383091, 3383237, 3383246, 3383266, 3383410, 3383487, 3383756, 3383929, 3383953, 3383967, 3384137, 3384314, 3384375, 3384431, 3384517, 3384709, 3384743, 3384776, 3384890, 3384901, 3384933, 3384942, 3385011, 3385075, 3385108, 3385122, 3385157, 3385186, 3385214, 3385252, 3385310, 3385327, 3385393, 3385564, 3385724, 3385740, 3385798, 3385798, 3385923, 3386128, 3386137, 3386155, 3386340, 3386344, 3386386, 3386426, 3386441, 3386472, 3386492, 3386687, 3386787, 3387280, 3387315, 3387398, 3387578, 3387642, 3387650, 3387696, 3387713, 3387802, 3387807, 3387985, 3388027, 3388212, 3388372, 3388456, 3388683, 3388712, 3388744, 3388751, 3388754, 3389137, 3389330, 3389613, 3389739, 3389843, 3389935, 3390139, 3390160, 3390416, 3390657, 3390764, 3390796, 3390879, 3391073, 3391232, 3391368, 3391497, 3391591, 3391595, 3391651, 3391672, 3391674, 3392190, 3392305, 3392407, 3392738, 3392804, 3393221, 3393377, 3393496, 3393554, 3393587, 3393669, 3393690, 3393705, 3393865, 3394029, 3394052, 3394155, 3394571, 3394920, 3394954, 3394998, 3395042, 3395060, 3395555, 3395713, 3395745, 3395792, 3395853, 3395870, 3396251, 3396272, 3396290, 3396324, 3396415, 3396456, 3396472, 3396495, 3396555, 3396711, 3396913, 3396930, 3397004, 3397020, 3397151, 3397151, 3397265, 3397390, 3397420, 3397626, 3397749, 3397788, 3397893, 3397968, 3397983, 3397985, 3398011, 3398023, 3398145, 3398170, 3398226, 3398333, 3398357, 3398556, 3398580, 3398586, 3398676, 3398933, 3399030, 3399163, 3399241, 3399261, 3399363, 3399486, 3399528, 3399603, 3399610, 3399659, 3399719, 3399818, 3399871, 3400338, 3400432, 3400553, 3400600, 3400780, 3400900, 3400927, 3401135, 3401386, 3401489, 3401615, 3401727, 3401755, 3401824, 3401984, 3402137, 3402154, 3402160, 3402172, 3402255, 3402321, 3402493, 3402525, 3402546, 3402674, 3402826, 3402854, 3402892, 3402911, 3402955, 3402956, 3403083, 3403339, 3403378, 3403414, 3403416, 3403446, 3403691, 3403820, 3404118, 3404189, 3404305, 3404431, 3404705, 3405173, 3405208, 3405307, 3405333, 3405492, 3405715, 3405857, 3406073, 3406088, 3406108, 3406424, 3406543, 3406588, 3406817, 3406870, 3406874, 3406885, 3407088, 3407235, 3407240, 3407249, 3407397, 3407548, 3407795, 3407852, 3407943, 3408114, 3408237, 3408259, 3408540, 3408682, 3408851, 3408852, 3408865, 3408894, 3408914, 3409012, 3409024, 3409120, 3409146, 3409201, 3409235, 3409290, 3409318, 3409364, 3409612, 3409692, 3409739, 3409779, 3410071, 3410079, 3410199, 3410444, 3410524, 3410602, 3410756, 3410911, 3410935, 3411146, 3411267, 3411420, 3411523, 3411707, 3411721, 3411825, 3411856, 3411892, 3412063, 3412243, 3412248, 3412314, 3412350, 3412405, 3412559, 3412590, 3412810, 3412886, 3412945, 3413276, 3413334, 3413418, 3413435, 3413467, 3413470, 3413609, 3413635, 3413664, 3413749, 3413987, 3414213, 3414293, 3414432, 3414464, 3414842, 3414863, 3414881, 3414888, 3415011, 3415069, 3415085, 3415489, 3415517, 3415572, 3415759, 3415762, 3415799, 3415808, 3415954, 3415985, 3416108, 3416141, 3416266, 3416361, 3416451, 3416534, 3416561, 3416601, 3416676, 3416700, 3416702, 3416740, 3416752, 3416753, 3416795, 3416927, 3416987, 3417040, 3417093, 3417125, 3417143, 3417153, 3417236, 3417460, 3417531, 3417755, 3417777, 3417895, 3417956, 3417993, 3418212, 3418252, 3418319, 3418323, 3418411, 3418503, 3418518, 3418563, 3418686, 3418744, 3418885, 3419023, 3419154, 3419269, 3419392, 3419447, 3419484, 3419823, 3419983, 3420026, 3420070, 3420086, 3420177, 3420179, 3420201, 3420205, 3420395, 3420635, 3420642, 3420835, 3420907, 3421037, 3421051, 3421109, 3421114, 3421261, 3421309, 3421436, 3421738, 3421808, 3421838, 3421874, 3421922, 3421942, 3422602, 3422632, 3422655, 3422670, 3422805, 3422898, 3423049, 3423049, 3423111, 3423240, 3423299, 3423316, 3423431, 3423529, 3423565, 3423585, 3423603, 3423791, 3423811, 3423862, 3424092, 3424140, 3424216, 3424223, 3424278, 3424404, 3424463, 3424590, 3424799, 3424962, 3425055, 3425121, 3425232, 3425249, 3425409, 3425534, 3425600, 3425646, 3425848, 3425896, 3425974, 3426075, 3426197, 3426208, 3426245, 3426448, 3426470, 3426724, 3426902, 3427131, 3427266, 3427285, 3427344, 3427491, 3427741, 3427825, 3427989, 3428025, 3428446, 3428585, 3428611, 3428626, 3428668, 3428714, 3428727, 3428961, 3428993, 3428996, 3429007, 3429067, 3429156, 3429242, 3429385, 3429426, 3429470, 3429585, 3429674, 3429698, 3429732, 3429905, 3429984, 3430204, 3430254, 3430272, 3430274, 3430275, 3430392, 3430880, 3430999, 3431104, 3431178, 3431183, 3431273, 3431277, 3431337, 3431462, 3431546, 3431692, 3431748, 3432069, 3432156, 3432263, 3432266, 3432309, 3432362, 3432513, 3432547, 3432664, 3432784, 3432801, 3432993, 3433040, 3433052, 3433163, 3433244, 3433294, 3433338, 3433347, 3433808, 3433862, 3433913, 3434116, 3434147, 3434281, 3434432, 3434462, 3434467, 3434504, 3434525, 3434534, 3434589, 3434786, 3434939, 3435034, 3435072, 3435140, 3435187, 3435211, 3435283, 3435368, 3435603, 3435753, 3435785, 3435862, 3435927, 3435941, 3436057, 3436182, 3436342, 3436469, 3436671, 3436866, 3436892, 3436899, 3436933, 3437028, 3437235, 3437541, 3438308, 3438513, 3438622, 3438831, 3438920, 3438962, 3439059, 3439129, 3439359, 3439420, 3439611, 3439627, 3439633, 3439983, 3440090, 3440135, 3440148, 3440236, 3440373, 3440406, 3440495, 3440524, 3440735, 3440750, 3440860, 3440922, 3441397, 3441617, 3441687, 3441754, 3441958, 3442024, 3442036, 3442388, 3442392, 3442402, 3442531, 3442574, 3442603, 3442784, 3443046, 3443063, 3443146, 3443148, 3443507, 3443714, 3443821, 3443932, 3443971, 3444164, 3444170, 3444181, 3444423, 3444457, 3444457, 3444590, 3444705, 3444896, 3444989, 3445283, 3445403, 3445440, 3445572, 3445728, 3445740, 3445889, 3446097, 3446101, 3446113, 3446419, 3446492, 3446754, 3446777, 3447002, 3447063, 3447265, 3447344, 3447469, 3447538, 3447628, 3447657, 3447701, 3447970, 3448113, 3448347, 3448429, 3448490, 3448537, 3448867, 3449069, 3449168, 3449373, 3449403, 3449440, 3449489, 3449516, 3449548, 3449588, 3449613, 3449738, 3449770, 3449778, 3449906, 3449953, 3449985, 3449991, 3450021, 3450082, 3450093, 3450191, 3450229, 3450324, 3450327, 3450372, 3450433, 3450595, 3450925, 3451028, 3451092, 3451153, 3451227, 3451661, 3451758, 3451853, 3451897, 3451940, 3452125, 3452517, 3452539, 3452602, 3452638, 3452909, 3453053, 3453121, 3453404, 3453438, 3453438, 3453471, 3453529, 3453618, 3453640, 3453706, 3453908, 3453996, 3454004, 3454034, 3454231, 3454311, 3454409, 3454459, 3454585, 3454595, 3454750, 3454785, 3454804, 3454822, 3454900, 3455313, 3455495, 3455859, 3455974, 3456129, 3456297, 3456377, 3456465, 3456571, 3456658, 3456712, 3456914, 3456976, 3457005, 3457025, 3457265, 3457314, 3457386, 3457452, 3457457, 3457580, 3457943, 3457961, 3458075, 3458139, 3458188, 3458322, 3458492, 3458504, 3458548, 3458578, 3458865, 3458910, 3458962, 3458963, 3459267, 3459271, 3459308, 3459547, 3459592, 3459691, 3459719, 3459751, 3459766, 3459783, 3459818, 3459972, 3460036, 3460046, 3460301, 3460484, 3460511, 3460539, 3460682, 3460724, 3460767, 3460870, 3460882, 3461013, 3461120, 3461361, 3461376, 3461413, 3461633, 3461678, 3461787, 3461821, 3461951, 3462041, 3462045, 3462115, 3462169, 3462371, 3462400, 3462436, 3462776, 3462834, 3462842, 3462934, 3463018, 3463064, 3463351, 3463413, 3463477, 3463504, 3463634, 3463738, 3463758, 3463788, 3463967, 3463970, 3464116, 3464165, 3464218, 3464306, 3464584, 3464692, 3464897, 3464923, 3464926, 3465002, 3465206, 3466038, 3466071, 3466351, 3466405, 3466461, 3466533, 3466536, 3466718, 3466820, 3466850, 3466853, 3466915, 3466976, 3466980, 3467047, 3467290, 3467296, 3467379, 3467657, 3468040, 3468070, 3468207, 3468237, 3468281, 3468338, 3468398, 3468420, 3468460, 3468637, 3468735, 3468849, 3468943, 3469069, 3469317, 3469333, 3469466, 3469574, 3469752, 3469956, 3470118, 3470187, 3470216, 3470216, 3470334, 3470377, 3470632, 3470790, 3470855, 3470958, 3470985, 3471078, 3471137, 3471180, 3471369, 3471424, 3471437, 3471681, 3471770, 3471861, 3471988, 3472031, 3472076, 3472242, 3472252, 3472487, 3472497, 3472522, 3472684, 3472711, 3472844, 3473105, 3473118, 3473197, 3473199, 3473442, 3473552, 3473873, 3473904, 3474055, 3474089, 3474102, 3474194, 3474201, 3474341, 3474422, 3474482, 3474492, 3474586, 3474589, 3474947, 3474993, 3475103, 3475164, 3475410, 3475492, 3475555, 3475564, 3475654, 3475741, 3475759, 3475781, 3476069, 3476358, 3476359, 3476553, 3476665, 3476749, 3476823, 3476838, 3476933, 3477016, 3477026, 3477089, 3477137, 3477177, 3477282, 3477361, 3477527, 3477564, 3477630, 3477725, 3477802, 3477862, 3477909, 3477987, 3478273, 3478644, 3478682, 3478753, 3478855, 3478934, 3479007, 3479043, 3479115, 3479145, 3479181, 3479337, 3479522, 3479536, 3479549, 3479687, 3479693, 3479715, 3480080, 3480096, 3480181, 3480302, 3480456, 3480596, 3480684, 3480914, 3481015, 3481116, 3481256, 3481268, 3481304, 3481416, 3481416, 3481423, 3481484, 3481485, 3481656, 3481721, 3481811, 3481899, 3482017, 3482156, 3482230, 3482289, 3482312, 3482793, 3482978, 3483068, 3483137, 3483407, 3483455, 3483525, 3483767, 3483932, 3483995, 3484016, 3484182, 3484261, 3484314, 3484348, 3484497, 3484529, 3484881, 3484959, 3485060, 3485153, 3485252, 3485294, 3485332, 3485609, 3485880, 3485977, 3486073, 3486187, 3486599, 3486729, 3486794, 3486902, 3487011, 3487093, 3487093, 3487328, 3487332, 3487375, 3487486, 3487596, 3487805, 3487942, 3487958, 3488018, 3488293, 3488303, 3488303, 3488307, 3488368, 3488524, 3488554, 3488750, 3488797, 3489038, 3489073, 3489090, 3489278, 3489384, 3489398, 3489510, 3489596, 3489630, 3489813, 3489904, 3490061, 3490307, 3490327, 3490439, 3490535, 3490551, 3490663, 3490678, 3490712, 3490730, 3490768, 3490800, 3490861, 3491107, 3491108, 3491171, 3491235, 3491278, 3491485, 3491509, 3491519, 3491820, 3491920, 3491956, 3492020, 3492077, 3492082, 3492120, 3492300, 3492308, 3492336, 3492431, 3492457, 3492490, 3492561, 3492643, 3492836, 3492984, 3493052, 3493106, 3493144, 3493214, 3493253, 3493531, 3493773, 3493834, 3493943, 3493958, 3494049, 3494167, 3494170, 3494202, 3494469, 3494667, 3494702, 3494799, 3494957, 3495213, 3495346, 3495376, 3495395, 3495559, 3495572, 3495632, 3495747, 3495771, 3495793, 3495835, 3495907, 3495917, 3496011, 3496160, 3496321, 3496376, 3496377, 3496434, 3496493, 3496523, 3496529, 3496643, 3496794, 3496901, 3497213, 3497254, 3497298, 3497368, 3497419, 3497513, 3497540, 3497664, 3498187, 3498284, 3498291, 3498342, 3498451, 3498695, 3498750, 3498852, 3498858, 3498885, 3498900, 3499016, 3499064, 3499156, 3499225, 3499508, 3499771, 3499814, 3499906, 3499919, 3499953, 3500047, 3500149, 3500271, 3500293, 3500318, 3500377, 3500561, 3500682, 3500738, 3500772, 3500966, 3501009, 3501265, 3501412, 3501680, 3501718, 3501768, 3501812, 3501823, 3501827, 3501928, 3502328, 3502417, 3502471, 3502498, 3502528, 3502575, 3502724, 3502833, 3503022, 3503486, 3503606, 3503705, 3503708, 3503789, 3503849, 3503859, 3503864, 3503928, 3503963, 3504044, 3504082, 3504219, 3504251, 3504256, 3504299, 3504507, 3504525, 3504526, 3504654, 3504730, 3504746, 3504823, 3505008, 3505053, 3505076, 3505078, 3505174, 3505308, 3505355, 3505396, 3505401, 3505515, 3505592, 3505594, 3505626, 3505671, 3505678, 3505678, 3505791, 3505931, 3505992, 3506060, 3506168, 3506211, 3506252, 3506320, 3506346, 3506449, 3506526, 3506822, 3506900, 3506937, 3507032, 3507117, 3507195, 3507207, 3507280, 3507407, 3507615, 3507652, 3507898, 3508014, 3508496, 3508558, 3508617, 3508873, 3509089, 3509118, 3509162, 3509168, 3509211, 3509310, 3509380, 3509497, 3509530, 3509774, 3509833, 3509835, 3509840, 3509976, 3509979, 3510027, 3510110, 3510145, 3510234, 3510369, 3510407, 3510578, 3510689, 3510903, 3510989, 3511204, 3511323, 3511365, 3511443, 3511555, 3511634, 3511673, 3511777, 3511804, 3511928, 3511944, 3512031, 3512493, 3512560, 3512758, 3512760, 3512841, 3512851, 3512916, 3512925, 3513143, 3513238, 3513364, 3513982, 3513984, 3514014, 3514115, 3514234, 3514376, 3514555, 3514562, 3514582, 3514847, 3514875, 3515110, 3515141, 3515425, 3515441, 3515524, 3515548, 3515583, 3515600, 3515625, 3515858, 3515867, 3516157, 3516341, 3516375, 3516456, 3516483, 3516721, 3516746, 3517052, 3517193, 3517296, 3517372, 3517409, 3517421, 3517429, 3517494, 3517602, 3517644, 3517750, 3517793, 3517905, 3517991, 3518045, 3518058, 3518131, 3518242, 3518353, 3518741, 3518746, 3518898, 3518941, 3518970, 3519205, 3519432, 3519449, 3519488, 3519542, 3519703, 3519859, 3519944, 3519946, 3520010, 3520022, 3520084, 3520099, 3520165, 3520228, 3520273, 3520348, 3520354, 3520378, 3520465, 3520474, 3520720, 3520724, 3520779, 3520803, 3520827, 3520848, 3521000, 3521020, 3521024, 3521038, 3521052, 3521055, 3521102, 3521169, 3521170, 3521379, 3521466, 3521569, 3521635, 3521680, 3521705, 3521724, 3521746, 3521812, 3521917, 3521964, 3522025, 3522206, 3522330, 3522537, 3522598, 3522629, 3522630, 3522634, 3522720, 3522731, 3522917, 3523059, 3523081, 3523081, 3523126, 3523264, 3523291, 3523472, 3523524, 3523525, 3523592, 3523649, 3523698, 3523969, 3524050, 3524100, 3524157, 3524182, 3524229, 3524421, 3524446, 3524478, 3524607, 3524710, 3524729, 3524851, 3524876, 3525070, 3525084, 3525274, 3525481, 3525610, 3525620, 3525652, 3525691, 3525841, 3525903, 3525983, 3526059, 3526181, 3526189, 3526242, 3526263, 3526343, 3526352, 3526396, 3526573, 3526594, 3526699, 3526712, 3526712, 3526753, 3526849, 3526869, 3526938, 3527011, 3527057, 3527058, 3527092, 3527196, 3527207, 3527792, 3527830, 3527853, 3527978, 3527995, 3528012, 3528030, 3528080, 3528407, 3528430, 3528439, 3528460, 3528509, 3528743, 3528829, 3528868, 3528959, 3529027, 3529076, 3529202, 3529248, 3529288, 3529387, 3529535, 3529554, 3529593, 3529684, 3529802, 3530140, 3530345, 3530501, 3530520, 3530723, 3531028, 3531335, 3531360, 3531522, 3531567, 3531604, 3531606, 3531612, 3531866, 3532081, 3532169, 3532191, 3532205, 3532313, 3532526, 3532552, 3532885, 3532900, 3532910, 3533075, 3533321, 3533354, 3533373, 3533420, 3533439, 3533476, 3533539, 3533553, 3533664, 3533789, 3534240, 3534327, 3534344, 3534636, 3534730, 3534834, 3534847, 3534903, 3535048, 3535085, 3535187, 3535356, 3535468, 3535695, 3535766, 3535780, 3535822, 3535878, 3535890, 3535971, 3536100, 3536101, 3536183, 3536354, 3536410, 3536558, 3536667, 3536938, 3536944, 3536971, 3537151, 3537310, 3537446, 3537509, 3537605, 3537681, 3537758, 3537791, 3537942, 3538011, 3538061, 3538151, 3538231, 3538352, 3538370, 3538554, 3538573, 3538602, 3538713, 3538922, 3538931, 3539017, 3539065, 3539336, 3539365, 3539401, 3539509, 3539519, 3539533, 3539570, 3539697, 3539767, 3539799, 3539816, 3540003, 3540215, 3540416, 3540505, 3540635, 3540739, 3540849, 3540900, 3540934, 3540963, 3540997, 3541042, 3541179, 3541311, 3541356, 3541477, 3541605, 3541709, 3541996, 3542002, 3542010, 3542031, 3542293, 3542312, 3542372, 3542384, 3542485, 3542609, 3542922, 3543057, 3543266, 3543425, 3543538, 3543747, 3543867, 3543897, 3544119, 3544293, 3544334, 3544352, 3544380, 3544443, 3544763, 3544794, 3544900, 3544988, 3545153, 3545155, 3545159, 3545250, 3545466, 3545506, 3545712, 3545834, 3545840, 3545858, 3545937, 3545939, 3545993, 3546074, 3546174, 3546405, 3546417, 3546459, 3546490, 3546519, 3546539, 3546570, 3546748, 3546830, 3546946, 3546948, 3546964, 3547010, 3547030, 3547083, 3547115, 3547137, 3547204, 3547237, 3547398, 3547557, 3547583, 3547675, 3547680, 3547680, 3547779, 3547783, 3547783, 3547884, 3547951, 3548005, 3548059, 3548072, 3548104, 3548138, 3548148, 3548228, 3548371, 3548416, 3548436, 3548525, 3548536, 3548581, 3548613, 3548707, 3548820, 3548871, 3548924, 3549150, 3549270, 3549386, 3549416, 3549471, 3549578, 3549739, 3549782, 3549799, 3549846, 3550032, 3550495, 3550657, 3550706, 3550709, 3550927, 3551034, 3551049, 3551233, 3551358, 3551401, 3551467, 3551515, 3551525, 3551533, 3551574, 3551629, 3551669, 3551729, 3551820, 3551842, 3552112, 3552313, 3552337, 3552369, 3552403, 3552417, 3552500, 3552591, 3552748, 3552894, 3552924, 3553028, 3553111, 3553112, 3553274, 3553290, 3553376, 3553512, 3553528, 3553592, 3553658, 3553760, 3553830, 3554010, 3554013, 3554080, 3554220, 3554353, 3554398, 3554473, 3554613, 3554624, 3554711, 3554720, 3554851, 3554856, 3554905, 3555256, 3555295, 3555399, 3555505, 3555538, 3555549, 3555704, 3555850, 3555880, 3555964, 3556067, 3556237, 3556318, 3556330, 3556519, 3556529, 3556728, 3556766, 3556774, 3556788, 3556873, 3556877, 3556937, 3556949, 3557189, 3557256, 3557471, 3557480, 3557755, 3557823, 3557956, 3557983, 3558245, 3558254, 3558648, 3558676, 3558753, 3558826, 3558901, 3559046, 3559190, 3559392, 3559447, 3559492, 3559771, 3559798, 3559868, 3560283, 3560362, 3560395, 3560503, 3560533, 3560540, 3560592, 3560660, 3560894, 3561152, 3561231, 3561422, 3561850, 3561934, 3561983, 3561991, 3562151, 3562176, 3562180, 3562459, 3562516, 3562527, 3562657, 3562764, 3562850, 3562995, 3563215, 3563249, 3563249, 3563263, 3563406, 3563421, 3563427, 3563648, 3563827, 3564007, 3564057, 3564168, 3564373, 3564427, 3564466, 3564661, 3564715, 3564772, 3565011, 3565072, 3565123, 3565133, 3565164, 3565275, 3565471, 3565572, 3565580, 3565965, 3565986, 3566019, 3566105, 3566164, 3566200, 3566213, 3566328, 3566630, 3566732, 3566773, 3566891, 3566991, 3567114, 3567234, 3567315, 3567318, 3567468, 3567539, 3567558, 3567602, 3567744, 3567940, 3567951, 3568010, 3568080, 3568111, 3568166, 3568256, 3568601, 3568653, 3568763, 3568804, 3568818, 3568937, 3569506, 3569640, 3569701, 3569766, 3569895, 3570134, 3570149, 3570191, 3570356, 3570465, 3570482, 3570587, 3570687, 3570716, 3570875, 3570877, 3571220, 3571224, 3571266, 3571286, 3571356, 3571424, 3571430, 3571461, 3571591, 3571614, 3571646, 3571658, 3571673, 3571685, 3571777, 3571928, 3571933, 3572030, 3572250, 3572322, 3572325, 3572367, 3572513, 3572644, 3572774, 3572977, 3572980, 3573090, 3573158, 3573190, 3573227, 3573295, 3573360, 3573475, 3573485, 3573624, 3573713, 3573881, 3574068, 3574100, 3574131, 3574329, 3574565, 3574585, 3575012, 3575029, 3575156, 3575162, 3575223, 3575339, 3575599, 3575630, 3575715, 3575747, 3575778, 3575862, 3575880, 3575992, 3576031, 3576051, 3576068, 3576089, 3576121, 3576133, 3576145, 3576248, 3576380, 3576768, 3576786, 3577201, 3577242, 3577322, 3577351, 3577436, 3577604, 3577665, 3577706, 3577710, 3577849, 3577875, 3577888, 3577909, 3577930, 3577988, 3578026, 3578117, 3578170, 3578201, 3578210, 3578254, 3578298, 3578336, 3578390, 3578397, 3578448, 3578462, 3578559, 3578571, 3578818, 3578859, 3578878, 3579110, 3579300, 3579326, 3579362, 3579495, 3579585, 3579655, 3579710, 3579854, 3579947, 3580094, 3580298, 3580392, 3580413, 3580520, 3580769, 3580939, 3580949, 3581035, 3581131, 3581139, 3581146, 3581166, 3581190, 3581299, 3581370, 3581482, 3581818, 3581824, 3582047, 3582052, 3582079, 3582251, 3582411, 3582444, 3582473, 3582663, 3582815, 3582987, 3583035, 3583047, 3583212, 3583465, 3583500, 3583510, 3583677, 3583735, 3583751, 3583769, 3583798, 3583873, 3584167, 3584286, 3584341, 3584436, 3584548, 3584597, 3584672, 3584682, 3584725, 3584827, 3584885, 3585008, 3585034, 3585114, 3585125, 3585182, 3585183, 3585207, 3585432, 3585436, 3585523, 3585618, 3585777, 3586315, 3586354, 3586491, 3586668, 3586746, 3586840, 3587200, 3587251, 3587298, 3587434, 3587473, 3587623, 3587700, 3587801, 3588006, 3588178, 3588333, 3588423, 3588447, 3588484, 3588679, 3588687, 3589190, 3589224, 3589297, 3589331, 3589467, 3589618, 3590055, 3590394, 3590555, 3590594, 3590608, 3590833, 3590986, 3591110, 3591145, 3591532, 3591592, 3591651, 3591651, 3591691, 3591762, 3592005, 3592074, 3592217, 3592266, 3592375, 3592445, 3592497, 3592592, 3592663, 3592673, 3592683, 3593163, 3593269, 3593421, 3593432, 3593475, 3593512, 3593592, 3593679, 3593857, 3594041, 3594160, 3594194, 3594348, 3594365, 3594430, 3594586, 3594774, 3594839, 3594857, 3595091, 3595176, 3595394, 3595445, 3595531, 3595582, 3595587, 3595709, 3595742, 3595831, 3595855, 3595989, 3596074, 3596093, 3596209, 3596234, 3596266, 3596291, 3596372, 3596389, 3596436, 3596676, 3596844, 3596942, 3596977, 3597109, 3597191, 3597272, 3597283, 3597371, 3597437, 3597491, 3597568, 3597740, 3597818, 3598010, 3598355, 3598357, 3598481, 3598511, 3598598, 3598647, 3598674, 3598742, 3598835, 3598913, 3598927, 3598954, 3598990, 3599190, 3599249, 3599348, 3599351, 3599449, 3599488, 3599497, 3599527, 3599779, 3599795, 3599820, 3599959, 3600072, 3600340, 3600434, 3600509, 3600582, 3600865, 3601094, 3601156, 3601180, 3601431, 3601606, 3601999, 3602268, 3602400, 3602422, 3602450, 3602493, 3602562, 3602658, 3602682, 3602715, 3602862, 3602871, 3602971, 3603079, 3603281, 3603617, 3603645, 3603679, 3603745, 3603750, 3603769, 3604032, 3604244, 3604262, 3604287, 3604307, 3604691, 3604861, 3604893, 3605003, 3605127, 3605159, 3605213, 3605416, 3605738, 3605775, 3606088, 3606128, 3606129, 3606232, 3606445, 3606577, 3606594, 3606612, 3606666, 3606761, 3606835, 3606897, 3606953, 3606970, 3607019, 3607279, 3607427, 3607517, 3607544, 3607578, 3607598, 3607656, 3607861, 3608017, 3608065, 3608069, 3608119, 3608125, 3608445, 3608582, 3608641, 3608719, 3608858, 3608898, 3609251, 3609545, 3609596, 3609631, 3609646, 3609865, 3609921, 3609948, 3610051, 3610080, 3610101, 3610151, 3610166, 3610272, 3610290, 3610330, 3610547, 3610614, 3610614, 3610785, 3610813, 3610838, 3610915, 3611132, 3611135, 3611176, 3611247, 3611249, 3611299, 3611417, 3611499, 3611513, 3611579, 3611621, 3611705, 3611753, 3611784, 3611788, 3611842, 3612037, 3612100, 3612444, 3612602, 3612704, 3612791, 3612810, 3612849, 3613003, 3613042, 3613068, 3613082, 3613160, 3613176, 3613199, 3613460, 3613726, 3613773, 3613786, 3613816, 3613869, 3613943, 3614074, 3614086, 3614143, 3614204, 3614327, 3614345, 3614492, 3614729, 3614759, 3614893, 3614973, 3615026, 3615155, 3615156, 3615172, 3615256, 3615262, 3615317, 3615342, 3615353, 3615362, 3615405, 3615789, 3615865, 3616143, 3616227, 3616252, 3616439, 3616552, 3616709, 3616869, 3616901, 3617090, 3617117, 3617123, 3617126, 3617151, 3617403, 3617573, 3617759, 3617799, 3617824, 3617887, 3617907, 3617918, 3617922, 3617978, 3618012, 3618025, 3618116, 3618124, 3618360, 3618415, 3618596, 3618788, 3618860, 3618871, 3618944, 3619059, 3619378, 3619384, 3619414, 3619533, 3619618, 3619646, 3619818, 3620018, 3620130, 3620314, 3620603, 3620809, 3620854, 3620936, 3621107, 3621313, 3621714, 3621736, 3621769, 3621892, 3622352, 3622488, 3622853, 3622880, 3623126, 3623227, 3623267, 3623515, 3623645, 3623647, 3623736, 3623896, 3624098, 3624173, 3624191, 3624312, 3625087, 3625374, 3625419, 3625537, 3625608, 3625694, 3625766, 3626121, 3626157, 3626312, 3626408, 3626427, 3626553, 3626783, 3626885, 3626939, 3627167, 3627192, 3627414, 3627521, 3627784, 3627847, 3627997, 3628085, 3628283, 3628312, 3628312, 3628539, 3628650, 3628786, 3628943, 3629087, 3629098, 3629218, 3629262, 3629521, 3629728, 3629914, 3630096, 3630443, 3630610, 3631031, 3631341, 3631437, 3631680, 3631793, 3632027, 3632148, 3632336, 3632427, 3632479, 3632518, 3632582, 3632620, 3632689, 3632742, 3632783, 3632829, 3632934, 3632996, 3633146, 3633208, 3633228, 3633418, 3633523, 3633559, 3633563, 3633660, 3633696, 3633711, 3633752, 3633861, 3634061, 3634186, 3634260, 3634300, 3634439, 3634492, 3634657, 3634693, 3634883, 3634946, 3634979, 3635148, 3635247, 3635624, 3635787, 3635859, 3635975, 3636154, 3636156, 3636189, 3636297, 3636601, 3636621, 3636661, 3636769, 3637335, 3637344, 3637503, 3637632, 3637722, 3637782, 3637894, 3637909, 3637922, 3637930, 3637939, 3638082, 3638408, 3638489, 3638652, 3638900, 3638957, 3638972, 3639161, 3639369, 3639422, 3639529, 3639649, 3639727, 3639747, 3639880, 3639916, 3639927, 3639977, 3640006, 3640014, 3640083, 3640293, 3640373, 3640597, 3640720, 3640758, 3640827, 3640877, 3641014, 3641099, 3641199, 3641379, 3641388, 3641389, 3641439, 3641724, 3641938, 3641961, 3641969, 3642154, 3642193, 3642332, 3642430, 3642450, 3642671, 3643047, 3643055, 3643159, 3643245, 3643266, 3643313, 3643338, 3643474, 3643732, 3643924, 3643935, 3643970, 3644131, 3644251, 3644503, 3644671, 3644690, 3644779, 3644816, 3644867, 3645011, 3645338, 3645430, 3645545, 3645554, 3645863, 3645932, 3646021, 3646040, 3646413, 3646441, 3646457, 3646459, 3646477, 3646527, 3646543, 3646661, 3646700, 3646845, 3647187, 3647292, 3647341, 3647359, 3647402, 3647548, 3647554, 3647606, 3647694, 3647702, 3647704, 3647793, 3647844, 3648005, 3648089, 3648205, 3648350, 3648382, 3648444, 3648553, 3648579, 3648744, 3648903, 3648921, 3648980, 3649089, 3649164, 3649188, 3649213, 3649449, 3649678, 3649680, 3649737, 3649931, 3650144, 3650225, 3650250, 3650263, 3650371, 3650534, 3650606, 3650621, 3650909, 3650963, 3651321, 3651552, 3651791, 3651899, 3652012, 3652057, 3652129, 3652413, 3652471, 3652514, 3652536, 3652561, 3652571, 3652639, 3652955, 3652973, 3653225, 3653264, 3653359, 3653374, 3653395, 3653517, 3653551, 3653771, 3654039, 3654213, 3654226, 3654235, 3654252, 3654285, 3654306, 3654317, 3654348, 3654384, 3654415, 3654893, 3655010, 3655374, 3655560, 3655627, 3655690, 3655726, 3655860, 3655917, 3655977, 3655983, 3656025, 3656214, 3656333, 3656422, 3656757, 3656836, 3656852, 3657067, 3657193, 3657299, 3657305, 3657429, 3657702, 3657785, 3657826, 3657896, 3657951, 3658005, 3658067, 3658075, 3658083, 3658102, 3658120, 3658195, 3658498, 3658559, 3658679, 3658759, 3658800, 3658863, 3659000, 3659276, 3659315, 3659539, 3659715, 3659847, 3659849, 3659863, 3660108, 3660599, 3660809, 3660895, 3660969, 3660982, 3661002, 3661065, 3661269, 3661446, 3661507, 3661570, 3661589, 3661610, 3661802, 3662033, 3662070, 3662174, 3662381, 3662436, 3662453, 3662532, 3662545, 3662572, 3662599, 3662696, 3662760, 3662888, 3662919, 3662962, 3662979, 3663066, 3663211, 3663240, 3663290, 3663383, 3663414, 3663570, 3663668, 3663715, 3663753, 3663775, 3663811, 3664027, 3664061, 3664099, 3664377, 3664385, 3664590, 3664591, 3664729, 3664771, 3664820, 3664895, 3664962, 3665069, 3665221, 3665318, 3665352, 3665449, 3665456, 3665505, 3665690, 3665693, 3665774, 3665879, 3665893, 3665906, 3665926, 3665946, 3665952, 3666042, 3666090, 3666191, 3666321, 3666498, 3666512, 3666781, 3666795, 3667029, 3667040, 3667068, 3667091, 3667203, 3667431, 3667514, 3667581, 3667609, 3667965, 3668329, 3668558, 3668633, 3668688, 3668846, 3668870, 3668879, 3668920, 3669026, 3669033, 3669126, 3669194, 3669204, 3669399, 3669757, 3669830, 3669960, 3670007, 3670156, 3670342, 3670356, 3670717, 3670898, 3671355, 3671434, 3671439, 3671762, 3671895, 3672037, 3672118, 3672135, 3672176, 3672224, 3672245, 3672340, 3672510, 3672602, 3672795, 3672806, 3672839, 3672926, 3673011, 3673333, 3673354, 3673483, 3673496, 3673589, 3673613, 3673665, 3673863, 3673882, 3674007, 3674053, 3674078, 3674246, 3674258, 3674390, 3674568, 3674641, 3674777, 3674800, 3674859, 3674908, 3674937, 3675009, 3675047, 3675074, 3675160, 3675360, 3675479, 3675535, 3675615, 3675631, 3675654, 3675738, 3675933, 3675949, 3676125, 3676221, 3676512, 3676562, 3677161, 3677254, 3677281, 3677591, 3677663, 3677695, 3677811, 3677841, 3678071, 3678082, 3678085, 3678166, 3678189, 3678296, 3678477, 3678532, 3678807, 3678877, 3678883, 3679094, 3679163, 3679243, 3679255, 3679268, 3679387, 3679482, 3679602, 3679842, 3679922, 3680020, 3680295, 3680347, 3680448, 3680558, 3681282, 3681409, 3681425, 3681438, 3681487, 3681533, 3681586, 3681608, 3681643, 3681659, 3681904, 3681955, 3682217, 3682352, 3682669, 3682696, 3682708, 3682720, 3682724, 3682772, 3682842, 3682850, 3682960, 3682970, 3683269, 3683275, 3683323, 3683399, 3683776, 3683795, 3683955, 3683989, 3684289, 3684429, 3684462, 3684508, 3684634, 3684707, 3684802, 3684843, 3684919, 3685098, 3685130, 3685138, 3685166, 3685190, 3685191, 3685238, 3685304, 3685468, 3685489, 3685646, 3685729, 3685732, 3686139, 3686188, 3686199, 3686473, 3686573, 3686783, 3686792, 3686904, 3687093, 3687193, 3687202, 3687207, 3687325, 3687417, 3687454, 3687720, 3687854, 3687997, 3688003, 3688072, 3688281, 3688302, 3688307, 3688342, 3688425, 3688486, 3688575, 3688639, 3688754, 3688799, 3688935, 3688964, 3689152, 3689227, 3689314, 3689347, 3689355, 3689439, 3689568, 3689581, 3689607, 3689801, 3689855, 3689963, 3689986, 3690021, 3690144, 3690208, 3690244, 3690309, 3690457, 3690505, 3690575, 3690638, 3690714, 3690781, 3691175, 3691176, 3691239, 3691284, 3691524, 3691561, 3691660, 3691958, 3692195, 3692314, 3692340, 3692344, 3692355, 3692427, 3692467, 3692474, 3692589, 3692696, 3692943, 3693106, 3693264, 3693487, 3693720, 3693801, 3693815, 3693816, 3693861, 3694247, 3694406, 3694479, 3694612, 3694795, 3694837, 3694850, 3695047, 3695070, 3695090, 3695300, 3695332, 3695355, 3695400, 3695558, 3695575, 3695680, 3695731, 3695801, 3695846, 3695866, 3695881, 3695906, 3696186, 3696389, 3696407, 3696410, 3696567, 3696568, 3696752, 3696798, 3696945, 3696964, 3697082, 3697091, 3697113, 3697219, 3697244, 3697391, 3697392, 3697413, 3697460, 3697553, 3697631, 3697673, 3697729, 3697737, 3697828, 3697864, 3698079, 3698155, 3698165, 3698352, 3698368, 3698507, 3698790, 3698836, 3699063, 3699077, 3699306, 3699521, 3699584, 3699803, 3699916, 3699943, 3699947, 3699966, 3700005, 3700038, 3700255, 3700549, 3700650, 3700690, 3700897, 3700934, 3700996, 3701087, 3701102, 3701182, 3701202, 3701266, 3701297, 3701331, 3701345, 3701401, 3701473, 3701513, 3701636, 3701653, 3701719, 3702201, 3702253, 3702483, 3702495, 3702539, 3702567, 3702789, 3702859, 3702922, 3703054, 3703065, 3703095, 3703357, 3703467, 3703610, 3703660, 3703666, 3703735, 3703853, 3703972, 3704055, 3704236, 3704413, 3704575, 3704600, 3704683, 3704805, 3704849, 3704912, 3704971, 3705103, 3705130, 3705252, 3705463, 3705482, 3705501, 3705572, 3705631, 3705916, 3706046, 3706087, 3706568, 3706748, 3706775, 3707029, 3707166, 3707414, 3707538, 3707569, 3707589, 3707686, 3707689, 3707912, 3708034, 3708177, 3708212, 3708252, 3708274, 3708325, 3708349, 3708365, 3708417, 3708434, 3708462, 3708621, 3709094, 3709143, 3709252, 3709392, 3709532, 3709559, 3709755, 3709914, 3710051, 3710149, 3710227, 3710522, 3710533, 3710546, 3710793, 3710801, 3710875, 3710911, 3710965, 3711064, 3711144, 3711262, 3711351, 3711366, 3711383, 3711403, 3711533, 3711785, 3712003, 3712014, 3712041, 3712082, 3712148, 3712350, 3712780, 3712930, 3713014, 3713104, 3713348, 3713393, 3713451, 3713483, 3713559, 3713695, 3713840, 3713891, 3713900, 3714003, 3714054, 3714150, 3714157, 3714163, 3714267, 3714352, 3714477, 3714536, 3714540, 3714752, 3714779, 3714815, 3714920, 3715068, 3715271, 3715818, 3715849, 3716042, 3716113, 3716227, 3716277, 3716306, 3716497, 3716518, 3716632, 3716925, 3717002, 3717245, 3717249, 3717307, 3717403, 3717429, 3717532, 3717579, 3717714, 3718166, 3718186, 3718604, 3718638, 3718745, 3718764, 3719068, 3719407, 3719415, 3719537, 3719597, 3719655, 3719934, 3719975, 3720031, 3720088, 3720132, 3720161, 3720163, 3720235, 3720342, 3720344, 3720380, 3720572, 3720595, 3720649, 3720651, 3720653, 3720730, 3720789, 3720939, 3720952, 3721014, 3721048, 3721062, 3721138, 3721171, 3721243, 3721296, 3721316, 3721379, 3721453, 3721497, 3721590, 3721985, 3722021, 3722294, 3722445, 3722640, 3722651, 3722664, 3722670, 3722733, 3722899, 3722905, 3722955, 3722980, 3723047, 3723131, 3723194, 3723287, 3723370, 3723417, 3723477, 3723755, 3723782, 3724025, 3724029, 3724521, 3724584, 3724917, 3724927, 3725248, 3725252, 3725353, 3725420, 3725457, 3725521, 3725652, 3725708, 3725745, 3725887, 3725918, 3725930, 3725935, 3726014, 3726192, 3726540, 3726771, 3726888, 3727144, 3727175, 3727388, 3727669, 3727808, 3727859, 3727881, 3728043, 3728098, 3728167, 3728171, 3728297, 3728336, 3728364, 3728383, 3728390, 3728411, 3728474, 3728559, 3728614, 3729055, 3729092, 3729103, 3729200, 3729249, 3729299, 3729392, 3729519, 3729658, 3729821, 3730006, 3730050, 3730537, 3730635, 3730655, 3730683, 3730733, 3730833, 3730860, 3730866, 3730888, 3730912, 3730978, 3731036, 3731327, 3731374, 3731484, 3731631, 3731660, 3731695, 3731708, 3731778, 3732126, 3732214, 3732223, 3732375, 3732467, 3732638, 3732795, 3732863, 3732900, 3733050, 3733137, 3733270, 3733284, 3733292, 3733408, 3733512, 3733759, 3733898, 3733913, 3734246, 3734432, 3734461, 3734552, 3734757, 3734803, 3734896, 3734967, 3735174, 3735217, 3735285, 3735332, 3735498, 3735567, 3735573, 3735812, 3735888, 3736037, 3736059, 3736424, 3736459, 3736660, 3736705, 3736963, 3737051, 3737092, 3737198, 3737304, 3737402, 3737489, 3737520, 3738092, 3738110, 3738202, 3738274, 3738309, 3738435, 3738639, 3738651, 3738687, 3738781, 3738828, 3738853, 3738882, 3738979, 3739403, 3739857, 3740076, 3740090, 3740094, 3740181, 3740259, 3740482, 3740672, 3740699, 3741096, 3741118, 3741367, 3741429, 3741466, 3741512, 3741542, 3741631, 3741658, 3741746, 3741751, 3741859, 3741869, 3741878, 3741911, 3742074, 3742125, 3742142, 3742235, 3742355, 3742458, 3742564, 3742575, 3742765, 3742932, 3743036, 3743060, 3743136, 3743211, 3743220, 3743273, 3743370, 3743402, 3743456, 3743535, 3743574, 3743686, 3743733, 3743800, 3743959, 3744033, 3744050, 3744137, 3744315, 3744361, 3744409, 3744430, 3744622, 3744742, 3744791, 3744808, 3744892, 3744902, 3745122, 3745206, 3745310, 3745439, 3745466, 3745680, 3745780, 3745816, 3745852, 3745950, 3745965, 3745983, 3745988, 3746228, 3746266, 3746291, 3746328, 3746406, 3746437, 3746447, 3746577, 3746714, 3746812, 3746843, 3746914, 3747465, 3747650, 3747679, 3747753, 3748289, 3748484, 3748573, 3748606, 3748768, 3748791, 3748889, 3749054, 3749319, 3749948, 3750002, 3750010, 3750161, 3750172, 3750253, 3750347, 3750378, 3750624, 3751206, 3751207, 3751212, 3751317, 3751630, 3751703, 3751754, 3752007, 3752040, 3752082, 3752283, 3752504, 3752540, 3752622, 3752635, 3752666, 3752700, 3752897, 3753140, 3753205, 3753208, 3753374, 3753380, 3753571, 3753593, 3753594, 3753652, 3753713, 3753856, 3753868, 3753972, 3754006, 3754034, 3754279, 3754356, 3754373, 3754546, 3754628, 3755051, 3755156, 3755209, 3755380, 3755390, 3755550, 3755567, 3755620, 3755769, 3755836, 3755935, 3755942, 3756001, 3756370, 3756432, 3756497, 3756519, 3756675, 3756681, 3756689, 3756809, 3757070, 3757100, 3757120, 3757134, 3757148, 3757189, 3757263, 3757398, 3757411, 3757530, 3757603, 3757830, 3758037, 3758424, 3758435, 3758446, 3758483, 3758621, 3758645, 3758871, 3758983, 3759003, 3759075, 3759393, 3759603, 3759632, 3759643, 3759667, 3759709, 3759732, 3759735, 3759783, 3759795, 3759857, 3759882, 3759915, 3760134, 3760211, 3760347, 3760525, 3760583, 3760585, 3760588, 3760653, 3760927, 3760991, 3761128, 3761182, 3761193, 3761220, 3761322, 3761446, 3761517, 3761562, 3761677, 3761733, 3761745, 3761968, 3762036, 3762075, 3762122, 3762241, 3762270, 3762314, 3762330, 3762556, 3762636, 3762723, 3762803, 3763054, 3763272, 3763302, 3763464, 3763615, 3763638, 3763784, 3763819, 3763862, 3764029, 3764141, 3764331, 3764395, 3764521, 3764634, 3764734, 3764796, 3764911, 3765043, 3765062, 3765141, 3765183, 3765223, 3765379, 3765490, 3765643, 3765673, 3765781, 3765838, 3766105, 3766170, 3766289, 3766313, 3766343, 3766392, 3766407, 3766502, 3766629, 3766663, 3766879, 3767043, 3767115, 3767200, 3767550, 3767558, 3767586, 3767739, 3767791, 3767823, 3767883, 3767981, 3768036, 3768110, 3768302, 3768366, 3768367, 3768422, 3768536, 3768583, 3768616, 3768636, 3768649, 3768896, 3768912, 3769399, 3769416, 3769487, 3769662, 3769668, 3769678, 3769757, 3769759, 3769905, 3770175, 3770248, 3770278, 3770330, 3770372, 3770379, 3770526, 3770594, 3770658, 3770673, 3770842, 3770852, 3771279, 3771344, 3771528, 3771765, 3771838, 3771925, 3772023, 3772064, 3772111, 3772174, 3772414, 3772477, 3772516, 3772570, 3772674, 3772699, 3772713, 3772720, 3772866, 3773002, 3773170, 3773261, 3773333, 3773463, 3773571, 3773603, 3773606, 3773625, 3773632, 3773767, 3773904, 3774041, 3774081, 3774113, 3774139, 3774193, 3774232, 3774318, 3774342, 3774360, 3774362, 3774584, 3774598, 3774667, 3774730, 3774801, 3774886, 3774904, 3774908, 3774969, 3775008, 3775369, 3775598, 3775686, 3775810, 3775831, 3776033, 3776094, 3776097, 3776123, 3776165, 3776327, 3776542, 3776588, 3776793, 3776908, 3777149, 3777167, 3777229, 3777485, 3777623, 3777736, 3778167, 3778196, 3778271, 3778522, 3778634, 3778672, 3778766, 3778996, 3779085, 3779399, 3779527, 3779573, 3779606, 3779654, 3779760, 3779783, 3779863, 3779892, 3780005, 3780200, 3780405, 3780558, 3780561, 3780635, 3780840, 3780953, 3781655, 3781925, 3781986, 3781987, 3782119, 3782243, 3782441, 3782555, 3782665, 3782699, 3782751, 3783117, 3783133, 3783191, 3783348, 3783569, 3783663, 3783687, 3783785, 3783827, 3784033, 3784182, 3784291, 3784329, 3784424, 3784467, 3784705, 3784853, 3784892, 3784937, 3785093, 3785218, 3785255, 3785291, 3785342, 3785533, 3785540, 3785587, 3785632, 3785673, 3785740, 3785852, 3785975, 3785988, 3786164, 3786196, 3786212, 3786239, 3786688, 3786879, 3786914, 3786942, 3787008, 3787316, 3787532, 3787684, 3787685, 3788103, 3788153, 3788185, 3788464, 3788539, 3788556, 3788565, 3788612, 3788749, 3788933, 3789065, 3789233, 3789281, 3789314, 3789624, 3789632, 3789734, 3789848, 3789977, 3790248, 3790260, 3790284, 3790395, 3790559, 3790631, 3790716, 3790797, 3790983, 3791026, 3791198, 3791209, 3791328, 3791598, 3791634, 3791651, 3791661, 3791828, 3791911, 3791966, 3792003, 3792032, 3792043, 3792068, 3792069, 3792305, 3792396, 3792400, 3792712, 3792720, 3792720, 3792951, 3793061, 3793655, 3793713, 3793847, 3793882, 3794160, 3794173, 3794189, 3794202, 3794357, 3794439, 3794501, 3794505, 3794512, 3794553, 3794657, 3794739, 3794755, 3794801, 3794873, 3794981, 3794982, 3795036, 3795059, 3795224, 3795295, 3795300, 3795350, 3795558, 3795629, 3795686, 3795708, 3795717, 3795736, 3795779, 3795816, 3795862, 3795983, 3796046, 3796132, 3796161, 3796209, 3796299, 3796379, 3796408, 3796479, 3796487, 3796598, 3796638, 3796652, 3796785, 3796944, 3796969, 3796987, 3797097, 3797288, 3797303, 3797341, 3797399, 3797445, 3797501, 3797562, 3797569, 3797648, 3797835, 3797845, 3798140, 3798191, 3798566, 3798747, 3798787, 3798814, 3798816, 3798928, 3798964, 3799165, 3799258, 3799300, 3799313, 3799427, 3799487, 3799736, 3799763, 3799764, 3799934, 3799939, 3799983, 3800055, 3800162, 3800187, 3800191, 3800511, 3800569, 3800588, 3800665, 3800856, 3800864, 3801075, 3801198, 3801317, 3801543, 3801588, 3801690, 3801956, 3802155, 3802318, 3802380, 3802382, 3802458, 3802508, 3802544, 3802624, 3802683, 3802749, 3802768, 3802810, 3802821, 3802883, 3802959, 3802964, 3802985, 3803039, 3803089, 3803344, 3803397, 3803486, 3803519, 3803628, 3803697, 3803704, 3803770, 3803846, 3803868, 3803905, 3803933, 3804010, 3804087, 3804102, 3804332, 3804339, 3804359, 3804520, 3804552, 3804659, 3805052, 3805302, 3805378, 3805426, 3805556, 3805656, 3805749, 3805756, 3806034, 3806077, 3806121, 3806190, 3806374, 3806391, 3806497, 3806653, 3806667, 3806690, 3806857, 3806899, 3806900, 3807071, 3807365, 3807366, 3807670, 3807684, 3807729, 3807828, 3807856, 3807985, 3808320, 3808427, 3808432, 3808442, 3808557, 3808604, 3808615, 3808718, 3808842, 3808848, 3808955, 3808957, 3809162, 3809168, 3809169, 3809198, 3809280, 3809362, 3809977, 3809981, 3810081, 3810146, 3810201, 3810279, 3810544, 3810651, 3810747, 3810756, 3810886, 3811109, 3811191, 3811430, 3811464, 3811593, 3811635, 3811664, 3811819, 3811835, 3812083, 3812247, 3812249, 3812255, 3812419, 3812428, 3812502, 3812639, 3812656, 3812695, 3812719, 3812742, 3812763, 3812811, 3812858, 3812970, 3813070, 3813349, 3813352, 3813366, 3813392, 3813561, 3813659, 3813697, 3813752, 3813816, 3813834, 3813947, 3813990, 3814091, 3814322, 3814395, 3814559, 3814761, 3814795, 3814809, 3814895, 3815175, 3815281, 3815389, 3815401, 3815509, 3815571, 3815870, 3815874, 3815883, 3815899, 3815945, 3815952, 3816138, 3816237, 3816575, 3816970, 3816973, 3817073, 3817089, 3817135, 3817276, 3817467, 3817592, 3817763, 3817980, 3817989, 3818125, 3818135, 3818249, 3818313, 3818466, 3818662, 3818933, 3818939, 3819126, 3819306, 3819429, 3819447, 3819502, 3819931, 3820077, 3820081, 3820115, 3820143, 3820324, 3820621, 3820675, 3820872, 3820960, 3820998, 3821195, 3821262, 3821312, 3821322, 3821337, 3821392, 3821405, 3821490, 3821504, 3821737, 3821753, 3821762, 3821845, 3821852, 3822081, 3822091, 3822239, 3822338, 3822447, 3822676, 3822715, 3822734, 3822823, 3822823, 3822838, 3822946, 3822953, 3823119, 3823407, 3823408, 3823509, 3823513, 3823740, 3823762, 3823774, 3823853, 3823962, 3824025, 3824037, 3824317, 3824376, 3824385, 3824447, 3824472, 3824502, 3824601, 3824862, 3825080, 3825113, 3825515, 3825516, 3825518, 3825574, 3825589, 3825636, 3825997, 3826047, 3826102, 3826200, 3826233, 3826235, 3826519, 3826602, 3826669, 3826794, 3826861, 3827321, 3827370, 3827663, 3827938, 3828160, 3828280, 3828570, 3828616, 3828669, 3828950, 3828971, 3829004, 3829295, 3829342, 3829366, 3829645, 3829738, 3829832, 3829954, 3830168, 3830174, 3830294, 3830436, 3830483, 3830802, 3830856, 3831166, 3831286, 3831442, 3831515, 3831699, 3831899, 3832005, 3832012, 3832077, 3832114, 3832154, 3832212, 3832293, 3832324, 3832482, 3832552, 3832929, 3833242, 3833248, 3833373, 3833627, 3833839, 3833951, 3833967, 3833970, 3833992, 3834062, 3834069, 3834154, 3834318, 3834321, 3834411, 3834529, 3834597, 3834623, 3834684, 3834753, 3834830, 3834874, 3835006, 3835073, 3835100, 3835177, 3835366, 3835447, 3835450, 3835454, 3835690, 3835708, 3835817, 3835825, 3835829, 3835842, 3835849, 3835935, 3836012, 3836033, 3836616, 3836658, 3836716, 3836765, 3836792, 3836897, 3837058, 3837103, 3837244, 3837267, 3837309, 3837331, 3837347, 3837416, 3837443, 3837565, 3837611, 3837760, 3837904, 3837930, 3838002, 3838215, 3838329, 3838369, 3838381, 3838811, 3838968, 3839071, 3839209, 3839231, 3839270, 3839308, 3839311, 3839591, 3839593, 3839704, 3839854, 3840031, 3840225, 3840281, 3840350, 3840456, 3840485, 3840597, 3840603, 3840627, 3840667, 3840722, 3840733, 3840824, 3840835, 3840962, 3841355, 3841440, 3841519, 3841656, 3841684, 3841725, 3841746, 3841937, 3841970, 3842099, 3842172, 3842206, 3842310, 3842767, 3842820, 3842833, 3842869, 3842919, 3842982, 3843091, 3843101, 3843164, 3843187, 3843448, 3843457, 3843462, 3843672, 3844109, 3844229, 3844284, 3844325, 3844334, 3844403, 3844477, 3844509, 3844555, 3844590, 3844613, 3844628, 3844640, 3844732, 3844830, 3845022, 3845040, 3845148, 3845181, 3845526, 3845573, 3845623, 3845639, 3845850, 3845902, 3845963, 3846457, 3846506, 3846625, 3846644, 3846653, 3846713, 3846791, 3846793, 3847026, 3847308, 3847574, 3847837, 3847901, 3847986, 3848211, 3848247, 3848247, 3848336, 3848397, 3848584, 3848924, 3849076, 3849425, 3849596, 3849768, 3850070, 3850075, 3850083, 3850289, 3850308, 3850518, 3850676, 3850798, 3850825, 3850910, 3850995, 3851028, 3851231, 3851262, 3851263, 3851373, 3851466, 3851554, 3851700, 3851722, 3851730, 3851758, 3851775, 3851908, 3851955, 3852010, 3852071, 3852448, 3852538, 3852572, 3852689, 3852789, 3853031, 3853108, 3853290, 3853292, 3853322, 3853348, 3853383, 3853708, 3853763, 3853813, 3853838, 3853881, 3854020, 3854246, 3854299, 3854313, 3854402, 3854420, 3854521, 3854907, 3854962, 3855261, 3855581, 3855630, 3855682, 3855859, 3855933, 3856295, 3856448, 3856464, 3856561, 3856773, 3856814, 3856847, 3857040, 3857046, 3857203, 3857230, 3857258, 3857267, 3857369, 3857375, 3857534, 3857642, 3857923, 3857923, 3858170, 3858330, 3858366, 3858372, 3858425, 3858446, 3858580, 3858580, 3858585, 3858634, 3858699, 3858725, 3858796, 3858823, 3858880, 3859028, 3859181, 3859324, 3859505, 3859657, 3859670, 3859703, 3859805, 3859972, 3860023, 3860059, 3860278, 3860336, 3860422, 3860695, 3860904, 3861086, 3861092, 3861110, 3861158, 3861354, 3861439, 3861441, 3861456, 3861468, 3861483, 3861687, 3861728, 3861768, 3861773, 3862235, 3862324, 3862445, 3862512, 3862905, 3863461, 3863659, 3863776, 3863851, 3864012, 3864060, 3864159, 3864430, 3864497, 3864539, 3864586, 3864697, 3864756, 3864774, 3864973, 3865145, 3865202, 3865242, 3865362, 3865652, 3865712, 3865794, 3865847, 3866000, 3866100, 3866297, 3866447, 3866516, 3866730, 3866758, 3866974, 3867051, 3867090, 3867322, 3867495, 3867592, 3867604, 3867861, 3867892, 3867919, 3867931, 3868028, 3868120, 3868165, 3868223, 3868296, 3868387, 3868475, 3868566, 3868815, 3868914, 3868915, 3868919, 3869059, 3869155, 3869196, 3869535, 3869587, 3869766, 3869929, 3869956, 3870065, 3870087, 3870089, 3870121, 3870136, 3870213, 3870274, 3870345, 3870350, 3870355, 3870489, 3870561, 3870593, 3870728, 3870733, 3870779, 3870832, 3871088, 3871151, 3871240, 3871480, 3871570, 3871748, 3871782, 3871850, 3871898, 3871902, 3872061, 3872237, 3872258, 3872409, 3872418, 3872512, 3872644, 3872692, 3872770, 3872910, 3872919, 3872982, 3873044, 3873241, 3873263, 3873274, 3873281, 3873375, 3873425, 3873549, 3873584, 3873634, 3873721, 3873836, 3873838, 3873838, 3873846, 3873898, 3874179, 3874256, 3874270, 3874366, 3874404, 3874408, 3874637, 3874720, 3874808, 3874812, 3874908, 3874957, 3875292, 3875387, 3875474, 3875508, 3875574, 3875621, 3875621, 3875729, 3875756, 3875825, 3875908, 3875921, 3876063, 3876241, 3876256, 3876476, 3876686, 3877131, 3877196, 3877237, 3877265, 3877270, 3877439, 3877471, 3877564, 3877577, 3877662, 3877665, 3877688, 3877694, 3877847, 3877861, 3877935, 3877961, 3878356, 3878505, 3878532, 3878631, 3878768, 3879024, 3879131, 3879216, 3879258, 3879259, 3879350, 3879506, 3879557, 3879631, 3879738, 3879809, 3879914, 3880212, 3880215, 3880319, 3880342, 3880407, 3880422, 3880504, 3880682, 3880797, 3880848, 3880886, 3880954, 3880961, 3881099, 3881302, 3881503, 3881688, 3881713, 3881765, 3881834, 3881840, 3881918, 3882063, 3882382, 3882464, 3882593, 3882619, 3882902, 3882911, 3883047, 3883182, 3883295, 3883440, 3883520, 3883553, 3883592, 3883837, 3883902, 3883944, 3883973, 3884179, 3884230, 3884302, 3884302, 3884433, 3884457, 3884498, 3884985, 3884994, 3885013, 3885106, 3885176, 3885248, 3885287, 3885318, 3885368, 3885457, 3885558, 3885571, 3886052, 3886180, 3886283, 3886287, 3886488, 3886635, 3886733, 3886796, 3886825, 3886891, 3886944, 3887085, 3887182, 3887330, 3887681, 3887874, 3887906, 3888047, 3888051, 3888091, 3888120, 3888186, 3888233, 3888296, 3888356, 3888493, 3888724, 3888755, 3888763, 3888831, 3888883, 3888886, 3889044, 3889138, 3889185, 3889218, 3889331, 3889346, 3889596, 3889606, 3889768, 3889777, 3889807, 3889855, 3890038, 3890192, 3890300, 3890445, 3890550, 3890551, 3890933, 3891097, 3891204, 3891313, 3891489, 3891519, 3891686, 3891790, 3891906, 3892265, 3892280, 3892370, 3892496, 3892525, 3892850, 3893005, 3893306, 3893465, 3893523, 3893627, 3893638, 3893699, 3893934, 3893951, 3894019, 3894275, 3894334, 3894459, 3894962, 3895007, 3895045, 3895090, 3895362, 3895575, 3895601, 3895656, 3895896, 3896018, 3896103, 3896107, 3896158, 3896396, 3896398, 3896503, 3896673, 3896702, 3896706, 3896758, 3897182, 3897418, 3897469, 3897532, 3897730, 3897803, 3897836, 3897874, 3897959, 3898029, 3898165, 3898840, 3898869, 3899047, 3899101, 3899146, 3899244, 3899489, 3899525, 3899584, 3899637, 3899677, 3899735, 3899893, 3900109, 3900143, 3900283, 3900453, 3900522, 3900546, 3900803, 3900879, 3900890, 3901039, 3901123, 3901179, 3901247, 3901350, 3901413, 3901419, 3901422, 3901575, 3901598, 3901753, 3901764, 3901846, 3902121, 3902133, 3902635, 3902762, 3903047, 3903696, 3903754, 3904233, 3904247, 3904360, 3904445, 3904470, 3904546, 3904645, 3904880, 3904905, 3904944, 3904977, 3905008, 3905029, 3905094, 3905299, 3905612, 3905615, 3905901, 3906204, 3906309, 3906341, 3906456, 3906493, 3906520, 3906701, 3906714, 3906721, 3906764, 3906880, 3906894, 3906919, 3907037, 3907115, 3907158, 3907427, 3907485, 3907521, 3907583, 3907680, 3907813, 3908217, 3908508, 3908536, 3908561, 3908608, 3908897, 3908939, 3909088, 3909158, 3909330, 3909375, 3909389, 3909412, 3909576, 3909629, 3909723, 3909908, 3910002, 3910048, 3910322, 3910532, 3910590, 3910745, 3910855, 3911222, 3911270, 3911318, 3911348, 3911355, 3911379, 3911386, 3911468, 3911474, 3911507, 3911587, 3911617, 3911728, 3911805, 3912066, 3912397, 3912639, 3912718, 3912720, 3912720, 3912785, 3912841, 3913013, 3913017, 3913023, 3913059, 3913417, 3913583, 3914461, 3914519, 3914536, 3914628, 3914741, 3914785, 3914791, 3914829, 3914841, 3914986, 3915031, 3915064, 3915138, 3915140, 3915187, 3915258, 3915440, 3915697, 3915718, 3915745, 3915748, 3915780, 3915869, 3916004, 3916146, 3916275, 3916474, 3916664, 3916671, 3916744, 3916986, 3917153, 3917174, 3917368, 3917460, 3917583, 3917826, 3917914, 3918018, 3918189, 3918204, 3918532, 3918536, 3918614, 3918638, 3918670, 3918860, 3919020, 3919075, 3919157, 3919260, 3919321, 3919350, 3919360, 3919522, 3919678, 3919787, 3920010, 3920100, 3920179, 3920362, 3920443, 3920629, 3920670, 3920979, 3921016, 3921037, 3921088, 3921258, 3921449, 3921464, 3921836, 3921962, 3922056, 3922092, 3922205, 3922261, 3922347, 3922482, 3922555, 3922665, 3922678, 3922695, 3922788, 3922913, 3922973, 3922993, 3923078, 3923233, 3923461, 3923471, 3923493, 3923595, 3923654, 3923655, 3923708, 3923846, 3923875, 3924069, 3924247, 3924279, 3924419, 3924451, 3924490, 3924549, 3924580, 3924584, 3924853, 3924977, 3925106, 3925397, 3925504, 3925513, 3925566, 3925574, 3925656, 3925675, 3925838, 3925849, 3925849, 3926164, 3926186, 3926245, 3926610, 3926694, 3926841, 3926888, 3927043, 3927089, 3927200, 3927241, 3927295, 3927434, 3927501, 3927510, 3927695, 3927732, 3927824, 3927939, 3927965, 3928078, 3928090, 3928186, 3928239, 3928291, 3928344, 3928364, 3928671, 3928673, 3928682, 3928840, 3928963, 3928993, 3929320, 3929407, 3929499, 3929516, 3929556, 3929646, 3929684, 3929815, 3929843, 3929899, 3929909, 3929929, 3930133, 3930216, 3930603, 3930802, 3930812, 3930816, 3930833, 3930859, 3931068, 3931210, 3931213, 3931227, 3931311, 3931449, 3931452, 3931525, 3931701, 3931705, 3931952, 3931982, 3932088, 3932129, 3932165, 3932297, 3932319, 3932578, 3932704, 3932709, 3932745, 3932759, 3932987, 3933284, 3933311, 3933388, 3933423, 3933433, 3933516, 3933560, 3933625, 3933713, 3933728, 3934016, 3934731, 3934777, 3934790, 3934813, 3934886, 3935104, 3935109, 3935131, 3935155, 3935231, 3935321, 3935367, 3935543, 3935549, 3935584, 3935773, 3935987, 3936085, 3936090, 3936495, 3936502, 3936667, 3936730, 3937029, 3937196, 3937254, 3937319, 3937485, 3937486, 3937545, 3937549, 3937577, 3937628, 3937754, 3937977, 3938000, 3938008, 3938015, 3938017, 3938033, 3938080, 3938249, 3938457, 3938469, 3938498, 3938579, 3938643, 3938648, 3938774, 3939176, 3939229, 3939470, 3939537, 3939546, 3939633, 3939781, 3939800, 3939822, 3939923, 3939943, 3939977, 3940034, 3940116, 3940260, 3940404, 3940406, 3940484, 3940546, 3940631, 3940705, 3940784, 3940842, 3940846, 3940942, 3941015, 3941020, 3941149, 3941180, 3941407, 3941425, 3941646, 3941752, 3941768, 3941782, 3941907, 3941950, 3942001, 3942013, 3942037, 3942097, 3942561, 3942700, 3942738, 3942830, 3942878, 3942902, 3942950, 3943058, 3943125, 3943405, 3943414, 3943539, 3943591, 3944252, 3944487, 3944525, 3944589, 3944648, 3944672, 3944755, 3944781, 3944792, 3944837, 3944855, 3945018, 3945148, 3945190, 3945231, 3945378, 3945439, 3945581, 3945755, 3945895, 3945977, 3946213, 3946388, 3946466, 3946510, 3946637, 3946695, 3946732, 3946740, 3947213, 3947216, 3947437, 3947688, 3947699, 3947723, 3947751, 3947783, 3947892, 3947921, 3947938, 3947941, 3948099, 3948113, 3948262, 3948401, 3948534, 3948607, 3948614, 3948654, 3948858, 3948905, 3949002, 3949053, 3949076, 3949218, 3949408, 3949546, 3949676, 3949786, 3950065, 3950126, 3950207, 3950223, 3950388, 3950396, 3950420, 3950573, 3950612, 3950623, 3950663, 3950723, 3950748, 3950802, 3950804, 3950903, 3951308, 3951531, 3951589, 3951625, 3951843, 3952238, 3952258, 3952285, 3952398, 3952653, 3952675, 3952698, 3952849, 3953089, 3953114, 3953174, 3953385, 3953393, 3953435, 3953693, 3953733, 3953741, 3953755, 3953828, 3953832, 3953894, 3953939, 3953949, 3954033, 3954181, 3954223, 3954538, 3954638, 3954775, 3954845, 3954898, 3954921, 3954970, 3955185, 3955269, 3955283, 3955525, 3955557, 3955570, 3955807, 3956069, 3956140, 3956225, 3956262, 3956311, 3956380, 3956404, 3956411, 3956634, 3956925, 3957004, 3957300, 3957312, 3957417, 3957431, 3957506, 3957549, 3957621, 3957668, 3957739, 3957775, 3957789, 3957863, 3957912, 3958150, 3958177, 3958204, 3958223, 3958245, 3958398, 3958422, 3958655, 3958714, 3958738, 3958761, 3958806, 3958872, 3958891, 3958926, 3958952, 3958996, 3959054, 3959160, 3959162, 3959453, 3959525, 3959758, 3960259, 3960328, 3960351, 3960400, 3960447, 3960536, 3960563, 3960565, 3960713, 3960788, 3960980, 3961033, 3961042, 3961105, 3961117, 3961201, 3961227, 3961556, 3961565, 3961605, 3961608, 3961770, 3961941, 3961970, 3962049, 3962082, 3962358, 3962373, 3962517, 3962628, 3962843, 3962850, 3963200, 3963226, 3963318, 3963386, 3963435, 3963562, 3963579, 3963957, 3964287, 3964352, 3964498, 3964598, 3964695, 3964881, 3964884, 3964913, 3965055, 3965283, 3965297, 3965526, 3965595, 3965766, 3965959, 3965973, 3965999, 3966038, 3966214, 3966307, 3966499, 3966597, 3966608, 3966638, 3967233, 3967283, 3967378, 3967405, 3967487, 3967539, 3967563, 3967602, 3967662, 3967747, 3967884, 3967992, 3968132, 3968168, 3968238, 3968314, 3968458, 3968479, 3968632, 3968690, 3968827, 3968891, 3968944, 3968988, 3969125, 3969360, 3969401, 3969500, 3969673, 3969858, 3969944, 3970051, 3970084, 3970120, 3970308, 3970374, 3970473, 3970850, 3971001, 3971021, 3971042, 3971135, 3971141, 3971650, 3971681, 3971693, 3971717, 3972101, 3972225, 3972384, 3972495, 3972659, 3972733, 3972757, 3972787, 3972879, 3972903, 3973028, 3973104, 3973269, 3973374, 3973505, 3973646, 3973648, 3973654, 3973845, 3973872, 3974099, 3974453, 3974464, 3974465, 3974583, 3974629, 3974711, 3974817, 3974918, 3974967, 3975099, 3975334, 3975356, 3975360, 3975377, 3975504, 3975674, 3975710, 3975782, 3975887, 3976052, 3976066, 3976239, 3976528, 3976640, 3976646, 3976682, 3976746, 3976761, 3976829, 3976835, 3976842, 3976940, 3976992, 3977041, 3977168, 3977168, 3977249, 3977292, 3977303, 3977316, 3977456, 3977472, 3977877, 3977901, 3977905, 3978193, 3978302, 3978518, 3978839, 3978969, 3979004, 3979017, 3979066, 3979072, 3979160, 3979199, 3979506, 3979575, 3979657, 3979736, 3979747, 3979843, 3980059, 3980156, 3980174, 3980209, 3980226, 3980327, 3980389, 3980592, 3980595, 3980605, 3981053, 3981072, 3981085, 3981150, 3981152, 3981231, 3981334, 3981397, 3981515, 3981732, 3981750, 3981754, 3981844, 3981871, 3982109, 3982225, 3982246, 3982249, 3982493, 3982501, 3982757, 3982888, 3982932, 3982958, 3982988, 3983286, 3983299, 3983361, 3983451, 3983538, 3983624, 3983655, 3983659, 3983696, 3983986, 3983995, 3984058, 3984249, 3984427, 3984538, 3984803, 3984877, 3984996, 3985105, 3985107, 3985122, 3985347, 3985383, 3985470, 3985497, 3985602, 3985644, 3985670, 3985684, 3985709, 3985901, 3986000, 3986077, 3986113, 3986295, 3986417, 3986449, 3986494, 3986539, 3986583, 3986865, 3987027, 3987108, 3987301, 3987376, 3987802, 3988037, 3988132, 3988209, 3988256, 3988448, 3988557, 3988557, 3988647, 3988840, 3989122, 3989124, 3989192, 3989345, 3989396, 3989432, 3989503, 3989624, 3989848, 3989850, 3990011, 3990152, 3990220, 3990220, 3990336, 3990355, 3990511, 3990558, 3990583, 3990599, 3990609, 3990725, 3990779, 3990814, 3990947, 3990953, 3991071, 3991564, 3991677, 3991821, 3991920, 3992130, 3992361, 3992371, 3992484, 3992659, 3992675, 3992676, 3992760, 3992780, 3992784, 3992821, 3992946, 3993082, 3993187, 3993280, 3993320, 3993540, 3993567, 3993614, 3993620, 3993764, 3993852, 3993991, 3994041, 3994050, 3994124, 3994161, 3994235, 3994379, 3994385, 3994561, 3994596, 3994672, 3994935, 3994939, 3995017, 3995036, 3995078, 3995086, 3995183, 3995226, 3995353, 3995354, 3995503, 3995513, 3995574, 3995610, 3995835, 3995971, 3996115, 3996247, 3996394, 3996513, 3996523, 3996538, 3996662, 3996707, 3996741, 3996772, 3996795, 3996837, 3996888, 3996964, 3996970, 3996971, 3997430, 3997619, 3997717, 3997726, 3997872, 3998077, 3998110, 3998119, 3998297, 3998377, 3998643, 3998695, 3998911, 3998941, 3998979, 3999039, 3999061, 3999222, 3999433, 3999461, 3999606, 3999734, 3999768, 3999789, 3999855, 4000158, 4000454, 4000536, 4000706, 4000827, 4000943, 4001154, 4001230, 4001310, 4001497, 4001615, 4002241, 4002309, 4002349, 4002378, 4002859, 4002902, 4002932, 4002965, 4003206, 4003388, 4003468, 4003470, 4003567, 4003580, 4003827, 4003832, 4003911, 4003998, 4004046, 4004132, 4004137, 4004159, 4004207, 4004515, 4004538, 4004541, 4004765, 4005129, 4005295, 4005295, 4005440, 4005482, 4005549, 4005677, 4005812, 4006180, 4006369, 4006382, 4006474, 4006507, 4006653, 4006670, 4006737, 4006740, 4006786, 4006820, 4006841, 4007010, 4007022, 4007169, 4007239, 4007252, 4007369, 4007461, 4007619, 4007723, 4007730, 4007738, 4007912, 4007926, 4008019, 4008106, 4008151, 4008231, 4008266, 4008418, 4008522, 4008570, 4008604, 4008635, 4008695, 4008777, 4008838, 4008923, 4009017, 4009327, 4009562, 4009835, 4009871, 4009999, 4010116, 4010273, 4010286, 4010483, 4010502, 4010549, 4010660, 4010683, 4010709, 4010768, 4010899, 4010947, 4011004, 4011030, 4011143, 4011183, 4011277, 4011280, 4011414, 4011415, 4011545, 4011721, 4011914, 4011932, 4012179, 4012370, 4012409, 4012442, 4012454, 4012561, 4012567, 4012604, 4012788, 4012995, 4013410, 4013434, 4013547, 4013817, 4013905, 4014004, 4014175, 4014227, 4014433, 4014447, 4014495, 4014551, 4014955, 4015244, 4015332, 4015894, 4016013, 4016067, 4016187, 4016289, 4016336, 4016568, 4016578, 4016954, 4016988, 4017027, 4017043, 4017211, 4017255, 4017397, 4017463, 4017525, 4017640, 4017685, 4017784, 4017812, 4017903, 4017965, 4017967, 4018379, 4018547, 4018671, 4018697, 4018714, 4018855, 4018903, 4018919, 4019039, 4019124, 4019248, 4019367, 4019725, 4019813, 4019826, 4019846, 4020155, 4020163, 4020246, 4020464, 4020476, 4020486, 4020529, 4020545, 4020757, 4020761, 4020799, 4020892, 4020910, 4020976, 4021176, 4021293, 4021294, 4021504, 4021653, 4021823, 4021859, 4021898, 4022014, 4022019, 4022065, 4022105, 4022230, 4022293, 4022362, 4022364, 4022399, 4022488, 4022518, 4022527, 4022634, 4022670, 4022766, 4022819, 4022869, 4022890, 4023162, 4023293, 4023431, 4023706, 4023740, 4023752, 4023877, 4023944, 4024063, 4024250, 4024287, 4024423, 4024547, 4024551, 4024864, 4024956, 4025116, 4025147, 4025300, 4025413, 4025584, 4025590, 4025650, 4025907, 4025968, 4026150, 4026244, 4026259, 4026385, 4026567, 4026842, 4027007, 4027199, 4027234, 4027411, 4027472, 4027523, 4027855, 4027856, 4027883, 4027959, 4028053, 4028181, 4028257, 4028309, 4028472, 4028479, 4028614, 4028627, 4029123, 4029373, 4029375, 4029493, 4029591, 4029638, 4029691, 4029740, 4029787, 4029988, 4030055, 4030115, 4030532, 4030663, 4030723, 4030830, 4030929, 4031457, 4031582, 4031618, 4031648, 4031745, 4031750, 4031905, 4032018, 4032035, 4032074, 4032195, 4032305, 4032373, 4032426, 4032656, 4033016, 4033127, 4033134, 4033269, 4033276, 4033314, 4033379, 4033505, 4033532, 4033585, 4033862, 4033867, 4033920, 4034438, 4034597, 4034666, 4034712, 4034731, 4034923, 4035115, 4035171, 4035399, 4035436, 4035474, 4035695, 4035816, 4035953, 4036016, 4036260, 4036360, 4036428, 4036475, 4036652, 4036663, 4036680, 4036732, 4036771, 4037157, 4037169, 4037180, 4037218, 4037285, 4037289, 4037301, 4037612, 4037706, 4037727, 4038091, 4038142, 4038455, 4038603, 4038658, 4038678, 4038737, 4038757, 4038762, 4038807, 4038821, 4038828, 4038838, 4039052, 4039090, 4039155, 4039270, 4039385, 4039450, 4039457, 4039621, 4039694, 4039859, 4039956, 4039985, 4040008, 4040015, 4040119, 4040203, 4040255, 4040423, 4040575, 4040698, 4040752, 4040858, 4040907, 4040922, 4041185, 4041192, 4041226, 4041312, 4041414, 4041434, 4041719, 4041769, 4042007, 4042118, 4042413, 4042471, 4042503, 4042533, 4042626, 4042814, 4042942, 4043013, 4043065, 4043076, 4043289, 4043626, 4043641, 4043659, 4043835, 4043906, 4043951, 4044291, 4044460, 4044512, 4044660, 4044674, 4044743, 4044757, 4044865, 4045020, 4045026, 4045093, 4045210, 4045369, 4045412, 4045433, 4045609, 4045701, 4046088, 4046279, 4046685, 4046704, 4046723, 4046805, 4046856, 4047080, 4047227, 4047300, 4047332, 4047384, 4047497, 4047509, 4047596, 4047660, 4047685, 4047753, 4047834, 4048034, 4048068, 4048263, 4048329, 4048490, 4048491, 4048548, 4048657, 4048905, 4049072, 4049179, 4049307, 4049423, 4049454, 4049479, 4049500, 4049520, 4049555, 4049561, 4049738, 4049805, 4049901, 4050158, 4050173, 4050278, 4050280, 4050332, 4050352, 4050646, 4050729, 4050951, 4051010, 4051064, 4051121, 4051234, 4051651, 4051930, 4052022, 4052041, 4052058, 4052404, 4052879, 4052995, 4053012, 4053181, 4053349, 4053585, 4053602, 4053634, 4054248, 4054501, 4054510, 4054532, 4055341, 4055444, 4055539, 4055565, 4055741, 4055778, 4055789, 4056005, 4056095, 4056122, 4056241, 4056298, 4056300, 4056419, 4056432, 4056465, 4056709, 4056746, 4056783, 4056791, 4056819, 4056858, 4056897, 4056938, 4056987, 4057202, 4057235, 4057241, 4057263, 4057290, 4057316, 4057420, 4057521, 4057853, 4058223, 4058266, 4058297, 4058334, 4058403, 4058495, 4058982, 4059046, 4059249, 4059300, 4059369, 4059503, 4059689, 4059704, 4059704, 4059720, 4059931, 4060165, 4060225, 4060239, 4060281, 4060453, 4060796, 4060827, 4061014, 4061018, 4061028, 4061070, 4061195, 4061472, 4061748, 4061770, 4061808, 4061819, 4061871, 4062026, 4062059, 4062110, 4062112, 4062158, 4062188, 4062199, 4062359, 4062386, 4062503, 4062563, 4062585, 4062630, 4062642, 4062707, 4062792, 4062920, 4062921, 4062931, 4062944, 4063082, 4063083, 4063127, 4063177, 4063457, 4063501, 4063552, 4063559, 4063637, 4063644, 4063656, 4063786, 4063797, 4063902, 4064139, 4064192, 4064262, 4064365, 4064403, 4064607, 4064638, 4064690, 4064713, 4064739, 4064857, 4065007, 4065218, 4065263, 4065517, 4065527, 4065640, 4065860, 4065987, 4066046, 4066092, 4066092, 4066220, 4066597, 4066625, 4066635, 4066820, 4067019, 4067086, 4067109, 4067181, 4067337, 4067398, 4067654, 4067674, 4067726, 4067733, 4067742, 4067970, 4068060, 4068077, 4068402, 4068621, 4068716, 4068717, 4068796, 4068987, 4069024, 4069063, 4069667, 4069747, 4069944, 4069983, 4070108, 4070288, 4070400, 4070757, 4070855, 4070863, 4070900, 4070940, 4071017, 4071185, 4071217, 4071413, 4071444, 4071482, 4071984, 4072077, 4072100, 4072113, 4072186, 4072419, 4072427, 4072506, 4072526, 4072541, 4072715, 4073128, 4073137, 4073237, 4073281, 4073298, 4073538, 4073669, 4073842, 4073858, 4073969, 4073993, 4074029, 4074121, 4074189, 4074530, 4074606, 4074732, 4075001, 4075054, 4075084, 4075108, 4075121, 4075158, 4075278, 4075283, 4075305, 4075651, 4075739, 4075853, 4075879, 4075909, 4076004, 4076066, 4076101, 4076220, 4076291, 4076390, 4076588, 4076597, 4076703, 4076942, 4077140, 4077234, 4077458, 4077548, 4077579, 4077584, 4077651, 4077678, 4077707, 4077713, 4078023, 4078028, 4078202, 4078283, 4078359, 4078388, 4078567, 4078595, 4078855, 4078896, 4079076, 4079116, 4079215, 4079215, 4079303, 4079599, 4079739, 4079926, 4079943, 4080084, 4080124, 4080195, 4080407, 4080417, 4080488, 4080506, 4080610, 4080644, 4080662, 4080669, 4080741, 4080823, 4080939, 4081079, 4081260, 4081273, 4081282, 4081368, 4081777, 4081801, 4081818, 4082086, 4082222, 4082559, 4082730, 4082785, 4082818, 4082836, 4083036, 4083059, 4083155, 4083221, 4083247, 4083326, 4083437, 4083499, 4083685, 4083697, 4083727, 4083820, 4083826, 4083827, 4084050, 4084171, 4084202, 4084257, 4084352, 4084374, 4084425, 4084555, 4084641, 4084738, 4084876, 4084914, 4085066, 4085215, 4085227, 4085277, 4085332, 4085662, 4085739, 4085755, 4085773, 4085793, 4085870, 4086189, 4086216, 4086289, 4086347, 4086495, 4086636, 4086653, 4086952, 4086973, 4087100, 4087290, 4087298, 4087370, 4087430, 4087590, 4087775, 4087959, 4088166, 4088240, 4088407, 4088555, 4088652, 4088790, 4088823, 4089240, 4089300, 4089527, 4089697, 4089751, 4089896, 4089927, 4089990, 4090021, 4090096, 4090103, 4090232, 4090279, 4090369, 4090440, 4090600, 4090774, 4090821, 4090945, 4091139, 4091142, 4091166, 4091350, 4091503, 4091547, 4091911, 4091946, 4092228, 4092388, 4092467, 4092527, 4092567, 4092569, 4092649, 4092663, 4092701, 4093063, 4093091, 4093119, 4093147, 4093170, 4093187, 4093300, 4093487, 4093773, 4094247, 4094267, 4094393, 4094591, 4094648, 4094766, 4094823, 4094823, 4094852, 4095136, 4095347, 4095381, 4095457, 4095523, 4095626, 4095767, 4095872, 4096153, 4096226, 4096241, 4096289, 4096393, 4096512, 4096656, 4096735, 4096743, 4096845, 4096861, 4096887, 4096905, 4097177, 4097248, 4097286, 4097301, 4097383, 4097641, 4097689, 4097723, 4097740, 4097749, 4097756, 4097895, 4097912, 4097989, 4098374, 4098435, 4098642, 4098925, 4099074, 4099198, 4099235, 4099505, 4099581, 4099663, 4099782, 4099792, 4099853, 4099914, 4100056, 4100269, 4100409, 4100472, 4100480, 4100494, 4100566, 4100749, 4100866, 4100985, 4101019, 4101161, 4101178, 4101223, 4101261, 4101291, 4101297, 4101325, 4101420, 4101445, 4101504, 4101505, 4101715, 4101716, 4101749, 4101807, 4101878, 4101929, 4101959, 4102043, 4102057, 4102083, 4102196, 4102239, 4102313, 4102317, 4102413, 4102467, 4102577, 4102671, 4102733, 4102920, 4103060, 4103125, 4103130, 4103148, 4103202, 4103291, 4103374, 4103584, 4103635, 4103661, 4104184, 4104433, 4104464, 4104583, 4104607, 4104608, 4104627, 4104729, 4104858, 4104888, 4105074, 4105157, 4105272, 4105487, 4105566, 4105583, 4105675, 4105716, 4105941, 4106562, 4106623, 4106782, 4106782, 4106824, 4106838, 4107029, 4107076, 4107261, 4107430, 4107538, 4107567, 4107596, 4107618, 4107672, 4107682, 4107703, 4107793, 4107939, 4107979, 4108153, 4108204, 4108505, 4108508, 4108853, 4108856, 4108889, 4108999, 4109451, 4109726, 4109737, 4110031, 4110057, 4110088, 4110102, 4110337, 4110395, 4110583, 4110650, 4110700, 4110850, 4111390, 4111392, 4111444, 4111649, 4111739, 4111746, 4111769, 4112074, 4112098, 4112212, 4112401, 4112413, 4112574, 4112596, 4112685, 4112783, 4113102, 4113183, 4113293, 4113493, 4113551, 4113555, 4113604, 4113715, 4113823, 4114078, 4114149, 4114211, 4114220, 4114296, 4114608, 4114821, 4114848, 4114883, 4115177, 4115238, 4115339, 4115391, 4115615, 4115711, 4116130, 4116228, 4116255, 4116416, 4116423, 4116437, 4116546, 4116774, 4116866, 4116906, 4116957, 4117183, 4117254, 4117426, 4117432, 4117481, 4117552, 4117589, 4117674, 4117758, 4117764, 4117930, 4117991, 4118127, 4118202, 4118231, 4118276, 4118344, 4118513, 4118602, 4118628, 4118637, 4118642, 4118657, 4118799, 4119032, 4119175, 4119228, 4119247, 4119307, 4119322, 4119435, 4119518, 4119601, 4119693, 4119955, 4120060, 4120109, 4120136, 4120225, 4120255, 4120280, 4120355, 4120476, 4120714, 4121202, 4121411, 4121550, 4121717, 4122078, 4122405, 4122441, 4122540, 4122638, 4122782, 4122952, 4123037, 4123060, 4123096, 4123182, 4123240, 4123240, 4123292, 4123306, 4123550, 4123578, 4123613, 4123737, 4123856, 4123957, 4123994, 4124123, 4124276, 4124392, 4124412, 4124447, 4124622, 4124662, 4124684, 4124789, 4124871, 4125014, 4125015, 4125176, 4125322, 4125351, 4125413, 4125588, 4125591, 4125627, 4125747, 4125748, 4125757, 4125779, 4125792, 4125832, 4125971, 4126203, 4126272, 4126385, 4126488, 4126505, 4126640, 4126711, 4126763, 4126848, 4126929, 4127027, 4127107, 4127115, 4127194, 4127295, 4127527, 4127581, 4127798, 4127855, 4128161, 4128412, 4128492, 4128580, 4128952, 4128965, 4129013, 4129051, 4129056, 4129059, 4129301, 4129326, 4129388, 4129468, 4129472, 4129559, 4129740, 4129764, 4129865, 4129879, 4130025, 4130032, 4130136, 4130208, 4130518, 4130695, 4130744, 4130754, 4130789, 4130790, 4131319, 4131413, 4131488, 4131558, 4131627, 4131709, 4132195, 4132232, 4132306, 4132329, 4132333, 4132342, 4132352, 4132687, 4132715, 4132719, 4132754, 4132937, 4133034, 4133045, 4133117, 4133233, 4133240, 4133316, 4133336, 4133448, 4133841, 4133866, 4133884, 4134032, 4134183, 4134332, 4134419, 4134526, 4134555, 4134591, 4134602, 4134638, 4135081, 4135162, 4135439, 4135597, 4135835, 4135836, 4136049, 4136111, 4136125, 4136234, 4136377, 4136403, 4136501, 4136689, 4136868, 4136871, 4137002, 4137098, 4137277, 4137283, 4137283, 4137348, 4137394, 4137444, 4137475, 4137620, 4137634, 4137785, 4137939, 4137947, 4138203, 4138247, 4138476, 4138533, 4138735, 4138865, 4138874, 4139039, 4139089, 4139135, 4139186, 4139195, 4139532, 4139624, 4139634, 4139664, 4139745, 4139760, 4139768, 4139844, 4139867, 4139877, 4139886, 4140065, 4140200, 4140238, 4140337, 4140534, 4140643, 4140823, 4140864, 4141045, 4141127, 4141154, 4141185, 4141309, 4141323, 4141441, 4141445, 4141504, 4141733, 4141907, 4141943, 4141973, 4142159, 4142160, 4142641, 4142829, 4142942, 4143131, 4143171, 4143255, 4143264, 4143286, 4143371, 4143489, 4143520, 4143568, 4143602, 4143666, 4143845, 4144294, 4144337, 4144350, 4144424, 4144437, 4144505, 4144524, 4144536, 4144687, 4144740, 4144744, 4144757, 4144794, 4144868, 4145035, 4145039, 4145155, 4145292, 4145313, 4145392, 4145561, 4145671, 4146023, 4146025, 4146103, 4146124, 4146230, 4146284, 4146291, 4146294, 4146387, 4146540, 4146651, 4146689, 4146836, 4146857, 4146954, 4147001, 4147112, 4147330, 4147391, 4147637, 4147686, 4147792, 4147866, 4147990, 4148295, 4148345, 4148449, 4148464, 4148514, 4148677, 4148819, 4148885, 4148972, 4149066, 4149134, 4149409, 4149634, 4149764, 4149858, 4149860, 4150058, 4150059, 4150164, 4150246, 4150261, 4150352, 4150582, 4150661, 4150729, 4150783, 4150785, 4150842, 4150940, 4150962, 4151107, 4151520, 4151655, 4151876, 4152116, 4152167, 4152265, 4152376, 4152669, 4152815, 4152908, 4152992, 4153044, 4153100, 4153125, 4153185, 4153528, 4154059, 4154160, 4154313, 4154476, 4154570, 4154598, 4154603, 4154608, 4154688, 4154784, 4154804, 4154819, 4155038, 4155153, 4155258, 4155385, 4155417, 4155424, 4155502, 4155541, 4155571, 4155967, 4155976, 4156037, 4156470, 4156661, 4156679, 4156696, 4156738, 4156858, 4156867, 4156898, 4156900, 4157017, 4157220, 4157406, 4157407, 4157443, 4157493, 4157590, 4157634, 4157667, 4157727, 4157765, 4157789, 4157854, 4157943, 4158148, 4158296, 4158331, 4158416, 4158718, 4159139, 4159303, 4159399, 4159437, 4159444, 4159618, 4159646, 4159836, 4159842, 4159916, 4160018, 4160019, 4160026, 4160134, 4160225, 4160404, 4160416, 4160448, 4160525, 4160529, 4160869, 4160876, 4160911, 4160935, 4160945, 4160974, 4161000, 4161132, 4161295, 4161607, 4161852, 4161968, 4161972, 4162005, 4162163, 4162334, 4162397, 4162519, 4162692, 4162870, 4162952, 4163039, 4163112, 4163175, 4163243, 4163438, 4163441, 4163641, 4163705, 4163787, 4163798, 4163846, 4163847, 4163976, 4164038, 4164039, 4164223, 4164576, 4164691, 4164904, 4165219, 4165228, 4165281, 4165304, 4165671, 4165680, 4165729, 4165958, 4165993, 4166008, 4166089, 4166170, 4166222, 4166400, 4166475, 4166486, 4166718, 4166806, 4166884, 4166932, 4166952, 4166992, 4167130, 4167354, 4167365, 4167497, 4167553, 4167584, 4167659, 4167669, 4167680, 4167862, 4167885, 4167992, 4168278, 4168431, 4168679, 4168707, 4168785, 4168845, 4169039, 4169146, 4169416, 4169454, 4169632, 4169838, 4170027, 4170049, 4170080, 4170311, 4170456, 4170508, 4170525, 4170529, 4170551, 4170644, 4170672, 4170699, 4170729, 4170774, 4170784, 4170797, 4171013, 4171182, 4171211, 4171234, 4171252, 4171287, 4171561, 4171683, 4171688, 4171730, 4171926, 4171940, 4172219, 4172295, 4172301, 4172440, 4172460, 4172464, 4172487, 4172556, 4172567, 4172838, 4172882, 4173068, 4173323, 4173420, 4173523, 4173801, 4173851, 4174180, 4174375, 4174408, 4174481, 4174531, 4174617, 4174625, 4174798, 4174894, 4174899, 4174956, 4175010, 4175025, 4175072, 4175179, 4175231, 4175279, 4175342, 4175355, 4175527, 4175574, 4175648, 4175763, 4175765, 4175772, 4175830, 4175882, 4175970, 4176009, 4176624, 4176703, 4176866, 4177044, 4177129, 4177193, 4177385, 4177392, 4177411, 4177544, 4177587, 4177700, 4177759, 4177766, 4177916, 4178092, 4178473, 4178489, 4178714, 4178774, 4178804, 4178932, 4179159, 4179464, 4179596, 4179656, 4179668, 4179946, 4179975, 4180079, 4180112, 4180114, 4180165, 4180210, 4180242, 4180288, 4180326, 4180404, 4180454, 4180649, 4181191, 4181414, 4181450, 4181576, 4181636, 4181926, 4181931, 4181934, 4181954, 4181982, 4182057, 4182143, 4182200, 4182509, 4182589, 4182590, 4182934, 4182960, 4183002, 4183054, 4183057, 4183091, 4183096, 4183173, 4183254, 4183300, 4183337, 4183395, 4183417, 4183511, 4183760, 4183889, 4184079, 4184113, 4184147, 4184197, 4184209, 4184298, 4184335, 4184379, 4184678, 4184869, 4184974, 4185092, 4185119, 4185133, 4185166, 4185168, 4185275, 4185289, 4185314, 4185358, 4185428, 4185429, 4185462, 4185500, 4185508, 4185734, 4185771, 4185820, 4185903, 4186065, 4186080, 4186104, 4186109, 4186432, 4186448, 4186501, 4186736, 4186887, 4186934, 4186958, 4186974, 4186980, 4187040, 4187084, 4187100, 4187119, 4187448, 4187482, 4187494, 4187580, 4187620, 4187696, 4187767, 4187864, 4187934, 4187994, 4188018, 4188161, 4188434, 4188448, 4188515, 4188981, 4189226, 4189248, 4189254, 4189479, 4189490, 4189507, 4189523, 4189533, 4189566, 4189590, 4189591, 4189691, 4189932, 4190097, 4190118, 4190254, 4190409, 4190568, 4190659, 4190730, 4190971, 4190971, 4191021, 4191053, 4191085, 4191148, 4191160, 4191262, 4191284, 4191320, 4191340, 4191382, 4191492, 4191573, 4191653, 4191681, 4191890, 4191978, 4192004, 4192136, 4192270, 4192287, 4192580, 4192725, 4192784, 4192837, 4192929, 4193016, 4193052, 4193088, 4193165, 4193166, 4193652, 4193657, 4193926, 4193932, 4193992, 4194012, 4194013, 4194072, 4194166, 4194264, 4194267, 4194326, 4194500, 4194594, 4194666, 4194717, 4194757, 4194847, 4194903, 4195048, 4195094, 4195131, 4195132, 4195149, 4195151, 4195290, 4195435, 4195490, 4195512, 4195523, 4195617, 4195655, 4195886, 4195936, 4196185, 4196343, 4196582, 4196649, 4197008, 4197014, 4197014, 4197041, 4197188, 4197416, 4197494, 4197519, 4197614, 4197631, 4197672, 4197718, 4197724, 4197901, 4197972, 4197972, 4197995, 4198030, 4198054, 4198421, 4198589, 4198696, 4198760, 4198873, 4198894, 4199186, 4199188, 4199379, 4199413, 4199818, 4199830, 4199859, 4199962, 4199970, 4200198, 4200399, 4200439, 4200859, 4200920, 4201078, 4201124, 4201143, 4201197, 4201271, 4201297, 4201417, 4201538, 4201601, 4201634, 4201685, 4201738, 4201744, 4201898, 4201934, 4202009, 4202017, 4202436, 4202500, 4202538, 4202678, 4202846, 4202857, 4202973, 4203003, 4203013, 4203130, 4203271, 4203300, 4203325, 4203342, 4203403, 4203429, 4203512, 4203563, 4203590, 4203596, 4203772, 4203800, 4203951, 4204125, 4204263, 4204388, 4204458, 4204501, 4204510, 4204536, 4204632, 4204885, 4204900, 4204926, 4204978, 4205012, 4205082, 4205090, 4205216, 4205216, 4205242, 4205354, 4205539, 4205725, 4205833, 4205880, 4205980, 4206009, 4206395, 4206467, 4206531, 4206816, 4207106, 4207194, 4207344, 4207397, 4207402, 4207443, 4207799, 4207972, 4208076, 4208112, 4208256, 4208365, 4208406, 4208448, 4208539, 4208543, 4208583, 4208601, 4208703, 4208840, 4209004, 4209054, 4209163, 4209241, 4209397, 4209548, 4209571, 4209609, 4209775, 4209948, 4209998, 4210009, 4210024, 4210135, 4210237, 4210427, 4210551, 4210654, 4210872, 4210906, 4211292, 4211368, 4211382, 4212085, 4212087, 4212591, 4212667, 4212863, 4212893, 4212988, 4213112, 4213183, 4213382, 4213411, 4213591, 4213684, 4213779, 4213805, 4213836, 4214070, 4214162, 4214233, 4214274, 4214340, 4214442, 4214479, 4214519, 4214543, 4214547, 4214621, 4214753, 4214770, 4214935, 4215078, 4215135, 4215260, 4215376, 4215607, 4215723, 4215753, 4216143, 4216174, 4216185, 4216211, 4216213, 4216578, 4216616, 4216618, 4216707, 4216874, 4216880, 4216968, 4217014, 4217091, 4217179, 4217207, 4217242, 4217287, 4217304, 4217425, 4217586, 4217642, 4217686, 4217728, 4217946, 4218240, 4218314, 4218499, 4218528, 4218714, 4218747, 4218768, 4218846, 4218890, 4218931, 4218977, 4219054, 4219094, 4219412, 4219450, 4219596, 4219618, 4219628, 4219702, 4219875, 4219906, 4220098, 4220440, 4220553, 4220653, 4220861, 4220886, 4220994, 4221183, 4221208, 4221306, 4221318, 4221319, 4221401, 4221703, 4221823, 4222019, 4222162, 4222482, 4222495, 4222499, 4222516, 4222647, 4222877, 4223040, 4223336, 4223411, 4223745, 4223845, 4223939, 4224057, 4224104, 4224203, 4224399, 4224666, 4224678, 4224690, 4224720, 4224775, 4224793, 4224805, 4224851, 4225087, 4225137, 4225144, 4225170, 4225433, 4225605, 4225743, 4225827, 4226031, 4226086, 4226258, 4226512, 4226720, 4226751, 4226807, 4226986, 4227024, 4227058, 4227148, 4227163, 4227198, 4227377, 4227605, 4227626, 4227643, 4227870, 4227891, 4228037, 4228050, 4228235, 4228250, 4228556, 4228564, 4228583, 4228657, 4228713, 4228829, 4228911, 4229157, 4229186, 4229731, 4229812, 4229865, 4229901, 4229978, 4230010, 4230015, 4230027, 4230604, 4230706, 4231448, 4231552, 4231622, 4231644, 4231728, 4231764, 4232012, 4232083, 4232207, 4232213, 4232303, 4232367, 4232425, 4232767, 4232943, 4233193, 4233305, 4233305, 4233313, 4233658, 4233706, 4233773, 4233917, 4234291, 4234304, 4234483, 4234545, 4234556, 4234846, 4234951, 4235042, 4235052, 4235129, 4235317, 4235368, 4235440, 4235558, 4235819, 4235886, 4235933, 4235986, 4235993, 4236054, 4236280, 4236398, 4236482, 4236482, 4236731, 4236879, 4236906, 4236986, 4236997, 4237088, 4237441, 4237688, 4237816, 4237879, 4237911, 4237931, 4238014, 4238088, 4238165, 4238198, 4238320, 4238453, 4238454, 4238507, 4238717, 4238774, 4238895, 4238912, 4238969, 4239028, 4239040, 4239070, 4239074, 4239160, 4239349, 4239408, 4239507, 4239561, 4239578, 4239593, 4239651, 4239819, 4239893, 4239945, 4240087, 4240667, 4240713, 4240860, 4241184, 4241184, 4241497, 4241756, 4241830, 4241926, 4242032, 4242127, 4242148, 4242267, 4242569, 4242676, 4242724, 4242736, 4242839, 4242870, 4242945, 4243064, 4243135, 4243176, 4243233, 4243270, 4243303, 4243355, 4243415, 4243423, 4243435, 4243466, 4243554, 4243688, 4244042, 4244056, 4244094, 4244319, 4244341, 4244470, 4244498, 4244627, 4244654, 4244899, 4244913, 4245328, 4245360, 4245439, 4245571, 4245577, 4246121, 4246271, 4246339, 4246362, 4246456, 4246488, 4246602, 4246820, 4246919, 4247120, 4247458, 4247553, 4247556, 4247583, 4247850, 4247896, 4247989, 4248093, 4248337, 4248461, 4248615, 4248896, 4248931, 4249070, 4249165, 4249295, 4249307, 4249313, 4249369, 4249405, 4249414, 4249593, 4249611, 4249653, 4249825, 4250057, 4250134, 4250139, 4250143, 4250235, 4250317, 4250393, 4250394, 4250406, 4250551, 4250666, 4250720, 4250786, 4250796, 4250840, 4251100, 4251181, 4251269, 4251538, 4251651, 4251653, 4251689, 4251690, 4251975, 4251996, 4252328, 4252434, 4252530, 4252715, 4252770, 4252991, 4253055, 4253396, 4253418, 4253699, 4253722, 4253928, 4254034, 4254051, 4254164, 4254233, 4254257, 4254289, 4254294, 4254394, 4254420, 4254599, 4254692, 4254718, 4254783, 4254921, 4255127, 4255157, 4255270, 4255315, 4255331, 4255359, 4255499, 4255642, 4255693, 4255714, 4255845, 4255870, 4255876, 4255976, 4256055, 4256477, 4256606, 4256675, 4256951, 4256956, 4257042, 4257094, 4257188, 4257213, 4257365, 4257402, 4257404, 4257477, 4257502, 4257527, 4257576, 4257754, 4257854, 4257915, 4257936, 4258064, 4258095, 4258313, 4258515, 4258575, 4258610, 4258715, 4258847, 4259021, 4259054, 4259076, 4259115, 4259323, 4259351, 4259448, 4259490, 4259661, 4259719, 4259778, 4259816, 4259883, 4259886, 4260001, 4260053, 4260056, 4260094, 4260247, 4260306, 4260309, 4260430, 4260476, 4260512, 4260694, 4260842, 4260843, 4260868, 4260944, 4260994, 4260997, 4261208, 4261335, 4261375, 4261386, 4261395, 4261396, 4261457, 4261526, 4261550, 4261799, 4261801, 4262188, 4262192, 4262256, 4262272, 4262323, 4262376, 4262433, 4262615, 4262823, 4262888, 4262965, 4263005, 4263099, 4263216, 4263231, 4263325, 4263748, 4263806, 4263910, 4263957, 4264007, 4264058, 4264094, 4264216, 4264346, 4264353, 4264601, 4264925, 4265062, 4265140, 4265177, 4265245, 4265328, 4265365, 4265678, 4265786, 4265842, 4266088, 4266096, 4266217, 4266481, 4266537, 4266556, 4266588, 4266622, 4266736, 4266750, 4266781, 4266796, 4266930, 4267187, 4267201, 4267291, 4267447, 4267568, 4267778, 4267912, 4267938, 4268001, 4268141, 4268169, 4268200, 4268236, 4268344, 4268455, 4268518, 4268663, 4268915, 4268967, 4268973, 4269451, 4269491, 4269559, 4269578, 4269594, 4269666, 4269739, 4269878, 4269964, 4270212, 4270240, 4270301, 4270330, 4270557, 4270599, 4271021, 4271046, 4271091, 4271195, 4271300, 4271331, 4271486, 4271509, 4271526, 4271551, 4271622, 4271672, 4271816, 4272212, 4272511, 4272576, 4272724, 4272733, 4272858, 4272956, 4273041, 4273047, 4273178, 4273240, 4273335, 4273551, 4273709, 4273825, 4273883, 4273908, 4274197, 4274215, 4274287, 4274304, 4274641, 4274838, 4274911, 4275074, 4275120, 4275121, 4275173, 4275240, 4275406, 4275477, 4275506, 4275512, 4275559, 4275666, 4275695, 4275744, 4275773, 4275830, 4276193, 4276269, 4276271, 4276285, 4276428, 4276447, 4276511, 4276532, 4276792, 4276839, 4276997, 4277473, 4277540, 4277599, 4277976, 4278026, 4278141, 4278195, 4278305, 4278361, 4278407, 4278512, 4278656, 4278904, 4278982, 4279325, 4279463, 4279466, 4279564, 4279597, 4279607, 4279630, 4279675, 4279682, 4279703, 4279731, 4279748, 4279778, 4280066, 4280105, 4280229, 4280289, 4280335, 4280676, 4280715, 4280750, 4280766, 4280814, 4281026, 4281045, 4281101, 4281293, 4281386, 4281531, 4281628, 4281680, 4281704, 4281772, 4282009, 4282278, 4282429, 4282666, 4282850, 4282939, 4282946, 4283052, 4283110, 4283137, 4283190, 4283191, 4283268, 4283280, 4283378, 4283621, 4283883, 4283927, 4283928, 4284002, 4284049, 4284099, 4284408, 4284553, 4284562, 4284573, 4284582, 4284892, 4284933, 4285218, 4285326, 4285329, 4285335, 4285429, 4285489, 4285625, 4285665, 4285719, 4285735, 4285780, 4285904, 4286031, 4286090, 4286222, 4286230, 4286275, 4286438, 4286617, 4286622, 4286671, 4286766, 4286784, 4286827, 4286854, 4286986, 4286994, 4287169, 4287295, 4287317, 4287427, 4287428, 4287495, 4287800, 4287806, 4287867, 4287876, 4287894, 4287924, 4288163, 4288266, 4288267, 4288344, 4288450, 4288610, 4288739, 4288903, 4288944, 4289028, 4289214, 4289423, 4289632, 4289644, 4289741, 4289782, 4289808, 4289930, 4290032, 4290279, 4290456, 4290465, 4290492, 4290598, 4290715, 4290757, 4290823, 4290968, 4291160, 4291350, 4291390, 4291390, 4291440, 4291462, 4291488, 4291552, 4291712, 4291842, 4291854, 4292059, 4292093, 4292191, 4292288, 4292307, 4292417, 4292492, 4292499, 4292570, 4292579, 4292583, 4292619, 4292787, 4292896, 4292996, 4292997, 4293000, 4293004, 4293392, 4293410, 4293502, 4293508, 4293611, 4293911, 4293976, 4293989, 4294204, 4294284, 4294309, 4294462, 4294943, 4294994, 4295184, 4295217, 4295421, 4295530, 4295541, 4295603, 4295616, 4295715, 4295805, 4295857, 4295916, 4295933, 4295943, 4296061, 4296156, 4296418, 4296607, 4296788, 4297101, 4297178, 4297212, 4297372, 4297542, 4297567, 4297721, 4297902, 4298200, 4298223, 4298498, 4298592, 4298788, 4299049, 4299150, 4299154, 4299246, 4299267, 4299289, 4299444, 4299478, 4299662, 4299738, 4299828, 4299908, 4299981, 4300046, 4300093, 4300169, 4300174, 4300180, 4300283, 4300525, 4300542, 4300697, 4300742, 4300847, 4300923, 4301050, 4301109, 4301160, 4301277, 4301492, 4301495, 4301870, 4301938, 4302227, 4302359, 4302676, 4302735, 4302737, 4302847, 4303155, 4303161, 4303275, 4303293, 4303536, 4303560, 4303965, 4304189, 4304197, 4304199, 4304270, 4304525, 4304581, 4304614, 4304793, 4304988, 4305283, 4305936, 4306362, 4306373, 4306527, 4306566, 4306789, 4306797, 4306859, 4306898, 4306954, 4306972, 4307055, 4307119, 4307183, 4307213, 4307223, 4307356, 4307367, 4307374, 4308059, 4308274, 4308409, 4308498, 4308548, 4308631, 4308632, 4308638, 4308645, 4308805, 4308813, 4308922, 4308942, 4309216, 4309419, 4309540, 4309568, 4309622, 4309694, 4309699, 4309830, 4309889, 4310085, 4310141, 4310150, 4310290, 4310319, 4310516, 4310531, 4310591, 4310629, 4310678, 4310689, 4310696, 4311008, 4311024, 4311031, 4311099, 4311169, 4311177, 4311192, 4311213, 4311541, 4311595, 4311737, 4311768, 4311796, 4311817, 4311867, 4311869, 4311870, 4312275, 4312391, 4312395, 4312441, 4312680, 4312737, 4312888, 4312893, 4313059, 4313066, 4313071, 4313202, 4313224, 4313273, 4313401, 4313628, 4313701, 4313711, 4313821, 4314047, 4314117, 4314214, 4314431, 4314614, 4314909, 4314995, 4315117, 4315134, 4315144, 4315262, 4315316, 4315421, 4315557, 4315594, 4315619, 4315663, 4315682, 4315910, 4316079, 4316221, 4316278, 4316336, 4316410, 4316749, 4316750, 4316916, 4317158, 4317449, 4317619, 4317841, 4317868, 4318032, 4318049, 4318096, 4318162, 4318334, 4318357, 4318757, 4318819, 4318914, 4319278, 4319299, 4319434, 4319517, 4319526, 4319826, 4319974, 4320041, 4320224, 4320320, 4320423, 4320435, 4320819, 4321072, 4321159, 4321209, 4321323, 4321338, 4321348, 4321552, 4321760, 4321950, 4321995, 4322118, 4322133, 4322253, 4322369, 4322757, 4322980, 4323270, 4323482, 4323586, 4323639, 4323698, 4323798, 4323852, 4323928, 4323980, 4324045, 4324277, 4324305, 4324319, 4324366, 4324469, 4324529, 4324679, 4324740, 4324753, 4324802, 4324804, 4324808, 4324907, 4324930, 4325045, 4325059, 4325095, 4325117, 4325308, 4325368, 4325604, 4325623, 4325680, 4325944, 4326312, 4326323, 4326497, 4326574, 4326636, 4326705, 4326790, 4326934, 4327102, 4327371, 4327440, 4327527, 4327589, 4328014, 4328063, 4328066, 4328127, 4328321, 4328325, 4328578, 4328598, 4328783, 4328787, 4329054, 4329070, 4329387, 4329423, 4329427, 4329546, 4329635, 4329671, 4330231, 4330297, 4330314, 4330388, 4330399, 4330417, 4330433, 4330593, 4330613, 4330727, 4330827, 4330935, 4330950, 4330999, 4331060, 4331063, 4331075, 4331075, 4331103, 4331217, 4331335, 4331400, 4331478, 4331631, 4331661, 4331781, 4331793, 4331845, 4331849, 4331973, 4332003, 4332118, 4332149, 4332185, 4332364, 4332471, 4332499, 4332507, 4332519, 4332719, 4332774, 4332858, 4332917, 4333113, 4333190, 4333207, 4333282, 4333297, 4333299, 4333337, 4333415, 4333422, 4333467, 4333632, 4333844, 4333978, 4333985, 4334170, 4334390, 4334461, 4334698, 4334703, 4334745, 4334753, 4334755, 4334780, 4334851, 4334851, 4334862, 4334932, 4335251, 4335404, 4335465, 4335526, 4335600, 4335611, 4335757, 4335788, 4335818, 4335874, 4336035, 4336128, 4336207, 4336269, 4336392, 4336934, 4337082, 4337082, 4337192, 4337271, 4337356, 4337454, 4337550, 4337649, 4337702, 4337830, 4337904, 4337987, 4338159, 4338445, 4338615, 4338622, 4338703, 4338879, 4338913, 4338982, 4339091, 4339241, 4339411, 4339610, 4339720, 4339783, 4339842, 4339937, 4340172, 4340198, 4340446, 4340711, 4341016, 4341023, 4341170, 4341183, 4341224, 4341238, 4341296, 4341369, 4341384, 4341389, 4341478, 4341628, 4341653, 4341805, 4342201, 4342249, 4342281, 4342336, 4342456, 4342485, 4342697, 4342769, 4342881, 4342926, 4342969, 4343040, 4343083, 4343092, 4343177, 4343318, 4343354, 4343380, 4343382, 4343566, 4343824, 4343926, 4343987, 4344245, 4344278, 4344312, 4344427, 4344466, 4344552, 4344554, 4344559, 4344689, 4344761, 4344781, 4344964, 4345159, 4345165, 4345230, 4345285, 4345357, 4345472, 4345527, 4345570, 4345675, 4345804, 4346073, 4346147, 4346430, 4346487, 4346603, 4346725, 4346749, 4346830, 4346885, 4346892, 4347240, 4347253, 4347432, 4347509, 4347608, 4347959, 4348110, 4348247, 4348281, 4348389, 4348454, 4348511, 4348544, 4348606, 4348625, 4348707, 4348842, 4348845, 4348955, 4349024, 4349091, 4349212, 4349282, 4349531, 4349565, 4349648, 4349711, 4350045, 4350248, 4350254, 4350257, 4350456, 4350506, 4350511, 4350554, 4350561, 4350563, 4350578, 4350827, 4350929, 4350976, 4351015, 4351062, 4351171, 4351512, 4351594, 4351596, 4351691, 4351790, 4351825, 4352039, 4352180, 4352183, 4352248, 4352503, 4352520, 4352533, 4352546, 4352600, 4352680, 4353044, 4353192, 4353398, 4353531, 4353624, 4353733, 4353764, 4353792, 4353794, 4353916, 4354174, 4354248, 4354254, 4354483, 4354503, 4354818, 4354836, 4354953, 4354971, 4355099, 4355241, 4355392, 4355393, 4355405, 4355604, 4355776, 4355898, 4355977, 4355980, 4356010, 4356219, 4356264, 4356401, 4356525, 4356538, 4356664, 4357253, 4357340, 4357405, 4357491, 4357640, 4357842, 4357971, 4358018, 4358051, 4358119, 4358181, 4358181, 4358212, 4358240, 4358330, 4358348, 4358375, 4358567, 4358594, 4358615, 4358825, 4358916, 4358969, 4359016, 4359210, 4359385, 4359401, 4359416, 4359435, 4359598, 4359701, 4359809, 4359820, 4359917, 4360018, 4360176, 4360210, 4360217, 4360250, 4360278, 4360294, 4360303, 4360308, 4360593, 4360756, 4360943, 4361008, 4361061, 4361116, 4361477, 4361562, 4361595, 4361595, 4362111, 4362123, 4362283, 4362311, 4362318, 4362745, 4362766, 4362794, 4362987, 4363367, 4363636, 4363869, 4363916, 4363930, 4364029, 4364154, 4364177, 4364201, 4364205, 4364208, 4364221, 4364225, 4364238, 4364282, 4364301, 4364347, 4364371, 4364414, 4364558, 4364695, 4364748, 4364940, 4365001, 4365029, 4365043, 4365170, 4365288, 4365296, 4365361, 4365455, 4365469, 4365528, 4365684, 4365808, 4365818, 4365891, 4366027, 4366040, 4366158, 4366221, 4366300, 4366323, 4366423, 4366497, 4366953, 4367048, 4367149, 4367180, 4367244, 4367897, 4367911, 4367928, 4368111, 4368176, 4368260, 4368542, 4368578, 4368648, 4368681, 4368694, 4368716, 4368792, 4368806, 4369018, 4369109, 4369166, 4369369, 4369431, 4369493, 4369590, 4369772, 4369816, 4369818, 4369895, 4370049, 4370112, 4370199, 4370204, 4370266, 4370332, 4370359, 4370431, 4370434, 4370465, 4370718, 4370732, 4370837, 4370837, 4370870, 4370942, 4371049, 4371067, 4371109, 4371188, 4371254, 4371398, 4371474, 4371491, 4371569, 4371664, 4371670, 4371748, 4371939, 4371976, 4372088, 4372092, 4372146, 4372223, 4372452, 4372480, 4372748, 4372832, 4372894, 4372985, 4373152, 4373178, 4373299, 4373395, 4373523, 4373586, 4373602, 4373610, 4373722, 4374069, 4374072, 4374094, 4374115, 4374335, 4374510, 4374560, 4374894, 4375009, 4375074, 4375158, 4375167, 4375294, 4375350, 4375453, 4375716, 4375732, 4375801, 4375877, 4375943, 4376155, 4376292, 4376292, 4376338, 4376478, 4376604, 4376610, 4376624, 4376633, 4376671, 4376683, 4376810, 4376997, 4376999, 4377009, 4377102, 4377186, 4377459, 4377508, 4377568, 4377573, 4377650, 4378124, 4378331, 4378535, 4378760, 4378991, 4379099, 4379166, 4379194, 4379198, 4379209, 4379472, 4379704, 4379713, 4379774, 4379840, 4379926, 4379971, 4380027, 4380043, 4380070, 4380079, 4380098, 4380154, 4380170, 4380174, 4380233, 4380427, 4380435, 4380566, 4380573, 4380597, 4380661, 4380685, 4380899, 4381047, 4381369, 4381593, 4381649, 4381652, 4381681, 4381752, 4381799, 4382020, 4382038, 4382232, 4382321, 4382465, 4382475, 4382521, 4382532, 4382574, 4382669, 4382719, 4382797, 4382810, 4382982, 4383274, 4383385, 4383631, 4383817, 4383817, 4383955, 4383959, 4383964, 4384051, 4384138, 4384208, 4384425, 4384463, 4384541, 4384665, 4384715, 4384721, 4384746, 4384918, 4385020, 4385082, 4385173, 4385258, 4385343, 4385501, 4385653, 4385818, 4385882, 4385886, 4386222, 4386233, 4386472, 4386704, 4386730, 4386855, 4386901, 4387177, 4387414, 4387547, 4387628, 4387640, 4387700, 4387724, 4387807, 4387915, 4387916, 4387983, 4387985, 4387992, 4388076, 4388243, 4388541, 4388549, 4389002, 4389016, 4389050, 4389165, 4389312, 4389418, 4389591, 4389735, 4389803, 4389859, 4390010, 4390107, 4390190, 4390325, 4390608, 4390795, 4390944, 4390945, 4391012, 4391346, 4391355, 4391774, 4391944, 4392046, 4392048, 4392081, 4392274, 4392663, 4392761, 4392882, 4393031, 4393034, 4393278, 4393291, 4393327, 4393387, 4393523, 4393553, 4393770, 4394044, 4394119, 4394164, 4394412, 4394427, 4394488, 4394597, 4394635, 4394721, 4394969, 4395001, 4395016, 4395240, 4395366, 4395367, 4395461, 4395522, 4395623, 4395741, 4395746, 4395762, 4395772, 4395918, 4395930, 4396084, 4396135, 4396154, 4396192, 4396424, 4396503, 4396554, 4396735, 4396911, 4397135, 4397353, 4397446, 4397560, 4397590, 4397727, 4397909, 4398069, 4398072, 4398079, 4398205, 4398255, 4398263, 4398285, 4398292, 4398326, 4398351, 4398455, 4398490, 4398573, 4398679, 4398710, 4398711, 4398741, 4398814, 4398931, 4398966, 4399002, 4399132, 4399243, 4399319, 4399334, 4399454, 4399638, 4399680, 4399756, 4399910, 4399935, 4399986, 4400017, 4400028, 4400154, 4400202, 4400412, 4400486, 4400767, 4400905, 4400917, 4401085, 4401122, 4401262, 4401307, 4401363, 4401477, 4401507, 4401781, 4401844, 4401858, 4402100, 4402116, 4402381, 4402434, 4402436, 4402570, 4402677, 4402759, 4402871, 4402997, 4403050, 4403054, 4403225, 4403422, 4403970, 4403983, 4404135, 4404168, 4404201, 4404275, 4404499, 4404625, 4404669, 4404690, 4404917, 4404985, 4405034, 4405139, 4405162, 4405473, 4405672, 4405690, 4405866, 4405997, 4406025, 4406034, 4406214, 4406249, 4406485, 4406500, 4406525, 4406538, 4406562, 4406709, 4406756, 4406797, 4406814, 4406882, 4407350, 4407412, 4407736, 4407748, 4407805, 4407935, 4408062, 4408312, 4408650, 4408742, 4408745, 4408806, 4408935, 4409078, 4409088, 4409239, 4409345, 4409424, 4409440, 4409898, 4409904, 4409919, 4409958, 4410020, 4410026, 4410217, 4410227, 4410325, 4410420, 4410421, 4410433, 4410598, 4410697, 4410847, 4410911, 4410935, 4410969, 4410975, 4411166, 4411205, 4411260, 4411323, 4411543, 4411767, 4411821, 4412323, 4412735, 4412792, 4413077, 4413355, 4413780, 4414177, 4414396, 4414575, 4414652, 4414658, 4414731, 4414889, 4414937, 4415304, 4415344, 4415649, 4415662, 4415739, 4415788, 4415825, 4415965, 4416032, 4416064, 4416217, 4416222, 4416237, 4416377, 4416429, 4416530, 4416562, 4417025, 4417295, 4417437, 4417464, 4417520, 4417685, 4417752, 4417761, 4417831, 4418027, 4418176, 4418226, 4418262, 4418277, 4418403, 4418405, 4418477, 4418510, 4418594, 4418899, 4419149, 4419358, 4419410, 4419417, 4419476, 4419533, 4419547, 4419697, 4419699, 4419709, 4419717, 4419762, 4419989, 4420080, 4420166, 4420348, 4420413, 4420417, 4420477, 4420768, 4421041, 4421232, 4421258, 4421392, 4421413, 4421428, 4421451, 4421497, 4421597, 4421622, 4421641, 4421659, 4421678, 4421702, 4421784, 4422111, 4422124, 4422263, 4422325, 4422394, 4422448, 4422557, 4422925, 4422980, 4423031, 4423087, 4423399, 4423543, 4423552, 4423604, 4423625, 4423670, 4423840, 4423864, 4424107, 4424121, 4424314, 4424330, 4424346, 4424386, 4424420, 4424453, 4424491, 4424547, 4424806, 4424845, 4424945, 4424970, 4424985, 4425046, 4425167, 4425191, 4425338, 4425361, 4425476, 4425775, 4425883, 4425943, 4426240, 4426285, 4426321, 4426371, 4426491, 4426700, 4426707, 4426833, 4426897, 4426923, 4427211, 4427232, 4427319, 4427367, 4427748, 4427813, 4427866, 4427945, 4427964, 4428001, 4428003, 4428077, 4428077, 4428193, 4428241, 4428410, 4428438, 4428481, 4428533, 4428538, 4428551, 4428560, 4428589, 4428645, 4428649, 4428691, 4428715, 4428954, 4428974, 4428991, 4429020, 4429126, 4429338, 4429378, 4429588, 4429845, 4429890, 4429966, 4430018, 4430266, 4430291, 4430341, 4430471, 4430708, 4430767, 4430782, 4430851, 4430855, 4430967, 4431008, 4431046, 4431175, 4431186, 4431333, 4431388, 4431390, 4431421, 4431490, 4431534, 4431556, 4431785, 4431887, 4431921, 4431944, 4432029, 4432047, 4432093, 4432188, 4432204, 4432459, 4432468, 4432523, 4432562, 4433201, 4433234, 4433439, 4433495, 4433655, 4433732, 4433905, 4433906, 4434101, 4434113, 4434364, 4434416, 4434721, 4434771, 4434848, 4434905, 4434909, 4434942, 4435049, 4435091, 4435110, 4435204, 4435245, 4435285, 4435418, 4435432, 4435480, 4435604, 4435753, 4435859, 4435895, 4435983, 4436097, 4436201, 4436271, 4436298, 4436369, 4436413, 4436508, 4436548, 4436562, 4436629, 4436648, 4436732, 4436745, 4437101, 4437304, 4437315, 4437368, 4437383, 4437449, 4437878, 4438026, 4438079, 4438263, 4438406, 4438488, 4438496, 4438724, 4438811, 4439061, 4439062, 4439217, 4439349, 4439369, 4439438, 4439829, 4439886, 4440046, 4440232, 4440257, 4440301, 4440603, 4440648, 4440741, 4440931, 4440982, 4440983, 4441001, 4441044, 4441094, 4441265, 4441278, 4441287, 4441322, 4441492, 4441542, 4441591, 4441597, 4441685, 4441934, 4441995, 4442121, 4442133, 4442268, 4442544, 4442694, 4442751, 4442930, 4442933, 4443023, 4443130, 4443448, 4443629, 4443695, 4443700, 4443877, 4444009, 4444069, 4444127, 4444172, 4444291, 4444558, 4444699, 4444871, 4444918, 4445083, 4445099, 4445159, 4445364, 4445433, 4445487, 4445528, 4445559, 4445621, 4445721, 4445761, 4446026, 4446150, 4446355, 4446405, 4446431, 4446802, 4446862, 4446972, 4447220, 4447226, 4447228, 4447489, 4447621, 4447852, 4447873, 4448225, 4448267, 4448370, 4448375, 4448762, 4448973, 4448984, 4449001, 4449275, 4449315, 4449399, 4449443, 4449523, 4449614, 4449765, 4449887, 4449962, 4449964, 4449994, 4450141, 4450244, 4450312, 4450460, 4450582, 4450661, 4450673, 4450804, 4450829, 4450888, 4450889, 4450891, 4451132, 4451236, 4451489, 4451567, 4451634, 4451712, 4452098, 4452098, 4452111, 4452244, 4452563, 4452580, 4452631, 4452666, 4452730, 4452742, 4452762, 4452799, 4452844, 4452887, 4453013, 4453160, 4453248, 4453335, 4453433, 4453610, 4453664, 4453690, 4453699, 4453886, 4453899, 4453991, 4454025, 4454105, 4454136, 4454184, 4454210, 4454231, 4454495, 4454526, 4454588, 4454658, 4454714, 4454866, 4454941, 4454998, 4455582, 4455598, 4455613, 4455649, 4455737, 4455863, 4455955, 4456013, 4456092, 4456094, 4456124, 4456136, 4456190, 4456260, 4456368, 4456376, 4456389, 4456612, 4456727, 4456820, 4456848, 4457131, 4457194, 4457216, 4457237, 4457263, 4457390, 4457661, 4457751, 4457797, 4457814, 4457956, 4457965, 4457974, 4457988, 4458019, 4458019, 4458125, 4458156, 4458498, 4458654, 4458681, 4458700, 4458750, 4458829, 4458974, 4458997, 4459106, 4459163, 4459240, 4459243, 4459253, 4459341, 4459419, 4459623, 4459647, 4459854, 4459911, 4459924, 4459925, 4460107, 4460116, 4460230, 4460539, 4460620, 4460834, 4461083, 4461162, 4461336, 4461377, 4461388, 4461463, 4461744, 4461782, 4461791, 4462045, 4462070, 4462170, 4462462, 4462786, 4463165, 4463189, 4463223, 4463842, 4464286, 4464426, 4464622, 4464665, 4464733, 4464892, 4464923, 4464972, 4465093, 4465108, 4465333, 4465411, 4465472, 4465730, 4465804, 4465873, 4466018, 4466114, 4466459, 4466468, 4466504, 4466508, 4466664, 4466828, 4466915, 4466954, 4466984, 4467142, 4467153, 4467275, 4467276, 4467390, 4467525, 4467725, 4467754, 4468019, 4468045, 4468175, 4468197, 4468357, 4468388, 4468394, 4468438, 4468438, 4468440, 4468574, 4468580, 4468754, 4468790, 4468971, 4469235, 4469298, 4469344, 4469452, 4469474, 4469505, 4469537, 4469825, 4469855, 4470098, 4470170, 4470211, 4470289, 4470349, 4470427, 4470582, 4470693, 4470872, 4470982, 4471082, 4471146, 4471244, 4471255, 4471327, 4471421, 4471441, 4471483, 4471742, 4471768, 4471785, 4471801, 4471951, 4472005, 4472065, 4472087, 4472163, 4472453, 4472857, 4472922, 4472957, 4473094, 4473210, 4473253, 4473282, 4473375, 4473466, 4473479, 4473502, 4473776, 4473794, 4473885, 4473972, 4474033, 4474079, 4474224, 4474350, 4474355, 4474496, 4474500, 4474533, 4474539, 4474693, 4474849, 4474941, 4474954, 4475142, 4475217, 4475246, 4475399, 4475633, 4475724, 4475781, 4475813, 4475821, 4475901, 4475904, 4476074, 4476086, 4476086, 4476089, 4476090, 4476105, 4476122, 4476138, 4476300, 4476336, 4476340, 4476402, 4476470, 4476587, 4476710, 4476910, 4477089, 4477090, 4477171, 4477441, 4477527, 4477646, 4477850, 4477952, 4477952, 4478016, 4478379, 4478402, 4478433, 4478434, 4478472, 4478940, 4479004, 4479022, 4479161, 4479267, 4479307, 4479365, 4479436, 4479460, 4479496, 4479518, 4479591, 4479684, 4479901, 4479992, 4480011, 4480063, 4480117, 4480332, 4480493, 4480740, 4480905, 4480924, 4480968, 4481025, 4481089, 4481098, 4481301, 4481309, 4481314, 4481334, 4481415, 4481570, 4481573, 4481729, 4481802, 4481806, 4481850, 4482026, 4482086, 4482264, 4482338, 4482455, 4482694, 4482849, 4482942, 4483008, 4483029, 4483214, 4483315, 4483360, 4483400, 4483479, 4483548, 4483608, 4483648, 4483678, 4483719, 4483804, 4483838, 4483839, 4483997, 4484230, 4484246, 4484273, 4484516, 4484602, 4484642, 4484675, 4484687, 4484866, 4485092, 4485210, 4485251, 4485385, 4485427, 4485471, 4485536, 4485612, 4485617, 4485623, 4485631, 4485657, 4485711, 4485811, 4485844, 4486086, 4486152, 4486352, 4486531, 4486589, 4486630, 4486688, 4486697, 4486824, 4487037, 4487364, 4487451, 4487543, 4487709, 4487842, 4487889, 4488009, 4488056, 4488097, 4488098, 4488173, 4488481, 4488852, 4488939, 4489045, 4489363, 4489452, 4489466, 4489635, 4489783, 4489901, 4490067, 4490072, 4490158, 4490196, 4490232, 4490346, 4490484, 4490878, 4490958, 4491136, 4491142, 4491355, 4491518, 4491528, 4491732, 4491735, 4491797, 4491844, 4491904, 4491939, 4492020, 4492044, 4492117, 4492180, 4492225, 4492228, 4492233, 4492296, 4492547, 4492613, 4492706, 4492830, 4492946, 4493030, 4493077, 4493118, 4493139, 4493160, 4493272, 4493473, 4493595, 4493599, 4493808, 4493931, 4494134, 4494195, 4494224, 4494308, 4494544, 4494589, 4494728, 4495030, 4495039, 4495101, 4495269, 4495455, 4495547, 4495621, 4496187, 4496294, 4496333, 4496483, 4496527, 4496614, 4496636, 4496643, 4496662, 4496709, 4496770, 4496794, 4496839, 4496859, 4496878, 4496882, 4496931, 4497010, 4497019, 4497033, 4497054, 4497120, 4497486, 4497557, 4497709, 4497849, 4498065, 4498137, 4498196, 4498218, 4498234, 4498465, 4498571, 4498703, 4498738, 4498808, 4498999, 4499048, 4499128, 4499155, 4499320, 4499325, 4499425, 4499461, 4499596, 4499787, 4499795, 4499847, 4499894, 4499954, 4499970, 4500001, 4500356, 4500511, 4500901, 4500903, 4501063, 4501115, 4501147, 4501279, 4501369, 4501525, 4501693, 4501707, 4501924, 4501950, 4502013, 4502038, 4502063, 4502210, 4502216, 4502224, 4502242, 4502305, 4502315, 4502470, 4502562, 4502571, 4502638, 4502751, 4502842, 4502855, 4502861, 4502996, 4503240, 4503291, 4503424, 4503657, 4503742, 4503766, 4503812, 4503827, 4503866, 4503936, 4504204, 4504825, 4504848, 4504990, 4505276, 4505281, 4505284, 4505350, 4505503, 4505586, 4505692, 4505701, 4505815, 4505876, 4506144, 4506226, 4506306, 4506323, 4506442, 4506451, 4506548, 4506884, 4506911, 4507057, 4507138, 4507221, 4507456, 4507459, 4507512, 4507560, 4507654, 4507793, 4507889, 4507944, 4508016, 4508299, 4508367, 4508509, 4508527, 4508558, 4508622, 4508648, 4508851, 4508934, 4509125, 4509145, 4509246, 4509392, 4509433, 4509546, 4509700, 4509765, 4510095, 4510200, 4510233, 4510540, 4510636, 4510774, 4510826, 4510875, 4510897, 4510943, 4511010, 4511244, 4511249, 4511413, 4511537, 4511537, 4511565, 4511679, 4512293, 4512353, 4512391, 4512609, 4512811, 4512993, 4513183, 4513488, 4513550, 4513587, 4513609, 4513694, 4513841, 4513980, 4514052, 4514102, 4514252, 4514302, 4514450, 4514459, 4514460, 4514625, 4514880, 4514982, 4515061, 4515183, 4515257, 4515372, 4515497, 4515538, 4515792, 4516069, 4516192, 4516245, 4516379, 4516411, 4516496, 4516723, 4516758, 4516996, 4517052, 4517061, 4517235, 4517296, 4517360, 4517385, 4517554, 4517568, 4517829, 4517841, 4517859, 4517930, 4517951, 4517986, 4518045, 4518054, 4518123, 4518123, 4518301, 4518454, 4518526, 4518564, 4518628, 4518666, 4518743, 4518800, 4518843, 4519083, 4519218, 4519224, 4519255, 4519631, 4520201, 4520248, 4520529, 4520608, 4520746, 4520934, 4520993, 4521015, 4521059, 4521124, 4521371, 4521690, 4521712, 4521859, 4521864, 4522192, 4522300, 4522355, 4522431, 4522688, 4522723, 4522973, 4523063, 4523111, 4523224, 4523285, 4523306, 4523476, 4523715, 4523946, 4524126, 4524163, 4524199, 4524238, 4524838, 4524855, 4524921, 4525002, 4525074, 4525075, 4525396, 4525536, 4525610, 4525819, 4525827, 4525940, 4526133, 4526154, 4526415, 4526540, 4526568, 4526577, 4526837, 4526909, 4526936, 4527019, 4527263, 4527324, 4527426, 4527518, 4527523, 4527704, 4527807, 4528071, 4528122, 4528238, 4528255, 4528322, 4528351, 4528552, 4528755, 4528892, 4529153, 4529291, 4529424, 4529796, 4529834, 4529887, 4529912, 4529992, 4530139, 4530180, 4530210, 4530264, 4530367, 4530477, 4530501, 4530514, 4530656, 4530706, 4530737, 4530854, 4530985, 4531014, 4531060, 4531071, 4531181, 4531254, 4531264, 4531388, 4531545, 4531566, 4531567, 4531571, 4531616, 4531905, 4531946, 4531951, 4531960, 4532070, 4532120, 4532252, 4532255, 4532265, 4532292, 4532331, 4532447, 4532497, 4532774, 4532798, 4532821, 4532845, 4532907, 4532999, 4533036, 4533383, 4533404, 4533414, 4533461, 4533478, 4533564, 4533826, 4533893, 4533942, 4534005, 4534246, 4534282, 4534532, 4534744, 4534813, 4535120, 4535220, 4535227, 4535236, 4535382, 4535459, 4535490, 4535544, 4535635, 4535809, 4535870, 4536079, 4536113, 4536255, 4536319, 4536388, 4536458, 4536467, 4536602, 4536617, 4536850, 4536875, 4536966, 4537009, 4537133, 4537379, 4537400, 4537503, 4537546, 4537581, 4537812, 4537840, 4538153, 4538214, 4538245, 4538426, 4538436, 4538498, 4538542, 4538599, 4538814, 4538976, 4538979, 4539117, 4539218, 4539274, 4539324, 4539454, 4539514, 4539565, 4539674, 4539953, 4539998, 4540048, 4540161, 4540225, 4540369, 4540372, 4540684, 4540724, 4540766, 4540796, 4540968, 4541078, 4541279, 4541319, 4541347, 4541388, 4541390, 4541456, 4541774, 4541791, 4541867, 4541879, 4542011, 4542011, 4542034, 4542068, 4542141, 4542394, 4542404, 4542417, 4542420, 4542467, 4542623, 4542859, 4543018, 4543049, 4543083, 4543105, 4543362, 4543524, 4543899, 4544258, 4544442, 4544483, 4544513, 4544735, 4544854, 4544904, 4545039, 4545250, 4545277, 4545320, 4545541, 4545756, 4545782, 4545789, 4545865, 4546010, 4546053, 4546072, 4546111, 4546238, 4546437, 4546541, 4546555, 4546695, 4546717, 4546749, 4546767, 4546934, 4546993, 4547041, 4547076, 4547154, 4547432, 4547535, 4547611, 4547640, 4547924, 4547964, 4548066, 4548100, 4548287, 4548351, 4548439, 4548528, 4548643, 4548731, 4548767, 4548821, 4548894, 4548908, 4548933, 4549054, 4549159, 4549189, 4549249, 4549270, 4549294, 4549370, 4549381, 4549644, 4549719, 4549934, 4550134, 4550145, 4550332, 4550424, 4550614, 4550882, 4550956, 4551219, 4551303, 4551342, 4551500, 4551528, 4551626, 4552031, 4552067, 4552087, 4552121, 4552162, 4552206, 4552378, 4552517, 4552581, 4552640, 4552775, 4552885, 4552907, 4552962, 4553038, 4553077, 4553085, 4553183, 4553229, 4553275, 4553288, 4553321, 4553417, 4553599, 4553608, 4553644, 4553696, 4553730, 4553796, 4553907, 4553972, 4554066, 4554092, 4554159, 4554193, 4554335, 4554394, 4554516, 4554553, 4554582, 4554677, 4554797, 4555028, 4555051, 4555064, 4555221, 4555306, 4555487, 4555498, 4555570, 4555813, 4555888, 4555939, 4556120, 4556199, 4556244, 4556300, 4556431, 4556610, 4556767, 4556781, 4556867, 4556885, 4556974, 4556987, 4557090, 4557196, 4557260, 4557311, 4557342, 4557432, 4557522, 4557586, 4557761, 4557808, 4557866, 4558020, 4558142, 4558509, 4558578, 4558765, 4558878, 4558970, 4559247, 4559368, 4559546, 4559714, 4559772, 4559805, 4559871, 4559876, 4560095, 4560101, 4560228, 4560267, 4560630, 4560636, 4560672, 4561044, 4561089, 4561317, 4561404, 4561454, 4561722, 4562001, 4562038, 4562290, 4562347, 4562408, 4562572, 4562787, 4562987, 4563027, 4563060, 4563295, 4563518, 4563623, 4563673, 4563673, 4564011, 4564062, 4564082, 4564251, 4564325, 4564342, 4564380, 4564587, 4564614, 4564817, 4564842, 4564854, 4565115, 4565214, 4565248, 4565315, 4565364, 4565526, 4565534, 4565589, 4565626, 4565736, 4565853, 4565862, 4565971, 4566085, 4566221, 4566353, 4566388, 4566468, 4566581, 4566759, 4566863, 4566888, 4567296, 4567341, 4567516, 4567608, 4567638, 4567715, 4567721, 4567746, 4567976, 4568030, 4568138, 4568148, 4568154, 4568176, 4568243, 4568409, 4568493, 4568529, 4568582, 4568726, 4568941, 4569016, 4569497, 4569535, 4569588, 4569593, 4569687, 4569805, 4569984, 4570013, 4570109, 4570131, 4570190, 4570200, 4570241, 4570508, 4570642, 4570778, 4570921, 4570975, 4571046, 4571078, 4571221, 4571500, 4571577, 4571583, 4571603, 4571630, 4571709, 4571712, 4571834, 4571842, 4571882, 4572052, 4572447, 4572594, 4572737, 4572876, 4573132, 4573218, 4573344, 4573451, 4573607, 4573631, 4573632, 4573649, 4573686, 4573804, 4573811, 4573864, 4573867, 4574000, 4574067, 4574095, 4574283, 4574285, 4574292, 4574515, 4574549, 4574556, 4574598, 4574730, 4574776, 4574788, 4574848, 4574890, 4574891, 4574919, 4575147, 4575188, 4575198, 4575223, 4575296, 4575361, 4575402, 4575592, 4575619, 4575655, 4575733, 4575777, 4575808, 4575885, 4575995, 4576030, 4576085, 4576223, 4576240, 4576374, 4576506, 4576522, 4576686, 4576763, 4576840, 4576891, 4577381, 4577410, 4577478, 4577679, 4577707, 4577805, 4577818, 4577823, 4578198, 4578250, 4578277, 4578688, 4578799, 4578823, 4578848, 4578978, 4579068, 4579114, 4579148, 4579301, 4579334, 4579427, 4579432, 4579471, 4579497, 4579734, 4579811, 4580044, 4580175, 4580196, 4580296, 4580385, 4580386, 4580419, 4580441, 4580486, 4580627, 4580634, 4580641, 4580912, 4580952, 4580959, 4581008, 4581064, 4581254, 4581260, 4581294, 4581459, 4581471, 4581489, 4581567, 4581628, 4581866, 4581892, 4581928, 4582119, 4582154, 4582167, 4582182, 4582233, 4582345, 4582380, 4582450, 4582535, 4582993, 4583019, 4583246, 4583405, 4583463, 4583464, 4583719, 4583781, 4583836, 4584047, 4584338, 4584490, 4584626, 4584719, 4584785, 4585156, 4585419, 4585432, 4585703, 4585712, 4585721, 4585931, 4586058, 4586154, 4586160, 4586375, 4586569, 4586572, 4586868, 4586901, 4586916, 4586944, 4587035, 4587091, 4587097, 4587401, 4587443, 4587751, 4587861, 4587956, 4588037, 4588072, 4588174, 4588198, 4588215, 4588300, 4588340, 4588368, 4588492, 4588594, 4588678, 4588711, 4588808, 4588986, 4589245, 4589252, 4589406, 4589423, 4589466, 4589586, 4589735, 4589753, 4589783, 4589901, 4589995, 4590037, 4590158, 4590174, 4590294, 4590352, 4590372, 4590456, 4590566, 4590654, 4590669, 4590781, 4590796, 4590906, 4591208, 4591226, 4591249, 4591258, 4591323, 4591346, 4591348, 4591358, 4591466, 4591918, 4591966, 4592041, 4592057, 4592061, 4592218, 4592511, 4592582, 4592594, 4592768, 4593134, 4593300, 4593420, 4593490, 4593621, 4593721, 4593727, 4593826, 4593833, 4593943, 4594197, 4594246, 4594315, 4594315, 4594534, 4594723, 4594773, 4595050, 4595420, 4595479, 4595527, 4595534, 4595779, 4595825, 4595875, 4595964, 4596002, 4596065, 4596118, 4596389, 4596425, 4596474, 4596668, 4596818, 4596888, 4597068, 4597478, 4597488, 4597793, 4597806, 4597847, 4597957, 4598038, 4598143, 4598408, 4598476, 4598581, 4598909, 4598921, 4598921, 4599066, 4599098, 4599259, 4599316, 4599352, 4599378, 4599568, 4599687, 4599698, 4599718, 4599843, 4599868, 4600128, 4600175, 4600330, 4600364, 4600374, 4600495, 4600566, 4600815, 4600861, 4600960, 4601005, 4601153, 4601308, 4601562, 4601630, 4601694, 4601813, 4601830, 4601841, 4601862, 4602066, 4602734, 4602932, 4602961, 4603135, 4603206, 4603345, 4603412, 4603519, 4603854, 4603876, 4603958, 4603989, 4603989, 4604134, 4604141, 4604183, 4604196, 4604272, 4604407, 4604552, 4604581, 4604852, 4604874, 4605188, 4605197, 4605295, 4605313, 4605438, 4605607, 4605745, 4605821, 4606001, 4606084, 4606237, 4606281, 4606319, 4606487, 4606531, 4606653, 4606766, 4606849, 4606871, 4607035, 4607039, 4607072, 4607131, 4607161, 4607186, 4607478, 4607507, 4607657, 4607746, 4608141, 4608142, 4608158, 4608384, 4608462, 4608614, 4608687, 4608731, 4608769, 4608902, 4608927, 4609053, 4609204, 4609216, 4609218, 4609490, 4609507, 4609760, 4609791, 4609966, 4610019, 4610257, 4610318, 4610359, 4610361, 4610464, 4610625, 4611185, 4611354, 4611355, 4611473, 4611640, 4611709, 4611711, 4611929, 4612039, 4612149, 4612249, 4612365, 4612410, 4612421, 4612954, 4613057, 4613108, 4613169, 4613309, 4613384, 4613393, 4613431, 4613484, 4613595, 4613596, 4613684, 4613867, 4613872, 4614027, 4614161, 4614164, 4614192, 4614234, 4614541, 4614720, 4614841, 4614936, 4615036, 4615076, 4615190, 4615193, 4615250, 4615694, 4615726, 4615808, 4615892, 4615936, 4615938, 4616033, 4616058, 4616203, 4616507, 4616539, 4616551, 4616581, 4616725, 4616919, 4616995, 4617080, 4617328, 4617356, 4617441, 4617480, 4617946, 4618001, 4618141, 4618264, 4618351, 4618525, 4618556, 4618616, 4618815, 4618887, 4619127, 4619264, 4619286, 4619402, 4619507, 4619663, 4619895, 4620148, 4620276, 4620358, 4620476, 4620553, 4620599, 4620893, 4621016, 4621043, 4621386, 4621410, 4621424, 4621526, 4621623, 4621687, 4621954, 4622007, 4622074, 4622125, 4622150, 4622165, 4622219, 4622619, 4622673, 4622883, 4622959, 4623078, 4623132, 4623311, 4623647, 4624030, 4624186, 4624238, 4624367, 4624369, 4624432, 4624448, 4624653, 4624694, 4624744, 4624808, 4624831, 4624864, 4624879, 4625304, 4625399, 4625448, 4625548, 4625614, 4626004, 4626057, 4626255, 4626274, 4626280, 4626317, 4626335, 4626338, 4626483, 4626502, 4626594, 4626667, 4627080, 4627162, 4627166, 4627371, 4627603, 4627669, 4627738, 4627779, 4628044, 4628066, 4628099, 4628310, 4628662, 4628829, 4628907, 4629011, 4629020, 4629028, 4629229, 4629442, 4629516, 4629749, 4629775, 4629958, 4629996, 4630043, 4630092, 4630468, 4630485, 4630582, 4630642, 4630723, 4630735, 4630779, 4630928, 4631034, 4631080, 4631144, 4631189, 4631244, 4631308, 4631804, 4631948, 4632006, 4632022, 4632057, 4632266, 4632320, 4632559, 4632601, 4632642, 4632872, 4633059, 4633215, 4633391, 4633414, 4634006, 4634054, 4634213, 4634372, 4634382, 4634396, 4634412, 4634479, 4634488, 4634514, 4634873, 4634909, 4635016, 4635016, 4635126, 4635300, 4635452, 4635533, 4635547, 4635650, 4635672, 4635692, 4635885, 4636072, 4636317, 4636869, 4636918, 4637023, 4637055, 4637214, 4637302, 4637367, 4637423, 4637425, 4637480, 4637691, 4637945, 4638155, 4638160, 4638546, 4638573, 4638640, 4638709, 4638871, 4638892, 4638892, 4639040, 4639103, 4639125, 4639153, 4639482, 4639488, 4639534, 4639618, 4639620, 4639661, 4639803, 4639983, 4640061, 4640137, 4640336, 4640371, 4640482, 4640673, 4640692, 4640715, 4640920, 4640941, 4640948, 4641210, 4641261, 4641356, 4641372, 4641474, 4641563, 4641565, 4641629, 4641677, 4641784, 4641823, 4641845, 4641908, 4641914, 4642106, 4642153, 4642188, 4642237, 4642337, 4642458, 4642534, 4642660, 4642850, 4642925, 4642978, 4643150, 4643150, 4643336, 4643347, 4643436, 4643444, 4643500, 4643538, 4643691, 4643763, 4643849, 4644215, 4644630, 4644679, 4644746, 4644800, 4644856, 4644921, 4644925, 4645014, 4645085, 4645098, 4645130, 4645145, 4645157, 4645228, 4645316, 4645374, 4645403, 4645531, 4645549, 4645661, 4645860, 4646006, 4646023, 4646036, 4646352, 4646488, 4646552, 4646658, 4646714, 4646805, 4646813, 4646913, 4646937, 4647012, 4647228, 4647235, 4647285, 4647334, 4647407, 4647440, 4647493, 4647618, 4647728, 4647746, 4647829, 4647928, 4647931, 4648262, 4648360, 4648363, 4648394, 4648428, 4648525, 4648729, 4649057, 4649114, 4649302, 4649519, 4649519, 4649570, 4649685, 4649905, 4649956, 4649957, 4649995, 4650007, 4650008, 4650061, 4650170, 4650272, 4650296, 4650538, 4650910, 4651020, 4651129, 4651277, 4651300, 4651425, 4651497, 4651644, 4651651, 4651682, 4651697, 4651764, 4651772, 4651816, 4652067, 4652115, 4652194, 4652215, 4652222, 4652295, 4652382, 4652405, 4652436, 4652543, 4652601, 4652701, 4652756, 4652801, 4653235, 4653400, 4653585, 4653594, 4653595, 4653641, 4653741, 4653801, 4653815, 4653831, 4654016, 4654074, 4654109, 4654129, 4654190, 4654236, 4654358, 4654391, 4654437, 4654960, 4655009, 4655133, 4655145, 4655179, 4655238, 4655425, 4655426, 4655463, 4655615, 4655684, 4655834, 4655958, 4656088, 4656234, 4656288, 4656342, 4656508, 4656608, 4656877, 4656917, 4656978, 4657154, 4657430, 4657446, 4657618, 4657743, 4658014, 4658141, 4658179, 4658199, 4658394, 4658410, 4658750, 4658788, 4658918, 4658952, 4659174, 4659243, 4659394, 4659645, 4659697, 4659903, 4659908, 4659935, 4659938, 4659969, 4660106, 4660156, 4660157, 4660196, 4660237, 4660269, 4660484, 4660491, 4660552, 4660584, 4660614, 4660867, 4660964, 4661003, 4661139, 4661246, 4661381, 4661444, 4661563, 4661576, 4661702, 4661713, 4661750, 4661759, 4661779, 4661815, 4662072, 4662085, 4662206, 4662356, 4662482, 4662576, 4662776, 4662866, 4663218, 4663260, 4663312, 4663445, 4663467, 4663649, 4663732, 4663733, 4663855, 4664028, 4664082, 4664118, 4664174, 4664194, 4664214, 4664299, 4664347, 4664444, 4664589, 4664665, 4664833, 4664915, 4664932, 4665010, 4665043, 4665368, 4665643, 4665685, 4665704, 4665780, 4666181, 4666352, 4666418, 4666781, 4666813, 4666931, 4667394, 4667450, 4667472, 4667579, 4667629, 4668096, 4668449, 4668557, 4668656, 4668725, 4668731, 4668896, 4669041, 4669090, 4669090, 4669254, 4669327, 4669400, 4669460, 4669514, 4669578, 4669677, 4669842, 4669895, 4669948, 4670036, 4670214, 4670215, 4670220, 4670248, 4670435, 4670490, 4670794, 4670826, 4670850, 4671200, 4671324, 4671393, 4671571, 4672234, 4672292, 4672715, 4672784, 4672900, 4672922, 4673085, 4673113, 4673115, 4673216, 4673270, 4673413, 4673500, 4673595, 4673606, 4673722, 4673760, 4673793, 4673846, 4673936, 4673944, 4674038, 4674057, 4674143, 4674144, 4674225, 4674291, 4674308, 4674370, 4674527, 4674752, 4674760, 4674777, 4674859, 4674923, 4674926, 4675021, 4675285, 4675371, 4675515, 4675572, 4675846, 4675904, 4675940, 4675959, 4675969, 4676073, 4676091, 4676159, 4676240, 4676303, 4676311, 4676354, 4676405, 4676421, 4676461, 4676494, 4676869, 4677030, 4677103, 4677259, 4677368, 4677726, 4677756, 4678016, 4678048, 4678068, 4678110, 4678284, 4678444, 4678552, 4678666, 4678675, 4678917, 4678997, 4679195, 4679201, 4679251, 4679301, 4679314, 4679396, 4679538, 4679606, 4679754, 4679820, 4679854, 4680084, 4680376, 4680415, 4680526, 4680653, 4680679, 4680895, 4680913, 4680956, 4681143, 4681184, 4681256, 4681347, 4681405, 4681454, 4681539, 4681544, 4681594, 4681708, 4681780, 4681818, 4682128, 4682145, 4682268, 4682321, 4682370, 4682462, 4682604, 4682667, 4682865, 4682882, 4683073, 4683147, 4683218, 4683459, 4683549, 4683586, 4683662, 4683798, 4683865, 4684071, 4684150, 4684349, 4684489, 4684643, 4684730, 4684787, 4684787, 4684994, 4685631, 4685910, 4685942, 4685956, 4686248, 4686532, 4686536, 4686734, 4686931, 4687187, 4687195, 4687280, 4687376, 4687435, 4687782, 4687783, 4687803, 4687905, 4687923, 4688184, 4688276, 4688337, 4688412, 4688413, 4688465, 4688581, 4688692, 4688939, 4688943, 4689060, 4689115, 4689191, 4689583, 4689640, 4689756, 4690217, 4690410, 4690461, 4690497, 4690502, 4690699, 4690794, 4690990, 4691034, 4691084, 4691183, 4691223, 4691243, 4691506, 4691703, 4691972, 4692014, 4692310, 4692318, 4692446, 4692610, 4692654, 4692661, 4692675, 4692728, 4692791, 4692913, 4693054, 4693107, 4693241, 4693252, 4693363, 4693385, 4693533, 4693664, 4693964, 4694008, 4694014, 4694215, 4694298, 4694518, 4694623, 4694701, 4694725, 4694805, 4694810, 4694872, 4694986, 4694987, 4695089, 4695139, 4695266, 4695328, 4695356, 4695357, 4695467, 4695562, 4695686, 4695695, 4695948, 4695965, 4696138, 4696175, 4696519, 4696548, 4696584, 4696982, 4697011, 4697066, 4697161, 4697181, 4697258, 4697292, 4697404, 4697722, 4697785, 4698077, 4698123, 4698239, 4698239, 4698299, 4698421, 4698485, 4698519, 4698618, 4698669, 4698816, 4699009, 4699029, 4699250, 4699385, 4699619, 4699632, 4700033, 4700046, 4700147, 4700242, 4700301, 4700363, 4700402, 4700471, 4700478, 4700637, 4700760, 4700771, 4701105, 4701200, 4701275, 4701436, 4701480, 4701562, 4701882, 4701916, 4702444, 4702493, 4702604, 4702828, 4702869, 4703186, 4703214, 4703277, 4703289, 4703636, 4703653, 4703742, 4703832, 4703890, 4704045, 4704072, 4704087, 4704258, 4704867, 4704982, 4705066, 4705092, 4705163, 4705231, 4705263, 4705301, 4705887, 4705960, 4706055, 4706224, 4706385, 4706397, 4706425, 4706557, 4706570, 4706725, 4706780, 4706782, 4706837, 4706846, 4706985, 4707008, 4707033, 4707179, 4707223, 4707267, 4707284, 4707422, 4707528, 4707545, 4707567, 4707580, 4707778, 4707927, 4707953, 4707968, 4708024, 4708071, 4708081, 4708100, 4708243, 4708248, 4708319, 4708347, 4708466, 4708479, 4708609, 4708698, 4708742, 4708796, 4708954, 4709115, 4709186, 4709254, 4709371, 4709520, 4709521, 4709822, 4709949, 4710043, 4710210, 4710271, 4710356, 4710437, 4710471, 4710568, 4710591, 4710595, 4710693, 4710989, 4711006, 4711044, 4711100, 4711331, 4711613, 4711615, 4711932, 4712063, 4712281, 4712364, 4712614, 4712630, 4712804, 4712814, 4712830, 4712966, 4713262, 4713374, 4713374, 4713562, 4713602, 4713695, 4713846, 4713914, 4714156, 4714165, 4714264, 4714686, 4714773, 4714791, 4714875, 4714910, 4715241, 4715252, 4715316, 4715462, 4715466, 4715519, 4715542, 4715712, 4715737, 4715869, 4715874, 4715909, 4715974, 4715975, 4716020, 4716022, 4716045, 4716246, 4716285, 4716464, 4716480, 4716534, 4716574, 4716594, 4716644, 4716659, 4716788, 4716808, 4717236, 4717300, 4717302, 4717319, 4717423, 4717495, 4717556, 4717694, 4717723, 4717784, 4717875, 4718090, 4718305, 4718438, 4718709, 4718782, 4718948, 4719011, 4719082, 4719102, 4719135, 4719177, 4719413, 4719521, 4719579, 4719615, 4719812, 4720056, 4720072, 4720200, 4720324, 4720407, 4720504, 4720734, 4720850, 4721046, 4721339, 4721347, 4721440, 4721520, 4721635, 4721666, 4721822, 4721984, 4722093, 4722142, 4722226, 4722236, 4722377, 4722434, 4722591, 4722672, 4722758, 4722793, 4722821, 4722844, 4722872, 4722949, 4723142, 4723224, 4723238, 4723378, 4723379, 4723405, 4723512, 4723615, 4723675, 4723714, 4723829, 4723901, 4723937, 4723976, 4724050, 4724382, 4724736, 4724759, 4725001, 4725002, 4725101, 4725136, 4725152, 4725214, 4725440, 4725464, 4725636, 4725855, 4725864, 4726058, 4726073, 4726172, 4726249, 4726253, 4726307, 4726515, 4726518, 4726792, 4726904, 4727691, 4727735, 4727765, 4727820, 4727953, 4728234, 4728235, 4728355, 4728707, 4728720, 4729336, 4729414, 4729542, 4729783, 4729810, 4729849, 4729869, 4729909, 4729947, 4730089, 4730195, 4730475, 4730589, 4730780, 4730793, 4730811, 4730839, 4730892, 4731050, 4731081, 4731287, 4731548, 4731595, 4731598, 4731609, 4731640, 4731726, 4731805, 4731898, 4732008, 4732286, 4732309, 4732344, 4732448, 4732469, 4732472, 4732594, 4732757, 4733035, 4733082, 4733138, 4733191, 4733212, 4733272, 4733303, 4733508, 4733536, 4733570, 4733612, 4733632, 4733646, 4733903, 4733978, 4734013, 4734207, 4734317, 4734342, 4734400, 4734412, 4734558, 4734585, 4734670, 4734782, 4734812, 4734817, 4734892, 4734913, 4735217, 4735266, 4735283, 4735356, 4735744, 4735842, 4735978, 4735999, 4736060, 4736088, 4736137, 4736145, 4736332, 4736476, 4736800, 4736841, 4736950, 4737223, 4737230, 4737263, 4737452, 4737576, 4737608, 4737666, 4737729, 4737740, 4737878, 4737972, 4738092, 4738127, 4738217, 4738351, 4738456, 4738513, 4738626, 4738661, 4738744, 4738948, 4739009, 4739020, 4739099, 4739117, 4739121, 4739126, 4739232, 4739934, 4740384, 4740441, 4740587, 4740641, 4740651, 4740757, 4740915, 4741044, 4741051, 4741108, 4741388, 4741398, 4741573, 4741575, 4741599, 4741744, 4741870, 4741963, 4741973, 4742054, 4742124, 4742186, 4742199, 4742290, 4742537, 4742598, 4742615, 4742664, 4742932, 4742991, 4743041, 4743238, 4743240, 4743390, 4743553, 4743634, 4743750, 4743928, 4744071, 4744076, 4744160, 4744215, 4744247, 4744572, 4744668, 4744783, 4744826, 4744851, 4744923, 4745026, 4745125, 4745209, 4745246, 4745294, 4745297, 4745334, 4745363, 4745369, 4745503, 4745554, 4745602, 4745724, 4745858, 4746022, 4746088, 4746208, 4746243, 4746254, 4746359, 4746538, 4746576, 4746743, 4746757, 4747093, 4747107, 4747242, 4747365, 4747642, 4748002, 4748076, 4748088, 4748136, 4748288, 4748303, 4748337, 4748338, 4748376, 4748428, 4748596, 4748958, 4749195, 4749204, 4749228, 4749276, 4749291, 4749466, 4749645, 4749646, 4749701, 4749863, 4749892, 4749943, 4749983, 4750000, 4750086, 4750184, 4750201, 4750249, 4750379, 4750415, 4750424, 4750495, 4750599, 4750771, 4750788, 4750982, 4751172, 4751246, 4751310, 4751378, 4751597, 4751657, 4751837, 4751909, 4751937, 4752036, 4752268, 4752300, 4752434, 4752507, 4752572, 4752594, 4752911, 4752957, 4753028, 4753149, 4753337, 4753342, 4753390, 4753391, 4753660, 4753945, 4754024, 4754061, 4754413, 4754486, 4754566, 4754582, 4754685, 4754765, 4754812, 4754834, 4754862, 4754998, 4755095, 4755161, 4755231, 4755319, 4755372, 4755783, 4755976, 4756029, 4756177, 4756359, 4756492, 4756557, 4756567, 4756668, 4756725, 4756778, 4756995, 4757275, 4757320, 4757336, 4757342, 4757517, 4757561, 4757647, 4757806, 4757912, 4757972, 4758023, 4758117, 4758282, 4758401, 4758430, 4758579, 4758621, 4758676, 4758774, 4758795, 4758865, 4758959, 4758982, 4759200, 4759235, 4759385, 4759411, 4759437, 4759445, 4759451, 4759598, 4759867, 4759994, 4760027, 4760136, 4760230, 4760260, 4760338, 4760345, 4760618, 4760696, 4760833, 4761083, 4761147, 4761149, 4761158, 4761221, 4761226, 4761387, 4761390, 4761401, 4761568, 4761595, 4761730, 4761896, 4761907, 4761980, 4762055, 4762080, 4762284, 4762436, 4762543, 4762650, 4762659, 4762728, 4762773, 4762776, 4763092, 4763137, 4763279, 4763294, 4763362, 4763848, 4763852, 4763967, 4764047, 4764362, 4764366, 4764427, 4764565, 4764594, 4764642, 4764812, 4764849, 4764957, 4765022, 4765236, 4765336, 4765384, 4765528, 4765926, 4765929, 4766000, 4766124, 4766144, 4766181, 4766289, 4766297, 4766311, 4766416, 4766449, 4766480, 4766541, 4766704, 4767119, 4767808, 4767879, 4767896, 4767944, 4767951, 4767990, 4768082, 4768095, 4768125, 4768258, 4768541, 4768677, 4768689, 4768694, 4768789, 4768915, 4769061, 4769115, 4769162, 4769249, 4769303, 4769420, 4769545, 4769612, 4769830, 4769993, 4770364, 4770481, 4770521, 4770562, 4770578, 4770593, 4770610, 4770647, 4770753, 4770777, 4771029, 4771144, 4771384, 4771517, 4771630, 4771727, 4771750, 4771813, 4772125, 4772182, 4772261, 4772306, 4772782, 4772784, 4772872, 4772926, 4772995, 4773034, 4773133, 4773160, 4773221, 4773415, 4773538, 4773670, 4773687, 4773692, 4773828, 4773889, 4773937, 4774081, 4774277, 4774348, 4774518, 4774616, 4774732, 4774841, 4775114, 4775159, 4775327, 4775434, 4775479, 4775622, 4775864, 4775896, 4775991, 4775999, 4776084, 4776271, 4776316, 4776327, 4776421, 4776440, 4776453, 4776476, 4776527, 4776608, 4776721, 4776740, 4776776, 4776893, 4776982, 4777124, 4777208, 4777210, 4777318, 4777335, 4777342, 4777580, 4777590, 4777648, 4777744, 4777787, 4777793, 4777812, 4777812, 4777865, 4778005, 4778081, 4778179, 4778296, 4778302, 4778533, 4778669, 4778791, 4778806, 4778905, 4779020, 4779197, 4779390, 4779588, 4779675, 4779761, 4779774, 4779818, 4779858, 4779913, 4779925, 4779936, 4779946, 4780039, 4780103, 4780727, 4780835, 4780873, 4780883, 4781472, 4781633, 4781657, 4781810, 4781848, 4781887, 4781923, 4781993, 4782103, 4782287, 4782292, 4782317, 4782360, 4782807, 4782875, 4783120, 4783200, 4783373, 4783431, 4783501, 4783531, 4783798, 4783871, 4783947, 4784047, 4784534, 4784563, 4784582, 4784669, 4784933, 4785052, 4785416, 4785456, 4785682, 4785715, 4785779, 4785911, 4786096, 4786238, 4786345, 4786535, 4786648, 4786654, 4786670, 4786691, 4786697, 4786743, 4786777, 4786790, 4786802, 4786871, 4786993, 4787063, 4787090, 4787296, 4787382, 4787472, 4787684, 4787887, 4787916, 4787955, 4788052, 4788080, 4788219, 4788226, 4788332, 4788399, 4788478, 4788577, 4788623, 4788772, 4788779, 4788958, 4788970, 4788987, 4788987, 4789210, 4789278, 4789355, 4789482, 4789566, 4789567, 4789678, 4789949, 4790200, 4790203, 4790264, 4790293, 4790341, 4790375, 4790388, 4790450, 4790557, 4790685, 4790686, 4790716, 4790781, 4790824, 4790858, 4791064, 4791075, 4791077, 4791171, 4791172, 4791199, 4791525, 4791758, 4791796, 4791944, 4791970, 4792081, 4792114, 4792122, 4792161, 4792183, 4792257, 4792360, 4792578, 4792810, 4792816, 4792859, 4792948, 4793126, 4793299, 4793321, 4793356, 4793376, 4793380, 4793610, 4794132, 4794141, 4794146, 4794158, 4794223, 4794255, 4794337, 4794660, 4794754, 4794769, 4794803, 4794811, 4794862, 4794879, 4794937, 4795034, 4795088, 4795089, 4795093, 4795115, 4795404, 4795454, 4795530, 4795566, 4795647, 4795969, 4795990, 4796184, 4796265, 4796333, 4796455, 4796707, 4796924, 4796943, 4797004, 4797025, 4797050, 4797149, 4797155, 4797325, 4797353, 4797379, 4797464, 4797508, 4797532, 4797799, 4797872, 4797938, 4798110, 4798126, 4798141, 4798400, 4798419, 4798656, 4798727, 4798816, 4799100, 4799231, 4799313, 4799344, 4799365, 4799393, 4799397, 4799415, 4799632, 4799671, 4799707, 4799752, 4799825, 4799888, 4800133, 4800284, 4800292, 4800417, 4800477, 4800584, 4800801, 4800831, 4800972, 4800973, 4801016, 4801059, 4801135, 4801212, 4801504, 4801759, 4801969, 4801994, 4802023, 4802097, 4802177, 4802194, 4802200, 4802313, 4802391, 4802467, 4802532, 4802587, 4802669, 4802704, 4802785, 4802871, 4802952, 4802981, 4802998, 4803126, 4803220, 4803239, 4803279, 4803389, 4803606, 4804088, 4804309, 4804586, 4804664, 4804776, 4804822, 4804825, 4804925, 4804949, 4805090, 4805235, 4805236, 4805409, 4805454, 4805542, 4805684, 4805762, 4805806, 4805823, 4805928, 4805983, 4806019, 4806201, 4806255, 4806382, 4806463, 4806578, 4806671, 4806719, 4806835, 4806884, 4806994, 4807016, 4807097, 4807103, 4807287, 4807293, 4807308, 4807512, 4807515, 4807545, 4807726, 4807731, 4807808, 4807832, 4807964, 4808054, 4808168, 4808258, 4808315, 4808320, 4808334, 4808340, 4808391, 4808467, 4808644, 4808744, 4808953, 4809369, 4809371, 4809392, 4809425, 4809578, 4809656, 4809827, 4809837, 4809909, 4809973, 4810026, 4810055, 4810124, 4810229, 4810388, 4810407, 4810448, 4810596, 4810602, 4810674, 4810752, 4811038, 4811095, 4811129, 4811182, 4811390, 4811520, 4811545, 4811742, 4811781, 4811829, 4811948, 4812162, 4812192, 4812219, 4812221, 4812471, 4812670, 4812724, 4812804, 4812978, 4812982, 4812986, 4813090, 4813100, 4813263, 4813352, 4813396, 4813484, 4813625, 4813638, 4813698, 4813703, 4813714, 4813844, 4813915, 4814165, 4814211, 4814251, 4814274, 4814292, 4814524, 4814544, 4814559, 4814611, 4814688, 4814871, 4815004, 4815108, 4815211, 4815223, 4815409, 4815960, 4816029, 4816059, 4816084, 4816085, 4816124, 4816151, 4816228, 4816233, 4816349, 4816356, 4816446, 4816450, 4816589, 4816830, 4816867, 4816970, 4816983, 4817119, 4817209, 4817219, 4817330, 4817435, 4817488, 4817506, 4817594, 4817609, 4817613, 4817646, 4817689, 4817717, 4817815, 4817924, 4818083, 4818093, 4818582, 4818640, 4818685, 4818696, 4818972, 4818986, 4819100, 4819176, 4819387, 4819576, 4819733, 4819757, 4819998, 4820042, 4820051, 4820064, 4820322, 4820379, 4820383, 4820835, 4820858, 4820962, 4821081, 4821252, 4821319, 4821410, 4821551, 4821608, 4821631, 4821701, 4821837, 4821922, 4821948, 4821967, 4822313, 4822340, 4822342, 4822485, 4822499, 4822534, 4822645, 4822748, 4822925, 4823058, 4823086, 4823140, 4823325, 4823379, 4823415, 4823434, 4823479, 4823653, 4823676, 4823708, 4823712, 4823786, 4823973, 4824162, 4824507, 4824523, 4824561, 4824585, 4824728, 4824782, 4825338, 4825484, 4825655, 4825848, 4826005, 4826227, 4826361, 4826575, 4826718, 4826758, 4826795, 4826820, 4827041, 4827258, 4827430, 4827463, 4827533, 4827558, 4827764, 4827788, 4827804, 4827952, 4828037, 4828206, 4828216, 4828262, 4828277, 4828369, 4828451, 4828576, 4828708, 4828793, 4828813, 4828846, 4828891, 4828979, 4829022, 4829038, 4829113, 4829250, 4829344, 4829353, 4829445, 4829457, 4829486, 4829515, 4829521, 4829523, 4829678, 4829751, 4829783, 4829807, 4829864, 4829925, 4829971, 4829996, 4830365, 4830679, 4830732, 4830964, 4831021, 4831135, 4831231, 4831254, 4831361, 4831519, 4831559, 4831576, 4831686, 4831694, 4831725, 4831952, 4831993, 4832038, 4832038, 4832134, 4832234, 4832267, 4832295, 4832427, 4832445, 4832494, 4832639, 4832721, 4832751, 4832779, 4832949, 4833008, 4833008, 4833050, 4833058, 4833064, 4833148, 4833230, 4833301, 4833481, 4833562, 4833828, 4833900, 4833926, 4834014, 4834085, 4834089, 4834121, 4834221, 4834251, 4834260, 4834262, 4834309, 4834370, 4834531, 4834557, 4834630, 4834776, 4834929, 4835172, 4835239, 4835363, 4835578, 4835881, 4835945, 4835954, 4836038, 4836078, 4836090, 4836145, 4836191, 4836206, 4836281, 4836298, 4836327, 4836505, 4836616, 4836838, 4836965, 4836993, 4837142, 4837285, 4837297, 4837477, 4837581, 4837625, 4837646, 4837667, 4837750, 4837964, 4837981, 4838034, 4838108, 4838168, 4838264, 4838268, 4838348, 4838381, 4838649, 4838859, 4838902, 4838923, 4839026, 4839060, 4839074, 4839211, 4839254, 4839428, 4839430, 4839457, 4839494, 4839579, 4839596, 4839666, 4839734, 4839822, 4840191, 4840251, 4840279, 4840389, 4840497, 4840563, 4840710, 4840891, 4840919, 4840990, 4841031, 4841133, 4841242, 4841342, 4841394, 4841427, 4841470, 4841536, 4841607, 4841875, 4841979, 4842054, 4842133, 4842542, 4842869, 4842898, 4842906, 4843019, 4843084, 4843159, 4843281, 4843533, 4843542, 4843627, 4843690, 4843864, 4843921, 4843996, 4844112, 4844232, 4844364, 4844474, 4844604, 4844740, 4844799, 4844829, 4844920, 4844971, 4845006, 4845040, 4845140, 4845358, 4845414, 4845586, 4845732, 4845823, 4845827, 4845880, 4846049, 4846363, 4846417, 4846482, 4846678, 4846708, 4846759, 4846813, 4846895, 4846913, 4847102, 4847138, 4847153, 4847157, 4847271, 4847295, 4847375, 4847386, 4847459, 4847490, 4847818, 4847960, 4848038, 4848118, 4848129, 4848191, 4848332, 4848522, 4848588, 4848785, 4848828, 4848845, 4849027, 4849050, 4849145, 4849218, 4849241, 4849597, 4849609, 4849648, 4849736, 4849966, 4850060, 4850162, 4850333, 4850336, 4850503, 4850518, 4850679, 4850696, 4850740, 4850864, 4850919, 4850941, 4851051, 4851067, 4851288, 4851489, 4851824, 4851846, 4851886, 4851887, 4851917, 4851991, 4852157, 4852176, 4852201, 4852290, 4852375, 4852440, 4852554, 4852611, 4852720, 4852801, 4852882, 4853075, 4853086, 4853140, 4853152, 4853202, 4853547, 4853589, 4853640, 4853640, 4853651, 4853735, 4854104, 4854154, 4854451, 4854589, 4854767, 4854793, 4854946, 4855084, 4855156, 4855240, 4855412, 4855498, 4855718, 4855724, 4855796, 4855806, 4855836, 4856201, 4856505, 4856639, 4856649, 4856700, 4856714, 4856811, 4856870, 4856885, 4856946, 4857103, 4857294, 4857441, 4857607, 4857729, 4858134, 4858216, 4858292, 4858308, 4858423, 4858438, 4858474, 4858495, 4858634, 4858650, 4858706, 4858790, 4858801, 4858935, 4858966, 4859091, 4859365, 4859402, 4859476, 4859481, 4859763, 4859799, 4859808, 4859841, 4859948, 4860009, 4860105, 4860391, 4860482, 4860574, 4860577, 4860591, 4860742, 4860744, 4860813, 4860999, 4861025, 4861490, 4861547, 4861593, 4861596, 4861691, 4861862, 4862118, 4862336, 4862512, 4862541, 4862739, 4862969, 4862975, 4862976, 4862988, 4863045, 4863102, 4863206, 4863466, 4863560, 4863601, 4863646, 4863669, 4863953, 4864133, 4864174, 4864268, 4864595, 4864791, 4865037, 4865098, 4865248, 4865381, 4865486, 4865515, 4865736, 4865845, 4865931, 4866050, 4866082, 4866082, 4866182, 4866344, 4866383, 4866451, 4866518, 4866844, 4866856, 4866884, 4866913, 4867129, 4867358, 4867573, 4867573, 4867705, 4867706, 4867857, 4867883, 4867893, 4867907, 4867934, 4867976, 4868407, 4868437, 4868455, 4868779, 4868828, 4868947, 4869003, 4869030, 4869154, 4869215, 4869644, 4869684, 4869718, 4869823, 4869938, 4870108, 4870126, 4870325, 4870394, 4870533, 4870565, 4870742, 4870743, 4870977, 4871273, 4871326, 4871437, 4871439, 4871524, 4871736, 4871756, 4872063, 4872430, 4872667, 4872685, 4872736, 4872846, 4872926, 4873035, 4873116, 4873164, 4873190, 4873268, 4873289, 4873387, 4873409, 4873481, 4873483, 4873679, 4873682, 4873726, 4873770, 4873884, 4874069, 4874126, 4874127, 4874174, 4874264, 4874272, 4874339, 4874630, 4874677, 4874688, 4874689, 4874910, 4874967, 4874985, 4875179, 4875251, 4875528, 4875599, 4875915, 4875980, 4876061, 4876063, 4876114, 4876115, 4876219, 4876282, 4876321, 4876326, 4876641, 4876695, 4876830, 4876860, 4877154, 4877188, 4877286, 4877286, 4877399, 4877453, 4877566, 4877602, 4877635, 4877793, 4878048, 4878058, 4878065, 4878115, 4878185, 4878295, 4878341, 4878738, 4878840, 4878872, 4878874, 4879031, 4879144, 4879177, 4879229, 4879237, 4879497, 4879497, 4879634, 4879699, 4879723, 4880043, 4880188, 4880223, 4880319, 4880682, 4880684, 4880715, 4880721, 4880826, 4880922, 4881068, 4881422, 4881524, 4881566, 4881702, 4881797, 4881838, 4881867, 4881962, 4882139, 4882237, 4882459, 4882460, 4882470, 4882488, 4882572, 4882573, 4882617, 4882819, 4882841, 4883128, 4883139, 4883222, 4883324, 4883642, 4883772, 4883774, 4883848, 4883930, 4884061, 4884098, 4884175, 4884392, 4884475, 4884569, 4885062, 4885196, 4885217, 4885415, 4885664, 4885672, 4885676, 4885701, 4885774, 4885824, 4885901, 4885987, 4886041, 4886139, 4886179, 4886233, 4886254, 4886399, 4886613, 4886620, 4886686, 4886997, 4887037, 4887409, 4887627, 4887647, 4887653, 4888010, 4888088, 4888157, 4888205, 4888270, 4888390, 4888481, 4888488, 4888579, 4888586, 4888736, 4888766, 4888951, 4888980, 4889006, 4889109, 4889174, 4889325, 4889460, 4889623, 4889884, 4889986, 4889994, 4890055, 4890067, 4890153, 4890162, 4890281, 4890375, 4890406, 4890470, 4890568, 4890593, 4890661, 4890753, 4890815, 4890904, 4891318, 4891402, 4891476, 4891504, 4891573, 4891629, 4891695, 4891756, 4891821, 4891930, 4891957, 4892095, 4892132, 4892221, 4892398, 4892528, 4892609, 4892617, 4892817, 4892951, 4893148, 4893148, 4893268, 4893422, 4893428, 4893477, 4893479, 4893538, 4893550, 4893701, 4893769, 4893776, 4893846, 4894010, 4894200, 4894350, 4894421, 4894441, 4894441, 4894921, 4894944, 4895017, 4895097, 4895148, 4895185, 4895209, 4895338, 4895395, 4895751, 4895898, 4895928, 4895952, 4895963, 4896002, 4896115, 4896148, 4896151, 4896167, 4896546, 4896575, 4896676, 4896704, 4896725, 4896877, 4896879, 4896994, 4897020, 4897076, 4897242, 4897431, 4897835, 4898025, 4898379, 4898468, 4898512, 4898652, 4899056, 4899199, 4899232, 4899235, 4899271, 4899361, 4899437, 4899452, 4899676, 4899689, 4899786, 4899806, 4899866, 4899927, 4899962, 4900000, 4900094, 4900277, 4900289, 4900489, 4900632, 4900672, 4900884, 4901095, 4901151, 4901254, 4901909, 4902092, 4902258, 4902278, 4902546, 4902610, 4902867, 4902881, 4902972, 4902977, 4902995, 4903006, 4903128, 4903252, 4903303, 4903321, 4903363, 4903410, 4903674, 4903679, 4903716, 4903911, 4903960, 4904084, 4904186, 4904441, 4904521, 4904546, 4904650, 4904659, 4904876, 4904983, 4904992, 4905270, 4905426, 4905543, 4905585, 4905872, 4905878, 4905894, 4905915, 4905926, 4905979, 4906481, 4906516, 4906527, 4906530, 4906591, 4906631, 4906663, 4906781, 4907270, 4907325, 4907500, 4907585, 4907786, 4907790, 4907857, 4907863, 4908135, 4908325, 4908442, 4908627, 4908651, 4908671, 4908752, 4908784, 4908827, 4909050, 4909050, 4909056, 4909172, 4909210, 4909245, 4909637, 4910051, 4910177, 4910304, 4910337, 4910381, 4910458, 4910594, 4910608, 4910917, 4910938, 4910960, 4911021, 4911117, 4911149, 4911175, 4911183, 4911319, 4911343, 4911394, 4911544, 4911554, 4911753, 4911765, 4911840, 4912178, 4912471, 4912717, 4912850, 4912952, 4913164, 4913217, 4913222, 4913385, 4913414, 4913452, 4913472, 4913482, 4913687, 4913814, 4914083, 4914261, 4914411, 4914412, 4914822, 4914919, 4914939, 4915180, 4915188, 4915201, 4915255, 4915279, 4915396, 4915458, 4915476, 4915476, 4915891, 4916029, 4916125, 4916304, 4916429, 4916619, 4916721, 4916724, 4916758, 4916780, 4916831, 4916848, 4916941, 4916953, 4917014, 4917244, 4917379, 4917402, 4917456, 4917765, 4917862, 4918105, 4918245, 4918264, 4918568, 4918670, 4918749, 4918839, 4918880, 4918990, 4919174, 4919258, 4919515, 4919515, 4919658, 4919723, 4919977, 4920025, 4920042, 4920068, 4920107, 4920136, 4920157, 4920162, 4920162, 4920230, 4920490, 4920500, 4920518, 4920673, 4920706, 4920737, 4920855, 4920925, 4921219, 4921220, 4921249, 4921298, 4921374, 4921411, 4921507, 4921565, 4921588, 4921642, 4921770, 4921786, 4921840, 4921854, 4921962, 4921994, 4922095, 4922227, 4922317, 4922341, 4922358, 4922409, 4922502, 4922903, 4923048, 4923190, 4923232, 4923380, 4923384, 4923439, 4923925, 4924014, 4924077, 4924084, 4924134, 4924358, 4924499, 4924814, 4924992, 4925003, 4925019, 4925152, 4925154, 4925587, 4925639, 4925859, 4925930, 4925958, 4926018, 4926310, 4926331, 4926353, 4926457, 4926537, 4926549, 4926802, 4926808, 4926816, 4927084, 4927288, 4927328, 4927335, 4927369, 4927399, 4927400, 4927532, 4927545, 4927610, 4927635, 4927725, 4927799, 4927829, 4928012, 4928167, 4928228, 4928304, 4928404, 4928440, 4928454, 4928484, 4928666, 4928945, 4928960, 4929043, 4929361, 4929465, 4929502, 4929608, 4929782, 4929906, 4930012, 4930161, 4930233, 4930370, 4930398, 4930470, 4930683, 4930764, 4930844, 4930899, 4930955, 4931021, 4931073, 4931214, 4931223, 4931259, 4931306, 4931341, 4931500, 4931514, 4931604, 4931718, 4931790, 4931883, 4931905, 4932109, 4932189, 4932222, 4932342, 4932408, 4932476, 4932491, 4932561, 4932579, 4932582, 4932653, 4932748, 4932942, 4932977, 4933145, 4933184, 4933315, 4933376, 4933377, 4933412, 4933461, 4933524, 4933535, 4933600, 4933765, 4933833, 4934089, 4934134, 4934774, 4934803, 4934875, 4935058, 4935246, 4935361, 4935386, 4935589, 4935715, 4935717, 4935726, 4935768, 4935898, 4935904, 4935906, 4935923, 4936057, 4936238, 4936414, 4936420, 4936437, 4936511, 4936588, 4936662, 4936710, 4936783, 4936816, 4936838, 4937004, 4937015, 4937167, 4937398, 4937447, 4937516, 4937606, 4937846, 4937905, 4938147, 4938162, 4938392, 4938429, 4938625, 4938654, 4938718, 4938919, 4939000, 4939022, 4939164, 4939244, 4939276, 4939564, 4939888, 4939920, 4939985, 4940043, 4940228, 4940253, 4940689, 4940750, 4940839, 4940880, 4941387, 4941542, 4941644, 4941877, 4942282, 4942374, 4942609, 4942767, 4942799, 4942800, 4942843, 4942872, 4942910, 4942955, 4942985, 4943004, 4943068, 4943078, 4943177, 4943315, 4943325, 4943387, 4943405, 4943456, 4943518, 4943551, 4943882, 4943906, 4944071, 4944073, 4944117, 4944150, 4944473, 4944632, 4944958, 4944977, 4945131, 4945241, 4945492, 4945527, 4945544, 4945619, 4945904, 4946071, 4946245, 4946305, 4946466, 4946543, 4946642, 4946645, 4946696, 4946737, 4946913, 4947100, 4947477, 4947702, 4947709, 4947834, 4948122, 4948315, 4948333, 4948365, 4948407, 4948435, 4948533, 4948753, 4949177, 4949356, 4949562, 4949572, 4949597, 4949705, 4949802, 4949833, 4949851, 4949970, 4950110, 4950129, 4950214, 4950264, 4950557, 4950650, 4950666, 4950804, 4950985, 4950999, 4951036, 4951038, 4951049, 4951074, 4951315, 4951446, 4951501, 4951515, 4951626, 4951714, 4951724, 4951762, 4951798, 4951815, 4951947, 4951987, 4952122, 4952265, 4952270, 4952324, 4952487, 4952810, 4952943, 4952977, 4953243, 4953306, 4953344, 4953346, 4953354, 4953396, 4953414, 4953432, 4953494, 4953758, 4953832, 4953855, 4954073, 4954109, 4954126, 4954149, 4954257, 4954382, 4954562, 4954770, 4954778, 4954814, 4955038, 4955046, 4955179, 4955407, 4955512, 4955525, 4955541, 4955674, 4955799, 4955812, 4955899, 4956105, 4956282, 4956320, 4956456, 4956500, 4956518, 4956647, 4956979, 4957007, 4957075, 4957082, 4957134, 4957261, 4957388, 4957547, 4957547, 4957806, 4957831, 4957955, 4958219, 4958308, 4958479, 4958797, 4958823, 4958874, 4958876, 4959007, 4959182, 4959207, 4959477, 4959484, 4959541, 4959552, 4959651, 4959672, 4959688, 4959748, 4959837, 4959871, 4960073, 4960095, 4960182, 4960221, 4960222, 4960307, 4960347, 4960350, 4960468, 4960621, 4960655, 4960697, 4960707, 4960747, 4960752, 4960882, 4960893, 4960945, 4961033, 4961094, 4961152, 4961179, 4961233, 4961472, 4961517, 4961553, 4961578, 4961671, 4961759, 4961772, 4961926, 4961939, 4962102, 4962292, 4962624, 4962682, 4962752, 4962898, 4963000, 4963053, 4963087, 4963561, 4963776, 4963782, 4963820, 4963843, 4963880, 4963888, 4964054, 4964076, 4964089, 4964127, 4964181, 4964301, 4964306, 4964320, 4964356, 4964379, 4964696, 4964903, 4964943, 4965054, 4965084, 4965232, 4965251, 4965342, 4965342, 4965434, 4965523, 4965733, 4965735, 4965766, 4965770, 4965796, 4965979, 4965985, 4966035, 4966432, 4966443, 4966496, 4966619, 4966792, 4966839, 4966978, 4967011, 4967140, 4967362, 4967562, 4967601, 4967774, 4967905, 4967905, 4968204, 4968229, 4968246, 4968281, 4968306, 4968351, 4968379, 4968460, 4968524, 4968605, 4968667, 4968747, 4968782, 4968796, 4969062, 4969077, 4969144, 4969147, 4969148, 4969322, 4969438, 4969486, 4969562, 4969655, 4969881, 4969931, 4970074, 4970096, 4970115, 4970153, 4970228, 4970257, 4970276, 4970327, 4970331, 4970444, 4970463, 4970498, 4970612, 4970659, 4970720, 4971042, 4971077, 4971321, 4971388, 4971403, 4971493, 4971498, 4971830, 4971957, 4972038, 4972057, 4972200, 4972245, 4972355, 4972391, 4972466, 4972550, 4972636, 4972691, 4972711, 4972816, 4972827, 4972921, 4972984, 4972984, 4973046, 4973115, 4973150, 4973182, 4973257, 4973286, 4973297, 4973435, 4973452, 4973657, 4973833, 4974008, 4974100, 4974140, 4974166, 4974240, 4974254, 4974280, 4974383, 4974410, 4974419, 4974686, 4974961, 4975378, 4975388, 4975511, 4975530, 4975585, 4976066, 4976406, 4976531, 4976604, 4976853, 4976930, 4976948, 4976953, 4976962, 4977119, 4977147, 4977178, 4977291, 4977528, 4977819, 4977885, 4977942, 4977960, 4978021, 4978212, 4978246, 4978368, 4978391, 4978414, 4978497, 4978581, 4978715, 4978946, 4979014, 4979014, 4979123, 4979173, 4979205, 4979281, 4979317, 4979361, 4979471, 4979500, 4979690, 4980052, 4980109, 4980195, 4980221, 4980453, 4980476, 4980505, 4980553, 4980648, 4980808, 4980815, 4981062, 4981247, 4981345, 4981510, 4981537, 4981891, 4981986, 4982211, 4982402, 4982506, 4982547, 4982588, 4982598, 4982615, 4982770, 4982864, 4982875, 4982916, 4982922, 4983084, 4983181, 4983289, 4983320, 4983369, 4983387, 4983524, 4983532, 4983590, 4983596, 4983671, 4983740, 4984244, 4984383, 4984465, 4984767, 4984784, 4984944, 4984955, 4985012, 4985034, 4985107, 4985306, 4985340, 4985343, 4985420, 4985437, 4985440, 4985557, 4985670, 4985778, 4985860, 4985889, 4986097, 4986294, 4986386, 4986406, 4986413, 4986841, 4986877, 4987391, 4987398, 4987561, 4987662, 4987663, 4987778, 4987953, 4988136, 4988166, 4988265, 4988315, 4988350, 4988384, 4988572, 4988681, 4988754, 4989013, 4989408, 4989578, 4989817, 4989832, 4989937, 4989954, 4989959, 4989972, 4990010, 4990099, 4990217, 4990362, 4990450, 4990681, 4990709, 4990736, 4990849, 4991008, 4991419, 4991519, 4991680, 4991707, 4991852, 4992091, 4992195, 4992296, 4992326, 4992405, 4992657, 4992754, 4993288, 4993355, 4993448, 4993570, 4993628, 4993697, 4993887, 4993911, 4993999, 4994016, 4994241, 4994452, 4994479, 4994517, 4994525, 4994545, 4994584, 4994738, 4994991, 4995054, 4995087, 4995195, 4995235, 4995307, 4995341, 4995388, 4995413, 4995540, 4995568, 4995686, 4995779, 4995795, 4995843, 4995892, 4996087, 4996110, 4996136, 4996233, 4996254, 4996458, 4996484, 4996490, 4996536, 4996609, 4997019, 4997344, 4997442, 4997787, 4998154, 4998254, 4998538, 4998608, 4998692, 4998712, 4998802, 4998846, 4999135, 4999228, 4999547, 4999591, 4999690, 4999732, 5000009, 5000297, 5000341, 5000347, 5000403, 5000521, 5000648, 5000672, 5000735, 5000742, 5000755, 5000855, 5001070, 5001211, 5001265, 5001275, 5001319, 5001507, 5001612, 5001984, 5002090, 5002295, 5002575, 5002581, 5002685, 5002707, 5002904, 5003025, 5003044, 5003131, 5003198, 5003289, 5003362, 5003384, 5003495, 5003499, 5003508, 5003589, 5003615, 5003700, 5003760, 5003842, 5003967, 5004117, 5004381, 5004393, 5004655, 5004805, 5004810, 5005051, 5005312, 5005381, 5005402, 5005445, 5005624, 5005683, 5005809, 5005814, 5005892, 5005894, 5005928, 5005946, 5005961, 5005979, 5006073, 5006125, 5006204, 5006351, 5006379, 5006394, 5006620, 5006698, 5006789, 5006975, 5007131, 5007146, 5007150, 5007150, 5007175, 5007423, 5007450, 5007480, 5007502, 5007508, 5007577, 5007617, 5007634, 5007648, 5007803, 5007813, 5007966, 5008071, 5008188, 5008256, 5008499, 5008630, 5008633, 5008653, 5008690, 5008857, 5008941, 5009009, 5009372, 5009834, 5009852, 5010038, 5010518, 5010632, 5010669, 5010714, 5010839, 5011085, 5011125, 5011136, 5011229, 5011242, 5011618, 5011782, 5011914, 5011919, 5012092, 5012154, 5012231, 5012244, 5012626, 5012674, 5012773, 5012889, 5013075, 5013099, 5013122, 5013258, 5013343, 5013377, 5013386, 5013426, 5013478, 5013609, 5013698, 5013699, 5013862, 5013906, 5013957, 5014038, 5014052, 5014204, 5014383, 5014417, 5014681, 5014717, 5014916, 5015185, 5015297, 5015307, 5015320, 5015397, 5015425, 5015438, 5015891, 5015961, 5016240, 5016367, 5016374, 5016646, 5016747, 5016758, 5016873, 5016955, 5017090, 5017106, 5017408, 5017547, 5017561, 5017616, 5017730, 5017737, 5017741, 5017857, 5017861, 5017995, 5018066, 5018078, 5018219, 5018239, 5018241, 5018334, 5018355, 5018434, 5018739, 5018852, 5018891, 5018931, 5019100, 5019110, 5019121, 5019155, 5019373, 5019441, 5019493, 5019900, 5019925, 5019958, 5020115, 5020427, 5020698, 5020721, 5020791, 5020796, 5021135, 5021153, 5021442, 5021502, 5021551, 5021785, 5021846, 5022083, 5022116, 5022226, 5022390, 5022683, 5022725, 5022740, 5022793, 5022853, 5022969, 5023200, 5023392, 5023466, 5023656, 5023780, 5023838, 5023883, 5023962, 5024009, 5024119, 5024220, 5024322, 5024338, 5024461, 5024636, 5024673, 5024679, 5024694, 5024819, 5024824, 5024884, 5024913, 5025132, 5025143, 5025244, 5025624, 5025744, 5025802, 5025857, 5026021, 5026211, 5026223, 5026679, 5026697, 5026739, 5026803, 5026848, 5026938, 5026944, 5027093, 5027154, 5027448, 5027682, 5027697, 5027904, 5027923, 5028019, 5028032, 5028069, 5028156, 5028260, 5028266, 5028417, 5028578, 5028639, 5028726, 5028799, 5028901, 5028965, 5029087, 5029230, 5029271, 5029328, 5029379, 5029386, 5029639, 5030026, 5030028, 5030218, 5030267, 5030343, 5030561, 5030564, 5030875, 5031065, 5031074, 5031114, 5031324, 5031412, 5031413, 5031562, 5031568, 5031704, 5031711, 5031731, 5031841, 5031986, 5032124, 5032166, 5032191, 5032625, 5032629, 5032659, 5032673, 5032759, 5032838, 5032858, 5032925, 5033081, 5033139, 5033161, 5033241, 5033255, 5033812, 5033941, 5033986, 5034142, 5034249, 5034289, 5034373, 5034411, 5034474, 5034534, 5034745, 5034813, 5035029, 5035032, 5035060, 5035062, 5035120, 5035123, 5035160, 5035317, 5035355, 5035445, 5035551, 5035593, 5035595, 5035746, 5035768, 5035779, 5035816, 5035818, 5035853, 5036207, 5036225, 5036321, 5036376, 5036393, 5036398, 5036424, 5036484, 5036573, 5036585, 5036683, 5036783, 5036816, 5036876, 5037003, 5037133, 5037182, 5037527, 5037780, 5037817, 5037858, 5037932, 5037942, 5037967, 5037977, 5037986, 5038017, 5038329, 5038458, 5038468, 5038612, 5038720, 5038759, 5038880, 5039005, 5039012, 5039064, 5039138, 5039245, 5039425, 5039534, 5039592, 5039773, 5039928, 5040000, 5040126, 5040194, 5040223, 5040263, 5040378, 5040614, 5040855, 5040998, 5041166, 5041270, 5041382, 5041390, 5041538, 5041630, 5041722, 5041884, 5042087, 5042207, 5042257, 5042404, 5042419, 5042557, 5042627, 5043140, 5043287, 5043302, 5043545, 5043569, 5043679, 5043688, 5043695, 5043744, 5043760, 5043794, 5043838, 5044329, 5044546, 5044818, 5044821, 5044934, 5044954, 5044960, 5045019, 5045058, 5045070, 5045083, 5045251, 5045261, 5045281, 5045298, 5045392, 5045650, 5045687, 5045709, 5045860, 5046306, 5046313, 5046373, 5046399, 5046592, 5046616, 5046625, 5046692, 5046700, 5046723, 5046737, 5046746, 5046764, 5046852, 5046865, 5046955, 5047127, 5047350, 5047422, 5047432, 5047465, 5047588, 5047750, 5047849, 5047858, 5047892, 5047941, 5047962, 5048082, 5048259, 5048319, 5048496, 5048505, 5048813, 5048870, 5048885, 5048917, 5049010, 5049044, 5049070, 5049108, 5049341, 5049366, 5049488, 5049552, 5049628, 5049673, 5049779, 5049860, 5049942, 5050059, 5050159, 5050223, 5050288, 5050322, 5050342, 5050353, 5050425, 5050577, 5050723, 5050736, 5050784, 5051088, 5051287, 5051437, 5051656, 5051668, 5051757, 5051905, 5051971, 5052149, 5052228, 5052309, 5052311, 5052365, 5052465, 5052633, 5052703, 5052904, 5053221, 5053355, 5053404, 5053407, 5053478, 5053532, 5053579, 5053742, 5053901, 5053912, 5054165, 5054178, 5054204, 5054334, 5054382, 5054477, 5054478, 5054742, 5054780, 5054802, 5054817, 5054835, 5054843, 5055048, 5055207, 5055230, 5055558, 5055629, 5055706, 5055805, 5056038, 5056161, 5056197, 5056262, 5056365, 5056375, 5056507, 5056585, 5056608, 5056641, 5056854, 5056867, 5056897, 5057013, 5057058, 5057062, 5057142, 5057166, 5057331, 5057545, 5057583, 5057796, 5057855, 5058044, 5058484, 5058591, 5058847, 5058905, 5058908, 5059110, 5059406, 5059551, 5059560, 5059572, 5059583, 5059599, 5059729, 5059736, 5059781, 5059810, 5059974, 5060384, 5060448, 5060533, 5060661, 5060776, 5060785, 5060847, 5061508, 5061545, 5061626, 5061641, 5061836, 5062090, 5062249, 5062589, 5062596, 5062832, 5062942, 5063031, 5063272, 5063344, 5063386, 5063564, 5063657, 5063943, 5064020, 5064119, 5064311, 5064350, 5064485, 5064549, 5064575, 5064642, 5064804, 5064899, 5064933, 5065001, 5065092, 5065118, 5065133, 5065326, 5065359, 5065397, 5065504, 5065543, 5065841, 5065993, 5066183, 5066203, 5066219, 5066245, 5066280, 5066297, 5066382, 5066451, 5066569, 5066713, 5066858, 5066860, 5066910, 5066984, 5067006, 5067158, 5067162, 5067581, 5067581, 5067585, 5067662, 5067915, 5068065, 5068113, 5068198, 5068243, 5068298, 5068334, 5068393, 5068413, 5068559, 5068664, 5068746, 5068822, 5068823, 5068903, 5069036, 5069058, 5069137, 5069164, 5069213, 5069259, 5069292, 5069537, 5069657, 5069799, 5069833, 5069921, 5069954, 5070090, 5070131, 5070208, 5070221, 5070322, 5070349, 5070397, 5070423, 5070512, 5070704, 5070726, 5070819, 5070855, 5071194, 5071293, 5071438, 5071492, 5071568, 5071610, 5072077, 5072323, 5072547, 5072658, 5072746, 5072762, 5073227, 5073315, 5073350, 5073370, 5073379, 5073447, 5073515, 5073749, 5073795, 5073886, 5074008, 5074301, 5074399, 5074643, 5074671, 5074684, 5074690, 5074783, 5074802, 5075064, 5075099, 5075120, 5075152, 5075187, 5075189, 5075303, 5075338, 5075464, 5075477, 5075488, 5075522, 5075556, 5075720, 5075880, 5076063, 5076093, 5076128, 5076280, 5076416, 5076476, 5076611, 5076690, 5076765, 5076928, 5076962, 5077138, 5077367, 5077583, 5077692, 5077695, 5077799, 5077835, 5077928, 5077975, 5077985, 5078151, 5078182, 5078207, 5078293, 5078308, 5078343, 5078357, 5078440, 5078706, 5078789, 5078847, 5078993, 5079032, 5079154, 5079161, 5079320, 5079409, 5079498, 5079522, 5079526, 5079546, 5079657, 5079729, 5079775, 5079800, 5079860, 5079992, 5080010, 5080026, 5080296, 5080422, 5080428, 5080567, 5080590, 5080647, 5080883, 5080903, 5081180, 5081240, 5081246, 5081265, 5081316, 5081444, 5081511, 5081657, 5081676, 5081700, 5082045, 5082071, 5082083, 5082094, 5082332, 5082409, 5082415, 5082450, 5082459, 5082616, 5082749, 5082885, 5082913, 5083054, 5083067, 5083087, 5083112, 5083149, 5083236, 5083373, 5083529, 5083608, 5083616, 5083634, 5083658, 5083820, 5083920, 5083953, 5084013, 5084135, 5084403, 5084438, 5084627, 5084685, 5084784, 5084877, 5084877, 5085064, 5085122, 5085409, 5085460, 5085496, 5085518, 5085521, 5085754, 5085897, 5085985, 5086011, 5086036, 5086068, 5086156, 5086165, 5086317, 5086398, 5086424, 5086438, 5086442, 5086451, 5086511, 5086569, 5086652, 5086732, 5086847, 5087404, 5087405, 5087567, 5087611, 5087722, 5087736, 5087813, 5087828, 5087849, 5087851, 5087891, 5088013, 5088154, 5088166, 5088198, 5088240, 5088280, 5088689, 5088697, 5088724, 5088808, 5088811, 5088820, 5088871, 5088893, 5088912, 5089239, 5089348, 5089535, 5089552, 5089607, 5089610, 5089672, 5089699, 5089827, 5089947, 5090039, 5090118, 5090147, 5090228, 5090270, 5090299, 5090310, 5090412, 5090549, 5090610, 5090663, 5090778, 5091066, 5091093, 5091136, 5091140, 5091234, 5091239, 5091246, 5091518, 5091695, 5091862, 5091879, 5091931, 5092075, 5092220, 5092500, 5092579, 5092674, 5092720, 5092801, 5092900, 5092919, 5093162, 5093282, 5093454, 5093467, 5093480, 5093711, 5093716, 5093754, 5093924, 5093938, 5094149, 5094209, 5094261, 5094617, 5094996, 5095033, 5095128, 5095135, 5095266, 5095963, 5096088, 5096156, 5096166, 5096180, 5096275, 5096384, 5096484, 5096595, 5096716, 5096881, 5096917, 5096972, 5097232, 5097552, 5097696, 5097708, 5097728, 5097882, 5097909, 5098203, 5098237, 5098293, 5098300, 5098321, 5098526, 5098745, 5098874, 5099037, 5099123, 5099267, 5099287, 5099342, 5099467, 5099507, 5099520, 5099567, 5099638, 5099652, 5099680, 5099790, 5099960, 5100142, 5100181, 5100309, 5100326, 5100582, 5100626, 5100728, 5100888, 5100905, 5100933, 5101140, 5101146, 5101184, 5101275, 5101280, 5101406, 5101421, 5101555, 5101639, 5101667, 5101691, 5101758, 5102483, 5102582, 5102665, 5102850, 5103052, 5103283, 5103288, 5103327, 5103370, 5103557, 5103684, 5103691, 5103788, 5103834, 5103847, 5103854, 5104091, 5104217, 5104435, 5104509, 5104633, 5104721, 5104742, 5104791, 5104928, 5105256, 5105289, 5105451, 5105462, 5105560, 5105564, 5105631, 5105711, 5105745, 5105817, 5105940, 5106034, 5106117, 5106125, 5106205, 5106210, 5106232, 5106297, 5106522, 5106644, 5106678, 5106761, 5106771, 5107166, 5107201, 5107273, 5107356, 5107467, 5107544, 5107826, 5107991, 5108125, 5108134, 5108634, 5108734, 5108745, 5108755, 5108804, 5108832, 5108852, 5108860, 5109065, 5109397, 5109427, 5109432, 5109494, 5109596, 5109679, 5109717, 5109841, 5109965, 5110106, 5110147, 5110276, 5110456, 5110479, 5110568, 5110944, 5111257, 5111268, 5111362, 5111390, 5111428, 5111459, 5111512, 5111981, 5112078, 5112100, 5112120, 5112277, 5112429, 5112514, 5112571, 5112665, 5112733, 5112746, 5112923, 5113074, 5113217, 5113320, 5113579, 5113725, 5113799, 5113827, 5114031, 5114122, 5114221, 5114236, 5114264, 5114299, 5114330, 5114356, 5114566, 5114572, 5114729, 5114754, 5114909, 5115058, 5115223, 5115321, 5115341, 5115422, 5115489, 5115781, 5115789, 5115866, 5115886, 5115915, 5115963, 5115964, 5115981, 5116197, 5116262, 5116337, 5116576, 5116623, 5116624, 5116775, 5116823, 5117122, 5117223, 5117307, 5117542, 5117542, 5117593, 5117713, 5117733, 5117839, 5117891, 5118029, 5118043, 5118077, 5118168, 5118272, 5118280, 5118491, 5118500, 5118549, 5118551, 5118594, 5118632, 5118713, 5118758, 5118871, 5118892, 5118966, 5118989, 5119049, 5119137, 5119139, 5119196, 5119401, 5119640, 5119897, 5119952, 5120026, 5120242, 5120536, 5120632, 5120732, 5120733, 5120918, 5121100, 5121141, 5121166, 5121289, 5121555, 5121653, 5121738, 5121752, 5121760, 5121782, 5121795, 5121862, 5121887, 5121946, 5122009, 5122038, 5122099, 5122162, 5122247, 5122399, 5122560, 5122599, 5122703, 5122744, 5122750, 5122828, 5122952, 5123080, 5123199, 5123210, 5123249, 5123435, 5123773, 5123911, 5124295, 5124324, 5124445, 5124460, 5124466, 5124583, 5124601, 5124701, 5124777, 5124836, 5125044, 5125203, 5125244, 5125350, 5125388, 5125438, 5125771, 5125902, 5125978, 5126010, 5126266, 5126370, 5126476, 5126668, 5126766, 5126886, 5127028, 5127274, 5127404, 5127766, 5128013, 5128412, 5128443, 5128669, 5128740, 5128809, 5129155, 5129208, 5129344, 5129383, 5129503, 5129610, 5129647, 5129719, 5129725, 5129908, 5129976, 5129993, 5130054, 5130102, 5130251, 5130362, 5130535, 5130590, 5130805, 5130819, 5130875, 5130950, 5131047, 5131197, 5131284, 5131654, 5131768, 5131809, 5131834, 5131863, 5131872, 5131958, 5132025, 5132281, 5132586, 5132674, 5132783, 5132794, 5133058, 5133060, 5133121, 5133213, 5133305, 5133590, 5133797, 5133914, 5133968, 5134048, 5134251, 5134266, 5134404, 5134748, 5134865, 5135057, 5135378, 5135399, 5135454, 5135552, 5135552, 5135581, 5135683, 5135751, 5135764, 5135850, 5135898, 5136068, 5136109, 5136272, 5136381, 5136441, 5136524, 5136542, 5136715, 5136787, 5136932, 5137040, 5137305, 5137314, 5137352, 5137397, 5137405, 5137462, 5137544, 5137546, 5137789, 5137991, 5138163, 5138241, 5138294, 5138327, 5138328, 5138677, 5138740, 5139215, 5139266, 5139782, 5139813, 5139852, 5139904, 5140024, 5140276, 5140282, 5140292, 5140374, 5140421, 5140484, 5140746, 5140755, 5140823, 5140921, 5141004, 5141071, 5141219, 5141310, 5141572, 5141582, 5141746, 5141827, 5142091, 5142112, 5142172, 5142281, 5142490, 5142557, 5142676, 5142694, 5142695, 5142866, 5142950, 5143016, 5143026, 5143043, 5143194, 5143207, 5143211, 5143289, 5143304, 5143335, 5143398, 5143408, 5143422, 5143724, 5143751, 5143870, 5143929, 5143999, 5144071, 5144166, 5144195, 5144382, 5144451, 5144530, 5144705, 5144730, 5144814, 5144853, 5145048, 5145121, 5145159, 5145217, 5145481, 5145510, 5145874, 5145924, 5145963, 5145992, 5146143, 5146268, 5146275, 5146375, 5146390, 5146474, 5146478, 5146594, 5146708, 5146747, 5146909, 5147025, 5147249, 5147321, 5147351, 5147438, 5147527, 5147535, 5147689, 5147743, 5147820, 5147856, 5147877, 5148019, 5148058, 5148218, 5148299, 5148303, 5148432, 5148707, 5148721, 5148773, 5148855, 5148921, 5148948, 5149003, 5149154, 5149162, 5149172, 5149223, 5149226, 5149259, 5149462, 5149640, 5149704, 5149795, 5149795, 5149880, 5150058, 5150285, 5150307, 5150419, 5150422, 5150430, 5150453, 5150768, 5150825, 5151100, 5151105, 5151274, 5151316, 5151534, 5151665, 5151677, 5151767, 5151943, 5151962, 5152041, 5152097, 5152180, 5152271, 5152338, 5152499, 5152639, 5152642, 5152643, 5152737, 5152931, 5152984, 5153044, 5153126, 5153351, 5153381, 5153756, 5153860, 5154049, 5154135, 5154327, 5154381, 5154636, 5154712, 5154875, 5154892, 5155080, 5155263, 5155293, 5155549, 5155577, 5155618, 5155845, 5155963, 5156243, 5156302, 5156447, 5156547, 5156552, 5156900, 5157038, 5157160, 5157299, 5157317, 5157383, 5157491, 5157572, 5157579, 5157606, 5157683, 5157800, 5157825, 5157846, 5157856, 5157864, 5158013, 5158034, 5158052, 5158229, 5158417, 5158521, 5158580, 5158581, 5158646, 5158688, 5158803, 5158917, 5159087, 5159196, 5159207, 5159226, 5159334, 5159344, 5159420, 5159632, 5159662, 5159849, 5159879, 5160045, 5160078, 5160175, 5160198, 5160290, 5160306, 5160602, 5160655, 5160823, 5160882, 5161170, 5161268, 5161272, 5161373, 5161393, 5161499, 5161518, 5161606, 5161629, 5161727, 5161788, 5161810, 5161822, 5161852, 5161884, 5161918, 5162127, 5162207, 5162208, 5162272, 5162305, 5162328, 5162352, 5162380, 5162430, 5162453, 5162606, 5162607, 5162613, 5162749, 5162760, 5162908, 5162933, 5162935, 5163160, 5163182, 5163368, 5163441, 5163457, 5163643, 5163733, 5163966, 5164117, 5164268, 5164285, 5164295, 5164452, 5164454, 5164471, 5165053, 5165133, 5165197, 5165212, 5165298, 5165435, 5165477, 5165552, 5165816, 5165880, 5165916, 5166104, 5166152, 5166517, 5166541, 5166568, 5166586, 5166655, 5166705, 5166750, 5166892, 5166969, 5166972, 5167020, 5167054, 5167312, 5167366, 5167795, 5167911, 5167945, 5168023, 5168154, 5168299, 5168459, 5169002, 5169181, 5169192, 5169276, 5169353, 5169372, 5169419, 5169693, 5170058, 5170085, 5170434, 5170665, 5170789, 5170855, 5170908, 5170970, 5171081, 5171214, 5171308, 5171411, 5171412, 5171755, 5171767, 5172346, 5172397, 5172439, 5172440, 5172506, 5172571, 5172593, 5172600, 5172618, 5172674, 5172711, 5172894, 5172934, 5172995, 5173178, 5173262, 5173346, 5173404, 5173475, 5173764, 5174022, 5174028, 5174098, 5174121, 5174123, 5174234, 5174356, 5174387, 5174388, 5174478, 5174529, 5174838, 5174838, 5174924, 5174975, 5175008, 5175247, 5175354, 5175379, 5175399, 5175573, 5175682, 5175970, 5176056, 5176065, 5176086, 5176136, 5176381, 5176555, 5176578, 5176605, 5176665, 5176717, 5176745, 5176804, 5176833, 5177047, 5177096, 5177138, 5177149, 5177271, 5177338, 5177347, 5177399, 5177411, 5177535, 5177640, 5177641, 5177751, 5177778, 5177884, 5177985, 5178081, 5178223, 5178337, 5178515, 5178523, 5178719, 5178751, 5178786, 5178786, 5178814, 5178831, 5178849, 5178888, 5178891, 5179036, 5179191, 5179269, 5179275, 5179340, 5179414, 5179549, 5179580, 5179621, 5179765, 5179788, 5179833, 5180087, 5180105, 5180182, 5180464, 5180550, 5181089, 5181151, 5181306, 5181369, 5181609, 5181644, 5181695, 5181729, 5181839, 5181857, 5181913, 5182075, 5182204, 5182240, 5182311, 5182364, 5182379, 5182411, 5182536, 5182540, 5182654, 5182678, 5182779, 5182832, 5182990, 5183039, 5183089, 5183108, 5183196, 5183331, 5183348, 5183626, 5183692, 5183860, 5183864, 5183919, 5183943, 5184057, 5184172, 5184328, 5184392, 5184400, 5184469, 5184517, 5184627, 5184805, 5184906, 5184988, 5185298, 5185435, 5185563, 5185590, 5185721, 5185754, 5185793, 5186144, 5186395, 5186440, 5186522, 5186573, 5186576, 5186676, 5186743, 5186847, 5186995, 5187018, 5187206, 5187283, 5187371, 5187449, 5187600, 5187733, 5187875, 5187976, 5187983, 5188123, 5188153, 5188172, 5188347, 5188737, 5188777, 5188850, 5188894, 5188939, 5188965, 5188984, 5189266, 5189378, 5189585, 5189747, 5190061, 5190126, 5190166, 5190283, 5190379, 5190392, 5190407, 5190431, 5190460, 5190463, 5190688, 5190698, 5190812, 5190864, 5190897, 5191041, 5191043, 5191096, 5191123, 5191228, 5191293, 5191835, 5191861, 5191870, 5191877, 5192042, 5192140, 5192167, 5192311, 5192337, 5192453, 5192616, 5192900, 5193004, 5193065, 5193073, 5193184, 5193254, 5193285, 5193325, 5193459, 5193486, 5193795, 5193872, 5193942, 5194083, 5194092, 5194355, 5194439, 5194474, 5194544, 5194938, 5195333, 5195443, 5195519, 5195595, 5195749, 5195771, 5195916, 5195936, 5196133, 5196214, 5196244, 5196325, 5196450, 5196534, 5196663, 5196764, 5196813, 5196841, 5197057, 5197322, 5197499, 5197526, 5197753, 5197964, 5198189, 5198242, 5198256, 5198294, 5198305, 5198369, 5198697, 5198765, 5198791, 5198876, 5198918, 5198965, 5199019, 5199151, 5199427, 5199437, 5199611, 5199617, 5199713, 5199740, 5199848, 5199957, 5199989, 5200294, 5200491, 5200502, 5200578, 5200615, 5200676, 5201173, 5201240, 5201314, 5201314, 5201318, 5201494, 5201565, 5201915, 5202049, 5202438, 5202443, 5202872, 5202923, 5202985, 5203240, 5203244, 5203572, 5203904, 5203994, 5203997, 5204019, 5204254, 5204367, 5204519, 5204963, 5204975, 5205146, 5205243, 5205372, 5205726, 5205743, 5205788, 5206070, 5206171, 5206288, 5206425, 5206694, 5206740, 5206820, 5206971, 5207123, 5207129, 5207156, 5207578, 5207730, 5207842, 5207907, 5207935, 5208004, 5208115, 5208272, 5208465, 5208477, 5208642, 5208760, 5208835, 5208913, 5208955, 5209030, 5209255, 5209341, 5209344, 5209613, 5209970, 5209979, 5209983, 5210045, 5210116, 5210153, 5210578, 5210618, 5210660, 5210892, 5210905, 5210938, 5210975, 5210976, 5211143, 5211620, 5211643, 5211835, 5212013, 5212042, 5212097, 5212108, 5212129, 5212146, 5212227, 5212266, 5212677, 5212878, 5212898, 5212962, 5213085, 5213106, 5213360, 5213430, 5213541, 5213554, 5213731, 5213776, 5213798, 5213860, 5214024, 5214154, 5214191, 5214256, 5214269, 5214634, 5214922, 5215043, 5215074, 5215079, 5215082, 5215278, 5215398, 5215449, 5215462, 5215490, 5215533, 5215639, 5215639, 5215701, 5215711, 5215721, 5215805, 5215809, 5215867, 5215872, 5216144, 5216232, 5216475, 5216731, 5216760, 5216821, 5216828, 5216892, 5217030, 5217091, 5217122, 5217336, 5217383, 5217428, 5217445, 5217453, 5217536, 5217629, 5217807, 5217832, 5217851, 5217923, 5218178, 5218199, 5218248, 5218474, 5218522, 5218727, 5218759, 5218773, 5219046, 5219129, 5219353, 5219669, 5219771, 5219791, 5219887, 5220460, 5220581, 5220630, 5220707, 5220743, 5220765, 5221039, 5221072, 5221207, 5221334, 5221349, 5221355, 5221703, 5221777, 5221779, 5221781, 5221809, 5221813, 5221831, 5222086, 5222251, 5222346, 5222387, 5222419, 5222467, 5222768, 5222805, 5223005, 5223121, 5223537, 5223887, 5224029, 5224410, 5224425, 5224452, 5224540, 5224644, 5224646, 5224823, 5224925, 5224998, 5225024, 5225080, 5225125, 5225203, 5225224, 5225290, 5225702, 5225932, 5226311, 5226329, 5226397, 5226456, 5226493, 5226730, 5226732, 5226766, 5226792, 5226815, 5226855, 5226901, 5226931, 5227200, 5227227, 5227250, 5227254, 5227312, 5227379, 5227461, 5227469, 5227484, 5227570, 5227756, 5228241, 5228280, 5228280, 5228389, 5228536, 5228695, 5228902, 5228929, 5229661, 5229710, 5229710, 5230067, 5230159, 5230295, 5230379, 5230576, 5230643, 5230672, 5230968, 5230981, 5231011, 5231099, 5231337, 5231359, 5231493, 5231576, 5231683, 5231961, 5231995, 5232018, 5232267, 5232336, 5233027, 5233341, 5233430, 5233459, 5233656, 5233965, 5234096, 5234384, 5234417, 5234611, 5234637, 5234766, 5234829, 5234855, 5234858, 5235144, 5235288, 5235310, 5235480, 5235521, 5235880, 5235957, 5235996, 5236010, 5236118, 5236225, 5236243, 5236468, 5236509, 5236511, 5236524, 5236536, 5236553, 5236713, 5236713, 5236922, 5237080, 5237281, 5237418, 5237672, 5237758, 5237850, 5238223, 5238335, 5238713, 5238889, 5239045, 5239125, 5239213, 5239269, 5239281, 5239332, 5239369, 5239584, 5239703, 5240049, 5240062, 5240255, 5240334, 5240509, 5240554, 5240578, 5240606, 5240751, 5240823, 5240878, 5241033, 5241174, 5241467, 5241546, 5241577, 5241598, 5241614, 5241614, 5241625, 5241706, 5241747, 5241950, 5242025, 5242087, 5242249, 5242485, 5242590, 5242678, 5242690, 5242876, 5243233, 5243581, 5243850, 5243852, 5244049, 5244066, 5244185, 5244192, 5244205, 5244266, 5244425, 5244477, 5244529, 5244656, 5244908, 5244951, 5244961, 5244963, 5244990, 5245184, 5245230, 5245355, 5245486, 5245541, 5245728, 5245884, 5246046, 5246187, 5246234, 5246235, 5246386, 5246445, 5246573, 5246709, 5246713, 5246726, 5246832, 5246843, 5246880, 5247013, 5247060, 5247099, 5247307, 5247654, 5247709, 5247758, 5247974, 5247996, 5248061, 5248173, 5248550, 5248635, 5248660, 5248794, 5249138, 5249298, 5249480, 5249541, 5249814, 5249815, 5249817, 5249823, 5249896, 5249906, 5249966, 5250005, 5250110, 5250123, 5250502, 5250661, 5250767, 5250797, 5250921, 5250950, 5250995, 5251121, 5251539, 5251650, 5251673, 5251826, 5251857, 5252032, 5252131, 5252158, 5252163, 5252236, 5252374, 5252471, 5252483, 5252556, 5252603, 5252665, 5252762, 5252773, 5252811, 5252816, 5252898, 5253046, 5253074, 5253244, 5253307, 5253486, 5253490, 5253653, 5253760, 5253784, 5253933, 5254053, 5254158, 5254281, 5254292, 5254297, 5254382, 5254582, 5254645, 5254886, 5254965, 5254972, 5255020, 5255346, 5255355, 5255395, 5255750, 5255818, 5255846, 5255898, 5256241, 5256251, 5256333, 5256405, 5256431, 5256619, 5256713, 5256792, 5256889, 5257023, 5257143, 5257201, 5257247, 5257273, 5257601, 5257622, 5257656, 5257890, 5257908, 5257954, 5258028, 5258371, 5258386, 5258509, 5258613, 5258702, 5258723, 5258801, 5258827, 5258841, 5258861, 5258951, 5258990, 5259268, 5259314, 5259535, 5259630, 5259662, 5260074, 5260103, 5260132, 5260137, 5260267, 5260278, 5260324, 5260386, 5260445, 5260550, 5260637, 5260639, 5260701, 5260925, 5261023, 5261135, 5261172, 5261195, 5261229, 5261262, 5261287, 5261407, 5261484, 5261495, 5261585, 5261591, 5261831, 5261847, 5261895, 5261937, 5261970, 5262109, 5262243, 5262320, 5262530, 5262732, 5263078, 5263176, 5263237, 5263254, 5263367, 5263638, 5263656, 5263700, 5263722, 5263788, 5264063, 5264322, 5264704, 5264755, 5264793, 5264997, 5265036, 5265336, 5265339, 5265346, 5265427, 5265510, 5265581, 5265713, 5265766, 5266125, 5266284, 5266287, 5266518, 5266638, 5266780, 5266866, 5266922, 5267195, 5267373, 5267448, 5267513, 5267551, 5267724, 5267794, 5267828, 5267877, 5267976, 5268077, 5268183, 5268306, 5268366, 5268376, 5268387, 5268393, 5268487, 5268627, 5268652, 5268684, 5268767, 5268775, 5268852, 5269138, 5269313, 5269446, 5269616, 5269646, 5269693, 5269723, 5269729, 5269863, 5269907, 5269958, 5270044, 5270118, 5270538, 5270798, 5270911, 5271407, 5271418, 5271569, 5271591, 5271611, 5271620, 5271637, 5272083, 5272453, 5272563, 5272571, 5272897, 5273244, 5273363, 5273387, 5273450, 5273653, 5273674, 5273825, 5273846, 5273994, 5274003, 5274031, 5274059, 5274060, 5274108, 5274119, 5274257, 5274406, 5274526, 5274573, 5274804, 5274847, 5274904, 5274954, 5275182, 5275192, 5275221, 5275244, 5275344, 5275519, 5275564, 5275624, 5275781, 5275786, 5275978, 5276115, 5276447, 5276507, 5276538, 5276556, 5276680, 5276735, 5276828, 5276914, 5276920, 5277172, 5277187, 5277241, 5277343, 5277348, 5277385, 5277472, 5277482, 5277520, 5277594, 5277658, 5277749, 5277938, 5278067, 5278133, 5278219, 5278650, 5278807, 5278818, 5278836, 5278936, 5279044, 5279099, 5279116, 5279163, 5279196, 5279217, 5279246, 5279333, 5279781, 5280233, 5280233, 5280259, 5280263, 5280299, 5280367, 5280429, 5280429, 5280756, 5280781, 5280884, 5280912, 5280991, 5281120, 5281187, 5281210, 5281275, 5281312, 5281420, 5281444, 5281453, 5281552, 5281621, 5281649, 5281747, 5281831, 5281834, 5281932, 5282008, 5282286, 5282543, 5282574, 5282646, 5282677, 5282730, 5282758, 5282892, 5283296, 5283649, 5283892, 5283998, 5284005, 5284133, 5284262, 5284464, 5284493, 5284521, 5284724, 5284760, 5284868, 5284911, 5285334, 5285364, 5285414, 5285535, 5285560, 5285594, 5285632, 5285744, 5285840, 5286052, 5286114, 5286398, 5286484, 5286607, 5286652, 5286677, 5286942, 5287046, 5287068, 5287514, 5287534, 5287583, 5287598, 5287607, 5287683, 5287744, 5287785, 5288038, 5288369, 5288371, 5288600, 5288801, 5288827, 5288843, 5288844, 5288932, 5288969, 5289009, 5289030, 5289059, 5289310, 5289548, 5289646, 5289793, 5289834, 5289907, 5290040, 5290220, 5290261, 5290317, 5290321, 5290677, 5290679, 5290698, 5290739, 5290754, 5290931, 5291083, 5291095, 5291183, 5291271, 5291333, 5291404, 5291468, 5291548, 5291630, 5291927, 5291990, 5292122, 5292311, 5292316, 5292653, 5292836, 5292940, 5293003, 5293031, 5293059, 5293106, 5293142, 5293312, 5293333, 5293401, 5293440, 5293545, 5293567, 5293670, 5293754, 5294255, 5294257, 5294638, 5294662, 5294789, 5295037, 5295076, 5295216, 5295302, 5295335, 5295425, 5295527, 5295548, 5295944, 5296241, 5296284, 5296285, 5296353, 5296462, 5296502, 5296968, 5296970, 5297022, 5297272, 5297308, 5297381, 5297667, 5297878, 5298011, 5298173, 5298725, 5298776, 5298884, 5298954, 5299181, 5299219, 5299242, 5299326, 5299377, 5299442, 5299510, 5299767, 5299870, 5299887, 5299993, 5299998, 5300224, 5300440, 5300555, 5300655, 5300702, 5300717, 5300886, 5300907, 5300993, 5301123, 5301131, 5301193, 5301198, 5301212, 5301213, 5301271, 5301399, 5301639, 5301709, 5301719, 5301726, 5301750, 5301951, 5302046, 5302092, 5302109, 5302188, 5302202, 5302347, 5302364, 5302394, 5302404, 5302414, 5302523, 5302532, 5302661, 5302890, 5302978, 5303018, 5303247, 5303463, 5303528, 5303640, 5303929, 5304015, 5304033, 5304326, 5304586, 5304616, 5304797, 5304931, 5304935, 5305179, 5305220, 5305275, 5305306, 5305654, 5305663, 5305693, 5305707, 5305740, 5305805, 5305883, 5305968, 5306053, 5306059, 5306110, 5306193, 5306230, 5306446, 5306487, 5306604, 5306867, 5306942, 5306963, 5307069, 5307137, 5307151, 5307192, 5307308, 5307322, 5307493, 5307555, 5307728, 5307894, 5308123, 5308127, 5308217, 5308383, 5308455, 5308463, 5308515, 5308550, 5308594, 5308695, 5308748, 5308833, 5308850, 5308909, 5308990, 5309111, 5309183, 5309289, 5309366, 5309511, 5309584, 5309606, 5309672, 5309970, 5309979, 5310029, 5310118, 5310254, 5310470, 5310501, 5310534, 5310546, 5310575, 5310599, 5310638, 5310702, 5310867, 5311018, 5311104, 5311117, 5311153, 5311221, 5311223, 5311246, 5311259, 5311344, 5311406, 5311457, 5311468, 5311696, 5311700, 5311740, 5311801, 5311868, 5312040, 5312105, 5312163, 5312263, 5312349, 5312506, 5312741, 5312749, 5312781, 5313267, 5313338, 5313420, 5313475, 5313608, 5313733, 5313922, 5313962, 5313968, 5314034, 5314308, 5314438, 5314682, 5314723, 5314734, 5314735, 5314788, 5315113, 5315162, 5315272, 5315274, 5315287, 5315428, 5315795, 5315922, 5316098, 5316127, 5316138, 5316227, 5316285, 5316353, 5316368, 5316419, 5316428, 5316569, 5316757, 5316768, 5316817, 5316835, 5316850, 5316938, 5316960, 5316982, 5317036, 5317081, 5317226, 5317245, 5317251, 5317394, 5317545, 5317615, 5317689, 5317700, 5317716, 5317748, 5317946, 5318025, 5318107, 5318529, 5318687, 5318839, 5319070, 5319218, 5319392, 5319453, 5319516, 5319534, 5319562, 5319580, 5319684, 5319717, 5319919, 5319921, 5319938, 5319958, 5320008, 5320034, 5320283, 5320388, 5320418, 5320424, 5320431, 5320914, 5320968, 5321013, 5321100, 5321308, 5321318, 5321371, 5321414, 5321486, 5321500, 5321669, 5321850, 5322023, 5322051, 5322137, 5322197, 5322206, 5322676, 5322941, 5322957, 5322981, 5323136, 5323396, 5323436, 5323621, 5323823, 5323888, 5324296, 5324464, 5324473, 5324474, 5324524, 5324683, 5324701, 5324712, 5324727, 5324750, 5324800, 5324842, 5324940, 5325016, 5325026, 5325038, 5325165, 5325201, 5325235, 5325283, 5325369, 5325383, 5325413, 5325429, 5325710, 5325764, 5325783, 5325801, 5325811, 5326011, 5326316, 5326666, 5326758, 5326837, 5326912, 5326927, 5327174, 5327300, 5327328, 5327335, 5327384, 5327509, 5327539, 5327649, 5327808, 5327850, 5327910, 5328019, 5328172, 5328185, 5328223, 5328237, 5328312, 5328660, 5328678, 5328752, 5328927, 5329480, 5329635, 5329685, 5329801, 5330321, 5330390, 5330875, 5330924, 5330926, 5330972, 5331066, 5331139, 5331293, 5331357, 5331382, 5331787, 5331791, 5331854, 5331882, 5331911, 5331961, 5332024, 5332119, 5332271, 5332578, 5332829, 5332972, 5333023, 5333055, 5333277, 5333630, 5333675, 5333827, 5333836, 5333850, 5333993, 5334090, 5334106, 5334113, 5334414, 5334494, 5334507, 5334590, 5334703, 5334888, 5334892, 5334939, 5334950, 5335116, 5335199, 5335272, 5335276, 5335382, 5335401, 5335748, 5335805, 5335897, 5336106, 5336120, 5336245, 5336299, 5336434, 5336478, 5336497, 5336517, 5336524, 5336684, 5336821, 5336887, 5337288, 5337299, 5337620, 5337634, 5337751, 5337779, 5337814, 5337966, 5338204, 5338288, 5338322, 5338662, 5338804, 5338903, 5338923, 5338976, 5339137, 5339160, 5339311, 5339376, 5339512, 5339945, 5339954, 5340110, 5340407, 5340411, 5340871, 5340951, 5340994, 5341001, 5341060, 5341067, 5341072, 5341117, 5341221, 5341232, 5341495, 5341817, 5341948, 5341972, 5342064, 5342076, 5342203, 5342249, 5342256, 5342405, 5342504, 5342696, 5342717, 5342791, 5342901, 5342961, 5342963, 5343160, 5343202, 5343408, 5343570, 5343590, 5343881, 5343938, 5343948, 5344279, 5344379, 5344559, 5344607, 5344851, 5344972, 5344974, 5345197, 5345496, 5345521, 5345559, 5345846, 5345870, 5345932, 5345975, 5345985, 5345999, 5346110, 5346189, 5346297, 5346440, 5346473, 5346509, 5346554, 5346801, 5346916, 5347122, 5347424, 5347554, 5347562, 5347599, 5347669, 5347732, 5347749, 5347762, 5347779, 5348106, 5348173, 5348231, 5348323, 5348456, 5348530, 5348735, 5348799, 5348811, 5348822, 5348822, 5348845, 5348873, 5348926, 5349035, 5349118, 5349588, 5349701, 5349822, 5349841, 5349957, 5349982, 5350074, 5350081, 5350141, 5350335, 5350485, 5350595, 5350876, 5351125, 5351352, 5351423, 5351523, 5351588, 5351612, 5352069, 5352135, 5352234, 5352250, 5352326, 5352333, 5352445, 5352537, 5352678, 5353018, 5353084, 5353145, 5353194, 5353273, 5353426, 5353431, 5353497, 5353691, 5353745, 5353972, 5354073, 5354135, 5354217, 5354244, 5354290, 5354485, 5354495, 5354940, 5354985, 5355042, 5355065, 5355132, 5355171, 5355277, 5355355, 5355433, 5355444, 5355487, 5355498, 5355819, 5355896, 5356014, 5356032, 5356067, 5356131, 5356407, 5356703, 5356797, 5356799, 5356812, 5356944, 5357070, 5357143, 5357269, 5357418, 5357497, 5357505, 5357678, 5357767, 5357777, 5357803, 5357820, 5357888, 5357959, 5358037, 5358076, 5358100, 5358343, 5358453, 5358548, 5358734, 5358859, 5359181, 5359220, 5359354, 5359476, 5359571, 5359626, 5359931, 5359970, 5359983, 5360121, 5360213, 5360240, 5360242, 5360305, 5360488, 5360537, 5361046, 5361077, 5361077, 5361228, 5361444, 5361763, 5361772, 5361945, 5361954, 5362025, 5362098, 5362122, 5362220, 5362292, 5362668, 5362725, 5362739, 5362845, 5362885, 5363011, 5363059, 5363129, 5363402, 5363487, 5363534, 5363553, 5363627, 5363662, 5363670, 5363724, 5363838, 5363856, 5363876, 5363899, 5364040, 5364127, 5364200, 5364394, 5364449, 5364591, 5364684, 5364853, 5365023, 5365211, 5365249, 5365314, 5365370, 5365398, 5365617, 5366216, 5366258, 5366296, 5366328, 5366345, 5366445, 5366517, 5366581, 5366669, 5366738, 5366775, 5366775, 5367097, 5367101, 5367199, 5367470, 5367629, 5367642, 5367866, 5368087, 5368114, 5368137, 5368186, 5368189, 5368212, 5368219, 5368424, 5368964, 5369263, 5369278, 5369478, 5369834, 5370001, 5370024, 5370063, 5370147, 5370255, 5370391, 5370402, 5370554, 5370568, 5370651, 5371096, 5371145, 5371158, 5371203, 5371222, 5371306, 5371335, 5371414, 5371441, 5371564, 5371739, 5371745, 5371747, 5371758, 5371849, 5371935, 5372038, 5372077, 5372078, 5372109, 5372238, 5372253, 5372443, 5372598, 5372722, 5372727, 5372825, 5372957, 5372969, 5373094, 5373112, 5373218, 5373255, 5373290, 5373889, 5373901, 5374262, 5374562, 5374582, 5374769, 5374976, 5374999, 5375121, 5375174, 5375317, 5375342, 5375367, 5375469, 5375486, 5375584, 5375597, 5375755, 5375800, 5375883, 5376223, 5376312, 5376476, 5376532, 5376535, 5376561, 5376599, 5376975, 5377111, 5377224, 5377457, 5377509, 5377613, 5377657, 5377734, 5377919, 5378244, 5378284, 5378290, 5378469, 5378563, 5378637, 5378862, 5379072, 5379121, 5379241, 5379282, 5379391, 5379436, 5379496, 5379699, 5379777, 5379894, 5379924, 5379984, 5380010, 5380060, 5380084, 5380316, 5380318, 5380541, 5380554, 5380556, 5380653, 5380733, 5380779, 5380795, 5380859, 5380899, 5381140, 5381172, 5381187, 5381254, 5381290, 5381343, 5381509, 5381582, 5381651, 5381701, 5381835, 5381843, 5382052, 5382053, 5382121, 5382186, 5382290, 5382451, 5382551, 5382575, 5382668, 5382736, 5382782, 5382807, 5382885, 5382914, 5383178, 5383369, 5383412, 5383435, 5383698, 5383903, 5384040, 5384053, 5384264, 5384292, 5384326, 5384622, 5385177, 5385196, 5385315, 5385477, 5385602, 5385638, 5385892, 5385990, 5386091, 5386095, 5386215, 5386392, 5386440, 5386457, 5386458, 5386572, 5386866, 5386884, 5386940, 5387104, 5387125, 5387237, 5387313, 5387404, 5387415, 5387465, 5387835, 5388026, 5388067, 5388270, 5388304, 5388307, 5388491, 5388762, 5388806, 5388944, 5389028, 5389042, 5389223, 5389274, 5389321, 5389380, 5389568, 5389596, 5389724, 5389774, 5389871, 5389875, 5389971, 5390040, 5390134, 5390308, 5390345, 5390365, 5390427, 5390486, 5390576, 5390585, 5390658, 5390715, 5390865, 5390883, 5391146, 5391329, 5392096, 5392101, 5392255, 5392319, 5392355, 5392430, 5392512, 5392521, 5392549, 5392553, 5393141, 5393335, 5393383, 5393401, 5393444, 5393532, 5393590, 5393763, 5393844, 5393928, 5393989, 5394019, 5394094, 5394104, 5394219, 5394273, 5394414, 5394475, 5394502, 5394565, 5394591, 5394609, 5394774, 5394820, 5394886, 5394891, 5394964, 5394988, 5395059, 5395078, 5395170, 5395171, 5395309, 5395312, 5395343, 5395542, 5395688, 5395703, 5395718, 5395812, 5395842, 5395883, 5395885, 5395916, 5396313, 5396586, 5396592, 5396677, 5396824, 5396844, 5396878, 5396970, 5396982, 5397008, 5397044, 5397108, 5397119, 5397138, 5397146, 5397220, 5397439, 5397445, 5397695, 5397761, 5397785, 5397939, 5398008, 5398386, 5398587, 5398629, 5398953, 5398999, 5399067, 5399107, 5399261, 5399379, 5399412, 5399504, 5399586, 5399768, 5399795, 5399830, 5399938, 5399949, 5400260, 5400374, 5400428, 5400428, 5400497, 5400745, 5400810, 5401110, 5401162, 5401331, 5401483, 5401567, 5401677, 5401797, 5401826, 5401970, 5401981, 5402032, 5402100, 5402144, 5402238, 5402267, 5402723, 5402872, 5402894, 5402900, 5403250, 5403450, 5403515, 5403574, 5403640, 5403693, 5403941, 5404083, 5404151, 5404217, 5404521, 5404910, 5405101, 5405127, 5405138, 5405143, 5405297, 5405309, 5405397, 5405422, 5405423, 5405665, 5405730, 5405750, 5406027, 5406139, 5406163, 5406181, 5406195, 5406272, 5406295, 5406612, 5406818, 5406995, 5407068, 5407217, 5407355, 5407544, 5407555, 5407853, 5407940, 5408004, 5408031, 5408140, 5408259, 5408275, 5408326, 5408522, 5408557, 5408587, 5408701, 5408723, 5408746, 5408982, 5409089, 5409299, 5409448, 5409450, 5409493, 5409609, 5409674, 5409690, 5409889, 5409971, 5410305, 5410340, 5410376, 5410430, 5410520, 5410569, 5410763, 5410796, 5410833, 5410920, 5410952, 5410974, 5411072, 5411180, 5411197, 5411321, 5411657, 5411757, 5411981, 5412019, 5412182, 5412190, 5412217, 5412903, 5413175, 5413194, 5413296, 5413321, 5413338, 5413635, 5413668, 5413761, 5413947, 5414083, 5414127, 5414130, 5414175, 5414283, 5414557, 5414629, 5415042, 5415264, 5415273, 5415399, 5415432, 5415464, 5415466, 5415636, 5415887, 5415912, 5416119, 5416140, 5416195, 5416296, 5416503, 5416566, 5416711, 5417319, 5417351, 5417389, 5417413, 5417452, 5417501, 5417660, 5417781, 5417783, 5417854, 5417926, 5418148, 5418203, 5418687, 5419048, 5419291, 5419311, 5419402, 5419429, 5419524, 5419786, 5419849, 5419955, 5419974, 5420125, 5420158, 5420352, 5420381, 5420393, 5420426, 5420518, 5420539, 5420731, 5420802, 5420926, 5420954, 5421004, 5421021, 5421097, 5421240, 5421346, 5421469, 5421604, 5421925, 5422121, 5422206, 5422209, 5422325, 5422350, 5422386, 5422630, 5422748, 5422792, 5422839, 5422859, 5422925, 5423101, 5423315, 5423387, 5423513, 5423694, 5423844, 5423996, 5424006, 5424222, 5424337, 5424552, 5424651, 5424919, 5424961, 5425043, 5425105, 5425129, 5425216, 5425289, 5425389, 5425427, 5425513, 5425521, 5425525, 5425755, 5425906, 5425907, 5425922, 5426459, 5426487, 5426489, 5426777, 5426949, 5427082, 5427201, 5427210, 5427260, 5427261, 5427291, 5427663, 5427803, 5427825, 5427853, 5428146, 5428265, 5428281, 5428298, 5428300, 5428343, 5428348, 5428418, 5428479, 5428621, 5428671, 5428807, 5428807, 5428818, 5429013, 5429031, 5429114, 5429125, 5429327, 5429411, 5429432, 5429532, 5429554, 5429609, 5429742, 5429758, 5429882, 5429918, 5430021, 5430087, 5430215, 5430288, 5430331, 5430531, 5430627, 5430636, 5430858, 5430971, 5431055, 5431086, 5431199, 5431290, 5431392, 5431484, 5431811, 5432521, 5432583, 5432590, 5432659, 5432910, 5432992, 5433082, 5433235, 5433305, 5433449, 5433620, 5433669, 5434090, 5434118, 5434126, 5434288, 5434624, 5434630, 5434640, 5434802, 5434846, 5434853, 5434899, 5434971, 5435099, 5435117, 5435120, 5435319, 5435555, 5435606, 5435817, 5435838, 5435869, 5435928, 5435948, 5436002, 5436164, 5436258, 5436371, 5436470, 5436568, 5436764, 5436801, 5437066, 5437112, 5437290, 5437630, 5437692, 5437962, 5438089, 5438149, 5438207, 5438332, 5438381, 5438471, 5438487, 5438607, 5438622, 5438661, 5438830, 5438927, 5438936, 5438977, 5439049, 5439220, 5439299, 5439381, 5439560, 5439649, 5439712, 5439915, 5439998, 5440004, 5440213, 5440234, 5440273, 5440287, 5440341, 5440470, 5440564, 5440622, 5440701, 5440704, 5440751, 5440869, 5440984, 5441021, 5441051, 5441242, 5441243, 5441488, 5441521, 5441680, 5441882, 5441912, 5441988, 5442014, 5442321, 5442508, 5442685, 5442782, 5442898, 5443087, 5443101, 5443119, 5443172, 5443193, 5443359, 5443510, 5443814, 5443837, 5443944, 5443945, 5444010, 5444051, 5444232, 5444234, 5444277, 5444589, 5444773, 5444817, 5444923, 5444995, 5445239, 5445327, 5445366, 5445601, 5445631, 5445683, 5445700, 5445757, 5445771, 5445917, 5445920, 5446009, 5446129, 5446225, 5446314, 5446362, 5446461, 5446569, 5446592, 5446810, 5447008, 5447028, 5447114, 5447209, 5447487, 5447532, 5447602, 5447691, 5447766, 5447854, 5447979, 5448113, 5448179, 5448180, 5448185, 5448209, 5448344, 5448374, 5448467, 5448469, 5448480, 5448518, 5448742, 5448964, 5449164, 5449253, 5449302, 5449339, 5449433, 5449524, 5449636, 5449641, 5449665, 5449692, 5449705, 5449919, 5450043, 5450095, 5450135, 5450244, 5450250, 5450508, 5450540, 5450634, 5450759, 5450920, 5450966, 5450983, 5451088, 5451298, 5451323, 5451397, 5451647, 5451706, 5451726, 5452012, 5452115, 5452267, 5452309, 5452402, 5452452, 5452464, 5452749, 5452787, 5452812, 5452819, 5452870, 5452875, 5452913, 5452913, 5453104, 5453132, 5453135, 5453283, 5453424, 5453577, 5453580, 5453773, 5453797, 5453910, 5454131, 5454705, 5454722, 5454751, 5454796, 5454950, 5455212, 5455228, 5455247, 5455252, 5455508, 5455526, 5455638, 5455888, 5456018, 5456256, 5456281, 5456545, 5456592, 5456733, 5456797, 5456949, 5457035, 5457200, 5457206, 5457210, 5457244, 5457311, 5457356, 5457416, 5457442, 5457518, 5457535, 5457671, 5457705, 5457749, 5458234, 5458413, 5458748, 5459041, 5459170, 5459236, 5459436, 5459518, 5459535, 5459688, 5459838, 5459852, 5460281, 5460367, 5460572, 5460742, 5460882, 5461026, 5461073, 5461161, 5461164, 5461427, 5461484, 5461615, 5461635, 5461717, 5461738, 5461744, 5461835, 5461871, 5461959, 5462039, 5462162, 5462253, 5462301, 5462306, 5462417, 5462507, 5462511, 5462625, 5462724, 5463178, 5463236, 5463507, 5463622, 5463902, 5464017, 5464241, 5464243, 5464341, 5464464, 5464718, 5464728, 5464809, 5464813, 5465015, 5465064, 5465102, 5465245, 5465308, 5465321, 5465360, 5465533, 5465570, 5465643, 5465891, 5465908, 5465997, 5465997, 5466123, 5466241, 5466274, 5466396, 5466420, 5466471, 5466718, 5466739, 5466774, 5466883, 5466907, 5466971, 5467091, 5467141, 5467151, 5467227, 5467283, 5467428, 5467429, 5467649, 5467737, 5467813, 5467820, 5467859, 5467901, 5467903, 5467987, 5467988, 5468012, 5468042, 5468258, 5468301, 5468359, 5468419, 5468496, 5468515, 5468532, 5468577, 5468801, 5468816, 5469029, 5469071, 5469399, 5469636, 5469672, 5469731, 5469732, 5470008, 5470102, 5470174, 5470182, 5470260, 5470316, 5470382, 5470406, 5470408, 5470517, 5470559, 5470580, 5470790, 5470851, 5470931, 5470951, 5471119, 5471206, 5471213, 5471256, 5471346, 5471395, 5471440, 5471457, 5471554, 5471580, 5471732, 5471738, 5472125, 5472553, 5472686, 5472706, 5472753, 5472770, 5472815, 5472881, 5472936, 5473270, 5473358, 5473475, 5473568, 5473612, 5473700, 5474010, 5474184, 5474322, 5474374, 5474426, 5474509, 5474713, 5474841, 5474949, 5475113, 5475526, 5475557, 5475557, 5475564, 5475647, 5475818, 5475875, 5475895, 5475934, 5475934, 5475939, 5476129, 5476161, 5476168, 5476340, 5476407, 5476413, 5476716, 5476777, 5476811, 5477005, 5477291, 5477316, 5477527, 5477613, 5477716, 5477728, 5477914, 5477923, 5477946, 5478109, 5478226, 5478256, 5478410, 5478498, 5478517, 5478617, 5478905, 5479004, 5479007, 5479151, 5479194, 5479256, 5479282, 5479510, 5479511, 5479715, 5479833, 5479846, 5479884, 5480077, 5480116, 5480162, 5480166, 5480421, 5480448, 5480461, 5480626, 5480660, 5480668, 5480678, 5481166, 5481220, 5481265, 5481536, 5481573, 5481680, 5481788, 5482009, 5482112, 5482307, 5482559, 5482598, 5482601, 5482646, 5482728, 5482761, 5482771, 5482803, 5483002, 5483031, 5483289, 5483335, 5483429, 5483633, 5483796, 5483813, 5483844, 5483905, 5483950, 5483965, 5484045, 5484235, 5484418, 5484721, 5484750, 5484768, 5484873, 5484990, 5485079, 5485123, 5485372, 5485462, 5485462, 5485531, 5485627, 5485671, 5485674, 5485694, 5485789, 5485831, 5485860, 5486199, 5486441, 5486640, 5486659, 5486803, 5486857, 5486916, 5487016, 5487133, 5487160, 5487208, 5487315, 5487319, 5487371, 5487406, 5487408, 5487458, 5487514, 5487543, 5487646, 5487882, 5487948, 5488110, 5488143, 5488172, 5488431, 5488575, 5488654, 5488889, 5488940, 5488994, 5489119, 5489598, 5489623, 5489666, 5489743, 5489765, 5489813, 5490069, 5490084, 5490356, 5490359, 5490435, 5490518, 5490532, 5490565, 5490590, 5490811, 5490876, 5491123, 5491179, 5491482, 5491628, 5491677, 5491784, 5491846, 5492070, 5492112, 5492330, 5492470, 5492481, 5492665, 5492675, 5492682, 5492692, 5492856, 5492905, 5493032, 5493053, 5493083, 5493162, 5493176, 5493796, 5493908, 5494000, 5494192, 5494243, 5494325, 5494460, 5494536, 5494632, 5494635, 5494830, 5494880, 5494933, 5494975, 5495112, 5495189, 5495215, 5495339, 5495481, 5495524, 5495605, 5495693, 5495704, 5495719, 5495743, 5495971, 5496242, 5496343, 5496671, 5496676, 5496778, 5496804, 5496993, 5497032, 5497194, 5497201, 5497539, 5497632, 5497634, 5497669, 5497671, 5497688, 5497830, 5497909, 5497912, 5498120, 5498393, 5498436, 5498442, 5498443, 5498528, 5498535, 5498651, 5499034, 5499212, 5499270, 5499329, 5499330, 5499406, 5499454, 5499458, 5499545, 5499588, 5499937, 5500007, 5500047, 5500172, 5500529, 5500643, 5500671, 5500724, 5500994, 5501006, 5501058, 5501085, 5501103, 5501135, 5501141, 5501169, 5501374, 5501570, 5501615, 5501820, 5501835, 5501878, 5501904, 5501916, 5502111, 5502156, 5502268, 5502410, 5502475, 5502574, 5502579, 5502601, 5502714, 5502793, 5502821, 5502942, 5503003, 5503064, 5503274, 5503397, 5503402, 5503737, 5503759, 5503850, 5503904, 5503989, 5504027, 5504075, 5504256, 5504257, 5504269, 5504303, 5504387, 5504411, 5504471, 5504495, 5504506, 5504704, 5504879, 5504882, 5505079, 5505195, 5505261, 5505477, 5505512, 5505532, 5505552, 5505620, 5505710, 5505861, 5505897, 5505901, 5506118, 5506216, 5506305, 5506337, 5506704, 5506755, 5506802, 5506876, 5506906, 5507073, 5507226, 5507329, 5507432, 5507550, 5507618, 5507640, 5507655, 5507737, 5507882, 5507915, 5507989, 5508028, 5508055, 5508068, 5508127, 5508143, 5508262, 5508528, 5508541, 5508547, 5508772, 5508829, 5508862, 5508868, 5508986, 5509052, 5509066, 5509103, 5509252, 5509287, 5509302, 5509418, 5509434, 5509646, 5509664, 5509762, 5509794, 5509832, 5509857, 5509952, 5510090, 5510115, 5510220, 5510436, 5510530, 5510624, 5510658, 5510699, 5510760, 5510788, 5510880, 5510910, 5511168, 5511176, 5511316, 5511321, 5511440, 5511513, 5511530, 5511575, 5511584, 5511596, 5511659, 5511809, 5511974, 5511990, 5511999, 5512028, 5512128, 5512180, 5512216, 5512280, 5512325, 5512441, 5512474, 5512480, 5512504, 5512527, 5512555, 5512566, 5512949, 5512984, 5513007, 5513060, 5513121, 5513144, 5513154, 5513275, 5513312, 5513547, 5513607, 5513719, 5513947, 5513955, 5514214, 5514217, 5514270, 5514504, 5514621, 5514819, 5514869, 5514935, 5515013, 5515135, 5515137, 5515214, 5515296, 5515518, 5515578, 5515615, 5515711, 5515743, 5515793, 5515866, 5515904, 5516158, 5516161, 5516511, 5516537, 5516765, 5516921, 5516952, 5516963, 5517010, 5517046, 5517101, 5517285, 5517300, 5517379, 5517517, 5517541, 5517660, 5517686, 5517715, 5517819, 5518091, 5518108, 5518108, 5518136, 5518466, 5518472, 5518704, 5518856, 5518950, 5519065, 5519136, 5519160, 5519210, 5519268, 5519345, 5519449, 5519510, 5519634, 5519644, 5519720, 5519739, 5519790, 5520131, 5520208, 5520458, 5520469, 5520677, 5520851, 5520865, 5520873, 5520971, 5520983, 5521018, 5521201, 5521229, 5521254, 5521458, 5521482, 5521516, 5521624, 5521708, 5521905, 5522062, 5522073, 5522236, 5522266, 5522486, 5522547, 5522600, 5522631, 5522674, 5522705, 5522963, 5522982, 5523092, 5523184, 5523268, 5523387, 5523406, 5523669, 5523713, 5523722, 5523829, 5524002, 5524020, 5524062, 5524243, 5524290, 5524382, 5524413, 5524428, 5524457, 5524493, 5524897, 5525153, 5525227, 5525250, 5525299, 5525337, 5525402, 5525424, 5525436, 5525475, 5525486, 5525845, 5525872, 5525930, 5526332, 5526410, 5526669, 5526828, 5526834, 5526928, 5527035, 5527268, 5527359, 5527397, 5527407, 5527544, 5527699, 5527841, 5527984, 5527996, 5528365, 5528445, 5528531, 5528776, 5528788, 5528869, 5528940, 5529056, 5529139, 5529188, 5529199, 5529319, 5529325, 5529345, 5529780, 5529823, 5530318, 5530421, 5530552, 5530587, 5530725, 5530763, 5530814, 5530932, 5531118, 5531310, 5531458, 5531706, 5531715, 5532037, 5532041, 5532059, 5532122, 5532145, 5532167, 5532221, 5532274, 5532448, 5532484, 5532555, 5532605, 5532611, 5532791, 5533004, 5533021, 5533100, 5533218, 5533286, 5533389, 5533470, 5533796, 5533939, 5534004, 5534043, 5534086, 5534459, 5534614, 5534721, 5534740, 5534774, 5534810, 5535056, 5535316, 5535359, 5535451, 5535465, 5535516, 5535590, 5535626, 5535732, 5535794, 5535997, 5536203, 5536275, 5536283, 5536510, 5536540, 5536540, 5536606, 5536615, 5536811, 5536916, 5537051, 5537310, 5537458, 5537490, 5537856, 5537954, 5537959, 5538065, 5538088, 5538138, 5538536, 5538672, 5538704, 5538784, 5538791, 5538801, 5538945, 5539029, 5539385, 5539424, 5539524, 5539640, 5539711, 5539840, 5539901, 5539926, 5539926, 5540067, 5540089, 5540196, 5540245, 5540453, 5540477, 5540490, 5540590, 5540620, 5540723, 5540751, 5540806, 5540875, 5540893, 5541079, 5541191, 5541221, 5541259, 5541306, 5541349, 5541550, 5541662, 5541844, 5541863, 5541891, 5541895, 5541913, 5541915, 5542063, 5542081, 5542133, 5542139, 5542254, 5542314, 5542363, 5542370, 5542470, 5542505, 5542533, 5542580, 5542683, 5542915, 5542970, 5542989, 5542996, 5543069, 5543085, 5543104, 5543161, 5543236, 5543271, 5543414, 5543792, 5543884, 5544225, 5544253, 5544289, 5544350, 5544386, 5544440, 5544541, 5544547, 5544563, 5544739, 5544958, 5544974, 5545235, 5545394, 5545472, 5545589, 5545822, 5546083, 5546294, 5546316, 5546333, 5546361, 5546488, 5546519, 5546525, 5546540, 5546563, 5546572, 5546659, 5546752, 5546770, 5546868, 5547048, 5547215, 5547397, 5547432, 5547651, 5547657, 5547686, 5547735, 5547738, 5547937, 5548007, 5548366, 5548379, 5548617, 5548653, 5548685, 5549087, 5549142, 5549189, 5549197, 5549269, 5549306, 5549506, 5549595, 5549900, 5549908, 5550057, 5550193, 5550651, 5550940, 5551074, 5551283, 5551291, 5551332, 5551548, 5551733, 5552052, 5552223, 5552366, 5552375, 5552487, 5552714, 5552733, 5552740, 5552809, 5552871, 5552972, 5553001, 5553135, 5553149, 5553170, 5553324, 5553329, 5553384, 5553391, 5553444, 5553469, 5553503, 5553560, 5553812, 5554015, 5554035, 5554277, 5554289, 5554365, 5554470, 5554565, 5554566, 5554655, 5554791, 5554965, 5555000, 5555084, 5555185, 5555277, 5555302, 5555372, 5555570, 5555673, 5555726, 5555917, 5556061, 5556155, 5556228, 5556252, 5556301, 5556313, 5556376, 5556441, 5556448, 5556566, 5556705, 5557205, 5557343, 5557359, 5557418, 5557488, 5557587, 5557621, 5557806, 5557930, 5558246, 5558353, 5558480, 5558500, 5558545, 5558607, 5558616, 5558691, 5558826, 5559217, 5559390, 5559461, 5559525, 5559601, 5559776, 5560045, 5560063, 5560137, 5560170, 5560345, 5560351, 5560352, 5560515, 5560746, 5560836, 5560908, 5561055, 5561170, 5561245, 5561275, 5561306, 5561339, 5561357, 5561365, 5561583, 5561663, 5561668, 5561693, 5561741, 5561830, 5561833, 5561839, 5562367, 5562403, 5562490, 5562493, 5562539, 5562595, 5562782, 5563092, 5563160, 5563264, 5563448, 5563549, 5563613, 5563716, 5563759, 5563991, 5564080, 5564243, 5564417, 5564492, 5564512, 5564586, 5564608, 5564708, 5564844, 5564850, 5564974, 5564999, 5565067, 5565214, 5565245, 5565336, 5565384, 5565410, 5565427, 5565437, 5565470, 5565496, 5565624, 5565650, 5565680, 5565712, 5565787, 5565824, 5566012, 5566020, 5566026, 5566027, 5566237, 5566265, 5566399, 5566399, 5566465, 5566594, 5566604, 5567009, 5567199, 5567458, 5567497, 5567603, 5567647, 5567653, 5567670, 5567681, 5567846, 5568163, 5568186, 5568197, 5568208, 5568349, 5568369, 5568505, 5568578, 5568686, 5568796, 5568862, 5569074, 5569286, 5569353, 5569396, 5569669, 5569761, 5569783, 5569802, 5569864, 5569867, 5569981, 5570001, 5570105, 5570173, 5570239, 5570376, 5570480, 5570715, 5570750, 5570806, 5570836, 5570840, 5571087, 5571188, 5571290, 5571349, 5571846, 5571968, 5572177, 5572212, 5572224, 5572283, 5572283, 5572308, 5572311, 5572329, 5572337, 5572491, 5572510, 5572589, 5572705, 5572738, 5572997, 5573089, 5573100, 5573172, 5573411, 5573411, 5573433, 5573893, 5573923, 5573968, 5574147, 5574175, 5574182, 5574250, 5574318, 5574436, 5574481, 5574493, 5574504, 5574522, 5574645, 5574748, 5574833, 5574892, 5574992, 5575008, 5575256, 5575674, 5575685, 5575705, 5575826, 5576047, 5576070, 5576094, 5576374, 5576379, 5576388, 5576436, 5576516, 5576547, 5576652, 5576952, 5577068, 5577129, 5577276, 5577302, 5577351, 5577424, 5577520, 5577670, 5577742, 5577784, 5577848, 5577858, 5578105, 5578401, 5578473, 5578488, 5578683, 5578804, 5578921, 5578978, 5578999, 5579012, 5579120, 5579416, 5579652, 5579690, 5579744, 5579835, 5579944, 5580160, 5580343, 5580354, 5580481, 5580556, 5580589, 5580720, 5580917, 5580973, 5580986, 5581047, 5581135, 5581261, 5581283, 5581420, 5581652, 5581712, 5582032, 5582120, 5582136, 5582205, 5582341, 5582428, 5582562, 5582720, 5582774, 5582947, 5582978, 5583209, 5583666, 5583768, 5583829, 5583876, 5584107, 5584123, 5584336, 5584377, 5584471, 5584642, 5584719, 5584780, 5584948, 5584963, 5585289, 5585351, 5585420, 5585426, 5585440, 5585530, 5585709, 5585719, 5585817, 5585823, 5585862, 5586278, 5586296, 5586469, 5586617, 5586704, 5586780, 5586798, 5586841, 5586867, 5587104, 5587122, 5587185, 5587193, 5587289, 5587410, 5587461, 5587487, 5587720, 5587815, 5587824, 5587904, 5587950, 5587974, 5588286, 5588358, 5588370, 5588491, 5588571, 5588695, 5588734, 5588765, 5588786, 5588889, 5589011, 5589106, 5589275, 5589361, 5589516, 5589535, 5589568, 5589576, 5589632, 5589639, 5589708, 5589738, 5589748, 5589792, 5589949, 5589950, 5590116, 5590139, 5590185, 5590240, 5590366, 5590533, 5590535, 5590681, 5590784, 5590849, 5590881, 5590888, 5590921, 5590956, 5590997, 5591083, 5591442, 5591514, 5591610, 5591727, 5591748, 5591759, 5591834, 5591845, 5592006, 5592062, 5592153, 5592215, 5592355, 5592405, 5592452, 5592472, 5592700, 5592704, 5592942, 5592971, 5592997, 5593010, 5593069, 5593076, 5593123, 5593243, 5593418, 5594006, 5594088, 5594100, 5594154, 5594251, 5594294, 5594362, 5594451, 5594495, 5594596, 5594659, 5594684, 5594768, 5594822, 5594827, 5594993, 5595089, 5595283, 5595351, 5595438, 5595708, 5595831, 5595946, 5596037, 5596072, 5596234, 5596382, 5596484, 5596564, 5596589, 5596777, 5596868, 5597091, 5597159, 5597215, 5597227, 5597258, 5597300, 5597379, 5597450, 5597477, 5597521, 5597676, 5597746, 5597792, 5598036, 5598121, 5598401, 5598682, 5598765, 5598902, 5598965, 5599084, 5599178, 5599186, 5599194, 5599307, 5599435, 5599441, 5599442, 5599445, 5599461, 5599508, 5599627, 5599677, 5599724, 5599748, 5599808, 5600003, 5600143, 5600238, 5600392, 5600424, 5600607, 5600673, 5600918, 5600923, 5600981, 5601078, 5601324, 5601502, 5601902, 5602083, 5602331, 5602469, 5602491, 5602909, 5603055, 5603202, 5603295, 5603342, 5603357, 5603521, 5603539, 5603636, 5603697, 5603735, 5603807, 5603823, 5603885, 5603930, 5603932, 5604213, 5604296, 5604366, 5604454, 5604532, 5604729, 5604756, 5604915, 5604946, 5604968, 5605127, 5605330, 5605372, 5605475, 5605546, 5605731, 5605789, 5605811, 5605830, 5605857, 5605857, 5605893, 5605970, 5606048, 5606072, 5606184, 5606247, 5606340, 5606481, 5606543, 5606583, 5606672, 5606681, 5606976, 5607191, 5607202, 5607213, 5607278, 5607280, 5607335, 5607339, 5607552, 5607663, 5607774, 5607827, 5607843, 5607920, 5607986, 5608256, 5608336, 5608528, 5608668, 5608684, 5608687, 5608693, 5608770, 5608803, 5608836, 5608907, 5608944, 5609087, 5609111, 5609144, 5609214, 5609446, 5609878, 5609893, 5610152, 5610192, 5610216, 5610430, 5610450, 5610475, 5610736, 5610789, 5610834, 5610837, 5610843, 5611137, 5611218, 5611568, 5611727, 5611918, 5611977, 5612010, 5612052, 5612244, 5612244, 5612288, 5612543, 5612688, 5612838, 5612950, 5613202, 5613305, 5613380, 5613712, 5613736, 5613962, 5614150, 5614344, 5614365, 5614378, 5614394, 5614497, 5614535, 5614649, 5614662, 5614761, 5614832, 5614862, 5614908, 5615015, 5615129, 5615217, 5615530, 5615608, 5615670, 5615773, 5615774, 5615805, 5615817, 5615820, 5615848, 5616018, 5616083, 5616091, 5616299, 5616523, 5616638, 5616647, 5616675, 5616683, 5616699, 5616832, 5616867, 5616884, 5616930, 5616966, 5617225, 5617433, 5617743, 5617841, 5617865, 5617896, 5618003, 5618101, 5618101, 5618300, 5618377, 5618391, 5618456, 5618469, 5618489, 5618696, 5618721, 5618770, 5618810, 5619042, 5619095, 5619112, 5619126, 5619135, 5619140, 5619263, 5619328, 5619500, 5619516, 5619813, 5619836, 5619914, 5620018, 5620088, 5620164, 5620314, 5620337, 5620391, 5620452, 5620679, 5620693, 5620754, 5620800, 5620885, 5621093, 5621103, 5621129, 5621293, 5621397, 5621464, 5621867, 5621902, 5621920, 5622040, 5622092, 5622206, 5622320, 5622349, 5622529, 5622792, 5622819, 5622824, 5622848, 5622877, 5622916, 5622916, 5623147, 5623319, 5623475, 5623667, 5623689, 5623704, 5623899, 5623917, 5623981, 5623992, 5624093, 5624130, 5624149, 5624264, 5624384, 5624475, 5624479, 5624670, 5624881, 5625182, 5625283, 5625322, 5625670, 5625941, 5626005, 5626074, 5626187, 5626232, 5626299, 5626459, 5626621, 5626697, 5626776, 5626904, 5626927, 5627071, 5627143, 5627159, 5627330, 5627585, 5627983, 5627993, 5628178, 5628344, 5628382, 5628495, 5628536, 5628543, 5628580, 5628595, 5628662, 5628668, 5629021, 5629156, 5629179, 5629424, 5629550, 5629970, 5629999, 5630026, 5630148, 5630461, 5630501, 5630791, 5631275, 5631356, 5631387, 5631612, 5631626, 5631641, 5631890, 5632002, 5632058, 5632087, 5632123, 5632508, 5632542, 5632796, 5632881, 5633067, 5633204, 5633246, 5633254, 5633397, 5633437, 5633480, 5633498, 5633614, 5633685, 5634018, 5634109, 5634156, 5634268, 5634351, 5634408, 5634665, 5634705, 5634764, 5634925, 5635189, 5635355, 5635396, 5635510, 5635519, 5635595, 5635733, 5636077, 5636078, 5636162, 5636276, 5636500, 5636520, 5636531, 5636617, 5636628, 5636662, 5636733, 5636893, 5637078, 5637119, 5637307, 5637351, 5637414, 5637435, 5637486, 5637824, 5638025, 5638126, 5638133, 5638206, 5638517, 5638632, 5638765, 5638804, 5639129, 5639182, 5639469, 5640013, 5640086, 5640125, 5640187, 5640311, 5640331, 5640545, 5640646, 5640680, 5640838, 5641305, 5641474, 5641541, 5641706, 5641760, 5641827, 5641849, 5641874, 5641978, 5642005, 5642096, 5642155, 5642214, 5642324, 5642389, 5642420, 5642530, 5642552, 5642753, 5642757, 5642932, 5642992, 5643108, 5643111, 5643122, 5643141, 5643336, 5643366, 5643366, 5643404, 5643415, 5643583, 5643634, 5643644, 5643674, 5643676, 5643680, 5643758, 5643793, 5643793, 5643855, 5643963, 5644042, 5644063, 5644321, 5644550, 5644609, 5644745, 5644758, 5644831, 5644862, 5645169, 5645307, 5645474, 5645537, 5646060, 5646399, 5646505, 5646615, 5646749, 5646851, 5646958, 5647400, 5647523, 5647783, 5647949, 5647968, 5648049, 5648217, 5648273, 5648283, 5648595, 5648664, 5648713, 5648845, 5648996, 5649034, 5649037, 5649076, 5649118, 5649121, 5649208, 5649450, 5649508, 5649634, 5649883, 5649993, 5650118, 5650188, 5650211, 5650334, 5650411, 5650452, 5650505, 5650605, 5650729, 5650754, 5650763, 5650781, 5650826, 5650891, 5651137, 5651194, 5651341, 5651571, 5651890, 5651953, 5652037, 5652075, 5652075, 5652122, 5652232, 5652468, 5652522, 5652718, 5652750, 5652913, 5653007, 5653122, 5653178, 5653423, 5653564, 5653662, 5653925, 5653932, 5653976, 5653994, 5654037, 5654168, 5654203, 5654465, 5654679, 5654803, 5654831, 5654865, 5654946, 5654984, 5655033, 5655281, 5655288, 5655312, 5655366, 5655536, 5655835, 5655872, 5655874, 5655968, 5655970, 5656483, 5656513, 5656521, 5656617, 5656737, 5656897, 5657003, 5657101, 5657243, 5657283, 5657355, 5657407, 5657774, 5657829, 5657855, 5657992, 5658126, 5658160, 5658329, 5658411, 5658718, 5658864, 5658949, 5658987, 5659081, 5659128, 5659453, 5659633, 5659706, 5659729, 5659815, 5659929, 5660061, 5660089, 5660196, 5660207, 5660247, 5660291, 5660757, 5661193, 5661958, 5661983, 5662222, 5662230, 5662381, 5662530, 5662803, 5662909, 5662916, 5663010, 5663110, 5663152, 5663233, 5663299, 5663423, 5663556, 5663624, 5663854, 5663875, 5663927, 5663931, 5663989, 5664039, 5664090, 5664127, 5664145, 5664235, 5664270, 5664271, 5664311, 5664500, 5664855, 5664948, 5665074, 5665121, 5665199, 5665238, 5665363, 5665442, 5665561, 5665731, 5665796, 5665858, 5666186, 5666288, 5666317, 5666492, 5666560, 5666565, 5666600, 5666620, 5666654, 5666656, 5666681, 5666696, 5666811, 5666871, 5667008, 5667116, 5667193, 5667202, 5667445, 5667448, 5667478, 5667784, 5667898, 5668116, 5668129, 5668153, 5668177, 5668266, 5668298, 5668344, 5668372, 5668404, 5668800, 5668951, 5669054, 5669110, 5669408, 5669471, 5669529, 5669555, 5669817, 5670049, 5670092, 5670100, 5670481, 5670503, 5670968, 5671091, 5671241, 5671427, 5671513, 5671530, 5671554, 5671673, 5671739, 5671743, 5671759, 5671879, 5671997, 5672338, 5672496, 5672501, 5672776, 5672946, 5672954, 5672996, 5673068, 5673246, 5673286, 5673315, 5673384, 5673400, 5673453, 5673630, 5673764, 5673800, 5673804, 5673996, 5674394, 5674413, 5674484, 5674522, 5674704, 5674892, 5674911, 5674912, 5674931, 5674938, 5675066, 5675074, 5675106, 5675333, 5675404, 5675487, 5675743, 5675803, 5676017, 5676200, 5676275, 5676362, 5676622, 5676703, 5676826, 5676861, 5677003, 5677105, 5677171, 5677227, 5677339, 5677379, 5677485, 5677578, 5677779, 5677870, 5677903, 5677929, 5678003, 5678022, 5678079, 5678168, 5678169, 5678336, 5678383, 5678514, 5678631, 5678895, 5678909, 5678921, 5679191, 5679209, 5679216, 5679289, 5679385, 5679788, 5679839, 5680114, 5680176, 5680616, 5680632, 5680725, 5681110, 5681154, 5681161, 5681468, 5681484, 5681578, 5681680, 5681693, 5681703, 5681715, 5681761, 5681961, 5681969, 5682226, 5682493, 5682562, 5682568, 5682645, 5682739, 5682794, 5682833, 5683109, 5683127, 5683164, 5683202, 5683279, 5683417, 5683815, 5683944, 5683948, 5683959, 5683960, 5683969, 5683998, 5684011, 5684252, 5684257, 5684326, 5684635, 5684753, 5684768, 5684864, 5684886, 5684931, 5684932, 5684957, 5685053, 5685448, 5685453, 5685461, 5685694, 5685733, 5685756, 5686038, 5686106, 5686123, 5686137, 5686371, 5686401, 5686472, 5686538, 5686563, 5686687, 5686732, 5687209, 5687855, 5687962, 5688023, 5688060, 5688101, 5688322, 5688342, 5688399, 5688550, 5688581, 5688594, 5688698, 5688734, 5688786, 5688888, 5688888, 5688926, 5689024, 5689146, 5689256, 5689281, 5689346, 5689350, 5689351, 5689613, 5689678, 5689714, 5689725, 5689846, 5689895, 5689993, 5689995, 5690186, 5690238, 5690307, 5690689, 5690791, 5690980, 5691015, 5691188, 5691320, 5691362, 5691394, 5691611, 5691681, 5691701, 5691991, 5692063, 5692189, 5692504, 5692618, 5692835, 5692937, 5692999, 5693226, 5693385, 5693431, 5693456, 5693518, 5693550, 5693770, 5694048, 5694131, 5694166, 5694449, 5694478, 5694509, 5694537, 5694633, 5694805, 5694993, 5695107, 5695110, 5695312, 5695369, 5695390, 5695410, 5695488, 5695530, 5695668, 5695709, 5695775, 5695798, 5695889, 5696046, 5696063, 5696146, 5696156, 5696389, 5696444, 5696632, 5696803, 5696841, 5696868, 5697114, 5697125, 5697223, 5697237, 5697383, 5697390, 5697438, 5697490, 5697495, 5697500, 5697797, 5698063, 5698101, 5698179, 5698180, 5698260, 5698387, 5698463, 5698479, 5698501, 5698653, 5698811, 5698834, 5698870, 5698947, 5698961, 5698964, 5699038, 5699134, 5699197, 5699219, 5699654, 5699663, 5699773, 5699801, 5699906, 5699982, 5700072, 5700272, 5700356, 5700439, 5700557, 5700810, 5701101, 5701181, 5701192, 5701202, 5701365, 5701424, 5701493, 5701550, 5701556, 5701572, 5701829, 5701976, 5701987, 5702018, 5702039, 5702343, 5702446, 5702691, 5702757, 5702789, 5702824, 5702846, 5702982, 5703007, 5703079, 5703149, 5703218, 5703275, 5703331, 5703339, 5703362, 5703433, 5703469, 5703558, 5703580, 5703630, 5703647, 5703737, 5703800, 5703936, 5703954, 5703994, 5704269, 5704286, 5704300, 5704375, 5704560, 5704579, 5704850, 5705118, 5705678, 5705809, 5705814, 5705876, 5706028, 5706040, 5706185, 5706201, 5706552, 5706736, 5706902, 5706927, 5706959, 5706963, 5707190, 5707197, 5707353, 5707452, 5707526, 5707672, 5707893, 5708018, 5708084, 5708136, 5708152, 5708204, 5708322, 5708339, 5708427, 5708609, 5708623, 5708635, 5708830, 5709094, 5709117, 5709226, 5709228, 5709266, 5709273, 5709394, 5709607, 5710062, 5710132, 5710154, 5710251, 5710341, 5710354, 5710704, 5710731, 5710907, 5711017, 5711045, 5711136, 5711226, 5711273, 5711277, 5711498, 5711544, 5711590, 5711727, 5711798, 5711952, 5711992, 5712050, 5712151, 5712349, 5712571, 5712620, 5712644, 5712652, 5712690, 5712809, 5712865, 5712945, 5713069, 5713135, 5713320, 5713549, 5713568, 5713626, 5713646, 5713670, 5713675, 5713713, 5713838, 5713965, 5714077, 5714124, 5714182, 5714215, 5714291, 5714371, 5714487, 5714514, 5714576, 5714644, 5714992, 5715247, 5715532, 5715749, 5715789, 5715791, 5715814, 5715879, 5715887, 5715909, 5715942, 5715967, 5716190, 5716222, 5716362, 5716664, 5716705, 5716944, 5717031, 5717083, 5717508, 5717598, 5718045, 5718061, 5718152, 5718208, 5718430, 5718520, 5718725, 5718736, 5718745, 5718787, 5718840, 5718856, 5718994, 5718998, 5719002, 5719165, 5719253, 5719363, 5719413, 5719518, 5719794, 5719914, 5720000, 5720022, 5720066, 5720128, 5720198, 5720272, 5720306, 5720401, 5720532, 5720662, 5720823, 5720824, 5721110, 5721325, 5721529, 5721558, 5721560, 5721561, 5721603, 5721748, 5721771, 5721846, 5721855, 5721877, 5721900, 5721929, 5721997, 5722044, 5722111, 5722181, 5722197, 5722244, 5722369, 5722523, 5722568, 5722676, 5722851, 5722875, 5722913, 5722954, 5722984, 5722985, 5722986, 5723025, 5723060, 5723113, 5723131, 5723259, 5723284, 5723369, 5723563, 5723880, 5723967, 5724052, 5724196, 5724206, 5724238, 5724247, 5724583, 5724633, 5724725, 5724742, 5725369, 5725389, 5725421, 5725434, 5725532, 5725583, 5725591, 5725607, 5725651, 5725652, 5725662, 5725712, 5726017, 5726058, 5726071, 5726082, 5726145, 5726195, 5726274, 5726318, 5726383, 5726384, 5726396, 5726573, 5726638, 5726649, 5726759, 5726772, 5726866, 5726902, 5726969, 5727241, 5727339, 5727428, 5727431, 5727438, 5727651, 5728242, 5728337, 5728505, 5728581, 5728617, 5728653, 5728702, 5728738, 5728992, 5729085, 5729102, 5729309, 5729390, 5729487, 5729576, 5729731, 5729784, 5730113, 5730134, 5730154, 5730162, 5730254, 5730310, 5730311, 5730469, 5730612, 5730802, 5730831, 5730848, 5730886, 5730905, 5730974, 5731061, 5731150, 5731168, 5731225, 5731488, 5731587, 5731843, 5731953, 5732048, 5732127, 5732335, 5732379, 5732392, 5732451, 5732455, 5732522, 5732594, 5732848, 5732941, 5733128, 5733261, 5733292, 5733326, 5733449, 5733467, 5733472, 5733972, 5734098, 5734138, 5734149, 5734273, 5734358, 5734419, 5734748, 5734767, 5734876, 5734886, 5734886, 5734891, 5734942, 5735059, 5735230, 5735233, 5735323, 5735556, 5735593, 5735729, 5735812, 5736041, 5736060, 5736088, 5736385, 5736435, 5736527, 5736553, 5736767, 5736832, 5736969, 5737005, 5737131, 5737234, 5737424, 5737658, 5737671, 5737707, 5737858, 5737979, 5738230, 5738473, 5738534, 5738550, 5738695, 5738704, 5738732, 5738807, 5738820, 5738851, 5739010, 5739056, 5739355, 5739360, 5739410, 5739481, 5739551, 5739637, 5740012, 5740201, 5740259, 5740887, 5740979, 5741553, 5741568, 5741618, 5741772, 5741891, 5741928, 5742044, 5742089, 5742239, 5742288, 5742564, 5742676, 5742989, 5743025, 5743104, 5743146, 5743337, 5743341, 5743408, 5743468, 5743511, 5743578, 5743692, 5743825, 5743988, 5744321, 5744379, 5744404, 5744426, 5744429, 5744528, 5744539, 5744551, 5744667, 5744827, 5744845, 5744860, 5744907, 5744961, 5745016, 5745038, 5745085, 5745092, 5745104, 5745198, 5745679, 5745838, 5745848, 5745914, 5745944, 5746371, 5746382, 5746454, 5746576, 5746611, 5746855, 5746855, 5746928, 5746965, 5747021, 5747030, 5747043, 5747055, 5747130, 5747154, 5747331, 5747352, 5747552, 5747580, 5747980, 5748065, 5748082, 5748091, 5748142, 5748144, 5748231, 5748492, 5748571, 5748573, 5748709, 5748718, 5748827, 5748902, 5748904, 5749091, 5749213, 5749330, 5749415, 5749432, 5749671, 5749702, 5749763, 5749770, 5749827, 5749942, 5750046, 5750417, 5750479, 5750674, 5750694, 5750745, 5750801, 5750891, 5751028, 5751065, 5751431, 5751638, 5751673, 5751678, 5751679, 5751737, 5751934, 5751956, 5751957, 5751985, 5752035, 5752132, 5752222, 5752272, 5752289, 5752480, 5752580, 5752845, 5753012, 5753026, 5753146, 5753166, 5753371, 5753494, 5753592, 5753613, 5753647, 5753735, 5754129, 5754173, 5754485, 5754881, 5754890, 5754956, 5755162, 5755350, 5755430, 5755549, 5755661, 5755720, 5755798, 5755810, 5755993, 5756022, 5756250, 5756307, 5756341, 5756482, 5756536, 5756622, 5756670, 5756675, 5756995, 5757007, 5757027, 5757165, 5757291, 5757324, 5758154, 5758170, 5758333, 5758432, 5758438, 5758451, 5758504, 5758568, 5758645, 5758658, 5758684, 5758697, 5758724, 5758791, 5758803, 5758820, 5758951, 5759029, 5759046, 5759100, 5759250, 5759277, 5759393, 5759458, 5759524, 5759765, 5759767, 5759795, 5760162, 5760246, 5760337, 5760424, 5760446, 5760518, 5760566, 5760760, 5761147, 5761306, 5761331, 5761349, 5761412, 5761550, 5761576, 5761590, 5761723, 5761843, 5761958, 5762243, 5762500, 5762594, 5762716, 5762745, 5762789, 5762820, 5762999, 5763187, 5763562, 5763606, 5763964, 5763988, 5763997, 5764120, 5764423, 5764434, 5764463, 5764505, 5764977, 5765148, 5765154, 5765380, 5765445, 5765624, 5765784, 5765813, 5765923, 5766029, 5766068, 5766257, 5766410, 5766643, 5766716, 5766732, 5766808, 5766841, 5766967, 5767048, 5767086, 5767089, 5767099, 5767136, 5767206, 5767282, 5767345, 5767401, 5767522, 5767524, 5767539, 5767581, 5767674, 5767852, 5768050, 5768094, 5768188, 5768200, 5768230, 5768318, 5768386, 5768434, 5768666, 5768734, 5768811, 5768849, 5768881, 5769113, 5769253, 5769256, 5769279, 5769552, 5769555, 5769632, 5769640, 5769761, 5769868, 5769970, 5770111, 5770126, 5770178, 5770215, 5770282, 5770285, 5770663, 5770754, 5771103, 5771182, 5771256, 5771284, 5771438, 5771447, 5771483, 5771483, 5771534, 5771817, 5771839, 5772074, 5772114, 5772126, 5772149, 5772387, 5772435, 5772482, 5772591, 5772633, 5772689, 5772803, 5773003, 5773018, 5773021, 5773355, 5773387, 5773489, 5773668, 5773747, 5773770, 5773802, 5773947, 5774011, 5774032, 5774116, 5774181, 5774277, 5774303, 5774342, 5774391, 5774395, 5774513, 5774526, 5774636, 5774643, 5774762, 5774884, 5775098, 5775522, 5775610, 5775651, 5775866, 5775866, 5775931, 5775960, 5775966, 5775968, 5776014, 5776166, 5776290, 5776307, 5776350, 5776400, 5776501, 5776836, 5776869, 5776908, 5777023, 5777276, 5777319, 5777422, 5777667, 5777977, 5778039, 5778206, 5778266, 5778405, 5778407, 5778408, 5778443, 5778514, 5778695, 5778863, 5778909, 5779116, 5779118, 5779142, 5779485, 5779595, 5779606, 5779661, 5779844, 5779997, 5780006, 5780072, 5780078, 5780109, 5780124, 5780225, 5780272, 5780364, 5780456, 5780586, 5780600, 5780741, 5780758, 5780847, 5780855, 5780873, 5780925, 5781083, 5781125, 5781223, 5781306, 5781506, 5781629, 5781675, 5781711, 5781716, 5781746, 5781912, 5781968, 5782011, 5782262, 5782354, 5782494, 5782684, 5782815, 5782905, 5782934, 5783174, 5783177, 5783201, 5783457, 5783753, 5783858, 5784139, 5784204, 5784218, 5784225, 5784251, 5784257, 5784272, 5784323, 5784399, 5784523, 5784594, 5784645, 5784675, 5784800, 5784819, 5784978, 5785002, 5785039, 5785124, 5785131, 5785429, 5785571, 5785774, 5785801, 5785833, 5785901, 5785919, 5786085, 5786087, 5786110, 5786174, 5786383, 5786404, 5786761, 5786815, 5786946, 5787138, 5787212, 5787247, 5787368, 5787659, 5787713, 5787772, 5787818, 5787921, 5788263, 5788354, 5788549, 5788649, 5788767, 5788838, 5788875, 5788991, 5789116, 5789248, 5789440, 5789448, 5789466, 5789687, 5789815, 5789819, 5790265, 5790379, 5790381, 5790416, 5790527, 5790731, 5790767, 5790925, 5791001, 5791163, 5791229, 5791362, 5791387, 5791465, 5791507, 5791661, 5791703, 5791978, 5792014, 5792030, 5792034, 5792123, 5792242, 5792297, 5792323, 5792370, 5792512, 5792520, 5792630, 5792676, 5792779, 5792882, 5793061, 5793151, 5793171, 5793357, 5793417, 5793418, 5793474, 5793572, 5793750, 5793860, 5794051, 5794069, 5794117, 5794178, 5794203, 5794216, 5794355, 5794398, 5794445, 5794471, 5794765, 5795041, 5795171, 5795202, 5795312, 5795347, 5795421, 5795470, 5795514, 5795516, 5795761, 5795864, 5795961, 5795997, 5796215, 5796279, 5796405, 5796460, 5796571, 5796667, 5797020, 5797211, 5797340, 5797357, 5797384, 5797451, 5797738, 5797760, 5797975, 5798011, 5798134, 5798242, 5798287, 5798295, 5798422, 5798725, 5798977, 5799306, 5799448, 5799495, 5799540, 5799617, 5799776, 5799823, 5799947, 5800016, 5800043, 5800086, 5800337, 5800487, 5800582, 5800691, 5800798, 5800868, 5800916, 5801027, 5801047, 5801053, 5801138, 5801209, 5801392, 5801424, 5801424, 5801576, 5801627, 5801695, 5801744, 5801766, 5801837, 5801841, 5801981, 5802114, 5802116, 5802230, 5802446, 5802452, 5802542, 5802608, 5802735, 5802757, 5802981, 5803469, 5803495, 5803735, 5803739, 5803779, 5803780, 5803899, 5803957, 5803961, 5803994, 5804012, 5804077, 5804079, 5804081, 5804157, 5804190, 5804382, 5804413, 5804653, 5804726, 5804841, 5804922, 5804982, 5804986, 5805101, 5805111, 5805364, 5805409, 5805435, 5805685, 5805694, 5805706, 5805766, 5805770, 5805818, 5805821, 5805876, 5806071, 5806140, 5806295, 5806298, 5806376, 5806385, 5806500, 5806618, 5806664, 5806735, 5806748, 5806766, 5806785, 5806815, 5807112, 5807374, 5807452, 5807796, 5807941, 5808040, 5808062, 5808100, 5808153, 5808196, 5808205, 5808367, 5808399, 5808425, 5808532, 5808729, 5808757, 5808802, 5808858, 5808893, 5809256, 5809481, 5809530, 5809643, 5809662, 5809791, 5809817, 5809969, 5810307, 5810547, 5810700, 5810773, 5810837, 5810962, 5811036, 5811269, 5811337, 5811470, 5811498, 5811885, 5811917, 5811947, 5811965, 5812104, 5812148, 5812201, 5812201, 5812337, 5812423, 5812428, 5812542, 5812600, 5812853, 5812941, 5813489, 5813495, 5813690, 5813702, 5813724, 5813738, 5813918, 5814093, 5814096, 5814255, 5814259, 5814291, 5814394, 5814497, 5814658, 5814675, 5814732, 5814798, 5814996, 5815068, 5815095, 5815149, 5815217, 5815336, 5815519, 5815734, 5815787, 5815811, 5816085, 5816105, 5816237, 5816307, 5816514, 5816544, 5816632, 5816703, 5816834, 5816931, 5817136, 5817194, 5817272, 5817383, 5817410, 5817420, 5817450, 5817463, 5817601, 5817651, 5817677, 5817702, 5817740, 5817776, 5817873, 5817873, 5818006, 5818091, 5818239, 5818297, 5818313, 5818414, 5818550, 5818613, 5818634, 5818805, 5818811, 5818844, 5818873, 5818890, 5818964, 5819005, 5819034, 5819122, 5819161, 5819193, 5819248, 5819301, 5819440, 5819569, 5819664, 5819673, 5819802, 5820098, 5820170, 5820200, 5820386, 5820465, 5820498, 5820516, 5820646, 5820710, 5820726, 5821279, 5821555, 5821565, 5821664, 5821756, 5821976, 5822194, 5822253, 5822344, 5822392, 5822521, 5822840, 5822858, 5823100, 5823101, 5823143, 5823264, 5823457, 5823567, 5823889, 5824180, 5824213, 5824317, 5824433, 5824508, 5824544, 5824771, 5824927, 5824946, 5824975, 5825041, 5825069, 5825265, 5825480, 5825897, 5826236, 5826327, 5826439, 5826536, 5826563, 5826692, 5826738, 5827059, 5827651, 5827725, 5827764, 5827912, 5828145, 5828146, 5828152, 5828233, 5828304, 5828334, 5828392, 5828475, 5828487, 5828545, 5828576, 5828630, 5828685, 5829219, 5829258, 5829484, 5829613, 5829619, 5829628, 5829741, 5829964, 5830365, 5830485, 5830515, 5830916, 5830952, 5830969, 5830971, 5831004, 5831156, 5831193, 5831236, 5831383, 5831634, 5831824, 5831881, 5832040, 5832107, 5832158, 5832205, 5832227, 5832241, 5832259, 5832260, 5832331, 5832383, 5832390, 5832402, 5832422, 5832537, 5832547, 5832646, 5832719, 5833041, 5833050, 5833283, 5833396, 5833426, 5833442, 5833491, 5833574, 5833702, 5833825, 5833914, 5833993, 5834007, 5834080, 5834223, 5834225, 5834236, 5834437, 5834611, 5834623, 5834740, 5834863, 5834878, 5834889, 5835067, 5835237, 5835242, 5835488, 5835501, 5835666, 5835672, 5835706, 5835757, 5835817, 5835826, 5835865, 5835969, 5836034, 5836124, 5836141, 5836462, 5836525, 5836594, 5836708, 5836732, 5836794, 5836865, 5837131, 5837490, 5837598, 5837701, 5837734, 5837922, 5838059, 5838490, 5838665, 5838765, 5839135, 5839628, 5839631, 5839635, 5839735, 5840140, 5840211, 5840337, 5840487, 5840549, 5840556, 5840619, 5840707, 5840751, 5840835, 5841233, 5841243, 5841269, 5841405, 5841607, 5841652, 5841687, 5841709, 5841770, 5841803, 5841875, 5842039, 5842161, 5842243, 5842564, 5842709, 5842735, 5842850, 5843004, 5843010, 5843301, 5843543, 5843712, 5843930, 5843980, 5843991, 5844007, 5844025, 5844046, 5844171, 5844233, 5844265, 5844764, 5844872, 5844884, 5844927, 5844943, 5845094, 5845146, 5845160, 5845444, 5845462, 5845583, 5845630, 5845740, 5845823, 5845827, 5845940, 5846006, 5846042, 5846215, 5846234, 5846243, 5846249, 5846264, 5846354, 5846375, 5846446, 5846597, 5846637, 5846710, 5846816, 5846872, 5846885, 5846889, 5846916, 5846989, 5847140, 5847277, 5847337, 5847377, 5847585, 5847586, 5847589, 5847597, 5847680, 5847697, 5847734, 5847962, 5847994, 5848152, 5848187, 5848413, 5848609, 5848616, 5848698, 5848788, 5848819, 5848893, 5849052, 5849332, 5849334, 5849349, 5849401, 5849496, 5849555, 5849635, 5849685, 5849934, 5850351, 5850377, 5850468, 5850550, 5850608, 5850706, 5850713, 5850744, 5850867, 5850973, 5850973, 5851030, 5851186, 5851276, 5851331, 5851419, 5851460, 5851660, 5851668, 5851795, 5851897, 5851912, 5851948, 5851965, 5852064, 5852099, 5852499, 5852533, 5852644, 5852683, 5852702, 5852797, 5852997, 5853012, 5853527, 5853651, 5853653, 5853773, 5853814, 5853839, 5853984, 5854138, 5854203, 5854266, 5854314, 5854357, 5854369, 5854371, 5854511, 5854656, 5854667, 5854772, 5854826, 5854901, 5854944, 5855017, 5855163, 5855278, 5855280, 5855343, 5855449, 5855623, 5855624, 5855714, 5855734, 5855754, 5855769, 5855812, 5855881, 5855902, 5856032, 5856047, 5856065, 5856397, 5856669, 5856678, 5857473, 5857558, 5857697, 5857702, 5857957, 5858054, 5858091, 5858233, 5858251, 5858259, 5858337, 5858378, 5858389, 5858510, 5858597, 5858723, 5858746, 5858798, 5858840, 5858924, 5858960, 5859134, 5859171, 5859270, 5859285, 5859431, 5859667, 5859825, 5859871, 5859935, 5860140, 5860269, 5860307, 5860391, 5860504, 5860556, 5860809, 5860838, 5861292, 5861306, 5861320, 5861459, 5861546, 5861586, 5861593, 5861599, 5861733, 5861780, 5861827, 5861863, 5861956, 5862025, 5862103, 5862142, 5862502, 5862514, 5862579, 5862615, 5862698, 5862713, 5862769, 5862834, 5862870, 5863027, 5863072, 5863254, 5863316, 5863410, 5863511, 5863533, 5863566, 5863567, 5863742, 5863744, 5863839, 5863870, 5863974, 5864079, 5864124, 5864231, 5864262, 5864327, 5864482, 5864514, 5864597, 5864627, 5864663, 5864683, 5864760, 5864789, 5864802, 5864853, 5864926, 5865001, 5865080, 5865103, 5865334, 5865356, 5865449, 5865559, 5865567, 5865605, 5865612, 5865681, 5865722, 5865922, 5866188, 5866334, 5866443, 5866457, 5866475, 5866760, 5866823, 5866872, 5866950, 5866980, 5866990, 5866990, 5867273, 5867374, 5867598, 5867616, 5867729, 5867863, 5867871, 5867979, 5868075, 5868114, 5868132, 5868154, 5868214, 5868268, 5868289, 5868313, 5869023, 5869140, 5869175, 5869240, 5869302, 5869423, 5869492, 5869518, 5869555, 5869613, 5869635, 5869652, 5869732, 5869820, 5869868, 5869989, 5870387, 5870447, 5870449, 5870509, 5870726, 5871031, 5871055, 5871139, 5871363, 5871466, 5871473, 5871582, 5871663, 5871766, 5871848, 5871884, 5871988, 5872020, 5872087, 5872180, 5872249, 5872309, 5872386, 5872503, 5872508, 5872600, 5872752, 5872844, 5872880, 5872889, 5872909, 5872942, 5873291, 5873359, 5873524, 5873618, 5873630, 5873778, 5873933, 5873946, 5873949, 5874351, 5874390, 5874905, 5875071, 5875360, 5875437, 5875479, 5875628, 5875738, 5875871, 5875872, 5875941, 5876023, 5876051, 5876059, 5876079, 5876133, 5876165, 5876192, 5876196, 5876280, 5876335, 5876468, 5876596, 5876810, 5876898, 5876946, 5877113, 5877295, 5877303, 5877405, 5877457, 5877491, 5877652, 5877761, 5877828, 5877918, 5878090, 5878105, 5878142, 5878319, 5878461, 5878506, 5878513, 5878593, 5878822, 5878835, 5879139, 5879191, 5879218, 5879545, 5879645, 5879966, 5879968, 5879979, 5880022, 5880043, 5880213, 5880292, 5880391, 5880398, 5880415, 5880494, 5880625, 5880882, 5880888, 5880960, 5881075, 5881081, 5881144, 5881353, 5881370, 5881602, 5881662, 5881699, 5881756, 5881972, 5881973, 5882035, 5882199, 5882221, 5882303, 5882603, 5882675, 5882734, 5882857, 5883205, 5883257, 5883371, 5883516, 5883525, 5883587, 5883719, 5884279, 5884349, 5884450, 5884573, 5884870, 5885076, 5885163, 5885231, 5885248, 5885467, 5885723, 5885807, 5885921, 5886118, 5886351, 5886368, 5886387, 5886421, 5886500, 5886555, 5886607, 5886920, 5887059, 5887291, 5887309, 5887336, 5887371, 5887568, 5887568, 5887937, 5887964, 5888378, 5888543, 5888546, 5888613, 5888794, 5889281, 5889305, 5889409, 5889444, 5889498, 5889553, 5889839, 5889953, 5890023, 5890038, 5890221, 5890281, 5890293, 5890360, 5890549, 5890823, 5890905, 5890915, 5891146, 5891196, 5891392, 5891431, 5891445, 5891600, 5891784, 5891803, 5891923, 5892108, 5892161, 5892176, 5892428, 5892521, 5892605, 5892751, 5892761, 5892779, 5892897, 5893258, 5893406, 5893448, 5893463, 5893526, 5893539, 5893572, 5893608, 5893681, 5893775, 5893808, 5893809, 5893895, 5894139, 5894177, 5894181, 5894212, 5894373, 5894533, 5894577, 5894591, 5894637, 5894637, 5894675, 5894893, 5895169, 5895172, 5895288, 5895393, 5895429, 5895601, 5895649, 5895792, 5895835, 5895898, 5895912, 5895975, 5896005, 5896539, 5896608, 5896872, 5896887, 5896966, 5896977, 5897135, 5897270, 5897368, 5897475, 5897475, 5897587, 5897601, 5897781, 5897806, 5897808, 5898070, 5898512, 5898734, 5898830, 5898836, 5898909, 5899170, 5899300, 5899637, 5899767, 5899881, 5900050, 5900148, 5900177, 5900431, 5900465, 5900473, 5900600, 5900605, 5900641, 5900734, 5900777, 5900901, 5901043, 5901161, 5901265, 5901300, 5901307, 5901314, 5901345, 5901414, 5901440, 5901468, 5901476, 5901621, 5901794, 5901882, 5901911, 5902247, 5902556, 5902681, 5902728, 5902852, 5903096, 5903264, 5903347, 5903481, 5903535, 5903690, 5903842, 5904154, 5904239, 5904275, 5904559, 5904790, 5904878, 5905116, 5905131, 5905174, 5905531, 5905591, 5905625, 5905688, 5905840, 5905900, 5906030, 5906163, 5906323, 5906471, 5906506, 5906592, 5906810, 5906912, 5906932, 5906967, 5907174, 5907198, 5907210, 5907242, 5907247, 5907266, 5907434, 5907535, 5907903, 5907947, 5908062, 5908073, 5908351, 5908481, 5908516, 5908633, 5908698, 5908846, 5908983, 5909030, 5909049, 5909102, 5909300, 5909339, 5909430, 5909462, 5909484, 5909618, 5909823, 5909859, 5910075, 5910119, 5910153, 5910430, 5910567, 5910689, 5910974, 5910978, 5911020, 5911142, 5911173, 5911326, 5911538, 5911652, 5911657, 5911723, 5911790, 5911843, 5912075, 5912168, 5912262, 5912412, 5912459, 5912484, 5912509, 5912621, 5912673, 5912681, 5912875, 5912903, 5912990, 5913008, 5913018, 5913306, 5913308, 5913312, 5913325, 5913489, 5913541, 5913570, 5913603, 5913667, 5913681, 5913683, 5913772, 5913885, 5914218, 5914226, 5914435, 5914471, 5914526, 5914541, 5914675, 5914885, 5914979, 5915126, 5915221, 5915322, 5915371, 5915428, 5915791, 5915833, 5915911, 5916079, 5916167, 5916476, 5916606, 5916607, 5916678, 5916708, 5916815, 5916819, 5916978, 5917034, 5917043, 5917168, 5917295, 5917350, 5917379, 5917393, 5917435, 5917455, 5917595, 5917679, 5918063, 5918264, 5918473, 5918509, 5918868, 5918869, 5918910, 5919206, 5919222, 5919460, 5919525, 5919611, 5919767, 5919801, 5919845, 5919921, 5919964, 5920019, 5920081, 5920085, 5920190, 5920692, 5920749, 5920790, 5920811, 5920859, 5920873, 5920979, 5921044, 5921264, 5921281, 5921333, 5921373, 5921412, 5921430, 5921698, 5921772, 5921773, 5921784, 5921785, 5921864, 5921981, 5922070, 5922260, 5922261, 5922312, 5922340, 5922390, 5922672, 5922684, 5922817, 5923332, 5923448, 5923484, 5923514, 5923570, 5923807, 5923905, 5924573, 5924691, 5924994, 5925052, 5925181, 5925324, 5925429, 5925475, 5925724, 5925775, 5925781, 5925813, 5925824, 5925838, 5925868, 5925884, 5926072, 5926127, 5926155, 5926194, 5926223, 5926250, 5926253, 5926564, 5926648, 5926652, 5926704, 5927161, 5927320, 5927544, 5927658, 5927847, 5927878, 5927932, 5928004, 5928078, 5928151, 5928176, 5928208, 5928351, 5928719, 5928889, 5928935, 5928977, 5928978, 5929156, 5929318, 5929365, 5929451, 5929748, 5929922, 5929995, 5930065, 5930095, 5930162, 5930462, 5930513, 5930582, 5930835, 5930959, 5931086, 5931128, 5931274, 5931524, 5931535, 5931567, 5931590, 5931591, 5931743, 5931930, 5932105, 5932146, 5932256, 5932289, 5932306, 5932513, 5932532, 5932534, 5933057, 5933091, 5933157, 5933170, 5933194, 5933219, 5933256, 5933262, 5933298, 5933628, 5933628, 5933659, 5933708, 5933893, 5933895, 5933909, 5934097, 5934210, 5934255, 5934299, 5934384, 5934535, 5934684, 5934714, 5934776, 5934804, 5934836, 5934840, 5934924, 5934942, 5935185, 5935205, 5935218, 5935303, 5935314, 5935384, 5935601, 5935665, 5935730, 5936011, 5936377, 5936713, 5936933, 5937007, 5937075, 5937306, 5937367, 5937470, 5937653, 5937821, 5937884, 5938389, 5938427, 5938569, 5938767, 5939107, 5939263, 5939278, 5939333, 5939339, 5939389, 5939404, 5939486, 5939514, 5939748, 5939848, 5940210, 5940336, 5940394, 5940510, 5940520, 5940731, 5940742, 5940812, 5940984, 5941006, 5941270, 5941270, 5941626, 5941664, 5941773, 5941778, 5941900, 5941913, 5941915, 5942138, 5942171, 5942206, 5942294, 5942370, 5942388, 5942410, 5942598, 5942600, 5942668, 5943030, 5943084, 5943098, 5943325, 5943415, 5943552, 5943673, 5943687, 5944039, 5944053, 5944261, 5944393, 5944483, 5944489, 5944665, 5944739, 5944899, 5945095, 5945194, 5945262, 5945282, 5945284, 5945308, 5945389, 5945497, 5945725, 5945773, 5945972, 5946031, 5946068, 5946183, 5946268, 5946311, 5946349, 5946363, 5946482, 5946654, 5946783, 5946907, 5946978, 5947121, 5947250, 5947500, 5947549, 5947688, 5947689, 5947785, 5947831, 5947931, 5948083, 5948222, 5948224, 5948297, 5948346, 5948418, 5948460, 5948470, 5948490, 5948512, 5948564, 5948566, 5948685, 5948946, 5948973, 5949023, 5949140, 5949390, 5949404, 5949433, 5949437, 5949629, 5949740, 5949757, 5949766, 5949878, 5949912, 5949956, 5950034, 5950354, 5950391, 5950425, 5950478, 5950562, 5950642, 5950659, 5950734, 5950737, 5950773, 5951048, 5951070, 5951235, 5951419, 5951659, 5951661, 5951738, 5951744, 5952243, 5952526, 5952580, 5952620, 5952661, 5952717, 5952861, 5952883, 5952893, 5953079, 5953223, 5953302, 5953351, 5953688, 5953914, 5954002, 5954048, 5954058, 5954092, 5954193, 5954301, 5954315, 5954375, 5954402, 5954425, 5954456, 5954568, 5954668, 5954719, 5955008, 5955059, 5955100, 5955182, 5955553, 5955625, 5955673, 5955757, 5955886, 5956120, 5956352, 5956621, 5956638, 5956683, 5956894, 5956982, 5957026, 5957313, 5957489, 5957497, 5957577, 5957736, 5957807, 5957808, 5957841, 5957854, 5957917, 5957996, 5958127, 5958174, 5958211, 5958384, 5958384, 5958405, 5958459, 5958482, 5958597, 5958660, 5958773, 5958883, 5959074, 5959307, 5959336, 5959810, 5959955, 5959993, 5960188, 5960223, 5960227, 5960290, 5960331, 5960748, 5961008, 5961015, 5961210, 5961217, 5961277, 5961557, 5961658, 5961666, 5961806, 5961857, 5961865, 5961960, 5962375, 5962497, 5962665, 5962745, 5962807, 5962819, 5962960, 5963203, 5963233, 5963398, 5963489, 5963518, 5963529, 5963576, 5963916, 5963984, 5964207, 5964236, 5964624, 5964708, 5964740, 5964849, 5964996, 5965010, 5965013, 5965019, 5965051, 5965104, 5965213, 5965315, 5965340, 5965391, 5965436, 5965514, 5965742, 5965866, 5965930, 5966018, 5966133, 5966141, 5966144, 5966406, 5966831, 5966837, 5966959, 5967033, 5967061, 5967157, 5967222, 5967281, 5967365, 5967375, 5967399, 5967486, 5967590, 5967599, 5967835, 5968012, 5968085, 5968101, 5968108, 5968124, 5968195, 5968247, 5968335, 5968361, 5968377, 5968558, 5968614, 5968776, 5968936, 5969006, 5969124, 5969227, 5969288, 5969311, 5969400, 5969448, 5969483, 5969679, 5969745, 5969746, 5969905, 5970053, 5970493, 5970543, 5970551, 5970655, 5970671, 5971054, 5971073, 5971198, 5971309, 5971324, 5971335, 5971426, 5971557, 5971589, 5971646, 5971953, 5971958, 5972231, 5972421, 5972470, 5972521, 5972703, 5972786, 5972912, 5973138, 5973289, 5973566, 5973677, 5973703, 5973976, 5974174, 5974264, 5974309, 5974395, 5974472, 5974503, 5974662, 5974695, 5974752, 5974784, 5975081, 5975147, 5975171, 5975256, 5975352, 5975395, 5975860, 5975914, 5975954, 5976035, 5976075, 5976221, 5976395, 5976404, 5976429, 5976517, 5976544, 5976546, 5976566, 5976851, 5977682, 5977717, 5977958, 5977964, 5977972, 5977973, 5977979, 5978132, 5978145, 5978300, 5978320, 5978363, 5978555, 5978558, 5978727, 5978764, 5979200, 5979346, 5979385, 5979386, 5979457, 5979492, 5979593, 5979633, 5979796, 5979820, 5979822, 5979834, 5979837, 5979975, 5980029, 5980135, 5980355, 5980367, 5980504, 5980759, 5980851, 5980851, 5980890, 5980973, 5981029, 5981187, 5981206, 5981344, 5981350, 5981474, 5981534, 5981715, 5981755, 5981944, 5982081, 5982162, 5982179, 5982246, 5982264, 5982314, 5982661, 5982688, 5982879, 5982923, 5982936, 5982955, 5983026, 5983082, 5983122, 5983198, 5983326, 5983501, 5983591, 5983657, 5983670, 5983833, 5983983, 5984018, 5984028, 5984058, 5984072, 5984302, 5984453, 5984502, 5984725, 5984728, 5984807, 5985043, 5985134, 5985153, 5985197, 5985222, 5985292, 5985352, 5985828, 5985847, 5985936, 5986011, 5986108, 5986113, 5986183, 5986191, 5986352, 5986471, 5986520, 5986553, 5986575, 5986752, 5986779, 5986916, 5986976, 5987299, 5987354, 5987417, 5987468, 5987643, 5987906, 5988243, 5988309, 5988310, 5988479, 5988505, 5988571, 5988581, 5988612, 5988616, 5988677, 5988799, 5989212, 5989216, 5989286, 5989298, 5989380, 5989489, 5989585, 5989617, 5989637, 5989673, 5989746, 5989898, 5990067, 5990078, 5990229, 5990370, 5990397, 5990401, 5990413, 5990438, 5990452, 5990470, 5990634, 5990707, 5990743, 5990780, 5990804, 5990890, 5990937, 5990952, 5991014, 5991165, 5991455, 5991469, 5991687, 5991716, 5991803, 5991884, 5991952, 5992012, 5992277, 5992309, 5992435, 5992443, 5992479, 5992767, 5992952, 5993035, 5993178, 5993249, 5993255, 5993378, 5993403, 5993509, 5993572, 5993828, 5993842, 5994015, 5994016, 5994174, 5994259, 5994282, 5994369, 5994511, 5994524, 5994775, 5994807, 5994852, 5994958, 5994987, 5995016, 5995033, 5995097, 5995143, 5995188, 5995201, 5995583, 5995618, 5995936, 5996145, 5996241, 5996423, 5996426, 5996438, 5996456, 5996789, 5997030, 5997080, 5997140, 5997269, 5997270, 5997277, 5997422, 5997711, 5997870, 5997962, 5998113, 5998201, 5998258, 5998262, 5998327, 5998385, 5998394, 5998403, 5998473, 5998754, 5998760, 5998985, 5999151, 5999246, 5999473, 5999510, 5999652, 5999706, 5999737, 5999876, 6000013, 6000314, 6000542, 6000547, 6000600, 6000624, 6000701, 6000791, 6000828, 6000887, 6001003, 6001019, 6001077, 6001206, 6001251, 6001252, 6001293, 6001401, 6001534, 6001566, 6001817, 6001895, 6001935, 6001945, 6002195, 6002198, 6002227, 6002427, 6002602, 6002679, 6002831, 6002871, 6002896, 6002950, 6003089, 6003128, 6003316, 6003565, 6003581, 6003849, 6004014, 6004089, 6004732, 6004881, 6004885, 6005061, 6005077, 6005202, 6005554, 6005577, 6005884, 6005997, 6006524, 6006603, 6006782, 6006886, 6006895, 6006957, 6007013, 6007014, 6007177, 6007457, 6007736, 6007929, 6008014, 6008054, 6008061, 6008093, 6008140, 6008686, 6008693, 6008738, 6008763, 6008795, 6008874, 6009236, 6009708, 6009717, 6009791, 6009851, 6010036, 6010103, 6010117, 6010270, 6010579, 6010724, 6010896, 6010903, 6010924, 6010934, 6011004, 6011118, 6011121, 6011382, 6011512, 6011576, 6011623, 6011687, 6011738, 6011866, 6011909, 6011977, 6012277, 6012294, 6012324, 6012368, 6012541, 6012668, 6012726, 6012798, 6013181, 6013220, 6013417, 6013598, 6013701, 6013904, 6014008, 6014088, 6014197, 6014231, 6014280, 6014331, 6014379, 6014388, 6014428, 6014644, 6014757, 6014807, 6014824, 6015141, 6015168, 6015208, 6015223, 6015305, 6015353, 6015437, 6015486, 6015556, 6015726, 6015907, 6015941, 6015989, 6016038, 6016228, 6016331, 6016456, 6016616, 6016668, 6016779, 6016798, 6016810, 6016910, 6016962, 6017000, 6017161, 6017162, 6017262, 6017264, 6017455, 6017572, 6017609, 6017772, 6017886, 6018203, 6018525, 6018600, 6018745, 6018747, 6018831, 6018839, 6018991, 6019000, 6019148, 6019238, 6019447, 6019639, 6019722, 6019814, 6019894, 6020081, 6020087, 6020164, 6020338, 6020500, 6020502, 6020532, 6020575, 6020755, 6020755, 6020923, 6020944, 6020973, 6020975, 6021060, 6021104, 6021346, 6021467, 6021613, 6021677, 6021702, 6021935, 6021939, 6022012, 6022045, 6022102, 6022222, 6022261, 6022303, 6022460, 6022512, 6022639, 6022672, 6023135, 6023264, 6023315, 6023331, 6023429, 6023430, 6023540, 6023564, 6023687, 6023902, 6023943, 6023969, 6023985, 6024041, 6024201, 6024230, 6024282, 6024503, 6024618, 6024676, 6024682, 6025188, 6025245, 6025424, 6025636, 6025658, 6025828, 6025940, 6026300, 6026304, 6026449, 6026510, 6026760, 6026797, 6026859, 6026882, 6026885, 6026904, 6026973, 6026980, 6027038, 6027097, 6027264, 6027368, 6027413, 6027483, 6027490, 6027534, 6027685, 6027716, 6027738, 6027807, 6027815, 6027893, 6027939, 6027959, 6027992, 6027998, 6028049, 6028229, 6028374, 6028401, 6028401, 6028536, 6028546, 6028625, 6028859, 6029021, 6029082, 6029286, 6029701, 6029708, 6029863, 6030272, 6030326, 6030422, 6030465, 6030506, 6030535, 6030776, 6030875, 6030990, 6031018, 6031030, 6031163, 6031292, 6031298, 6031490, 6031598, 6031656, 6031681, 6031684, 6031872, 6032215, 6032292, 6032294, 6032318, 6032616, 6032684, 6032699, 6032738, 6032776, 6032778, 6033023, 6033100, 6033147, 6033161, 6033247, 6033533, 6033593, 6033673, 6033986, 6034055, 6034318, 6034426, 6034448, 6034452, 6034580, 6034855, 6034990, 6035158, 6035382, 6035483, 6035574, 6035593, 6035744, 6035802, 6035880, 6035934, 6036043, 6036164, 6036188, 6036284, 6036365, 6036554, 6036708, 6037042, 6037395, 6037396, 6037489, 6037778, 6037869, 6038330, 6038455, 6038653, 6038809, 6038866, 6039200, 6039252, 6039256, 6039354, 6039514, 6039578, 6039727, 6039731, 6040049, 6040067, 6040077, 6040178, 6040262, 6040318, 6040397, 6040440, 6040839, 6040961, 6041012, 6041081, 6041199, 6041316, 6041334, 6041354, 6041629, 6041665, 6042026, 6042119, 6042119, 6042183, 6042200, 6042247, 6042306, 6042315, 6042394, 6042468, 6042501, 6042586, 6042656, 6042684, 6042732, 6042851, 6042856, 6042987, 6043001, 6043022, 6043340, 6043371, 6043427, 6043524, 6043719, 6043881, 6043896, 6043940, 6044049, 6044156, 6044196, 6044247, 6044494, 6044605, 6044924, 6045085, 6045172, 6045335, 6045349, 6045442, 6045680, 6045709, 6045711, 6045795, 6045802, 6045876, 6045933, 6046080, 6046271, 6046372, 6046634, 6046711, 6046780, 6046851, 6046864, 6046954, 6047007, 6047127, 6047156, 6047250, 6047548, 6047732, 6047817, 6047824, 6047941, 6047949, 6047968, 6047972, 6048124, 6048187, 6048216, 6048269, 6048289, 6048324, 6048350, 6048485, 6048528, 6048579, 6048672, 6048693, 6048954, 6049012, 6049115, 6049283, 6049389, 6049458, 6049473, 6049539, 6049590, 6049613, 6049618, 6049923, 6050072, 6050100, 6050174, 6050292, 6050324, 6050368, 6050412, 6050502, 6050604, 6050971, 6051008, 6051028, 6051165, 6051172, 6051223, 6051284, 6051450, 6051464, 6051497, 6051513, 6051559, 6051597, 6051664, 6051850, 6051867, 6051922, 6051972, 6052127, 6052331, 6052381, 6052414, 6052624, 6052756, 6052924, 6052928, 6053206, 6053339, 6053398, 6053434, 6053451, 6053508, 6053622, 6053751, 6053772, 6053898, 6053919, 6054058, 6054113, 6054143, 6054170, 6054206, 6054213, 6054314, 6054650, 6054726, 6054757, 6054821, 6054859, 6055232, 6055274, 6055387, 6055552, 6055659, 6055803, 6055816, 6056131, 6056170, 6056212, 6056287, 6056356, 6056358, 6056775, 6056791, 6056827, 6056872, 6057081, 6057367, 6057414, 6057617, 6057691, 6057697, 6057826, 6057846, 6057930, 6057972, 6057986, 6058155, 6058211, 6058260, 6058561, 6058596, 6058684, 6058687, 6058757, 6058773, 6058798, 6058914, 6058928, 6059168, 6059210, 6059674, 6059692, 6059793, 6059867, 6059904, 6059947, 6059990, 6060153, 6060161, 6060220, 6060262, 6060285, 6060291, 6060327, 6060429, 6060465, 6060626, 6060650, 6060860, 6061037, 6061057, 6061091, 6061250, 6061309, 6061354, 6061423, 6061428, 6061430, 6061477, 6061521, 6061530, 6061546, 6061635, 6061654, 6061713, 6061726, 6061981, 6062058, 6062119, 6062141, 6062161, 6062300, 6062320, 6062466, 6062561, 6062804, 6062804, 6062887, 6063008, 6063035, 6063128, 6063164, 6063171, 6063180, 6063410, 6063490, 6063558, 6063576, 6063721, 6063790, 6063953, 6064105, 6064133, 6064269, 6064378, 6064491, 6064511, 6064605, 6064620, 6064678, 6065258, 6065342, 6065351, 6065398, 6065566, 6065801, 6065959, 6065989, 6066087, 6066108, 6066144, 6066473, 6066496, 6066583, 6066802, 6066952, 6066966, 6067145, 6067148, 6067213, 6067248, 6067450, 6067593, 6067646, 6067654, 6067760, 6067768, 6068112, 6068336, 6068340, 6068415, 6068492, 6068598, 6068686, 6068799, 6068838, 6068921, 6068964, 6068981, 6068996, 6069080, 6069098, 6069146, 6069170, 6069175, 6069263, 6069265, 6069372, 6069558, 6069662, 6069727, 6069743, 6070109, 6070145, 6070328, 6070696, 6070702, 6070869, 6070967, 6071152, 6071397, 6071561, 6071599, 6071671, 6071880, 6071975, 6072029, 6072081, 6072093, 6072203, 6072343, 6072358, 6072513, 6072703, 6072720, 6072804, 6072916, 6073186, 6073213, 6073275, 6073312, 6073720, 6073740, 6074081, 6074091, 6074115, 6074123, 6074276, 6074299, 6074396, 6074551, 6074589, 6074701, 6074820, 6075043, 6075105, 6075210, 6075234, 6075590, 6075633, 6075710, 6075882, 6076095, 6076102, 6076337, 6076389, 6076494, 6076700, 6076743, 6076859, 6076961, 6077005, 6077332, 6077481, 6077523, 6077538, 6077581, 6077646, 6077887, 6078045, 6078293, 6078653, 6078822, 6078851, 6078878, 6079045, 6079199, 6079397, 6079536, 6079694, 6079833, 6080165, 6080256, 6080272, 6080520, 6080552, 6080711, 6080840, 6080921, 6080987, 6081130, 6081134, 6081453, 6081850, 6081920, 6081951, 6082098, 6082117, 6082334, 6082429, 6082651, 6082688, 6082733, 6083001, 6083007, 6083078, 6083242, 6083260, 6083300, 6083450, 6083479, 6083529, 6083724, 6083730, 6083811, 6083871, 6083959, 6083978, 6084040, 6084141, 6084147, 6084222, 6084297, 6084499, 6084510, 6084732, 6084806, 6084889, 6085006, 6085127, 6085224, 6085275, 6085318, 6085459, 6085520, 6085620, 6085633, 6085773, 6086153, 6086309, 6086528, 6086864, 6086925, 6086995, 6086997, 6087055, 6087069, 6087073, 6087395, 6087435, 6087473, 6087583, 6087611, 6087792, 6088150, 6088249, 6088272, 6088470, 6088560, 6088574, 6088651, 6088672, 6088680, 6088863, 6088908, 6089095, 6089156, 6089244, 6089291, 6089583, 6089678, 6089777, 6089902, 6090066, 6090139, 6090140, 6090305, 6090325, 6090518, 6090694, 6090795, 6090857, 6090929, 6090932, 6091015, 6091036, 6091270, 6091300, 6091330, 6091562, 6091791, 6091870, 6091877, 6092104, 6092116, 6092141, 6092169, 6092177, 6092275, 6092594, 6092614, 6092851, 6092928, 6092979, 6093005, 6093114, 6093139, 6093302, 6093444, 6093663, 6093702, 6093954, 6094096, 6094219, 6094265, 6094303, 6094587, 6094616, 6094621, 6094640, 6094650, 6094856, 6095045, 6095188, 6095190, 6095355, 6095390, 6095415, 6095418, 6095489, 6095518, 6095590, 6095679, 6095724, 6096129, 6096320, 6096343, 6096429, 6096470, 6096477, 6096514, 6096596, 6096635, 6096652, 6096717, 6097171, 6097253, 6097296, 6097323, 6097449, 6097454, 6097456, 6097619, 6097663, 6097898, 6097982, 6098053, 6098075, 6098177, 6098260, 6098290, 6098343, 6098480, 6098531, 6098596, 6098613, 6098661, 6098822, 6098853, 6099129, 6099332, 6099363, 6099502, 6099510, 6099590, 6099677, 6099933, 6099985, 6100102, 6100309, 6100309, 6100349, 6100366, 6100905, 6100970, 6101036, 6101159, 6101315, 6101433, 6101437, 6101532, 6101638, 6101924, 6101947, 6102012, 6102201, 6102260, 6102260, 6102356, 6102364, 6102539, 6102586, 6102647, 6102650, 6102661, 6102713, 6102816, 6102994, 6103126, 6103266, 6103437, 6103483, 6103488, 6103539, 6103695, 6103727, 6103829, 6103901, 6103947, 6104086, 6104135, 6104238, 6104349, 6104354, 6104381, 6104422, 6104445, 6104534, 6104545, 6104559, 6104632, 6104640, 6104710, 6104784, 6104785, 6104873, 6105085, 6105145, 6105154, 6105314, 6105509, 6105530, 6105679, 6105726, 6105793, 6105797, 6105992, 6106016, 6106035, 6106065, 6106086, 6106098, 6106126, 6106273, 6106485, 6106659, 6106764, 6106957, 6106966, 6107018, 6107132, 6107136, 6107159, 6107220, 6107355, 6107520, 6107524, 6107563, 6107610, 6107851, 6108094, 6108103, 6108303, 6108305, 6108318, 6108351, 6108407, 6108469, 6108592, 6108832, 6108965, 6109019, 6109329, 6109471, 6109541, 6109559, 6109675, 6109685, 6109844, 6110107, 6110179, 6110744, 6110747, 6110809, 6110858, 6110870, 6110987, 6111124, 6111179, 6111210, 6111279, 6111279, 6111329, 6111372, 6111393, 6111421, 6111473, 6111716, 6111863, 6111922, 6111938, 6111965, 6112009, 6112118, 6112139, 6112189, 6112307, 6112329, 6112498, 6112629, 6112648, 6112815, 6112955, 6113103, 6113163, 6113174, 6113269, 6113351, 6113383, 6113533, 6113596, 6113661, 6113707, 6113749, 6113756, 6113767, 6113822, 6113882, 6113956, 6114064, 6114165, 6114172, 6114544, 6114613, 6114770, 6114930, 6114976, 6115113, 6115160, 6115250, 6115285, 6115342, 6115374, 6115401, 6115408, 6115533, 6115651, 6115714, 6115741, 6115828, 6115995, 6116081, 6116119, 6116180, 6116186, 6116536, 6116556, 6116651, 6116772, 6116845, 6116944, 6116970, 6116988, 6117001, 6117071, 6117113, 6117376, 6117498, 6117594, 6117705, 6118037, 6118069, 6118091, 6118224, 6118337, 6118668, 6118702, 6118756, 6118815, 6118832, 6119057, 6119163, 6119228, 6119449, 6119451, 6119485, 6119691, 6119910, 6119912, 6119963, 6120171, 6120408, 6120587, 6120781, 6120785, 6120839, 6120860, 6120906, 6120907, 6120940, 6120946, 6121046, 6121053, 6121080, 6121104, 6121143, 6121144, 6121154, 6121206, 6121253, 6121360, 6121364, 6121487, 6121592, 6121730, 6121759, 6121927, 6122116, 6122164, 6122214, 6122260, 6122313, 6122315, 6122440, 6122494, 6122700, 6122735, 6122817, 6122846, 6122907, 6122990, 6123049, 6123279, 6123510, 6123523, 6123538, 6123683, 6123928, 6123988, 6124006, 6124038, 6124164, 6124191, 6124214, 6124282, 6124387, 6124480, 6124534, 6124856, 6124970, 6125086, 6125110, 6125123, 6125416, 6125433, 6125575, 6125803, 6125848, 6125866, 6126150, 6126182, 6126247, 6126265, 6126293, 6126391, 6126568, 6126683, 6127152, 6127192, 6127547, 6127564, 6127747, 6127798, 6127854, 6127886, 6127889, 6128188, 6128285, 6128304, 6128429, 6128456, 6128526, 6128557, 6128562, 6128616, 6128704, 6128724, 6128800, 6129185, 6129246, 6129268, 6129303, 6129398, 6129447, 6129454, 6129525, 6129527, 6129539, 6129553, 6129962, 6130009, 6130075, 6130081, 6130156, 6130362, 6130613, 6130709, 6130715, 6130897, 6130982, 6131043, 6131184, 6131341, 6131408, 6131457, 6131516, 6131839, 6131851, 6132210, 6132251, 6132359, 6132557, 6132652, 6132687, 6132707, 6132828, 6132841, 6133027, 6133501, 6133514, 6133532, 6133672, 6133674, 6133675, 6133872, 6133908, 6133910, 6133921, 6134016, 6134033, 6134046, 6134118, 6134134, 6134361, 6134408, 6134534, 6134594, 6134633, 6134680, 6134820, 6134921, 6134999, 6135059, 6135072, 6135076, 6135114, 6135465, 6135605, 6135761, 6135868, 6136126, 6136136, 6136277, 6136334, 6136364, 6136401, 6136614, 6136633, 6136639, 6136871, 6136962, 6137038, 6137086, 6137171, 6137237, 6137437, 6137494, 6137714, 6137900, 6138254, 6138368, 6138565, 6138937, 6138957, 6139243, 6139248, 6139262, 6139278, 6139473, 6139515, 6139613, 6139783, 6139891, 6139998, 6140032, 6140049, 6140499, 6140751, 6140756, 6140866, 6140890, 6141002, 6141065, 6141117, 6141411, 6141828, 6141908, 6142117, 6142290, 6142459, 6142626, 6142830, 6142854, 6142884, 6142888, 6143060, 6143069, 6143072, 6143118, 6143145, 6143250, 6143356, 6143409, 6143483, 6143574, 6143667, 6143966, 6143989, 6144025, 6144099, 6144179, 6144224, 6144290, 6144354, 6144364, 6144365, 6144426, 6144605, 6144975, 6145017, 6145020, 6145096, 6145129, 6145325, 6145383, 6145447, 6145449, 6145484, 6145605, 6145693, 6145868, 6145981, 6146032, 6146213, 6146268, 6146299, 6146537, 6146546, 6146694, 6146946, 6147136, 6147161, 6147321, 6147355, 6147369, 6147412, 6147621, 6147663, 6147689, 6147941, 6148046, 6148050, 6148085, 6148251, 6148595, 6148599, 6148713, 6148881, 6148985, 6149081, 6149160, 6149383, 6149424, 6149461, 6149674, 6149751, 6149980, 6150038, 6150187, 6150363, 6150411, 6150462, 6150552, 6150725, 6150739, 6150809, 6150909, 6150932, 6151489, 6151547, 6151639, 6151682, 6151784, 6151844, 6151905, 6151911, 6152107, 6152334, 6152350, 6152603, 6152814, 6152981, 6153012, 6153201, 6153373, 6153410, 6154007, 6154187, 6154301, 6154354, 6154387, 6154538, 6154765, 6154786, 6155249, 6155336, 6155459, 6155754, 6155817, 6155843, 6155933, 6156193, 6156208, 6156338, 6156404, 6156499, 6156524, 6156697, 6156869, 6156932, 6157005, 6157161, 6157301, 6157374, 6157468, 6157473, 6157530, 6157560, 6157568, 6157629, 6157673, 6157743, 6157756, 6157864, 6158048, 6158099, 6158126, 6158238, 6158256, 6158276, 6158313, 6158524, 6158671, 6158694, 6158715, 6158972, 6159126, 6159149, 6159202, 6159361, 6159401, 6159438, 6159548, 6159694, 6159769, 6160096, 6160105, 6160215, 6160287, 6160308, 6160395, 6160593, 6160670, 6160680, 6160708, 6160796, 6160806, 6161041, 6161065, 6161089, 6161131, 6161184, 6161188, 6161215, 6161236, 6161277, 6161328, 6161331, 6161391, 6161418, 6161439, 6161458, 6161558, 6161600, 6161899, 6162001, 6162004, 6162018, 6162040, 6162355, 6162392, 6162473, 6162512, 6162771, 6162794, 6163054, 6163094, 6163204, 6163296, 6163402, 6163417, 6163669, 6163694, 6163707, 6163887, 6163931, 6163949, 6164006, 6164045, 6164393, 6164687, 6164845, 6164846, 6165014, 6165134, 6165450, 6165532, 6165580, 6165806, 6165902, 6165907, 6165920, 6166014, 6166019, 6166151, 6166205, 6166225, 6166367, 6166398, 6166446, 6166594, 6166764, 6167026, 6167097, 6167118, 6167150, 6167250, 6167354, 6167524, 6167625, 6168152, 6168267, 6168428, 6168462, 6168740, 6168895, 6168921, 6168975, 6169099, 6169103, 6169375, 6169393, 6169494, 6169505, 6169670, 6169689, 6169841, 6169963, 6169968, 6170046, 6170130, 6170154, 6170166, 6170240, 6170701, 6170745, 6170758, 6170760, 6170868, 6171167, 6171257, 6171652, 6171704, 6171739, 6171927, 6172025, 6172103, 6172309, 6172617, 6172630, 6172798, 6173135, 6173216, 6173257, 6173396, 6173817, 6174003, 6174024, 6174187, 6174201, 6174230, 6174354, 6174568, 6174581, 6174804, 6175032, 6175132, 6175255, 6175343, 6175520, 6175600, 6175680, 6175688, 6175744, 6175778, 6175993, 6176027, 6176033, 6176210, 6176280, 6176290, 6176352, 6176462, 6176498, 6176559, 6176630, 6176732, 6176748, 6176934, 6177084, 6177170, 6177527, 6177626, 6177696, 6177801, 6177825, 6178110, 6178117, 6178185, 6178190, 6178389, 6178478, 6178528, 6178636, 6178637, 6178855, 6178877, 6178999, 6179219, 6179431, 6179442, 6179488, 6179562, 6179612, 6179684, 6179718, 6179786, 6179990, 6180247, 6180283, 6180379, 6180431, 6180585, 6180602, 6180658, 6180745, 6180763, 6180891, 6180917, 6180928, 6180932, 6181041, 6181119, 6181157, 6181181, 6181376, 6181385, 6181575, 6181617, 6181620, 6182170, 6182228, 6182306, 6182326, 6182365, 6182538, 6182672, 6182755, 6182953, 6182995, 6183046, 6183156, 6183256, 6183294, 6183325, 6183345, 6183368, 6183476, 6183681, 6183745, 6183814, 6183892, 6183949, 6183971, 6184054, 6184113, 6184159, 6184198, 6184198, 6184230, 6184305, 6184677, 6184989, 6185019, 6185025, 6185129, 6185239, 6185341, 6185351, 6185546, 6185600, 6185992, 6186041, 6186057, 6186065, 6186074, 6186150, 6186154, 6186179, 6186431, 6186629, 6186860, 6187039, 6187096, 6187170, 6187289, 6187450, 6187651, 6187775, 6187818, 6187846, 6187850, 6187881, 6187970, 6187997, 6188055, 6188563, 6188564, 6188843, 6188945, 6189062, 6189224, 6189275, 6189326, 6189453, 6189634, 6189735, 6189779, 6189890, 6190063, 6190197, 6190217, 6190311, 6190328, 6190372, 6190436, 6190499, 6190552, 6190596, 6190633, 6190700, 6190981, 6191251, 6191257, 6191445, 6191474, 6191483, 6191494, 6191511, 6191529, 6191731, 6191757, 6191770, 6191871, 6192020, 6192024, 6192131, 6192205, 6192237, 6192354, 6192418, 6192486, 6192612, 6192865, 6192902, 6192943, 6193137, 6193250, 6193311, 6193323, 6193387, 6193426, 6193447, 6193546, 6193711, 6193790, 6193816, 6193858, 6194124, 6194190, 6194196, 6194228, 6194354, 6194558, 6194617, 6194644, 6194731, 6194877, 6194893, 6194914, 6194973, 6195294, 6195298, 6195972, 6195981, 6196092, 6196112, 6196261, 6196372, 6196427, 6196552, 6196953, 6196994, 6197032, 6197070, 6197077, 6197275, 6197397, 6197405, 6197441, 6197535, 6197608, 6197765, 6197964, 6197969, 6198116, 6198180, 6198206, 6198276, 6198345, 6198432, 6198474, 6198485, 6198595, 6198630, 6198650, 6198661, 6198702, 6198719, 6198927, 6198985, 6199031, 6199045, 6199193, 6199255, 6199375, 6199450, 6199505, 6199542, 6199574, 6199622, 6199741, 6200111, 6200131, 6200149, 6200221, 6200264, 6200276, 6200352, 6200376, 6200406, 6200438, 6200688, 6200710, 6200787, 6200941, 6201034, 6201128, 6201186, 6201252, 6201309, 6201329, 6201407, 6201438, 6201500, 6201536, 6201798, 6201867, 6202014, 6202030, 6202132, 6202190, 6202267, 6202377, 6202388, 6202388, 6202482, 6202502, 6202621, 6202978, 6202995, 6203038, 6203039, 6203120, 6203142, 6203415, 6203523, 6203688, 6203953, 6204075, 6204150, 6204330, 6204409, 6204485, 6204494, 6205065, 6205197, 6205449, 6205523, 6205538, 6205567, 6205651, 6205660, 6205729, 6205756, 6205911, 6205998, 6206000, 6206079, 6206140, 6206278, 6206453, 6206485, 6206532, 6206568, 6206585, 6206781, 6206861, 6206884, 6207151, 6207227, 6207243, 6207315, 6207404, 6207435, 6207717, 6208025, 6208225, 6208296, 6208609, 6208659, 6208737, 6208853, 6208913, 6209032, 6209181, 6209225, 6209272, 6209354, 6209386, 6209490, 6209748, 6209772, 6209849, 6209902, 6210021, 6210029, 6210061, 6210180, 6210247, 6210633, 6210771, 6210788, 6210820, 6210830, 6210860, 6210916, 6210978, 6211057, 6211241, 6211526, 6211564, 6211585, 6211625, 6211650, 6211688, 6211819, 6212013, 6212147, 6212167, 6212170, 6212212, 6212284, 6212309, 6212506, 6212730, 6212940, 6212953, 6213077, 6213421, 6213571, 6213628, 6214036, 6214105, 6214159, 6214201, 6214539, 6214571, 6214706, 6214734, 6214746, 6214926, 6214947, 6214955, 6215046, 6215061, 6215109, 6215169, 6215205, 6215490, 6215724, 6215912, 6216062, 6216064, 6216304, 6216386, 6216478, 6216491, 6216694, 6217055, 6217365, 6217593, 6217613, 6217643, 6217654, 6217658, 6217658, 6217707, 6217789, 6217854, 6217943, 6218007, 6218022, 6218231, 6218263, 6218315, 6218793, 6218921, 6219157, 6219306, 6219326, 6219360, 6219494, 6219646, 6219702, 6219920, 6219969, 6219992, 6219994, 6220262, 6220322, 6220365, 6220381, 6220510, 6220522, 6220615, 6220824, 6220889, 6220928, 6220933, 6221046, 6221239, 6221247, 6221326, 6221423, 6221486, 6221561, 6221621, 6221788, 6221887, 6221909, 6221974, 6222004, 6222101, 6222174, 6222266, 6222269, 6222566, 6222615, 6222628, 6222708, 6222719, 6222736, 6222772, 6222797, 6222996, 6223120, 6223145, 6223212, 6223230, 6223241, 6223496, 6223517, 6223537, 6223759, 6223870, 6223902, 6223916, 6223932, 6224030, 6224292, 6224339, 6224383, 6224545, 6224719, 6224837, 6224849, 6224957, 6224994, 6225015, 6225083, 6225294, 6225417, 6225561, 6225828, 6225885, 6226034, 6226055, 6226187, 6226239, 6226267, 6226367, 6226421, 6226439, 6226591, 6226611, 6226643, 6226752, 6226906, 6227109, 6227212, 6227262, 6227326, 6227337, 6227443, 6227467, 6227744, 6227848, 6227964, 6227991, 6228142, 6228182, 6228210, 6228244, 6228298, 6228456, 6228462, 6228533, 6228756, 6228764, 6228822, 6228951, 6229180, 6229262, 6229269, 6229301, 6229465, 6229514, 6229524, 6229537, 6229645, 6229812, 6229911, 6230196, 6230205, 6230355, 6230356, 6230577, 6230590, 6230681, 6230769, 6230841, 6230980, 6231427, 6231539, 6231701, 6231722, 6232011, 6232119, 6232260, 6232313, 6232396, 6232418, 6232437, 6232690, 6232769, 6232878, 6232976, 6233053, 6233074, 6233077, 6233137, 6233164, 6233194, 6233463, 6233737, 6233739, 6233965, 6233973, 6233976, 6233991, 6234029, 6234106, 6234193, 6234376, 6234384, 6234390, 6234470, 6234793, 6235030, 6235080, 6235110, 6235182, 6235320, 6235373, 6235530, 6235786, 6235849, 6235937, 6236066, 6236097, 6236140, 6236171, 6236187, 6236188, 6236301, 6236328, 6236431, 6236462, 6236713, 6236880, 6236903, 6236985, 6237025, 6237026, 6237051, 6237081, 6237191, 6237240, 6237402, 6237527, 6237604, 6237739, 6237841, 6238036, 6238094, 6238241, 6238327, 6238334, 6238464, 6238518, 6238551, 6238700, 6238704, 6238746, 6238964, 6239452, 6239505, 6239561, 6239659, 6239696, 6239712, 6239800, 6239814, 6239956, 6239984, 6240139, 6240182, 6240211, 6240447, 6240571, 6240801, 6240809, 6240903, 6240985, 6241053, 6241162, 6241242, 6241338, 6241359, 6241510, 6241534, 6241874, 6241993, 6242118, 6242141, 6242181, 6242416, 6242676, 6242841, 6242850, 6242883, 6242901, 6243290, 6243300, 6243350, 6243392, 6243455, 6243644, 6243772, 6243774, 6244030, 6244072, 6244158, 6244159, 6244347, 6244419, 6244429, 6244654, 6244729, 6244922, 6245219, 6245440, 6245461, 6245561, 6245615, 6245636, 6245761, 6245866, 6245950, 6245959, 6246029, 6246105, 6246561, 6246614, 6246795, 6246902, 6247221, 6247223, 6247297, 6247297, 6247665, 6247763, 6247822, 6247839, 6247927, 6248018, 6248102, 6248332, 6248375, 6248410, 6248457, 6248777, 6248861, 6248894, 6248923, 6249102, 6249106, 6249160, 6249172, 6249249, 6249253, 6249508, 6249673, 6249826, 6249855, 6249936, 6249970, 6250043, 6250110, 6250258, 6250383, 6250547, 6250980, 6251078, 6251246, 6251329, 6251342, 6251378, 6251432, 6251444, 6251578, 6251777, 6252175, 6252236, 6252306, 6252310, 6252311, 6252326, 6252546, 6252617, 6252734, 6252777, 6252901, 6252998, 6253055, 6253064, 6253321, 6253339, 6253343, 6253358, 6253364, 6253561, 6253672, 6253722, 6253729, 6253840, 6254054, 6254165, 6254174, 6254261, 6254261, 6254437, 6254500, 6254669, 6254678, 6254754, 6254985, 6255056, 6255280, 6255520, 6255526, 6255816, 6255817, 6255823, 6255886, 6255909, 6256203, 6256218, 6256462, 6256505, 6256539, 6256601, 6256617, 6256667, 6256776, 6256794, 6257034, 6257109, 6257192, 6257200, 6257243, 6257332, 6257635, 6257646, 6257668, 6258028, 6258068, 6258348, 6258455, 6258516, 6258519, 6258541, 6258623, 6258656, 6258855, 6258943, 6258981, 6259000, 6259052, 6259281, 6259283, 6259384, 6259393, 6259446, 6259502, 6259622, 6259650, 6259812, 6259831, 6259974, 6260051, 6260147, 6260213, 6260327, 6260551, 6260799, 6260802, 6260858, 6260876, 6261106, 6261426, 6261466, 6261761, 6261781, 6261795, 6261863, 6262000, 6262363, 6262415, 6262428, 6262519, 6262570, 6262640, 6262779, 6262971, 6263177, 6263250, 6263431, 6263456, 6263456, 6263667, 6263821, 6264438, 6264510, 6264698, 6264768, 6264808, 6264888, 6264978, 6265284, 6265298, 6265391, 6265425, 6265533, 6265694, 6265757, 6265836, 6265887, 6265891, 6266109, 6266352, 6266375, 6266375, 6266386, 6266464, 6266518, 6266589, 6266768, 6266849, 6266971, 6267077, 6267144, 6267231, 6267413, 6267415, 6267546, 6267610, 6267632, 6267706, 6267710, 6267802, 6267937, 6268293, 6268343, 6268741, 6268941, 6268959, 6269041, 6269482, 6269533, 6269567, 6269707, 6269813, 6269979, 6270039, 6270055, 6270191, 6270252, 6270437, 6270541, 6270733, 6270754, 6270760, 6270858, 6270932, 6271061, 6271152, 6271186, 6271327, 6271533, 6271562, 6271599, 6271637, 6271662, 6271675, 6271817, 6272116, 6272160, 6272171, 6272271, 6272290, 6272695, 6272748, 6272799, 6272948, 6272962, 6273169, 6273171, 6273192, 6273333, 6273404, 6273564, 6273583, 6273802, 6273868, 6273937, 6274120, 6274310, 6274495, 6274551, 6274683, 6274765, 6274792, 6274948, 6275112, 6275198, 6275229, 6275253, 6275257, 6275310, 6275550, 6275625, 6275672, 6275912, 6276020, 6276096, 6276215, 6276358, 6276380, 6276449, 6276530, 6276556, 6276614, 6276743, 6276752, 6276911, 6277034, 6277081, 6277118, 6277125, 6277135, 6277299, 6277426, 6277464, 6277830, 6277848, 6278004, 6278071, 6278102, 6278178, 6278331, 6278356, 6278472, 6278477, 6278591, 6278672, 6278795, 6278800, 6278876, 6279113, 6279117, 6279128, 6279182, 6279250, 6279627, 6279797, 6279965, 6280076, 6280219, 6280264, 6280269, 6280286, 6280292, 6280330, 6280383, 6280800, 6280853, 6280922, 6280980, 6281097, 6281340, 6281401, 6281454, 6281582, 6281658, 6281844, 6281992, 6282141, 6282228, 6282320, 6282453, 6282535, 6282548, 6282557, 6282848, 6282956, 6283002, 6283024, 6283156, 6283370, 6283424, 6283921, 6284039, 6284070, 6284080, 6284114, 6284261, 6284262, 6284354, 6284366, 6284456, 6284484, 6284736, 6284752, 6284834, 6285218, 6285427, 6285546, 6285671, 6285708, 6285720, 6285842, 6285875, 6285935, 6286062, 6286139, 6286282, 6286300, 6286337, 6286425, 6286479, 6286639, 6286672, 6286763, 6287337, 6287387, 6287387, 6287436, 6287510, 6287521, 6287675, 6287740, 6287744, 6288023, 6288072, 6288079, 6288083, 6288201, 6288398, 6288540, 6288541, 6288544, 6288578, 6288616, 6288662, 6288696, 6288778, 6288804, 6288836, 6289100, 6289111, 6289398, 6289479, 6289480, 6289483, 6289513, 6289674, 6289776, 6289891, 6290092, 6290095, 6290235, 6290349, 6290499, 6290764, 6290890, 6290942, 6291037, 6291111, 6291132, 6291148, 6291270, 6291394, 6291468, 6291575, 6291620, 6291697, 6291762, 6291828, 6291844, 6291934, 6291999, 6292320, 6292327, 6292348, 6292631, 6292714, 6292813, 6292889, 6292916, 6293028, 6293052, 6293149, 6293166, 6293240, 6293302, 6293435, 6293573, 6293642, 6293646, 6293665, 6294188, 6294255, 6294288, 6294356, 6294421, 6294508, 6294647, 6294805, 6294836, 6294924, 6294953, 6295024, 6295071, 6295109, 6295133, 6295179, 6295536, 6295587, 6295636, 6295805, 6295818, 6295872, 6295963, 6296000, 6296042, 6296085, 6296178, 6296197, 6296250, 6296297, 6296520, 6296605, 6296807, 6296882, 6297163, 6297215, 6297239, 6297362, 6297429, 6297637, 6297779, 6297853, 6297928, 6298190, 6298211, 6298276, 6298344, 6298669, 6299121, 6299151, 6299380, 6299527, 6299612, 6299748, 6299773, 6299873, 6299923, 6299997, 6300192, 6300241, 6300301, 6300433, 6300449, 6300450, 6300485, 6300493, 6300514, 6300618, 6300635, 6300636, 6300802, 6301134, 6301177, 6301342, 6301377, 6301419, 6301869, 6302103, 6302232, 6302307, 6302548, 6302680, 6302771, 6302787, 6302868, 6302937, 6303265, 6303663, 6303834, 6303846, 6304051, 6304057, 6304163, 6304192, 6304392, 6304433, 6304594, 6304803, 6304818, 6304823, 6304932, 6305018, 6305033, 6305256, 6305557, 6305621, 6305764, 6305770, 6305987, 6306121, 6306176, 6306374, 6306448, 6306542, 6306569, 6306730, 6306976, 6307615, 6307662, 6307730, 6307772, 6307903, 6308044, 6308171, 6308243, 6308336, 6308372, 6308570, 6308600, 6308652, 6308732, 6308854, 6308890, 6309088, 6309094, 6309136, 6309168, 6309386, 6309453, 6309567, 6309645, 6309668, 6309686, 6309734, 6309871, 6309880, 6309993, 6310007, 6310144, 6310393, 6310654, 6310797, 6310935, 6311010, 6311066, 6311099, 6311141, 6311293, 6311577, 6311590, 6311770, 6311906, 6311917, 6311930, 6312126, 6312173, 6312387, 6312423, 6312499, 6312675, 6312699, 6312772, 6312972, 6313017, 6313132, 6313203, 6313291, 6313309, 6313481, 6313600, 6313601, 6313655, 6313693, 6313796, 6313810, 6313845, 6313861, 6314043, 6314176, 6314218, 6314229, 6314234, 6314332, 6314641, 6314734, 6314950, 6315053, 6315055, 6315178, 6315340, 6315348, 6315484, 6315493, 6315524, 6315766, 6315782, 6315828, 6315920, 6315924, 6316075, 6316131, 6316208, 6316350, 6316429, 6316531, 6316812, 6317010, 6317213, 6317288, 6317368, 6317573, 6317898, 6317973, 6317985, 6318035, 6318089, 6318159, 6318535, 6318618, 6318910, 6319221, 6319271, 6319354, 6319650, 6319757, 6319794, 6319989, 6320241, 6320818, 6320897, 6320925, 6320955, 6321015, 6321041, 6321331, 6321348, 6321401, 6321555, 6321755, 6321908, 6321947, 6322007, 6322069, 6322137, 6322307, 6322312, 6322512, 6322594, 6322623, 6322641, 6322643, 6322700, 6322735, 6322805, 6322825, 6322836, 6322993, 6323271, 6323432, 6323443, 6323739, 6323746, 6323843, 6323844, 6323960, 6323983, 6324290, 6324333, 6324402, 6324561, 6324631, 6324714, 6324739, 6324798, 6325040, 6325152, 6325247, 6325389, 6325397, 6325485, 6325520, 6325557, 6326069, 6326081, 6326382, 6326396, 6326443, 6326508, 6326520, 6326572, 6326606, 6326655, 6326661, 6326718, 6326849, 6326852, 6326900, 6326917, 6327046, 6327177, 6327204, 6327210, 6327344, 6327418, 6327780, 6327898, 6328013, 6328078, 6328192, 6328197, 6328358, 6328500, 6328579, 6328591, 6328698, 6328810, 6328988, 6329064, 6329123, 6329149, 6329209, 6329214, 6329286, 6329469, 6329653, 6329783, 6329810, 6329854, 6329862, 6329882, 6329934, 6329942, 6330105, 6330163, 6330218, 6330261, 6330328, 6330432, 6330439, 6330462, 6330486, 6330516, 6330588, 6330866, 6330898, 6331303, 6331388, 6331444, 6331482, 6331589, 6331657, 6331683, 6331838, 6331861, 6331870, 6332113, 6332183, 6332368, 6332413, 6332697, 6332897, 6333061, 6333298, 6333345, 6333349, 6333418, 6333692, 6333787, 6333790, 6333876, 6333971, 6334085, 6334199, 6334286, 6334468, 6334624, 6334794, 6334855, 6334965, 6334969, 6335054, 6335129, 6335363, 6335378, 6335396, 6335411, 6335429, 6335532, 6335546, 6335616, 6335662, 6335679, 6335768, 6335942, 6336050, 6336109, 6336159, 6336163, 6336472, 6336564, 6336599, 6336627, 6336709, 6336755, 6336849, 6336967, 6337175, 6337202, 6337234, 6337651, 6337672, 6337967, 6338040, 6338053, 6338085, 6338126, 6338183, 6338385, 6338519, 6338731, 6338761, 6339071, 6339124, 6339480, 6339530, 6339711, 6339938, 6340003, 6340214, 6340372, 6340479, 6340485, 6340619, 6340771, 6340821, 6341039, 6341159, 6341310, 6341311, 6341374, 6341437, 6341507, 6341616, 6341689, 6341955, 6342003, 6342110, 6342140, 6342162, 6342209, 6342240, 6342319, 6342620, 6342756, 6342788, 6342904, 6342981, 6343192, 6343231, 6343296, 6343377, 6343435, 6343505, 6343530, 6343602, 6343623, 6343817, 6343915, 6344057, 6344123, 6344291, 6344441, 6344473, 6344551, 6344614, 6344665, 6344691, 6344859, 6344867, 6344938, 6345387, 6345408, 6345769, 6345823, 6345877, 6345888, 6345946, 6345970, 6346061, 6346464, 6346509, 6346625, 6346860, 6346951, 6347113, 6347268, 6347388, 6347436, 6347559, 6347654, 6347975, 6348010, 6348155, 6348182, 6348481, 6348548, 6348636, 6348813, 6348950, 6349069, 6349096, 6349263, 6349400, 6349436, 6349545, 6349616, 6349677, 6349712, 6350118, 6350345, 6350482, 6350492, 6350741, 6350947, 6351032, 6351035, 6351089, 6351304, 6351384, 6351444, 6351518, 6351527, 6351676, 6351763, 6351840, 6351973, 6352187, 6352372, 6352393, 6352453, 6352455, 6352470, 6352473, 6352725, 6352804, 6352873, 6352883, 6352895, 6352968, 6352973, 6353097, 6353230, 6353239, 6353287, 6353344, 6353386, 6353438, 6353509, 6353592, 6353874, 6354042, 6354271, 6354482, 6354533, 6354536, 6354672, 6354823, 6354846, 6354874, 6355313, 6355513, 6355724, 6355758, 6355763, 6355792, 6355796, 6355800, 6355829, 6355991, 6356146, 6356151, 6356599, 6356685, 6357154, 6357300, 6357379, 6357413, 6357563, 6357611, 6357631, 6357644, 6357644, 6357782, 6357877, 6357985, 6358030, 6358092, 6358136, 6358144, 6358147, 6358165, 6358225, 6358308, 6358316, 6358396, 6358451, 6358460, 6358628, 6358765, 6358795, 6358867, 6358878, 6359278, 6359318, 6359537, 6359652, 6359663, 6359838, 6359950, 6360034, 6360197, 6360328, 6360596, 6360697, 6360725, 6360857, 6360953, 6361107, 6361199, 6361378, 6361514, 6361571, 6361666, 6361748, 6361803, 6361866, 6361901, 6362081, 6362251, 6362361, 6362364, 6362430, 6362583, 6362649, 6362888, 6362949, 6362992, 6363240, 6363352, 6363418, 6363461, 6363482, 6363535, 6363605, 6363731, 6363800, 6363941, 6363957, 6364141, 6364199, 6364388, 6364447, 6364524, 6364652, 6364833, 6364948, 6365069, 6365108, 6365374, 6365383, 6365527, 6365541, 6365700, 6365818, 6365834, 6365873, 6366085, 6366089, 6366124, 6366374, 6366580, 6366919, 6366928, 6367062, 6367397, 6367427, 6367656, 6367752, 6367755, 6368025, 6368137, 6368292, 6368351, 6368383, 6368601, 6368662, 6368915, 6369050, 6369217, 6369370, 6369463, 6369589, 6369803, 6369853, 6369968, 6369986, 6369990, 6369992, 6370110, 6370163, 6370182, 6370223, 6370457, 6370629, 6370637, 6370860, 6371002, 6371048, 6371064, 6371105, 6371199, 6371328, 6371392, 6371403, 6371431, 6371727, 6371776, 6371835, 6372016, 6372064, 6372112, 6372168, 6372439, 6372504, 6372530, 6372616, 6372879, 6372930, 6372955, 6373017, 6373123, 6373204, 6373230, 6373275, 6373298, 6373668, 6373717, 6373747, 6373822, 6373948, 6374062, 6374122, 6374387, 6374522, 6374555, 6374615, 6374826, 6374835, 6374907, 6375018, 6375362, 6375373, 6375395, 6375420, 6375507, 6375544, 6375810, 6375818, 6375847, 6375914, 6375967, 6376021, 6376052, 6376191, 6376222, 6376376, 6376376, 6376430, 6376536, 6376601, 6376627, 6376634, 6376766, 6376775, 6376806, 6376871, 6376966, 6376981, 6377003, 6377020, 6377153, 6377647, 6377673, 6377770, 6377877, 6378144, 6378225, 6378318, 6378442, 6378544, 6378558, 6378568, 6378584, 6378622, 6378709, 6378780, 6378877, 6379487, 6379553, 6379603, 6379624, 6379691, 6379830, 6379907, 6379926, 6380026, 6380080, 6380300, 6380541, 6380744, 6380759, 6380773, 6380814, 6380820, 6380897, 6380941, 6381222, 6381317, 6381336, 6381359, 6381375, 6381412, 6381468, 6381732, 6381924, 6382053, 6382093, 6382095, 6382144, 6382320, 6382330, 6382543, 6382576, 6382605, 6382799, 6382856, 6382928, 6383023, 6383180, 6383210, 6383210, 6383299, 6383333, 6383450, 6383584, 6383813, 6383836, 6383970, 6384085, 6384100, 6384120, 6384139, 6384151, 6384165, 6384373, 6384506, 6384537, 6384596, 6384701, 6385025, 6385124, 6385224, 6385433, 6385501, 6385519, 6385771, 6386105, 6386126, 6386156, 6386376, 6386520, 6386734, 6386738, 6386874, 6386885, 6386895, 6386911, 6386944, 6387034, 6387048, 6387079, 6387098, 6387125, 6387187, 6387373, 6387395, 6387452, 6387526, 6387549, 6387724, 6387763, 6387873, 6387877, 6387892, 6387900, 6387941, 6388297, 6388342, 6388418, 6388468, 6388575, 6388638, 6388788, 6388834, 6388884, 6388884, 6388893, 6388947, 6388987, 6389210, 6389541, 6389548, 6389668, 6389692, 6389705, 6390049, 6390163, 6390324, 6390539, 6390658, 6390676, 6390709, 6390773, 6390804, 6390833, 6390864, 6390897, 6390993, 6391050, 6391205, 6391345, 6391353, 6391384, 6391438, 6391623, 6391654, 6391668, 6391835, 6391942, 6391967, 6391988, 6392217, 6392270, 6392285, 6392468, 6392479, 6392517, 6392566, 6392759, 6393096, 6393364, 6393562, 6393596, 6393661, 6393741, 6393759, 6393770, 6394306, 6394456, 6394584, 6394711, 6394801, 6394929, 6394975, 6395264, 6395442, 6395588, 6395618, 6395624, 6395809, 6395874, 6395884, 6395996, 6396080, 6396415, 6396417, 6396431, 6396447, 6396689, 6396719, 6396780, 6396795, 6396885, 6396990, 6397117, 6397196, 6397528, 6397572, 6397668, 6397896, 6397897, 6397911, 6397938, 6398119, 6398234, 6398307, 6398376, 6398465, 6398552, 6398594, 6398636, 6398823, 6398826, 6398920, 6399015, 6399060, 6399169, 6399227, 6399307, 6399341, 6399493, 6399565, 6399614, 6399838, 6399891, 6399929, 6400002, 6400091, 6400104, 6400142, 6400243, 6400872, 6400942, 6400974, 6401043, 6401175, 6401189, 6401352, 6401362, 6401387, 6401489, 6401560, 6401704, 6401710, 6401736, 6402009, 6402037, 6402136, 6402324, 6402724, 6402774, 6402882, 6402896, 6402950, 6403005, 6403050, 6403065, 6403074, 6403079, 6403306, 6403375, 6403472, 6403510, 6403615, 6403680, 6403721, 6403969, 6404151, 6404233, 6404589, 6404845, 6404855, 6404933, 6405027, 6405061, 6405155, 6405273, 6405345, 6405354, 6405394, 6405536, 6405579, 6405594, 6405810, 6405887, 6405979, 6405995, 6406001, 6406279, 6406331, 6406449, 6406545, 6406638, 6406803, 6406926, 6406990, 6407024, 6407063, 6407065, 6407102, 6407111, 6407130, 6407164, 6407284, 6407289, 6407438, 6407517, 6407845, 6407862, 6407977, 6408150, 6408335, 6408385, 6408520, 6408603, 6408846, 6408913, 6409107, 6409110, 6409289, 6409307, 6409413, 6409559, 6409718, 6409785, 6409969, 6409971, 6410057, 6410115, 6410341, 6410358, 6410385, 6410438, 6410502, 6410869, 6410902, 6411014, 6411072, 6411294, 6411300, 6411342, 6411354, 6411523, 6411587, 6411715, 6411796, 6411859, 6411927, 6411961, 6412001, 6412179, 6412431, 6412592, 6412815, 6413069, 6413078, 6413149, 6413205, 6413259, 6413276, 6413315, 6413613, 6413957, 6414015, 6414020, 6414081, 6414876, 6414961, 6414978, 6415200, 6415264, 6415317, 6415359, 6415379, 6415422, 6415510, 6415518, 6415527, 6415694, 6415877, 6416095, 6416221, 6416267, 6416299, 6416376, 6416397, 6416629, 6416646, 6416696, 6416748, 6416809, 6416883, 6416921, 6416942, 6417168, 6417222, 6417227, 6417398, 6417552, 6417583, 6417939, 6418073, 6418142, 6418371, 6418591, 6418622, 6418777, 6419077, 6419179, 6419306, 6419444, 6419447, 6419508, 6419564, 6419570, 6419588, 6419665, 6419704, 6420065, 6420200, 6420644, 6420746, 6420808, 6420824, 6420878, 6421029, 6421272, 6421297, 6421302, 6421514, 6421534, 6421942, 6422035, 6422051, 6422207, 6422233, 6422294, 6422323, 6422457, 6422526, 6422549, 6422606, 6422856, 6423012, 6423294, 6423429, 6423636, 6423779, 6423795, 6423827, 6423913, 6424008, 6424009, 6424045, 6424091, 6424181, 6424427, 6424438, 6424533, 6424616, 6424623, 6424673, 6424698, 6424725, 6424913, 6425061, 6425086, 6425177, 6425261, 6425280, 6425583, 6425604, 6425661, 6425693, 6425723, 6425730, 6425779, 6425801, 6425989, 6426125, 6426312, 6426326, 6426352, 6426373, 6426532, 6426603, 6426631, 6426654, 6426674, 6426744, 6426801, 6426853, 6426917, 6427050, 6427113, 6427267, 6427600, 6427853, 6427930, 6428055, 6428079, 6428135, 6428294, 6428548, 6428688, 6428758, 6428762, 6428877, 6428962, 6429016, 6429325, 6429327, 6429336, 6429372, 6429398, 6429430, 6429539, 6429588, 6429618, 6429672, 6429787, 6430076, 6430154, 6430362, 6430526, 6430572, 6430606, 6430616, 6430668, 6430883, 6431269, 6431333, 6431338, 6431346, 6431350, 6431471, 6431682, 6431738, 6431763, 6431974, 6432025, 6432027, 6432202, 6432235, 6432289, 6432410, 6432496, 6432589, 6432690, 6432734, 6432876, 6433027, 6433321, 6433323, 6433408, 6433667, 6433923, 6433928, 6434064, 6434122, 6434208, 6434376, 6434548, 6434560, 6434622, 6434677, 6434860, 6435137, 6435147, 6435245, 6435316, 6435340, 6435470, 6435529, 6435571, 6435701, 6435707, 6435756, 6435759, 6435786, 6435862, 6435988, 6436100, 6436255, 6436274, 6436342, 6436414, 6436428, 6436627, 6436652, 6436710, 6436716, 6436867, 6436937, 6436976, 6437130, 6437135, 6437348, 6437418, 6437486, 6437537, 6437668, 6437720, 6437894, 6437931, 6437969, 6438015, 6438178, 6438286, 6438309, 6438456, 6438545, 6438659, 6438709, 6438726, 6438813, 6438868, 6439078, 6439081, 6439094, 6439129, 6439192, 6439237, 6439298, 6439368, 6439557, 6439565, 6439583, 6439716, 6439761, 6440033, 6440071, 6440160, 6440244, 6440297, 6440344, 6440344, 6440414, 6440714, 6440723, 6440925, 6441002, 6441027, 6441032, 6441141, 6441353, 6441429, 6441471, 6441478, 6441499, 6441573, 6441698, 6441849, 6441883, 6441886, 6441901, 6441918, 6441936, 6442052, 6442082, 6442120, 6442167, 6442224, 6442239, 6442272, 6442363, 6442376, 6442537, 6442798, 6442838, 6443061, 6443091, 6443104, 6443240, 6443314, 6443535, 6443728, 6443832, 6443915, 6444227, 6444359, 6444367, 6444398, 6444469, 6444488, 6444561, 6444617, 6444708, 6444766, 6444828, 6444851, 6445076, 6445293, 6445529, 6445540, 6445630, 6445668, 6445828, 6445841, 6445981, 6446136, 6446136, 6446309, 6446670, 6446885, 6446892, 6447404, 6447472, 6447611, 6447688, 6447781, 6447915, 6448047, 6448216, 6448286, 6448351, 6448490, 6448508, 6448577, 6448629, 6448755, 6448790, 6449073, 6449343, 6449404, 6449546, 6449679, 6449773, 6449861, 6450128, 6450170, 6450371, 6450496, 6450545, 6450566, 6450653, 6450659, 6450723, 6450808, 6450931, 6450936, 6451010, 6451040, 6451235, 6451263, 6451323, 6451421, 6451473, 6451482, 6451580, 6451793, 6451819, 6451966, 6451971, 6452041, 6452112, 6452266, 6452323, 6452349, 6452367, 6452588, 6452768, 6452824, 6453087, 6453131, 6453306, 6453494, 6453663, 6453700, 6453712, 6453756, 6453833, 6454261, 6454280, 6454379, 6454401, 6454411, 6454448, 6455013, 6455040, 6455071, 6455129, 6455136, 6455145, 6455260, 6455350, 6455376, 6455616, 6455713, 6455798, 6455932, 6455947, 6456044, 6456162, 6456163, 6456185, 6456244, 6456274, 6456307, 6456516, 6456533, 6456584, 6456601, 6456626, 6456647, 6456673, 6456816, 6456845, 6456964, 6457114, 6457292, 6457373, 6457452, 6457532, 6457604, 6457632, 6457642, 6457760, 6457776, 6457783, 6457790, 6457849, 6458042, 6458158, 6458194, 6458313, 6458372, 6458700, 6458815, 6458925, 6458936, 6459041, 6459066, 6459079, 6459221, 6459260, 6459370, 6459488, 6459489, 6459515, 6459594, 6459649, 6459861, 6459908, 6459911, 6460089, 6460092, 6460197, 6460262, 6460264, 6460457, 6460524, 6460644, 6460684, 6460749, 6460826, 6460896, 6461197, 6461428, 6461431, 6461436, 6461499, 6461686, 6461748, 6461861, 6461868, 6462055, 6462068, 6462277, 6462401, 6462456, 6462477, 6462560, 6462653, 6462678, 6462808, 6462832, 6462848, 6462884, 6462903, 6463030, 6463102, 6463107, 6463158, 6463220, 6463225, 6463342, 6463351, 6463612, 6463660, 6463732, 6463732, 6463733, 6463744, 6463786, 6463944, 6464004, 6464057, 6464106, 6464209, 6464288, 6464342, 6464351, 6464364, 6464432, 6464623, 6464778, 6464935, 6464944, 6465106, 6465177, 6465240, 6465244, 6465245, 6465269, 6465296, 6465523, 6465556, 6465761, 6465807, 6465940, 6465972, 6465998, 6466151, 6466162, 6466259, 6466664, 6466681, 6466895, 6467326, 6467331, 6467645, 6467702, 6467846, 6467969, 6467986, 6468019, 6468023, 6468094, 6468116, 6468330, 6468417, 6468438, 6468860, 6468875, 6469064, 6469127, 6469173, 6469204, 6469216, 6469321, 6469333, 6469363, 6469367, 6469415, 6469475, 6469661, 6469801, 6470053, 6470099, 6470153, 6470180, 6470273, 6470319, 6470414, 6470525, 6470750, 6470821, 6470872, 6471249, 6471345, 6471361, 6471540, 6472028, 6472099, 6472332, 6472401, 6472644, 6472726, 6472783, 6472801, 6472879, 6473003, 6473065, 6473170, 6473259, 6473488, 6473633, 6473730, 6473806, 6473889, 6473939, 6474138, 6474230, 6474465, 6474524, 6474624, 6474904, 6474934, 6474958, 6475326, 6475467, 6475502, 6475593, 6475751, 6475874, 6475903, 6475965, 6476017, 6476092, 6476141, 6476280, 6476336, 6476367, 6476373, 6476439, 6476460, 6476470, 6476505, 6476543, 6476590, 6476687, 6476748, 6476804, 6477248, 6477288, 6477332, 6477478, 6477707, 6477834, 6477857, 6478029, 6478166, 6478388, 6478560, 6478697, 6478761, 6479003, 6479098, 6479104, 6479139, 6479270, 6479365, 6479618, 6479735, 6479835, 6479843, 6479895, 6479906, 6480015, 6480135, 6480247, 6480303, 6480358, 6480432, 6480479, 6480488, 6480541, 6480564, 6480623, 6480883, 6480892, 6481153, 6481254, 6481339, 6481382, 6481633, 6481655, 6481805, 6482052, 6482130, 6482174, 6482213, 6482263, 6482362, 6482432, 6482441, 6482554, 6482779, 6482891, 6482974, 6482980, 6483162, 6483841, 6483952, 6483953, 6484091, 6484213, 6484288, 6484298, 6484345, 6484382, 6484683, 6484859, 6485005, 6485107, 6485151, 6485235, 6485267, 6485387, 6485426, 6485624, 6485654, 6485666, 6485830, 6485893, 6485904, 6486051, 6486147, 6486187, 6486216, 6486234, 6486496, 6486546, 6486602, 6486802, 6486825, 6486876, 6486905, 6486971, 6487211, 6487267, 6487392, 6487458, 6487480, 6487488, 6487554, 6487852, 6487984, 6488132, 6488244, 6488280, 6488313, 6488360, 6488365, 6488390, 6488405, 6488445, 6488478, 6488504, 6488591, 6488664, 6488709, 6488819, 6488876, 6489063, 6489144, 6489302, 6489302, 6489634, 6489654, 6489725, 6489891, 6489906, 6490016, 6490173, 6490296, 6490393, 6490532, 6490603, 6490797, 6490843, 6490954, 6491062, 6491135, 6491187, 6491247, 6491257, 6491583, 6491740, 6491809, 6491934, 6491936, 6491952, 6492000, 6492091, 6492170, 6492356, 6492526, 6492603, 6492604, 6492632, 6492885, 6492930, 6492979, 6493249, 6493357, 6493473, 6493556, 6493570, 6493588, 6493608, 6493636, 6493650, 6493725, 6493819, 6493948, 6494144, 6494181, 6494284, 6494345, 6494400, 6494533, 6494571, 6494589, 6494592, 6494656, 6494957, 6494977, 6495071, 6495126, 6495200, 6495405, 6495475, 6495482, 6495551, 6495566, 6495707, 6495783, 6495846, 6496313, 6496384, 6496467, 6496557, 6496650, 6496960, 6496985, 6496994, 6497049, 6497088, 6497156, 6497264, 6497386, 6497629, 6497635, 6497751, 6497763, 6498009, 6498417, 6498818, 6498826, 6498839, 6498870, 6498891, 6498969, 6498981, 6499061, 6499230, 6499233, 6499284, 6499332, 6499334, 6499452, 6499695, 6499809, 6500067, 6500212, 6500399, 6500487, 6500526, 6500698, 6500853, 6500889, 6500985, 6501105, 6501131, 6501187, 6501294, 6501314, 6501362, 6501419, 6501440, 6501612, 6501673, 6501879, 6501907, 6502060, 6502125, 6502258, 6502279, 6502620, 6502912, 6502941, 6502960, 6503021, 6503151, 6503171, 6503178, 6503291, 6503367, 6503369, 6503454, 6503550, 6503776, 6503793, 6504021, 6504119, 6504182, 6504215, 6504270, 6504281, 6504527, 6504554, 6504554, 6504669, 6505030, 6505113, 6505181, 6505221, 6505449, 6505744, 6505835, 6505993, 6505996, 6506025, 6506429, 6506623, 6506642, 6506691, 6506928, 6506945, 6506970, 6506974, 6507110, 6507112, 6507366, 6507419, 6507614, 6507825, 6507936, 6507964, 6508064, 6508169, 6508252, 6508257, 6508290, 6508315, 6508581, 6508624, 6508684, 6508847, 6508919, 6509065, 6509101, 6509181, 6509295, 6509452, 6509507, 6509542, 6509697, 6510023, 6510074, 6510182, 6510205, 6510558, 6510563, 6510629, 6510634, 6510673, 6510771, 6510944, 6511078, 6511092, 6511146, 6511190, 6511286, 6511441, 6511722, 6511762, 6511789, 6511975, 6512065, 6512181, 6512248, 6512260, 6512273, 6512700, 6512706, 6512748, 6512794, 6512861, 6512875, 6512900, 6512920, 6512958, 6513507, 6513519, 6513559, 6513606, 6513703, 6513730, 6513755, 6513756, 6513993, 6513997, 6514035, 6514051, 6514156, 6514201, 6514368, 6514369, 6514407, 6514474, 6514596, 6514719, 6514769, 6514888, 6514892, 6514954, 6515011, 6515165, 6515411, 6515518, 6515571, 6515701, 6515987, 6516089, 6516160, 6516161, 6516248, 6516338, 6516415, 6516482, 6516592, 6516750, 6517278, 6517337, 6517360, 6517449, 6517508, 6517572, 6517692, 6517785, 6517818, 6517868, 6517967, 6518055, 6518588, 6518695, 6518701, 6518758, 6518829, 6518961, 6518989, 6519000, 6519012, 6519252, 6519413, 6519429, 6519554, 6519570, 6519758, 6519912, 6520239, 6520275, 6520306, 6520390, 6520418, 6520701, 6520849, 6520865, 6521132, 6521402, 6521661, 6521686, 6521686, 6521747, 6521785, 6521879, 6522033, 6522190, 6522190, 6522210, 6522220, 6522317, 6522429, 6522445, 6522496, 6522598, 6522675, 6522715, 6522829, 6522857, 6523040, 6523303, 6523428, 6523477, 6523537, 6523582, 6523592, 6523710, 6524068, 6524080, 6524355, 6524534, 6524536, 6524551, 6524911, 6524913, 6524925, 6525038, 6525363, 6525418, 6525541, 6525621, 6525623, 6525676, 6525756, 6525863, 6525893, 6525946, 6526030, 6526133, 6526273, 6526456, 6526459, 6526515, 6526754, 6527069, 6527090, 6527141, 6527145, 6527225, 6527355, 6527492, 6527591, 6527704, 6527935, 6527958, 6528030, 6528094, 6528228, 6528241, 6528409, 6528548, 6528585, 6528625, 6528762, 6528881, 6529144, 6529146, 6529319, 6529348, 6529741, 6529790, 6529805, 6529892, 6530143, 6530291, 6530353, 6530409, 6530483, 6530491, 6530607, 6530895, 6530907, 6530915, 6530943, 6530957, 6531077, 6531094, 6531151, 6531161, 6531266, 6531373, 6531382, 6531406, 6531644, 6531762, 6531974, 6532144, 6532148, 6532163, 6532374, 6532591, 6532599, 6532712, 6532893, 6532917, 6533022, 6533091, 6533124, 6533148, 6533354, 6533529, 6533544, 6533677, 6533794, 6533827, 6533867, 6533945, 6534002, 6534087, 6534137, 6534300, 6534437, 6534579, 6534738, 6534755, 6534879, 6535043, 6535080, 6535258, 6535275, 6535438, 6535498, 6535541, 6535590, 6535600, 6535826, 6535894, 6535939, 6535956, 6536033, 6536343, 6536381, 6536448, 6536503, 6536744, 6536762, 6537140, 6537561, 6537603, 6537634, 6537775, 6537900, 6538038, 6538258, 6538621, 6538716, 6538931, 6538938, 6539219, 6539297, 6539301, 6539324, 6539535, 6539834, 6539841, 6539880, 6540100, 6540146, 6540165, 6540351, 6540504, 6540595, 6540606, 6540635, 6540760, 6540788, 6540843, 6540950, 6541068, 6541114, 6541141, 6541186, 6541240, 6541437, 6541575, 6541621, 6541649, 6541793, 6541825, 6542311, 6542452, 6542551, 6542614, 6542743, 6542783, 6543100, 6543137, 6543205, 6543396, 6543497, 6543603, 6543630, 6543640, 6543716, 6543746, 6543927, 6543948, 6544046, 6544069, 6544271, 6544566, 6544676, 6544822, 6544916, 6544924, 6545519, 6545519, 6545583, 6545749, 6545804, 6545843, 6545876, 6546080, 6546120, 6546143, 6546151, 6546185, 6546226, 6546269, 6546319, 6546470, 6546530, 6546543, 6546603, 6546678, 6546728, 6546749, 6546771, 6546825, 6546876, 6546976, 6546984, 6546990, 6547083, 6547103, 6547191, 6547427, 6547469, 6547562, 6547585, 6547612, 6547634, 6547661, 6547829, 6547835, 6547998, 6548074, 6548088, 6548110, 6548119, 6548147, 6548237, 6548273, 6548306, 6548900, 6548960, 6549161, 6549216, 6549374, 6549424, 6549529, 6549532, 6549532, 6549596, 6549720, 6549726, 6549748, 6549931, 6550030, 6550127, 6550287, 6550604, 6550620, 6550633, 6550644, 6550700, 6550734, 6550990, 6551087, 6551225, 6551338, 6551399, 6551424, 6551501, 6551527, 6551534, 6551555, 6551580, 6551681, 6551783, 6551889, 6551952, 6552027, 6552220, 6552263, 6552324, 6552384, 6552444, 6552564, 6552766, 6552904, 6552927, 6553000, 6553327, 6553360, 6553525, 6553582, 6553590, 6553622, 6553958, 6554007, 6554068, 6554284, 6554370, 6554425, 6554576, 6554683, 6554904, 6555069, 6555088, 6555091, 6555249, 6555290, 6555324, 6555359, 6555365, 6555608, 6555660, 6555838, 6555945, 6555990, 6556198, 6556223, 6556693, 6556696, 6556736, 6556794, 6557019, 6557080, 6557259, 6557387, 6557451, 6557514, 6557523, 6557834, 6557875, 6557883, 6557950, 6558220, 6558278, 6558369, 6558586, 6558642, 6558653, 6558666, 6558705, 6558745, 6558780, 6558799, 6558848, 6558990, 6559102, 6559132, 6559182, 6559241, 6559465, 6559531, 6559556, 6559572, 6559583, 6559632, 6559772, 6559830, 6559836, 6559900, 6560077, 6560297, 6560507, 6560525, 6560871, 6560974, 6561186, 6561358, 6561431, 6561522, 6561768, 6561937, 6561990, 6562124, 6562135, 6562313, 6562341, 6562350, 6562571, 6562620, 6562634, 6562682, 6562864, 6562943, 6562954, 6563240, 6563276, 6563338, 6563588, 6563617, 6563780, 6563788, 6563854, 6563868, 6564078, 6564367, 6564372, 6564432, 6564694, 6564784, 6564875, 6565018, 6565070, 6565172, 6565486, 6565498, 6565548, 6565558, 6565706, 6565985, 6566154, 6566231, 6566377, 6566604, 6566646, 6566698, 6566811, 6566818, 6567067, 6567206, 6567367, 6567421, 6567557, 6567694, 6567723, 6567762, 6567796, 6567861, 6567979, 6568058, 6568084, 6568118, 6568163, 6568629, 6568756, 6568900, 6569040, 6569064, 6569065, 6569275, 6569318, 6569346, 6569406, 6569691, 6569746, 6570350, 6570473, 6570481, 6571091, 6571114, 6571312, 6571319, 6571526, 6571836, 6571871, 6572158, 6572179, 6572201, 6572279, 6572313, 6572416, 6572484, 6572526, 6572553, 6572585, 6572607, 6573157, 6573226, 6573307, 6573389, 6573395, 6573551, 6573674, 6573714, 6573775, 6573848, 6573913, 6574012, 6574047, 6574064, 6574232, 6574236, 6574294, 6574369, 6574402, 6574478, 6574689, 6574704, 6574811, 6574888, 6574969, 6574972, 6574994, 6575098, 6575367, 6575721, 6575859, 6575921, 6575976, 6575992, 6576042, 6576339, 6576359, 6576394, 6576425, 6576528, 6576707, 6576869, 6577280, 6577429, 6577450, 6577535, 6577557, 6577629, 6577746, 6577763, 6577854, 6578192, 6578343, 6578362, 6578374, 6578382, 6578427, 6578612, 6578737, 6578774, 6578806, 6578969, 6579000, 6579057, 6579100, 6579427, 6579584, 6579647, 6579669, 6579845, 6579940, 6579963, 6579981, 6580012, 6580028, 6580053, 6580366, 6580503, 6580716, 6580905, 6580985, 6581064, 6581067, 6581360, 6581404, 6581490, 6581585, 6581659, 6581705, 6581717, 6581936, 6581940, 6581981, 6581998, 6582010, 6582104, 6582146, 6582157, 6582267, 6582304, 6582377, 6582563, 6582691, 6582732, 6582967, 6583097, 6583193, 6583326, 6583402, 6583491, 6583570, 6583617, 6583829, 6583952, 6584037, 6584169, 6584296, 6584364, 6584471, 6584472, 6584484, 6584581, 6584678, 6584678, 6584698, 6584733, 6584775, 6584776, 6584805, 6585063, 6585236, 6585465, 6585466, 6585557, 6585642, 6585776, 6585798, 6585840, 6586035, 6586116, 6586117, 6586166, 6586202, 6586212, 6586737, 6586777, 6587344, 6587347, 6587461, 6587508, 6587528, 6587556, 6587644, 6587769, 6587867, 6587924, 6587933, 6587935, 6588088, 6588123, 6588209, 6588223, 6588265, 6588297, 6588329, 6588410, 6588473, 6588568, 6588640, 6588665, 6588823, 6588959, 6588975, 6589004, 6589055, 6589148, 6589229, 6589321, 6589330, 6589331, 6589528, 6589611, 6589693, 6589722, 6589730, 6589807, 6589990, 6590170, 6590310, 6590328, 6590439, 6590526, 6590674, 6590701, 6590829, 6590885, 6591184, 6591280, 6591361, 6591376, 6591466, 6591521, 6591534, 6591603, 6591695, 6591870, 6591873, 6591879, 6591881, 6591975, 6592060, 6592136, 6592256, 6592287, 6592358, 6592418, 6592453, 6592550, 6593120, 6593133, 6593260, 6593324, 6593409, 6593501, 6593764, 6593779, 6593818, 6593946, 6594009, 6594242, 6594469, 6594547, 6594581, 6594792, 6594829, 6594875, 6595003, 6595163, 6595191, 6595351, 6595989, 6596007, 6596021, 6596083, 6596187, 6596374, 6596499, 6596660, 6596700, 6596794, 6597002, 6597349, 6597493, 6597612, 6597929, 6597976, 6598003, 6598147, 6598172, 6598258, 6598300, 6598353, 6598379, 6598401, 6598420, 6598677, 6598720, 6598837, 6598847, 6598902, 6598918, 6598941, 6598985, 6599047, 6599364, 6599497, 6599526, 6599622, 6599700, 6600040, 6600159, 6600240, 6600332, 6600418, 6600486, 6600609, 6600660, 6600724, 6600835, 6600870, 6600890, 6600926, 6601081, 6601110, 6601139, 6601203, 6601237, 6601246, 6601282, 6601300, 6601492, 6601568, 6601899, 6601945, 6602035, 6602204, 6602298, 6602598, 6602684, 6602751, 6602922, 6603102, 6603171, 6603254, 6603257, 6603436, 6603543, 6603872, 6603904, 6604000, 6604098, 6604146, 6604310, 6604320, 6604450, 6604709, 6604729, 6604788, 6604890, 6604906, 6605135, 6605214, 6605265, 6605567, 6605578, 6605808, 6605809, 6605837, 6605885, 6605908, 6605914, 6605934, 6605935, 6606010, 6606039, 6606057, 6606113, 6606146, 6606274, 6606278, 6606400, 6606739, 6606775, 6606850, 6606994, 6607101, 6607188, 6607205, 6607246, 6607254, 6607301, 6607367, 6607452, 6607539, 6607731, 6607765, 6607913, 6607951, 6608035, 6608169, 6608195, 6608320, 6608324, 6608361, 6608706, 6608710, 6608936, 6609012, 6609099, 6609195, 6609248, 6609463, 6609472, 6609779, 6609787, 6609800, 6609829, 6609884, 6609953, 6610275, 6610284, 6610382, 6610391, 6610462, 6610467, 6610632, 6610638, 6610708, 6610766, 6610793, 6610818, 6611009, 6611037, 6611358, 6611491, 6611603, 6611719, 6612219, 6612237, 6612278, 6612344, 6612414, 6612516, 6612673, 6612682, 6612818, 6612833, 6612969, 6613362, 6613455, 6613492, 6613546, 6613552, 6613771, 6613789, 6613845, 6613894, 6613926, 6613982, 6614045, 6614057, 6614080, 6614163, 6614302, 6614402, 6614440, 6614452, 6614455, 6614502, 6614544, 6614617, 6614913, 6614916, 6614928, 6614987, 6615017, 6615052, 6615059, 6615077, 6615379, 6615568, 6615569, 6615688, 6615823, 6616122, 6616220, 6616300, 6616313, 6616367, 6616457, 6616494, 6616535, 6616553, 6616572, 6616614, 6616653, 6616700, 6616834, 6616854, 6616955, 6617049, 6617274, 6617327, 6617362, 6617523, 6617655, 6617807, 6617856, 6618050, 6618174, 6618459, 6618656, 6618722, 6618835, 6618874, 6619018, 6619120, 6619136, 6619224, 6619226, 6619572, 6619601, 6619669, 6619759, 6619778, 6619786, 6619797, 6619797, 6619800, 6619811, 6619855, 6619898, 6619970, 6620082, 6620083, 6620306, 6620534, 6620613, 6620619, 6620990, 6621009, 6621012, 6621132, 6621261, 6621268, 6621286, 6621518, 6621639, 6621640, 6621659, 6621671, 6621765, 6622095, 6622115, 6622213, 6622351, 6622390, 6622444, 6622469, 6622497, 6622578, 6622659, 6622822, 6622918, 6623130, 6623254, 6623276, 6623302, 6623452, 6623513, 6623626, 6623703, 6623726, 6623732, 6623946, 6624063, 6624086, 6624155, 6624162, 6624166, 6624216, 6624475, 6624595, 6624663, 6624768, 6624769, 6624938, 6625126, 6625294, 6625686, 6625694, 6625703, 6625724, 6625739, 6625754, 6625847, 6625879, 6625990, 6626139, 6626276, 6626462, 6626560, 6626563, 6626600, 6626610, 6626672, 6626697, 6626779, 6626873, 6626957, 6626964, 6627141, 6627406, 6627740, 6627914, 6627975, 6627976, 6628062, 6628112, 6628382, 6628519, 6628637, 6628677, 6628769, 6628903, 6628931, 6629360, 6629508, 6629553, 6629664, 6629665, 6629682, 6629688, 6630021, 6630186, 6630209, 6630454, 6630563, 6630616, 6630766, 6630784, 6630785, 6630808, 6630920, 6631084, 6631159, 6631167, 6631396, 6631608, 6631628, 6631746, 6631953, 6632084, 6632244, 6632258, 6632403, 6632443, 6633049, 6633127, 6633223, 6633235, 6633288, 6633329, 6633437, 6633448, 6633501, 6633517, 6633544, 6633904, 6634029, 6634116, 6634160, 6634239, 6634384, 6634426, 6634616, 6634818, 6634978, 6635185, 6635435, 6635587, 6635640, 6635804, 6635838, 6635925, 6636146, 6636239, 6636263, 6636278, 6636368, 6636554, 6636633, 6636657, 6636737, 6636782, 6636933, 6637135, 6637308, 6637549, 6637643, 6637707, 6637755, 6637788, 6637798, 6637874, 6637966, 6638191, 6638229, 6638349, 6638530, 6638534, 6638767, 6638952, 6639032, 6639055, 6639175, 6639419, 6639427, 6639469, 6639660, 6639734, 6639844, 6639980, 6640164, 6640217, 6640252, 6640300, 6640469, 6640503, 6640550, 6640680, 6640695, 6640709, 6640796, 6640973, 6641209, 6641308, 6641403, 6641414, 6641422, 6641477, 6641561, 6641578, 6641667, 6641671, 6641733, 6641793, 6641871, 6641956, 6641960, 6641962, 6642029, 6642079, 6642083, 6642100, 6642117, 6642128, 6642205, 6642267, 6642304, 6642357, 6642485, 6642841, 6642849, 6642869, 6642930, 6643017, 6643132, 6643202, 6643220, 6643275, 6643376, 6643421, 6643451, 6643467, 6643543, 6643572, 6643658, 6643748, 6644021, 6644046, 6644159, 6644195, 6644215, 6644242, 6644336, 6644425, 6644572, 6644896, 6644943, 6644975, 6645063, 6645109, 6645124, 6645145, 6645149, 6645305, 6645426, 6645442, 6645640, 6645692, 6645703, 6645731, 6645748, 6645758, 6645876, 6645944, 6645998, 6646012, 6646227, 6646414, 6646432, 6646560, 6646565, 6646718, 6646746, 6646802, 6647038, 6647232, 6647403, 6647406, 6647474, 6647575, 6647609, 6647626, 6647685, 6647803, 6647879, 6647907, 6648057, 6648159, 6648268, 6648333, 6648371, 6648410, 6648492, 6648499, 6648525, 6648531, 6648566, 6648750, 6648849, 6649155, 6649201, 6649304, 6649417, 6649437, 6649460, 6649675, 6649713, 6649818, 6649840, 6650056, 6650278, 6650319, 6650360, 6650431, 6650536, 6650708, 6650739, 6650750, 6650803, 6650841, 6650893, 6651006, 6651080, 6651110, 6651152, 6651166, 6651577, 6651604, 6651614, 6651650, 6651797, 6651889, 6651893, 6652214, 6652275, 6652441, 6652578, 6652592, 6652597, 6652612, 6652747, 6652927, 6652931, 6652935, 6652967, 6652974, 6653068, 6653084, 6653088, 6653093, 6653148, 6653213, 6653345, 6653350, 6653545, 6653617, 6653646, 6653761, 6654097, 6654148, 6654170, 6654529, 6654708, 6654770, 6654790, 6654982, 6655173, 6655216, 6655222, 6655265, 6655272, 6655565, 6655818, 6656241, 6656287, 6656328, 6656464, 6656467, 6656740, 6656892, 6656940, 6657007, 6657143, 6657150, 6657213, 6657330, 6657341, 6657367, 6657384, 6657459, 6657556, 6657566, 6657756, 6657845, 6658141, 6658145, 6658146, 6658146, 6658325, 6658409, 6658415, 6658494, 6658694, 6658705, 6658795, 6658860, 6658886, 6659099, 6659216, 6659320, 6659412, 6659478, 6659490, 6659542, 6659588, 6659605, 6659643, 6659730, 6659797, 6659808, 6660253, 6660269, 6660405, 6660426, 6660445, 6660482, 6660547, 6660567, 6660901, 6660910, 6660932, 6661061, 6661102, 6661496, 6661655, 6661658, 6661704, 6661791, 6661793, 6662041, 6662050, 6662183, 6662216, 6662287, 6662312, 6662329, 6662609, 6662649, 6662652, 6662732, 6662832, 6662835, 6663044, 6663133, 6663203, 6663309, 6663539, 6663602, 6663685, 6663687, 6663880, 6664036, 6664055, 6664096, 6664224, 6664290, 6664305, 6664361, 6664461, 6664504, 6664552, 6664624, 6664646, 6664983, 6665035, 6665071, 6665096, 6665318, 6665441, 6665597, 6665668, 6665743, 6665896, 6665925, 6665925, 6666037, 6666337, 6666433, 6666573, 6666710, 6666804, 6666966, 6666975, 6666975, 6667162, 6667383, 6667480, 6667481, 6667546, 6667704, 6667803, 6667981, 6668179, 6668350, 6668363, 6668463, 6668516, 6668694, 6668753, 6668756, 6668913, 6669657, 6669799, 6669869, 6669938, 6669952, 6670023, 6670153, 6670159, 6670193, 6670325, 6670384, 6670385, 6670645, 6670659, 6670758, 6671150, 6671177, 6671442, 6671490, 6671544, 6671709, 6671904, 6671946, 6672088, 6672580, 6672735, 6672738, 6672861, 6673020, 6673046, 6673152, 6673351, 6673521, 6673668, 6673746, 6673761, 6673894, 6673932, 6673959, 6674345, 6674485, 6674526, 6674681, 6674682, 6674707, 6675176, 6675317, 6675474, 6675600, 6675682, 6675735, 6675749, 6675807, 6675837, 6675910, 6675950, 6676162, 6676204, 6676810, 6677169, 6677194, 6677320, 6677372, 6677488, 6677511, 6677672, 6677934, 6678156, 6678188, 6678230, 6678381, 6678549, 6678621, 6678823, 6678825, 6678919, 6679094, 6679340, 6679373, 6679409, 6679569, 6679579, 6679645, 6679788, 6679818, 6680003, 6680047, 6680125, 6680185, 6680329, 6680366, 6680425, 6680452, 6680505, 6680520, 6680924, 6681065, 6681080, 6681111, 6681117, 6681179, 6681272, 6681278, 6681517, 6681572, 6681636, 6681700, 6681751, 6681756, 6681895, 6681900, 6682228, 6682319, 6682319, 6682326, 6682417, 6682419, 6682622, 6682683, 6682711, 6682940, 6683015, 6683083, 6683306, 6683339, 6683370, 6683384, 6683413, 6683512, 6683535, 6683661, 6683729, 6683964, 6684050, 6684332, 6684381, 6684460, 6684497, 6684621, 6684754, 6684915, 6685055, 6685349, 6685353, 6685501, 6685656, 6685695, 6685721, 6685757, 6685797, 6685822, 6686004, 6686172, 6686183, 6686238, 6686268, 6686330, 6686463, 6686734, 6686758, 6686781, 6686876, 6687056, 6687157, 6687234, 6687263, 6687405, 6687419, 6687440, 6687550, 6687577, 6687729, 6687852, 6687933, 6687937, 6688014, 6688023, 6688119, 6688203, 6688218, 6688317, 6688368, 6688555, 6688752, 6688803, 6688948, 6688963, 6689030, 6689099, 6689151, 6689216, 6689279, 6689315, 6689369, 6689412, 6689422, 6689549, 6689606, 6689669, 6689717, 6689756, 6689786, 6689794, 6689937, 6690169, 6690202, 6690303, 6690459, 6690531, 6690784, 6690842, 6690842, 6690922, 6690922, 6691231, 6691412, 6691421, 6691665, 6691925, 6691984, 6692135, 6692246, 6692264, 6692392, 6692681, 6692715, 6692773, 6692926, 6692942, 6693050, 6693294, 6693360, 6693385, 6693456, 6693623, 6693646, 6693659, 6693886, 6693906, 6693963, 6694040, 6694131, 6694232, 6694272, 6694417, 6694469, 6694513, 6694724, 6694801, 6694924, 6694986, 6695024, 6695106, 6695154, 6695196, 6695222, 6695264, 6695324, 6695451, 6695521, 6695537, 6695649, 6695680, 6695729, 6695985, 6696081, 6696591, 6696895, 6696986, 6697209, 6697213, 6697389, 6697421, 6697724, 6697933, 6697960, 6698187, 6698302, 6698352, 6698491, 6698522, 6698760, 6698833, 6698904, 6699011, 6699129, 6699345, 6699408, 6699477, 6699499, 6699709, 6699958, 6700053, 6700661, 6700771, 6701063, 6701189, 6701421, 6701507, 6701521, 6701567, 6701636, 6701645, 6701646, 6701745, 6701785, 6701877, 6702040, 6702165, 6702369, 6702387, 6702621, 6702680, 6702748, 6703513, 6703561, 6703607, 6703823, 6703912, 6704260, 6704561, 6704565, 6704715, 6704880, 6705206, 6705301, 6705351, 6705668, 6705810, 6705855, 6705876, 6705933, 6705949, 6705969, 6706132, 6706226, 6706236, 6706444, 6706446, 6706495, 6706541, 6706655, 6706789, 6706817, 6706898, 6706915, 6706932, 6707053, 6707371, 6707442, 6707659, 6707701, 6707726, 6707752, 6707854, 6707888, 6708098, 6708157, 6708200, 6708207, 6708291, 6708371, 6708455, 6708513, 6708573, 6708647, 6708819, 6708938, 6708945, 6708975, 6709015, 6709101, 6709124, 6709589, 6709868, 6709895, 6710003, 6710060, 6710108, 6710153, 6710236, 6710348, 6710377, 6710608, 6710613, 6710631, 6710747, 6710788, 6710805, 6710809, 6711044, 6711246, 6711253, 6711485, 6711582, 6711697, 6711848, 6712030, 6712125, 6712163, 6712191, 6712247, 6712446, 6712462, 6712621, 6712696, 6712785, 6712877, 6712892, 6713234, 6713338, 6713483, 6713488, 6713523, 6713638, 6713670, 6713748, 6713886, 6714073, 6714138, 6714355, 6714371, 6714398, 6714636, 6714777, 6714864, 6715000, 6715002, 6715021, 6715133, 6715440, 6715527, 6715624, 6715787, 6715811, 6715920, 6716107, 6716136, 6716263, 6716275, 6716284, 6716286, 6716345, 6716719, 6716773, 6716799, 6716886, 6716932, 6717082, 6717109, 6717320, 6717362, 6717407, 6717523, 6717829, 6718105, 6718145, 6718173, 6718194, 6718414, 6718558, 6718730, 6718832, 6718926, 6718949, 6719113, 6719178, 6719195, 6719224, 6719358, 6719373, 6719423, 6719444, 6719548, 6719555, 6719659, 6719982, 6720079, 6720102, 6720506, 6720565, 6720843, 6720880, 6720908, 6720993, 6721020, 6721205, 6721294, 6721304, 6721389, 6721430, 6722343, 6722357, 6722358, 6722387, 6722627, 6722718, 6722753, 6722810, 6722841, 6722843, 6722875, 6723492, 6723658, 6723677, 6723691, 6723817, 6723835, 6723835, 6723921, 6724077, 6724081, 6724262, 6724340, 6724350, 6724438, 6724548, 6724552, 6724742, 6724784, 6724787, 6724814, 6724914, 6724985, 6725101, 6725105, 6725261, 6725456, 6725647, 6725723, 6726051, 6726177, 6726211, 6726255, 6726305, 6726355, 6726380, 6726503, 6726540, 6726574, 6726687, 6727692, 6727979, 6728285, 6728325, 6728408, 6728614, 6728773, 6728909, 6728947, 6729111, 6729111, 6729125, 6729318, 6729405, 6729445, 6729541, 6729966, 6729972, 6730046, 6730415, 6730478, 6730525, 6730589, 6730671, 6730787, 6730877, 6730898, 6730979, 6731034, 6731083, 6731150, 6731228, 6731252, 6731342, 6731399, 6731407, 6731628, 6731641, 6731841, 6731859, 6731982, 6732075, 6732092, 6732094, 6732354, 6732420, 6732586, 6732707, 6732888, 6733225, 6733282, 6733321, 6733552, 6733724, 6733884, 6733930, 6733990, 6734132, 6734218, 6734218, 6734219, 6734239, 6734488, 6734555, 6734663, 6734762, 6734766, 6734926, 6735124, 6735344, 6735532, 6735550, 6735564, 6735726, 6735870, 6735873, 6735914, 6735925, 6735928, 6736082, 6736242, 6736434, 6736521, 6736643, 6736741, 6737042, 6737107, 6737147, 6737150, 6737332, 6737394, 6737447, 6737538, 6737566, 6737605, 6737608, 6737694, 6737760, 6737770, 6737845, 6737892, 6737941, 6737978, 6738050, 6738074, 6738219, 6738377, 6738463, 6738501, 6738501, 6738654, 6738815, 6738833, 6738948, 6738951, 6739239, 6739273, 6739307, 6739453, 6739556, 6739562, 6739758, 6739865, 6739889, 6740151, 6740173, 6740303, 6740353, 6740542, 6740870, 6741012, 6741072, 6741106, 6741177, 6741248, 6741440, 6741470, 6741530, 6741548, 6741650, 6741658, 6741724, 6741804, 6741819, 6741947, 6741955, 6741960, 6742020, 6742049, 6742154, 6742165, 6742676, 6742681, 6742961, 6742976, 6743240, 6743393, 6743482, 6743593, 6743611, 6743611, 6743957, 6744015, 6744035, 6744195, 6744243, 6744258, 6744733, 6744795, 6744931, 6744955, 6744960, 6745126, 6745130, 6745170, 6745245, 6745575, 6745603, 6745690, 6745907, 6746376, 6746436, 6746457, 6746542, 6746593, 6746682, 6746724, 6746741, 6746768, 6746968, 6747039, 6747042, 6747081, 6747147, 6747434, 6747536, 6747539, 6747546, 6747672, 6747834, 6747881, 6747887, 6747908, 6747925, 6748084, 6748150, 6748211, 6748562, 6748614, 6748618, 6748688, 6748801, 6748819, 6748836, 6748849, 6748962, 6749091, 6749122, 6749181, 6749288, 6749371, 6749481, 6749525, 6749547, 6749672, 6749733, 6749937, 6749941, 6750076, 6750136, 6750183, 6750270, 6750311, 6750327, 6750400, 6750436, 6750630, 6750701, 6750800, 6750816, 6751065, 6751129, 6751188, 6751253, 6751850, 6752148, 6752240, 6752273, 6752456, 6752480, 6752794, 6752993, 6753022, 6753168, 6753340, 6753562, 6753657, 6753802, 6753921, 6753940, 6754009, 6754136, 6754137, 6754240, 6754428, 6754485, 6754487, 6754598, 6754612, 6754663, 6754956, 6754970, 6755002, 6755216, 6755224, 6755268, 6755278, 6755349, 6755471, 6755525, 6755650, 6755841, 6755842, 6755870, 6755879, 6755952, 6756229, 6756261, 6756263, 6756399, 6756569, 6756708, 6756861, 6756889, 6756935, 6757052, 6757270, 6757292, 6757392, 6757405, 6757418, 6757438, 6757909, 6758412, 6758455, 6758528, 6758659, 6758708, 6758825, 6758855, 6758917, 6759075, 6759090, 6759133, 6759312, 6759444, 6759470, 6759518, 6759618, 6759727, 6759752, 6759758, 6759784, 6759839, 6759864, 6760057, 6760306, 6760559, 6760703, 6761280, 6761344, 6761368, 6761560, 6761628, 6761702, 6761787, 6761794, 6761810, 6761939, 6762004, 6762093, 6762303, 6762369, 6762469, 6762631, 6762797, 6762947, 6762970, 6763074, 6763113, 6763201, 6763225, 6763261, 6763623, 6763643, 6763688, 6763743, 6763894, 6764004, 6764226, 6764239, 6764260, 6764275, 6764874, 6764891, 6764962, 6765003, 6765131, 6765262, 6765373, 6765392, 6765489, 6765493, 6765510, 6765736, 6765886, 6766245, 6766289, 6766366, 6766380, 6766408, 6766819, 6767007, 6767089, 6767211, 6767335, 6767358, 6767359, 6767553, 6767669, 6767679, 6767787, 6767788, 6767846, 6768075, 6768135, 6768250, 6768296, 6768358, 6769123, 6769149, 6769212, 6769460, 6769696, 6769793, 6769846, 6769853, 6769964, 6770002, 6770419, 6770460, 6770476, 6770618, 6770633, 6770698, 6770869, 6770899, 6770915, 6771126, 6771126, 6771148, 6771314, 6771329, 6771433, 6771534, 6771684, 6771946, 6772124, 6772131, 6772401, 6772451, 6772470, 6772535, 6772572, 6772597, 6772614, 6772642, 6772671, 6772801, 6772807, 6772878, 6772951, 6772959, 6773160, 6773291, 6773306, 6773477, 6773556, 6773666, 6773872, 6773890, 6773940, 6774097, 6774137, 6774230, 6774466, 6774525, 6774546, 6774645, 6774678, 6774749, 6774786, 6774854, 6774876, 6774937, 6775043, 6775183, 6775323, 6775524, 6775684, 6775817, 6775820, 6775851, 6776014, 6776202, 6776209, 6776245, 6776356, 6776410, 6776471, 6776513, 6776630, 6776656, 6776683, 6776750, 6776789, 6776918, 6777143, 6777179, 6777287, 6777346, 6777348, 6777401, 6777665, 6777782, 6777904, 6777942, 6778059, 6778112, 6778127, 6778248, 6778413, 6778567, 6778641, 6778657, 6778711, 6778918, 6778974, 6779076, 6779316, 6779331, 6779430, 6779676, 6779767, 6779772, 6779777, 6779891, 6780172, 6780260, 6780287, 6780318, 6780327, 6780441, 6780449, 6780640, 6780663, 6780696, 6781062, 6781243, 6781659, 6781922, 6782151, 6782435, 6782440, 6782459, 6782603, 6782676, 6782727, 6782736, 6782836, 6782852, 6783053, 6783069, 6783070, 6783207, 6783271, 6783355, 6783359, 6783781, 6783900, 6783986, 6784030, 6784044, 6784117, 6784260, 6784306, 6784512, 6784898, 6785646, 6785733, 6785735, 6785789, 6785870, 6785952, 6786201, 6786211, 6786251, 6786257, 6786269, 6786277, 6786372, 6786402, 6786420, 6786456, 6786481, 6786635, 6786752, 6786841, 6786867, 6787046, 6787051, 6787068, 6787162, 6787441, 6787478, 6787715, 6787723, 6787825, 6787875, 6787953, 6788034, 6788263, 6788355, 6788530, 6788609, 6788846, 6788881, 6789044, 6789082, 6789169, 6789345, 6789465, 6789534, 6789536, 6789572, 6789669, 6789708, 6789714, 6789868, 6789903, 6789988, 6790077, 6790087, 6790287, 6790287, 6790335, 6790369, 6790400, 6790574, 6790654, 6790666, 6790714, 6790954, 6791021, 6791055, 6791100, 6791255, 6791340, 6791363, 6791419, 6791539, 6791552, 6791677, 6791706, 6791738, 6791850, 6791949, 6791971, 6791991, 6792082, 6792107, 6792248, 6792328, 6792619, 6792649, 6792742, 6792781, 6792783, 6793028, 6793127, 6793148, 6793224, 6793268, 6793298, 6793462, 6793693, 6793768, 6793849, 6793985, 6794121, 6794225, 6794318, 6794486, 6794550, 6794587, 6794603, 6794678, 6794738, 6794915, 6795180, 6795188, 6795221, 6795222, 6795982, 6795992, 6796080, 6796343, 6796435, 6796525, 6796559, 6796769, 6796861, 6796948, 6797007, 6797048, 6797127, 6797189, 6797227, 6797381, 6797716, 6797848, 6797902, 6798023, 6798372, 6798373, 6798380, 6798539, 6798555, 6798685, 6798728, 6798792, 6798953, 6799080, 6799186, 6799271, 6799424, 6799638, 6799844, 6799877, 6800045, 6800094, 6800110, 6800152, 6800258, 6800462, 6800533, 6800669, 6800706, 6800730, 6800767, 6800775, 6800782, 6800850, 6800890, 6801031, 6801119, 6801123, 6801161, 6801197, 6801395, 6801482, 6801623, 6801751, 6801853, 6801891, 6802162, 6802166, 6802170, 6802306, 6802482, 6802671, 6802693, 6802705, 6802741, 6802764, 6802874, 6803080, 6803162, 6803255, 6803309, 6803312, 6803344, 6803594, 6803680, 6803742, 6803792, 6804013, 6804068, 6804331, 6804361, 6804365, 6804612, 6804705, 6805031, 6805204, 6805264, 6805402, 6805466, 6805469, 6805540, 6805634, 6805652, 6805716, 6805846, 6805886, 6805894, 6806090, 6806121, 6806453, 6806523, 6806611, 6806658, 6807079, 6807112, 6807162, 6807317, 6807594, 6807646, 6807836, 6807916, 6807975, 6808043, 6808278, 6808435, 6808473, 6808486, 6808577, 6808597, 6808979, 6809595, 6809730, 6809744, 6809768, 6809773, 6809795, 6809989, 6810152, 6810212, 6810255, 6810540, 6810562, 6810691, 6810788, 6810886, 6810995, 6811424, 6811771, 6811875, 6811949, 6811970, 6812148, 6812163, 6812265, 6812473, 6812475, 6812519, 6812879, 6812979, 6812991, 6813015, 6813266, 6813332, 6813387, 6813702, 6813864, 6813881, 6814221, 6814298, 6814359, 6814437, 6814711, 6815026, 6815062, 6815432, 6815440, 6815494, 6815702, 6815713, 6815733, 6815749, 6815806, 6816017, 6816056, 6816268, 6816539, 6816575, 6816610, 6816730, 6816779, 6816797, 6816847, 6817038, 6817079, 6817394, 6817562, 6817639, 6817646, 6817716, 6817720, 6817768, 6817814, 6817910, 6818375, 6818400, 6818473, 6818515, 6818578, 6818592, 6818889, 6818933, 6818944, 6818987, 6818993, 6819043, 6819097, 6819128, 6819195, 6819234, 6819460, 6819610, 6819820, 6819980, 6820106, 6820131, 6820146, 6820159, 6820219, 6820339, 6820820, 6820949, 6820982, 6820997, 6821022, 6821023, 6821223, 6821332, 6821355, 6821356, 6821587, 6821609, 6821767, 6821815, 6821850, 6821897, 6822000, 6822118, 6822176, 6822196, 6822288, 6822397, 6822406, 6822504, 6822725, 6823048, 6823053, 6823374, 6823394, 6823441, 6823535, 6823581, 6823600, 6823652, 6823674, 6823707, 6823895, 6823900, 6823916, 6824100, 6824103, 6824385, 6824407, 6824506, 6824518, 6824524, 6824641, 6824765, 6824784, 6824797, 6824914, 6824950, 6824957, 6825060, 6825120, 6825158, 6825397, 6825534, 6825580, 6825599, 6825660, 6825735, 6825760, 6825842, 6825846, 6825891, 6825891, 6825919, 6826049, 6826102, 6826118, 6826162, 6826239, 6826542, 6826564, 6826608, 6826678, 6826724, 6826755, 6826771, 6826778, 6826812, 6827065, 6827198, 6827529, 6827600, 6827699, 6827805, 6827846, 6828129, 6828203, 6828238, 6828298, 6828451, 6828546, 6828593, 6828644, 6828693, 6828732, 6828944, 6828949, 6828981, 6829128, 6829339, 6829345, 6829418, 6830118, 6830363, 6830521, 6830556, 6830558, 6830629, 6830654, 6830665, 6830668, 6830718, 6830781, 6831049, 6831092, 6831093, 6831095, 6831132, 6831226, 6831254, 6831349, 6831380, 6831456, 6831510, 6831611, 6831833, 6831867, 6831979, 6831992, 6832122, 6832374, 6832516, 6832607, 6832660, 6832693, 6832754, 6832926, 6832997, 6833235, 6833277, 6833302, 6833347, 6833585, 6833623, 6833624, 6833675, 6833754, 6833958, 6834357, 6834505, 6834599, 6834600, 6834711, 6835073, 6835273, 6835436, 6835455, 6835485, 6835617, 6835655, 6835689, 6835764, 6835889, 6835891, 6835931, 6836037, 6836061, 6836078, 6836126, 6836161, 6836250, 6836295, 6836505, 6837179, 6837352, 6837365, 6837533, 6837628, 6837677, 6837713, 6837717, 6837737, 6837863, 6837940, 6837975, 6838037, 6838336, 6838575, 6838815, 6839093, 6839164, 6839291, 6839428, 6839512, 6839532, 6839569, 6839647, 6840004, 6840319, 6840470, 6840471, 6840626, 6840654, 6840708, 6840718, 6840723, 6840915, 6840968, 6841060, 6841284, 6841324, 6841386, 6841603, 6841613, 6841629, 6841634, 6841724, 6841802, 6841881, 6841962, 6841977, 6842069, 6842391, 6842485, 6842579, 6842659, 6842795, 6842870, 6842941, 6843074, 6843140, 6843262, 6843571, 6843730, 6843731, 6843767, 6843788, 6843817, 6843944, 6844031, 6844050, 6844307, 6844389, 6844400, 6844403, 6844574, 6844593, 6844662, 6844710, 6844760, 6844817, 6844962, 6844969, 6845245, 6845274, 6845338, 6845423, 6845480, 6845574, 6845817, 6845965, 6846038, 6846201, 6846249, 6846457, 6846524, 6846599, 6846637, 6846685, 6846817, 6846839, 6846844, 6846893, 6847111, 6847120, 6847157, 6847229, 6847253, 6847290, 6847357, 6847739, 6847788, 6848065, 6848078, 6848150, 6848160, 6848175, 6848251, 6848312, 6848413, 6848540, 6848726, 6848820, 6848820, 6848899, 6848921, 6848987, 6849008, 6849009, 6849036, 6849141, 6849159, 6849266, 6849362, 6849476, 6849671, 6849750, 6849862, 6850004, 6850199, 6850367, 6850420, 6850664, 6850700, 6850876, 6851020, 6851366, 6851389, 6851568, 6851598, 6851645, 6851777, 6851847, 6852015, 6852095, 6852171, 6852398, 6852441, 6852744, 6853006, 6853032, 6853048, 6853253, 6853317, 6853319, 6853436, 6853464, 6853602, 6853727, 6853944, 6853964, 6854029, 6854035, 6854054, 6854209, 6854240, 6854340, 6854341, 6854501, 6854591, 6854722, 6854773, 6854953, 6854983, 6855152, 6855333, 6855646, 6855871, 6855877, 6855890, 6855937, 6856222, 6856309, 6856395, 6856421, 6856506, 6856610, 6856695, 6856831, 6856851, 6856980, 6856993, 6857082, 6857110, 6857400, 6857580, 6857607, 6857670, 6857763, 6857851, 6858081, 6858102, 6858293, 6858300, 6858318, 6858333, 6858836, 6858906, 6858915, 6859103, 6859273, 6859333, 6859337, 6859431, 6859434, 6859564, 6859598, 6859669, 6859930, 6859998, 6860305, 6860331, 6860390, 6860412, 6860500, 6860516, 6860521, 6860558, 6860786, 6860856, 6860858, 6861122, 6861146, 6861357, 6861648, 6861702, 6861711, 6861731, 6861743, 6861860, 6861936, 6861980, 6861993, 6862044, 6862325, 6862520, 6862848, 6862877, 6862890, 6863113, 6863131, 6863228, 6863270, 6863279, 6863280, 6863355, 6863502, 6863543, 6863545, 6863655, 6863694, 6863763, 6863815, 6863866, 6863910, 6863982, 6864030, 6864227, 6864255, 6864370, 6864380, 6864700, 6864859, 6864870, 6864913, 6865437, 6865521, 6865539, 6865702, 6865710, 6866034, 6866037, 6866135, 6866136, 6866142, 6866159, 6866189, 6866255, 6866308, 6866472, 6866556, 6866557, 6866686, 6866781, 6866799, 6866804, 6866909, 6866930, 6867002, 6867248, 6867339, 6867547, 6867617, 6867638, 6867678, 6867785, 6867799, 6867824, 6867993, 6868012, 6868025, 6868148, 6868242, 6868571, 6868907, 6869003, 6869059, 6869213, 6869278, 6869365, 6869400, 6869425, 6869449, 6869620, 6869763, 6869795, 6869804, 6870057, 6870080, 6870089, 6870215, 6870426, 6870535, 6870642, 6870729, 6870753, 6870837, 6870886, 6870940, 6870950, 6870990, 6871141, 6871164, 6871238, 6871243, 6871280, 6871375, 6871439, 6871760, 6871802, 6871805, 6871824, 6871851, 6872038, 6872056, 6872290, 6872307, 6872428, 6872523, 6872523, 6872550, 6872695, 6872765, 6872862, 6872943, 6873006, 6873085, 6873210, 6873310, 6873379, 6873488, 6873715, 6873717, 6873782, 6874095, 6874103, 6874122, 6874199, 6874216, 6874225, 6874292, 6874526, 6874536, 6874577, 6874610, 6874690, 6874694, 6874762, 6874943, 6875236, 6875320, 6875356, 6875574, 6875711, 6875824, 6875990, 6876055, 6876057, 6876099, 6876324, 6876325, 6876346, 6876347, 6876353, 6876411, 6876569, 6876643, 6876790, 6876858, 6876876, 6877121, 6877244, 6877539, 6877558, 6877566, 6877703, 6877798, 6878011, 6878027, 6878234, 6878405, 6878591, 6878867, 6878925, 6878984, 6879051, 6879318, 6879398, 6879707, 6879791, 6879826, 6880179, 6880246, 6880285, 6880358, 6880363, 6880572, 6880663, 6880848, 6880904, 6881082, 6881127, 6881155, 6881196, 6881203, 6881625, 6881682, 6881812, 6881848, 6881884, 6882050, 6882199, 6882337, 6882432, 6882469, 6882729, 6882813, 6882833, 6882964, 6883012, 6883394, 6883506, 6883610, 6883640, 6884502, 6884577, 6884873, 6885210, 6885281, 6885282, 6885446, 6885642, 6885947, 6886035, 6886245, 6886245, 6886333, 6886449, 6886559, 6886622, 6886637, 6886778, 6886878, 6886927, 6886982, 6887077, 6887179, 6887184, 6887235, 6887312, 6887571, 6887644, 6887775, 6887937, 6887948, 6888007, 6888283, 6888427, 6888511, 6888548, 6888564, 6888900, 6888965, 6889263, 6889443, 6889447, 6889544, 6889575, 6889593, 6889705, 6889732, 6889766, 6889846, 6890118, 6890163, 6890233, 6890476, 6890508, 6890677, 6890719, 6890727, 6890779, 6890827, 6890855, 6890921, 6891200, 6891297, 6891371, 6891618, 6891650, 6891669, 6891916, 6891949, 6892091, 6892132, 6892653, 6892663, 6892677, 6892737, 6892843, 6892928, 6893017, 6893084, 6893137, 6893260, 6893409, 6893485, 6893536, 6893653, 6893718, 6893719, 6893745, 6893972, 6894034, 6894117, 6894293, 6894478, 6894542, 6894545, 6894691, 6894712, 6894714, 6894724, 6894746, 6894999, 6895263, 6895374, 6895410, 6895435, 6895567, 6895742, 6895957, 6895961, 6895968, 6895985, 6896036, 6896065, 6896141, 6896146, 6896164, 6896380, 6896408, 6896488, 6896498, 6896541, 6896711, 6896720, 6896781, 6897053, 6897080, 6897083, 6897219, 6897359, 6897396, 6897410, 6897420, 6897626, 6897686, 6897705, 6897731, 6897736, 6897741, 6897801, 6898169, 6898253, 6898273, 6898276, 6898301, 6898312, 6898323, 6898382, 6898582, 6898606, 6898747, 6898748, 6898786, 6899111, 6899153, 6899159, 6899254, 6899315, 6899436, 6900133, 6900384, 6900468, 6900620, 6900714, 6900989, 6901057, 6901088, 6901186, 6901225, 6901260, 6901260, 6901323, 6901331, 6901383, 6901845, 6901904, 6901995, 6902232, 6902256, 6902285, 6902311, 6902375, 6902398, 6902752, 6902778, 6902947, 6902971, 6903111, 6903211, 6903231, 6903303, 6903358, 6903432, 6903442, 6903602, 6903958, 6903974, 6904105, 6904112, 6904126, 6904163, 6904340, 6904366, 6904369, 6904395, 6904402, 6904418, 6904664, 6904824, 6904927, 6905030, 6905046, 6905102, 6905154, 6905329, 6905406, 6905523, 6905584, 6905593, 6905742, 6906004, 6906036, 6906048, 6906214, 6906257, 6906292, 6906490, 6906602, 6906721, 6907044, 6907055, 6907064, 6907289, 6907300, 6907411, 6907444, 6907518, 6907535, 6907717, 6907726, 6907913, 6908132, 6908139, 6908167, 6908183, 6908285, 6908333, 6908444, 6908604, 6908633, 6908643, 6908675, 6908993, 6909095, 6909180, 6909194, 6909224, 6909267, 6909271, 6909324, 6909408, 6909507, 6909528, 6909599, 6909781, 6909885, 6909987, 6910074, 6910107, 6910141, 6910458, 6910539, 6910680, 6910870, 6911287, 6911330, 6911424, 6911469, 6911480, 6911553, 6911578, 6911586, 6911642, 6911919, 6912059, 6912096, 6912098, 6912194, 6912220, 6912375, 6912545, 6912547, 6912568, 6912638, 6912666, 6912910, 6912917, 6913342, 6913364, 6913517, 6913694, 6913827, 6913932, 6914077, 6914172, 6914254, 6914284, 6914828, 6914832, 6914849, 6914880, 6914928, 6915076, 6915390, 6915452, 6915605, 6915629, 6915658, 6915660, 6915757, 6915905, 6915923, 6916063, 6916095, 6916107, 6916249, 6916272, 6916409, 6916429, 6916510, 6916574, 6916666, 6916909, 6916912, 6916913, 6916915, 6916933, 6917030, 6917158, 6917220, 6917379, 6917787, 6917869, 6918236, 6918379, 6918386, 6918402, 6918616, 6918620, 6918765, 6918803, 6918874, 6918877, 6919086, 6919356, 6919368, 6919440, 6919544, 6919664, 6919669, 6919806, 6920131, 6920151, 6920250, 6920392, 6920430, 6920674, 6920760, 6921390, 6921451, 6921464, 6921482, 6921633, 6921742, 6921969, 6922075, 6922192, 6922204, 6922211, 6922323, 6922360, 6922390, 6922583, 6922599, 6922629, 6922858, 6922941, 6922941, 6923104, 6923138, 6923202, 6923218, 6923228, 6923351, 6923449, 6923669, 6923694, 6923729, 6923778, 6923848, 6923949, 6923965, 6923971, 6924084, 6924277, 6924341, 6924413, 6924487, 6924595, 6924612, 6924660, 6924737, 6924906, 6924962, 6925172, 6925467, 6925525, 6925526, 6925561, 6925700, 6925821, 6926017, 6926183, 6926203, 6926224, 6926225, 6926364, 6926559, 6926665, 6926836, 6926855, 6926897, 6926900, 6927079, 6927176, 6927258, 6927355, 6927370, 6927639, 6927641, 6927770, 6928013, 6928064, 6928214, 6928275, 6928455, 6928711, 6928835, 6928929, 6929355, 6929403, 6929411, 6929469, 6929649, 6929659, 6929714, 6929877, 6929900, 6930055, 6930151, 6930169, 6930483, 6930540, 6930614, 6930621, 6930630, 6930656, 6930991, 6931037, 6931201, 6931337, 6931373, 6931403, 6931506, 6931527, 6931658, 6931754, 6932030, 6932062, 6932096, 6932199, 6932297, 6932461, 6932610, 6932611, 6932699, 6932812, 6933069, 6933112, 6933192, 6933238, 6933456, 6933490, 6933613, 6933675, 6933679, 6933719, 6933887, 6933972, 6934069, 6934088, 6934206, 6934223, 6934509, 6934713, 6934741, 6934756, 6934888, 6934904, 6934912, 6934966, 6935125, 6935185, 6935227, 6935327, 6935397, 6935403, 6935416, 6935468, 6935549, 6935736, 6935822, 6935984, 6936039, 6936154, 6936553, 6936722, 6936783, 6936970, 6937044, 6937093, 6937142, 6937269, 6937356, 6937404, 6937429, 6937578, 6937580, 6937692, 6937749, 6937756, 6937780, 6937872, 6937878, 6937888, 6937937, 6938106, 6938160, 6938160, 6938180, 6938191, 6938232, 6938268, 6938273, 6938625, 6938780, 6938783, 6938845, 6938885, 6939066, 6939123, 6939242, 6939332, 6939392, 6939583, 6939814, 6939839, 6939859, 6939912, 6939913, 6940027, 6940050, 6940267, 6940330, 6940431, 6940600, 6940671, 6940754, 6940770, 6940771, 6940906, 6940916, 6940971, 6941235, 6941306, 6941370, 6941476, 6941580, 6941630, 6941813, 6941834, 6942073, 6942172, 6942364, 6942406, 6942425, 6942483, 6942542, 6942688, 6942984, 6943026, 6943166, 6943180, 6943193, 6943279, 6943310, 6943546, 6943563, 6943798, 6943907, 6943937, 6943951, 6943953, 6944002, 6944650, 6944834, 6944949, 6945185, 6945242, 6945299, 6945310, 6945496, 6945517, 6945563, 6945680, 6945815, 6946029, 6946170, 6946297, 6946361, 6946420, 6946429, 6946521, 6946540, 6946541, 6946706, 6946778, 6946961, 6946989, 6947195, 6947460, 6947590, 6947733, 6947898, 6947946, 6947985, 6948049, 6948254, 6948359, 6948558, 6948589, 6948806, 6948945, 6948983, 6949013, 6949106, 6949141, 6949177, 6949235, 6949347, 6949451, 6949468, 6949656, 6949749, 6949815, 6949859, 6949884, 6949926, 6950025, 6950058, 6950275, 6950296, 6950312, 6950339, 6950346, 6950390, 6950543, 6950590, 6950613, 6950656, 6950676, 6950711, 6950756, 6950771, 6950792, 6950813, 6950937, 6950954, 6951092, 6951202, 6951248, 6951396, 6951415, 6951466, 6951610, 6951625, 6951687, 6951736, 6952076, 6952271, 6952376, 6952397, 6952418, 6952429, 6952618, 6952795, 6952815, 6952850, 6952939, 6952966, 6953007, 6953170, 6953213, 6953388, 6953409, 6953435, 6953488, 6953562, 6953669, 6953695, 6953728, 6953758, 6953816, 6954077, 6954234, 6954324, 6954361, 6954398, 6954651, 6954908, 6954970, 6955013, 6955058, 6955182, 6955337, 6955399, 6955404, 6955440, 6955525, 6955586, 6955597, 6955683, 6955771, 6955909, 6956015, 6956074, 6956317, 6956691, 6956739, 6956750, 6956896, 6956958, 6957173, 6957358, 6957457, 6957550, 6957554, 6957568, 6957611, 6957696, 6957723, 6957725, 6957753, 6957780, 6958109, 6958161, 6958338, 6958539, 6958576, 6958644, 6958807, 6958921, 6958954, 6958993, 6959060, 6959125, 6959183, 6959210, 6959313, 6959354, 6959474, 6959495, 6959512, 6959626, 6959847, 6959875, 6960252, 6960614, 6960619, 6960757, 6960777, 6960837, 6960920, 6961001, 6961009, 6961085, 6961095, 6961241, 6961296, 6961490, 6961656, 6961672, 6961737, 6961750, 6961916, 6961922, 6962020, 6962092, 6962332, 6962617, 6962751, 6962825, 6963050, 6963050, 6963074, 6963106, 6963129, 6963419, 6963478, 6963498, 6963624, 6964009, 6964075, 6964101, 6964176, 6964185, 6964256, 6964561, 6964818, 6965150, 6965185, 6965237, 6965298, 6965398, 6965470, 6965708, 6965946, 6965959, 6965969, 6965981, 6966219, 6966430, 6966441, 6966449, 6966474, 6966505, 6966508, 6966602, 6966614, 6966898, 6967002, 6967002, 6967137, 6967158, 6967384, 6967564, 6967783, 6967888, 6967910, 6968060, 6968082, 6968088, 6968109, 6968163, 6968211, 6968264, 6968357, 6968704, 6968924, 6968994, 6969088, 6969185, 6969270, 6969382, 6969385, 6969518, 6969654, 6969785, 6969957, 6970103, 6970316, 6970360, 6970458, 6970560, 6970734, 6970855, 6970941, 6971086, 6971239, 6971282, 6971291, 6971442, 6971545, 6971570, 6971691, 6971811, 6971836, 6971861, 6971947, 6972174, 6972370, 6972390, 6972412, 6972465, 6972689, 6972779, 6972872, 6972954, 6972972, 6972992, 6973050, 6973235, 6973248, 6973262, 6973356, 6973558, 6973620, 6973626, 6973705, 6973731, 6974301, 6974329, 6974385, 6974404, 6974405, 6974415, 6974520, 6974589, 6974597, 6974628, 6974836, 6974855, 6974887, 6974887, 6974994, 6975145, 6975201, 6975237, 6975368, 6975396, 6975400, 6975498, 6975531, 6975535, 6975589, 6975610, 6975667, 6975918, 6975977, 6976065, 6976161, 6976237, 6976504, 6976576, 6976635, 6976659, 6976791, 6976806, 6976845, 6976858, 6977132, 6977186, 6977243, 6977334, 6977342, 6977533, 6977659, 6977734, 6977810, 6977850, 6977869, 6978276, 6978336, 6978627, 6978662, 6978679, 6978764, 6978932, 6979052, 6979103, 6979156, 6979194, 6979277, 6979288, 6979341, 6979344, 6979413, 6979552, 6979596, 6979630, 6979679, 6979708, 6979708, 6979714, 6979748, 6979771, 6979958, 6980130, 6980241, 6980306, 6980380, 6980627, 6980806, 6980830, 6981046, 6981073, 6981116, 6981271, 6981346, 6981426, 6981533, 6981668, 6981689, 6981831, 6981874, 6981922, 6982063, 6982524, 6982541, 6982667, 6982813, 6982820, 6982889, 6983013, 6983140, 6983202, 6983286, 6983484, 6983498, 6983655, 6983689, 6983719, 6983733, 6983738, 6983747, 6983837, 6984100, 6984179, 6984244, 6984300, 6984418, 6984528, 6984692, 6984739, 6984780, 6984848, 6984862, 6984870, 6984894, 6984916, 6984929, 6984984, 6985005, 6985045, 6985131, 6985394, 6985397, 6985399, 6985444, 6985670, 6985707, 6985748, 6985873, 6985904, 6985999, 6986013, 6986063, 6986183, 6986274, 6986283, 6986295, 6986439, 6986458, 6986489, 6986517, 6986606, 6986835, 6986869, 6986966, 6987197, 6987205, 6987217, 6987253, 6987289, 6987380, 6987463, 6987581, 6987601, 6987669, 6987676, 6987747, 6987786, 6987798, 6987807, 6987977, 6987978, 6988118, 6988172, 6988237, 6988243, 6988264, 6988412, 6988486, 6988718, 6988952, 6988959, 6989087, 6989101, 6989160, 6989190, 6989239, 6989631, 6989654, 6989659, 6989708, 6989795, 6989803, 6989999, 6990048, 6990252, 6990342, 6990456, 6990525, 6990672, 6990696, 6990997, 6991217, 6991241, 6991301, 6991392, 6991405, 6991530, 6991533, 6991747, 6991811, 6992131, 6992272, 6992287, 6992364, 6992515, 6992524, 6992577, 6992971, 6993065, 6993118, 6993361, 6993431, 6993447, 6993465, 6993514, 6993516, 6993582, 6993605, 6993668, 6993669, 6993683, 6993733, 6993965, 6993967, 6993994, 6994041, 6994131, 6994247, 6994291, 6994638, 6994783, 6995000, 6995073, 6995184, 6995245, 6995344, 6995429, 6995610, 6995635, 6995754, 6995945, 6996040, 6996079, 6996303, 6996332, 6996517, 6996533, 6996546, 6996788, 6996853, 6996858, 6996910, 6997007, 6997067, 6997109, 6997196, 6997201, 6997339, 6997583, 6997633, 6997723, 6997762, 6997785, 6997995, 6998033, 6998167, 6998186, 6998252, 6998253, 6998286, 6998464, 6998570, 6998725, 6998839, 6998998, 6999029, 6999164, 6999170, 6999456, 6999469, 6999627, 6999844, 6999910, 6999943, 6999978, 6999990, 7000024, 7000043, 7000098, 7000103, 7000108, 7000204, 7000346, 7000364, 7000373, 7000473, 7000536, 7000617, 7000679, 7000808, 7000968, 7001164, 7001180, 7001250, 7001265, 7001284, 7001307, 7001346, 7001351, 7001503, 7001551, 7001855, 7001864, 7001890, 7001891, 7001998, 7002191, 7002236, 7002322, 7002446, 7002480, 7002658, 7002665, 7002706, 7002885, 7003048, 7003170, 7003625, 7003641, 7003752, 7003758, 7003779, 7003841, 7003847, 7003850, 7003855, 7003902, 7004066, 7004106, 7004117, 7004143, 7004339, 7004399, 7004402, 7004484, 7004598, 7004678, 7004759, 7004871, 7004915, 7004978, 7005110, 7005116, 7005536, 7005571, 7005663, 7005793, 7005876, 7005936, 7005988, 7006008, 7006092, 7006243, 7006281, 7006732, 7006927, 7006955, 7007010, 7007044, 7007250, 7007308, 7007492, 7007511, 7007662, 7007744, 7007793, 7007974, 7008053, 7008058, 7008085, 7008139, 7008221, 7008236, 7008381, 7008558, 7008599, 7009033, 7009098, 7009139, 7009152, 7009190, 7009230, 7009279, 7009326, 7009447, 7009448, 7009493, 7009657, 7009712, 7009818, 7009912, 7009951, 7010239, 7010268, 7010287, 7010300, 7010449, 7010620, 7011011, 7011113, 7011148, 7011228, 7011262, 7011345, 7011354, 7011485, 7011746, 7011772, 7011791, 7011817, 7011865, 7011966, 7011975, 7012033, 7012037, 7012159, 7012310, 7012353, 7012406, 7012451, 7012797, 7012879, 7013133, 7013185, 7013188, 7013232, 7013461, 7013502, 7013588, 7013640, 7013658, 7013761, 7014051, 7014064, 7014100, 7014200, 7014204, 7014394, 7014459, 7014459, 7014462, 7014488, 7014662, 7014765, 7014771, 7014782, 7014791, 7015015, 7015019, 7015057, 7015085, 7015260, 7015268, 7015277, 7015334, 7015662, 7015683, 7015818, 7015834, 7015950, 7015974, 7016028, 7016033, 7016144, 7016192, 7016198, 7016230, 7016291, 7016322, 7016578, 7016646, 7016792, 7016881, 7016996, 7017360, 7017371, 7017470, 7017745, 7017801, 7017827, 7017841, 7017877, 7017969, 7018133, 7018314, 7018554, 7018699, 7018704, 7018737, 7018756, 7018767, 7018781, 7019052, 7019389, 7019649, 7019764, 7019852, 7019899, 7019910, 7020277, 7020529, 7020668, 7020735, 7020841, 7021115, 7021138, 7021333, 7021627, 7021709, 7021716, 7021970, 7022512, 7022651, 7022736, 7023161, 7023797, 7023837, 7023853, 7023866, 7023876, 7024065, 7024112, 7024163, 7024434, 7024509, 7024529, 7024613, 7024649, 7024995, 7025068, 7025119, 7025207, 7025306, 7025560, 7025599, 7025653, 7025683, 7025708, 7025823, 7025936, 7026140, 7026173, 7026194, 7026219, 7026270, 7026284, 7026458, 7026465, 7026629, 7026668, 7026822, 7026878, 7027083, 7027165, 7027183, 7027220, 7027362, 7027511, 7027664, 7027743, 7028051, 7028061, 7028303, 7028411, 7028418, 7028526, 7028554, 7028580, 7028627, 7028762, 7029262, 7029268, 7029295, 7029358, 7029570, 7029636, 7029640, 7029716, 7029758, 7029789, 7029809, 7029875, 7029919, 7030011, 7030215, 7030448, 7030451, 7030521, 7030600, 7030900, 7030956, 7031095, 7031102, 7031164, 7031235, 7031336, 7031378, 7031696, 7031726, 7031821, 7031848, 7031942, 7031970, 7031976, 7032009, 7032022, 7032032, 7032079, 7032177, 7032194, 7032196, 7032229, 7032284, 7032411, 7032663, 7032885, 7032936, 7033022, 7033299, 7033329, 7033476, 7033565, 7033660, 7033774, 7033818, 7033967, 7033973, 7034001, 7034131, 7034227, 7034248, 7034319, 7034591, 7034616, 7034622, 7035224, 7035415, 7035597, 7035771, 7035789, 7035839, 7035856, 7036068, 7036088, 7036136, 7036296, 7036402, 7036479, 7036486, 7036585, 7036703, 7036774, 7036883, 7036897, 7036909, 7036981, 7037129, 7037272, 7037424, 7037651, 7037657, 7037659, 7037670, 7037826, 7037935, 7037951, 7037986, 7038033, 7038090, 7038310, 7038444, 7038547, 7038627, 7038647, 7038720, 7038850, 7038902, 7038939, 7039061, 7039072, 7039269, 7039355, 7039369, 7039432, 7039548, 7039686, 7039693, 7039729, 7039833, 7039950, 7040125, 7040177, 7040271, 7040380, 7040466, 7040486, 7040655, 7040678, 7040908, 7040972, 7041102, 7041247, 7041255, 7041342, 7041741, 7041742, 7041789, 7041842, 7041938, 7042224, 7042249, 7042285, 7042364, 7042668, 7042748, 7042802, 7042869, 7042884, 7042938, 7042971, 7043263, 7043272, 7043286, 7043346, 7043401, 7043524, 7043651, 7043684, 7043938, 7043950, 7044037, 7044165, 7044712, 7044755, 7044905, 7045206, 7045447, 7045549, 7045667, 7045676, 7045879, 7045987, 7046134, 7046186, 7046237, 7046335, 7046367, 7046378, 7046712, 7046716, 7046749, 7046846, 7046890, 7046904, 7047052, 7047161, 7047661, 7047730, 7047817, 7047843, 7048086, 7048251, 7048339, 7048376, 7048693, 7048900, 7048901, 7048907, 7049216, 7049353, 7049356, 7049408, 7049482, 7049514, 7049588, 7049594, 7049621, 7049628, 7049865, 7049918, 7050150, 7050351, 7050356, 7050365, 7050467, 7050563, 7050575, 7050635, 7050738, 7050864, 7050929, 7050963, 7051008, 7051058, 7051104, 7051105, 7051153, 7051228, 7051233, 7051495, 7051544, 7051633, 7051752, 7051812, 7051875, 7051916, 7051962, 7052151, 7052243, 7052312, 7052417, 7052472, 7052540, 7052633, 7052722, 7052830, 7052979, 7053016, 7053268, 7053405, 7053719, 7053836, 7053979, 7054008, 7054282, 7054345, 7054394, 7054398, 7054486, 7054547, 7054644, 7054760, 7054767, 7054839, 7055167, 7055263, 7055405, 7055835, 7055836, 7055938, 7055955, 7056086, 7056098, 7056393, 7056409, 7056514, 7056672, 7056726, 7056969, 7057006, 7057025, 7057335, 7057359, 7057741, 7057867, 7058098, 7058100, 7058121, 7058172, 7058393, 7058431, 7058508, 7058563, 7058606, 7058750, 7058990, 7059150, 7059189, 7059310, 7059547, 7059553, 7059874, 7059927, 7059936, 7059992, 7060013, 7060028, 7060107, 7060160, 7060251, 7060322, 7060401, 7060456, 7060472, 7060473, 7060561, 7060603, 7060779, 7060854, 7060902, 7060907, 7060910, 7060990, 7061364, 7061422, 7061552, 7061755, 7061813, 7061847, 7061849, 7061974, 7061976, 7061977, 7062034, 7062306, 7062313, 7062415, 7062530, 7062589, 7062988, 7063087, 7063288, 7063358, 7063503, 7063526, 7063555, 7063664, 7063693, 7063781, 7063991, 7064351, 7064373, 7064465, 7064512, 7064589, 7064603, 7064693, 7065123, 7065126, 7065132, 7065352, 7065396, 7065418, 7065483, 7065597, 7065797, 7065817, 7065988, 7065994, 7066030, 7066134, 7066185, 7066195, 7066291, 7066405, 7066609, 7066624, 7066682, 7066851, 7066861, 7066979, 7067261, 7067270, 7067289, 7067481, 7067526, 7067745, 7068097, 7068161, 7068169, 7068370, 7068506, 7068563, 7068633, 7068798, 7068800, 7068829, 7068944, 7069213, 7069362, 7069760, 7069775, 7069799, 7069985, 7070195, 7070262, 7070270, 7070321, 7070364, 7070448, 7070551, 7070594, 7070629, 7070644, 7070814, 7070843, 7070850, 7070908, 7071058, 7071093, 7071242, 7071306, 7071479, 7071590, 7071604, 7071609, 7071697, 7071722, 7071875, 7072016, 7072040, 7072079, 7072181, 7072356, 7072420, 7072491, 7072626, 7072656, 7072879, 7073027, 7073110, 7073195, 7073258, 7073336, 7073417, 7073430, 7073434, 7073436, 7073535, 7073589, 7073609, 7073686, 7073697, 7073854, 7073915, 7074054, 7074117, 7074148, 7074173, 7074294, 7074315, 7074330, 7074348, 7074504, 7074698, 7074706, 7074839, 7074978, 7075262, 7075320, 7075408, 7075424, 7075456, 7075609, 7075693, 7075742, 7075806, 7075914, 7076146, 7076222, 7076302, 7076492, 7076778, 7076898, 7076956, 7077208, 7077222, 7077303, 7077400, 7077455, 7077529, 7077872, 7077933, 7077954, 7077964, 7077980, 7078008, 7078166, 7078535, 7078768, 7078784, 7078801, 7078807, 7078901, 7079070, 7079127, 7079228, 7079250, 7079268, 7079302, 7079328, 7079515, 7079591, 7079605, 7079606, 7079822, 7079931, 7080114, 7080178, 7080237, 7080384, 7080448, 7080533, 7080558, 7080739, 7080749, 7080857, 7080877, 7080946, 7080950, 7081110, 7081114, 7081135, 7081294, 7081388, 7081412, 7081463, 7081634, 7081816, 7081887, 7081995, 7082012, 7082113, 7082383, 7082459, 7082537, 7082629, 7082779, 7082797, 7082838, 7082893, 7082927, 7082967, 7083163, 7083328, 7083587, 7083843, 7084007, 7084017, 7084383, 7084454, 7084545, 7084715, 7084738, 7085149, 7085289, 7085324, 7085330, 7085469, 7085696, 7085699, 7085728, 7086068, 7086093, 7086345, 7086454, 7086541, 7086804, 7086924, 7086982, 7086999, 7087138, 7087260, 7087324, 7087459, 7087528, 7087577, 7087592, 7087651, 7087749, 7087753, 7087794, 7087920, 7088120, 7088257, 7088292, 7088691, 7089054, 7089113, 7089243, 7089258, 7089284, 7089474, 7089496, 7089559, 7089621, 7089737, 7089853, 7089932, 7089964, 7090024, 7090103, 7090235, 7090267, 7090342, 7090419, 7090538, 7090843, 7090991, 7091038, 7091047, 7091149, 7091228, 7091413, 7091674, 7091737, 7091761, 7091882, 7091992, 7092110, 7092160, 7092310, 7092467, 7092764, 7092927, 7092927, 7092959, 7093152, 7093157, 7093234, 7093286, 7093415, 7093451, 7093457, 7093579, 7093609, 7093612, 7093684, 7093898, 7093925, 7093941, 7093955, 7094067, 7094265, 7094352, 7094371, 7094499, 7094688, 7094733, 7094806, 7095061, 7095103, 7095163, 7095255, 7095427, 7095687, 7095904, 7096156, 7096193, 7096219, 7096277, 7096285, 7096599, 7096665, 7096796, 7096832, 7096953, 7097088, 7097125, 7097180, 7097294, 7097374, 7097583, 7097594, 7097599, 7097690, 7097699, 7097703, 7097770, 7098049, 7098181, 7098265, 7098267, 7098299, 7098552, 7098664, 7099117, 7099162, 7099239, 7099403, 7099412, 7099424, 7099474, 7099727, 7099735, 7099740, 7099778, 7099779, 7099879, 7100052, 7100107, 7100125, 7100157, 7100250, 7100584, 7100623, 7100716, 7100834, 7100905, 7100934, 7101199, 7101288, 7101369, 7101410, 7101437, 7101614, 7101675, 7101685, 7101716, 7102327, 7102513, 7102530, 7102641, 7102745, 7102761, 7102963, 7103031, 7103087, 7103110, 7103162, 7103253, 7103331, 7103341, 7103922, 7103941, 7104019, 7104153, 7104225, 7104624, 7104654, 7104792, 7104825, 7105004, 7105006, 7105012, 7105119, 7105141, 7105142, 7105253, 7105271, 7105417, 7105794, 7105803, 7106126, 7106166, 7106237, 7106358, 7106479, 7106726, 7106904, 7106916, 7106987, 7106989, 7107142, 7107472, 7107625, 7107698, 7107768, 7107834, 7107841, 7108021, 7108060, 7108171, 7108331, 7108485, 7108487, 7108919, 7108979, 7109032, 7109110, 7109193, 7109287, 7109287, 7109374, 7109561, 7109783, 7109852, 7110417, 7110532, 7110534, 7110592, 7110641, 7111015, 7111079, 7111176, 7111186, 7111245, 7111375, 7111439, 7111537, 7111540, 7111614, 7111807, 7111855, 7111973, 7112060, 7112262, 7112501, 7112557, 7112707, 7112857, 7112986, 7113112, 7113141, 7113175, 7113175, 7113237, 7113447, 7113470, 7113487, 7113504, 7113590, 7113843, 7113849, 7113945, 7114143, 7114159, 7114397, 7114437, 7114463, 7114691, 7114828, 7114833, 7114938, 7114938, 7115008, 7115093, 7115101, 7115158, 7115272, 7115292, 7115541, 7115543, 7115614, 7115728, 7115841, 7115931, 7115986, 7116177, 7116255, 7116293, 7116373, 7116435, 7116441, 7116730, 7116770, 7116783, 7116877, 7116971, 7117131, 7117155, 7117446, 7117771, 7117855, 7117932, 7118032, 7118091, 7118126, 7118150, 7118193, 7118222, 7118359, 7118370, 7118503, 7118825, 7118836, 7118848, 7119414, 7119414, 7119428, 7119776, 7119836, 7119879, 7119896, 7119931, 7120141, 7120183, 7120199, 7120270, 7120296, 7120319, 7120326, 7120597, 7120656, 7120669, 7120732, 7121022, 7121319, 7121428, 7121454, 7121480, 7121568, 7121586, 7121649, 7121740, 7121770, 7121779, 7121793, 7122032, 7122046, 7122151, 7122294, 7122479, 7122990, 7122990, 7122997, 7123272, 7123350, 7123387, 7123446, 7123517, 7123584, 7123589, 7123904, 7123919, 7123999, 7124073, 7124085, 7124210, 7124221, 7124325, 7124370, 7124446, 7124641, 7124655, 7124655, 7124806, 7124828, 7124852, 7124913, 7124992, 7125018, 7125100, 7125213, 7125220, 7125240, 7125354, 7125356, 7125371, 7125387, 7125570, 7125647, 7125712, 7125822, 7126173, 7126183, 7126280, 7126294, 7126330, 7126339, 7126503, 7126619, 7126662, 7126807, 7126908, 7127264, 7127278, 7127319, 7127568, 7127569, 7127602, 7127609, 7127621, 7128025, 7128207, 7128353, 7128418, 7128449, 7128547, 7128768, 7128821, 7128918, 7128981, 7129015, 7129215, 7129320, 7129359, 7129424, 7129563, 7129564, 7129666, 7129713, 7129716, 7129731, 7129852, 7129946, 7129983, 7130047, 7130215, 7130296, 7130341, 7130380, 7130469, 7130469, 7130564, 7130596, 7130695, 7130764, 7130843, 7130989, 7131020, 7131082, 7131152, 7131174, 7131256, 7131572, 7131807, 7131819, 7132093, 7132094, 7132115, 7132229, 7132267, 7132302, 7132472, 7132480, 7132584, 7132585, 7132673, 7132801, 7132806, 7132821, 7132897, 7132916, 7132958, 7133023, 7133029, 7133122, 7133150, 7133166, 7133177, 7133295, 7133394, 7133462, 7133658, 7133692, 7133820, 7133950, 7133995, 7134003, 7134035, 7134131, 7134328, 7134330, 7134457, 7134480, 7134526, 7134592, 7134594, 7134648, 7135094, 7135114, 7135158, 7135231, 7135316, 7135529, 7135741, 7135839, 7136138, 7136357, 7136376, 7136500, 7136816, 7136831, 7136836, 7136909, 7137008, 7137078, 7137372, 7137446, 7137479, 7137514, 7137617, 7137663, 7137722, 7137748, 7137917, 7138034, 7138066, 7138224, 7138332, 7138393, 7138488, 7138755, 7139018, 7139078, 7139123, 7139294, 7139420, 7139535, 7139615, 7139643, 7139765, 7139841, 7139899, 7139978, 7140346, 7140732, 7140793, 7140807, 7140945, 7141005, 7141216, 7141232, 7141235, 7141289, 7141368, 7141472, 7141529, 7141641, 7141690, 7141697, 7141808, 7141847, 7141904, 7141958, 7142037, 7142123, 7142149, 7142269, 7142272, 7142378, 7142413, 7142442, 7142518, 7142755, 7142855, 7143035, 7143056, 7143058, 7143298, 7143311, 7143373, 7143522, 7143987, 7144038, 7144105, 7144127, 7144143, 7144215, 7144215, 7144243, 7144276, 7144426, 7144763, 7144765, 7145059, 7145139, 7145277, 7145320, 7145380, 7145418, 7145485, 7145644, 7145845, 7145974, 7146017, 7146071, 7146084, 7146138, 7146228, 7146472, 7146478, 7146575, 7146641, 7146827, 7146895, 7146957, 7147096, 7147112, 7147272, 7147554, 7147654, 7147792, 7147801, 7147887, 7147898, 7147923, 7148001, 7148012, 7148090, 7148311, 7148368, 7148417, 7148419, 7148512, 7148515, 7148537, 7148560, 7148720, 7148757, 7148786, 7148893, 7148893, 7148963, 7149023, 7149057, 7149105, 7149135, 7149195, 7149201, 7149222, 7149407, 7149490, 7149502, 7149841, 7149875, 7149959, 7150211, 7150218, 7150264, 7150266, 7150294, 7150336, 7150445, 7150581, 7150585, 7150719, 7150749, 7150828, 7150900, 7151010, 7151110, 7151309, 7151331, 7151460, 7151744, 7151921, 7151926, 7152017, 7152189, 7152191, 7152193, 7152281, 7152318, 7152374, 7152470, 7152484, 7152521, 7152552, 7152617, 7152868, 7153116, 7153138, 7153200, 7153331, 7153477, 7153497, 7153555, 7153612, 7153630, 7153722, 7153751, 7153755, 7153764, 7153811, 7153913, 7154057, 7154119, 7154153, 7154169, 7154171, 7154240, 7154534, 7154580, 7154612, 7154718, 7154905, 7155164, 7155188, 7155199, 7155210, 7155224, 7155379, 7155624, 7155773, 7155991, 7156433, 7156689, 7156699, 7156774, 7156900, 7157044, 7157118, 7157126, 7157387, 7157627, 7157698, 7157766, 7157862, 7157969, 7158020, 7158021, 7158105, 7158222, 7158348, 7158396, 7158539, 7158655, 7158769, 7158784, 7159062, 7159084, 7159146, 7159189, 7159390, 7159449, 7159504, 7159573, 7159699, 7159840, 7159895, 7159944, 7159945, 7159955, 7160010, 7160106, 7160218, 7160356, 7160568, 7160674, 7160736, 7160901, 7161076, 7161143, 7161200, 7161293, 7161297, 7161309, 7161391, 7161604, 7161689, 7161704, 7161756, 7161757, 7161816, 7161867, 7161909, 7162009, 7162714, 7162870, 7162905, 7162920, 7162923, 7162983, 7163039, 7163063, 7163126, 7163133, 7163133, 7163146, 7163217, 7163309, 7163357, 7163421, 7163537, 7163640, 7163657, 7163771, 7163821, 7163829, 7163882, 7163942, 7163995, 7164007, 7164147, 7164196, 7164205, 7164252, 7164282, 7164439, 7164606, 7164679, 7164799, 7164853, 7164867, 7164890, 7164897, 7164905, 7164949, 7165249, 7165427, 7165514, 7165580, 7165593, 7165622, 7165728, 7165764, 7165868, 7166246, 7166297, 7166433, 7166499, 7166532, 7166602, 7166615, 7166690, 7166815, 7166919, 7167090, 7167193, 7167206, 7167406, 7167455, 7167591, 7167598, 7167616, 7167753, 7167929, 7168018, 7168201, 7168436, 7168467, 7168574, 7168651, 7168839, 7168902, 7169032, 7169091, 7169126, 7169208, 7169236, 7169516, 7169534, 7169624, 7169642, 7169765, 7169830, 7169834, 7169894, 7169975, 7170262, 7170325, 7170403, 7170548, 7170639, 7170829, 7170918, 7171009, 7171144, 7171239, 7171352, 7171511, 7171517, 7171526, 7171933, 7172042, 7172118, 7172262, 7172406, 7172790, 7172810, 7172815, 7172889, 7172926, 7172952, 7173353, 7173360, 7173427, 7173523, 7173532, 7173624, 7173683, 7173723, 7173770, 7173894, 7173951, 7174147, 7174224, 7174277, 7174338, 7174571, 7174992, 7175175, 7175193, 7175232, 7175255, 7175544, 7175697, 7175871, 7175905, 7175948, 7176018, 7176381, 7176398, 7176554, 7176579, 7176869, 7176892, 7176916, 7177050, 7177060, 7177204, 7177314, 7177383, 7177506, 7177745, 7177793, 7177835, 7177898, 7177921, 7177954, 7177999, 7178129, 7178291, 7178299, 7178302, 7178368, 7178484, 7178512, 7178518, 7178532, 7178556, 7178639, 7178908, 7179123, 7179130, 7179415, 7179452, 7179482, 7179484, 7179660, 7179689, 7179731, 7180077, 7180198, 7180212, 7180234, 7180332, 7180522, 7180605, 7180736, 7180860, 7180970, 7181047, 7181166, 7181359, 7181391, 7181445, 7181556, 7181556, 7181561, 7181564, 7181602, 7181673, 7181737, 7181765, 7181978, 7181989, 7182010, 7182114, 7182561, 7182608, 7182663, 7182737, 7182769, 7183073, 7183255, 7183283, 7183352, 7183353, 7183556, 7183606, 7183755, 7183833, 7183888, 7183898, 7184032, 7184189, 7184240, 7184348, 7184528, 7184778, 7185053, 7185092, 7185201, 7185208, 7185268, 7185484, 7185564, 7185602, 7185685, 7185705, 7185919, 7186002, 7186108, 7186138, 7186144, 7186352, 7186376, 7186505, 7186572, 7186760, 7186782, 7186783, 7186783, 7186991, 7187093, 7187134, 7187352, 7187355, 7187380, 7187611, 7187742, 7187838, 7187848, 7187935, 7188281, 7188401, 7188469, 7188498, 7188560, 7188599, 7188648, 7188662, 7188671, 7188717, 7188742, 7188746, 7188805, 7188860, 7188863, 7188894, 7188996, 7189023, 7189261, 7189285, 7189291, 7189344, 7189407, 7189451, 7189467, 7189537, 7189565, 7189570, 7189644, 7189649, 7189711, 7189760, 7189781, 7189869, 7190045, 7190203, 7190264, 7190320, 7190344, 7190370, 7190399, 7190488, 7190505, 7190688, 7190691, 7190869, 7190964, 7191025, 7191095, 7191128, 7191263, 7191265, 7191675, 7191683, 7191783, 7191796, 7191982, 7191987, 7192072, 7192172, 7192315, 7192330, 7192411, 7192429, 7192885, 7192886, 7193009, 7193047, 7193155, 7193211, 7193232, 7193311, 7193321, 7193410, 7193544, 7193747, 7193751, 7193991, 7194129, 7194136, 7194273, 7194802, 7194871, 7194953, 7195011, 7195116, 7195276, 7195319, 7195394, 7195750, 7195914, 7195947, 7196072, 7196115, 7196136, 7196379, 7196521, 7196708, 7196837, 7196866, 7196870, 7196911, 7196991, 7197052, 7197083, 7197113, 7197154, 7197275, 7197375, 7197522, 7197650, 7197656, 7197671, 7197758, 7197774, 7197871, 7197876, 7197931, 7198225, 7198251, 7198269, 7198420, 7198421, 7198451, 7198464, 7198512, 7198545, 7198618, 7198679, 7198963, 7199016, 7199075, 7199198, 7199282, 7199293, 7199376, 7199564, 7199636, 7199680, 7199963, 7200171, 7200191, 7200398, 7200494, 7200794, 7200957, 7201058, 7201101, 7201412, 7201492, 7201590, 7201703, 7201731, 7201815, 7201921, 7201949, 7201980, 7202116, 7202190, 7202309, 7202369, 7202397, 7202488, 7202686, 7202721, 7202724, 7202813, 7202868, 7202918, 7202930, 7202967, 7203136, 7203174, 7203486, 7203551, 7203702, 7203780, 7203891, 7203935, 7204050, 7204093, 7204283, 7204333, 7204674, 7205004, 7205055, 7205182, 7205326, 7205499, 7205518, 7205579, 7205593, 7205629, 7205632, 7205730, 7205752, 7205919, 7205967, 7205996, 7206069, 7206085, 7206114, 7206215, 7206231, 7206274, 7206433, 7206459, 7206525, 7206534, 7206549, 7206566, 7206608, 7206612, 7206767, 7206831, 7206841, 7206847, 7206852, 7206953, 7207054, 7207113, 7207193, 7207423, 7207554, 7207560, 7207597, 7207675, 7207706, 7207928, 7208001, 7208135, 7208312, 7208525, 7208597, 7208602, 7208666, 7208954, 7209180, 7209268, 7209507, 7209555, 7209593, 7209681, 7210036, 7210101, 7210190, 7210346, 7210494, 7210657, 7210673, 7210744, 7210821, 7211104, 7211137, 7211173, 7211242, 7211296, 7211396, 7211817, 7211993, 7212036, 7212374, 7212424, 7212432, 7212439, 7212508, 7212546, 7212585, 7212620, 7212702, 7212723, 7212792, 7212936, 7212939, 7212950, 7212966, 7213022, 7213155, 7213252, 7213493, 7213582, 7213866, 7214209, 7214293, 7214643, 7214867, 7214969, 7214971, 7215162, 7215213, 7215473, 7215571, 7215637, 7215816, 7216087, 7216153, 7216363, 7216388, 7216405, 7216476, 7216542, 7216616, 7216644, 7216708, 7216762, 7216920, 7216941, 7217225, 7217256, 7217265, 7217326, 7217370, 7217435, 7217604, 7217714, 7217794, 7217952, 7218174, 7218238, 7218345, 7218346, 7218457, 7218491, 7218570, 7218599, 7218613, 7218616, 7218655, 7218659, 7218689, 7218920, 7219007, 7219429, 7219459, 7219517, 7219894, 7219954, 7219999, 7220015, 7220034, 7220170, 7220442, 7220518, 7220737, 7220837, 7220861, 7221121, 7221151, 7221179, 7221189, 7221265, 7221284, 7221303, 7221400, 7221416, 7221452, 7221501, 7221602, 7221677, 7221885, 7221999, 7222653, 7222661, 7222697, 7222746, 7222761, 7222794, 7222815, 7222835, 7222886, 7223041, 7223117, 7223160, 7223237, 7223366, 7223375, 7223515, 7223591, 7223611, 7223688, 7223900, 7224160, 7224164, 7224165, 7224181, 7224187, 7224213, 7224336, 7224374, 7224573, 7224834, 7224928, 7225010, 7225046, 7225231, 7225241, 7225469, 7225679, 7225751, 7225773, 7226379, 7226391, 7226502, 7226670, 7226782, 7226811, 7227065, 7227179, 7227220, 7227222, 7227376, 7227380, 7227421, 7227479, 7227481, 7227607, 7227612, 7227621, 7227768, 7227804, 7227814, 7227885, 7227990, 7228007, 7228103, 7228206, 7228229, 7228249, 7228284, 7228353, 7228603, 7228616, 7228633, 7228653, 7228994, 7229127, 7229276, 7229340, 7229395, 7229507, 7229536, 7229571, 7229763, 7229793, 7229940, 7230036, 7230272, 7230276, 7230432, 7230555, 7230702, 7230711, 7230765, 7230848, 7231000, 7231143, 7231219, 7231228, 7231354, 7231375, 7231396, 7231433, 7231547, 7231750, 7231806, 7231989, 7232133, 7232248, 7232493, 7232526, 7232526, 7232532, 7232849, 7232871, 7232895, 7232921, 7232933, 7232985, 7233177, 7233204, 7233289, 7233463, 7233534, 7233714, 7233821, 7233993, 7234119, 7234282, 7234317, 7234367, 7234524, 7234661, 7234745, 7234783, 7235088, 7235159, 7235332, 7235347, 7235359, 7235483, 7235552, 7235617, 7235638, 7235676, 7235702, 7235785, 7236005, 7236006, 7236228, 7236362, 7236585, 7236724, 7236739, 7236760, 7236879, 7236883, 7236954, 7237124, 7237337, 7237472, 7237725, 7237994, 7238256, 7238376, 7238414, 7238565, 7238646, 7238678, 7238694, 7238703, 7238769, 7238954, 7239113, 7239217, 7239416, 7239500, 7239532, 7239559, 7239679, 7239746, 7240243, 7240263, 7240432, 7240491, 7240533, 7240614, 7240729, 7240885, 7241035, 7241140, 7241161, 7241179, 7241421, 7241709, 7241752, 7241810, 7241875, 7242128, 7242166, 7242180, 7242183, 7242193, 7242265, 7242692, 7242720, 7242845, 7242856, 7242861, 7242865, 7242886, 7243026, 7243070, 7243195, 7243378, 7243394, 7243442, 7243527, 7243561, 7243592, 7243650, 7243851, 7244033, 7244056, 7244407, 7244575, 7244685, 7244691, 7244735, 7244766, 7245090, 7245115, 7245156, 7245419, 7245582, 7245617, 7245819, 7245841, 7245941, 7245994, 7246366, 7246369, 7246487, 7246668, 7246678, 7246800, 7246800, 7246848, 7246895, 7246956, 7247156, 7247193, 7247229, 7247307, 7247315, 7247327, 7247599, 7247700, 7248085, 7248214, 7248286, 7248562, 7248575, 7248751, 7248865, 7248972, 7249154, 7249183, 7249347, 7249414, 7249453, 7249506, 7249603, 7249623, 7249670, 7249729, 7249805, 7249836, 7250204, 7250268, 7250387, 7250652, 7250838, 7250965, 7251073, 7251271, 7251275, 7251282, 7251702, 7251787, 7251800, 7251825, 7252078, 7252184, 7252303, 7252475, 7252481, 7252521, 7252580, 7252766, 7252836, 7252977, 7252991, 7253066, 7253072, 7253182, 7253237, 7253309, 7253572, 7253801, 7253904, 7253962, 7254011, 7254096, 7254177, 7254230, 7254321, 7254336, 7254343, 7254529, 7254529, 7254611, 7254859, 7254969, 7255010, 7255040, 7255043, 7255138, 7255168, 7255268, 7255621, 7255776, 7255966, 7256037, 7256189, 7256247, 7256249, 7256323, 7256490, 7256648, 7256659, 7256663, 7256760, 7256847, 7257001, 7257108, 7257204, 7257305, 7257384, 7257408, 7257526, 7257666, 7257687, 7257814, 7257825, 7257920, 7258198, 7258254, 7258339, 7258430, 7258832, 7259047, 7259197, 7259336, 7259700, 7259702, 7259782, 7259821, 7259837, 7259934, 7259948, 7259998, 7260081, 7260088, 7260101, 7260109, 7260117, 7260214, 7260256, 7260625, 7260634, 7260740, 7260807, 7260874, 7260887, 7260954, 7261106, 7261219, 7261249, 7261285, 7261336, 7261383, 7261482, 7261609, 7261653, 7261714, 7261802, 7261822, 7261899, 7261908, 7262269, 7262393, 7262562, 7262790, 7262964, 7263357, 7263385, 7263393, 7263441, 7263499, 7263739, 7263757, 7263876, 7263901, 7263962, 7264002, 7264055, 7264223, 7264285, 7264313, 7264415, 7264540, 7264705, 7264835, 7264904, 7264937, 7264945, 7265011, 7265228, 7265335, 7265415, 7265758, 7265962, 7266751, 7267006, 7267011, 7267206, 7267570, 7267591, 7267777, 7267876, 7267902, 7267930, 7268005, 7268180, 7268322, 7268559, 7268559, 7268683, 7268687, 7268740, 7268840, 7269076, 7269222, 7269257, 7269288, 7269327, 7269367, 7269468, 7269563, 7269707, 7269783, 7269806, 7269819, 7269874, 7269876, 7270110, 7270207, 7270262, 7270338, 7270447, 7270487, 7270627, 7270683, 7270740, 7270879, 7270879, 7270880, 7270955, 7270979, 7270986, 7270996, 7271131, 7271410, 7271851, 7271896, 7272008, 7272031, 7272136, 7272258, 7272296, 7272312, 7272315, 7272375, 7272388, 7272394, 7272443, 7272495, 7272662, 7272681, 7272724, 7272816, 7272821, 7272943, 7272981, 7273013, 7273016, 7273205, 7273259, 7273309, 7273380, 7273381, 7273396, 7273786, 7273804, 7273917, 7273948, 7273951, 7274098, 7274198, 7274271, 7274298, 7274396, 7274638, 7274731, 7274845, 7275043, 7275107, 7275179, 7275348, 7275471, 7275511, 7275595, 7275899, 7275974, 7276016, 7276524, 7276618, 7276850, 7276876, 7276995, 7277012, 7277052, 7277063, 7277247, 7277409, 7277447, 7277492, 7277613, 7277659, 7277680, 7277689, 7277900, 7278118, 7278178, 7278187, 7278223, 7278397, 7278697, 7278851, 7278922, 7278979, 7279040, 7279105, 7279121, 7279220, 7279245, 7279379, 7279450, 7279594, 7279628, 7279694, 7279740, 7279747, 7279760, 7279811, 7279897, 7279902, 7279943, 7280287, 7280563, 7280704, 7280734, 7280820, 7280852, 7280923, 7281155, 7281166, 7281208, 7281253, 7281661, 7281744, 7281826, 7281946, 7282065, 7282091, 7282105, 7282134, 7282371, 7282401, 7282513, 7282609, 7282686, 7282718, 7282760, 7282827, 7282937, 7283144, 7283518, 7283696, 7283868, 7283871, 7283929, 7283954, 7284021, 7284029, 7284104, 7284243, 7284260, 7284453, 7284632, 7284769, 7284882, 7284923, 7285124, 7285133, 7285273, 7285426, 7285479, 7285597, 7285760, 7285862, 7286145, 7286244, 7286266, 7286285, 7286313, 7286433, 7286480, 7286589, 7286912, 7286928, 7286967, 7287077, 7287099, 7287448, 7287486, 7287647, 7287821, 7287917, 7288149, 7288456, 7288500, 7288676, 7288741, 7288946, 7289349, 7289405, 7289485, 7289531, 7289559, 7289602, 7289638, 7289745, 7289853, 7290048, 7290149, 7290466, 7290513, 7290542, 7290549, 7290627, 7290735, 7290807, 7290818, 7290862, 7290888, 7290981, 7291000, 7291017, 7291037, 7291079, 7291105, 7291125, 7291232, 7291400, 7291410, 7291418, 7291872, 7291878, 7291966, 7291969, 7292020, 7292061, 7292191, 7292227, 7292240, 7292330, 7292523, 7292560, 7292656, 7292674, 7292699, 7292863, 7292905, 7292914, 7292964, 7293027, 7293063, 7293229, 7293237, 7293368, 7293451, 7293507, 7293529, 7293735, 7294073, 7294106, 7294108, 7294233, 7294267, 7294282, 7294292, 7294604, 7294629, 7294635, 7294697, 7294705, 7294785, 7294864, 7294980, 7294997, 7295039, 7295108, 7295484, 7295730, 7295876, 7295995, 7296019, 7296277, 7296342, 7296464, 7296622, 7296673, 7296737, 7296760, 7296779, 7296897, 7296916, 7297034, 7297307, 7297541, 7297558, 7297568, 7297603, 7297636, 7297745, 7297894, 7298046, 7298206, 7298369, 7298418, 7298536, 7298594, 7298648, 7298685, 7298735, 7298787, 7298888, 7298930, 7299114, 7299275, 7299307, 7299348, 7299384, 7299455, 7299486, 7299551, 7299581, 7299833, 7299853, 7299908, 7299993, 7300222, 7300259, 7300572, 7300612, 7300721, 7301027, 7301483, 7301570, 7301613, 7301677, 7301781, 7301823, 7301961, 7301992, 7302139, 7302143, 7302436, 7302694, 7302754, 7302809, 7302819, 7302928, 7303124, 7303299, 7303312, 7303353, 7303500, 7303528, 7303550, 7303605, 7303688, 7303712, 7303818, 7303819, 7303902, 7304029, 7304229, 7304431, 7304482, 7304525, 7304730, 7305067, 7305094, 7305445, 7305484, 7305699, 7305882, 7306020, 7306050, 7306424, 7306467, 7306498, 7306941, 7307043, 7307264, 7307323, 7307512, 7307549, 7307562, 7307613, 7307853, 7307865, 7307897, 7307899, 7307981, 7308170, 7308231, 7308442, 7308514, 7308855, 7308899, 7308954, 7309050, 7309084, 7309197, 7309284, 7309298, 7309751, 7309864, 7309896, 7309985, 7309997, 7310076, 7310120, 7310183, 7310288, 7310608, 7310710, 7310728, 7310920, 7311056, 7311090, 7311148, 7311220, 7311272, 7311323, 7311459, 7311514, 7311525, 7311565, 7311655, 7311816, 7311941, 7311997, 7312078, 7312101, 7312155, 7312365, 7312508, 7312511, 7312548, 7312595, 7312626, 7312669, 7312833, 7312936, 7313001, 7313127, 7313171, 7313180, 7313492, 7313575, 7313723, 7313753, 7313760, 7313858, 7313984, 7314352, 7314424, 7314664, 7314812, 7314975, 7315046, 7315396, 7315447, 7315626, 7315774, 7315829, 7315857, 7315867, 7316154, 7316157, 7316214, 7316236, 7316286, 7316300, 7316362, 7316451, 7316586, 7316626, 7316750, 7316782, 7316861, 7317016, 7317120, 7317155, 7317174, 7317323, 7317358, 7317386, 7317518, 7317575, 7317585, 7317608, 7317921, 7317948, 7318029, 7318099, 7318367, 7318383, 7318576, 7318655, 7318673, 7318791, 7318823, 7318872, 7319110, 7319157, 7319262, 7319391, 7319448, 7319479, 7319581, 7319617, 7319745, 7319879, 7319923, 7319969, 7320041, 7320123, 7320135, 7320158, 7320162, 7320177, 7320180, 7320207, 7320213, 7320268, 7320356, 7320430, 7320431, 7320529, 7320691, 7321162, 7321167, 7321191, 7321206, 7321246, 7321267, 7321342, 7321673, 7321679, 7321680, 7321723, 7321773, 7321877, 7321893, 7321957, 7322002, 7322035, 7322092, 7322095, 7322338, 7322355, 7322418, 7322582, 7322732, 7322852, 7322934, 7323209, 7323256, 7323488, 7323555, 7323589, 7324007, 7324100, 7324385, 7324623, 7324678, 7324751, 7324765, 7324844, 7324899, 7324936, 7325086, 7325118, 7325193, 7325293, 7325349, 7325460, 7325564, 7325713, 7325876, 7325877, 7325890, 7325899, 7326080, 7326122, 7326263, 7326353, 7326355, 7326433, 7326456, 7326459, 7326776, 7326784, 7326903, 7326909, 7326918, 7326962, 7327003, 7327192, 7327271, 7327524, 7327554, 7327609, 7327619, 7327686, 7327758, 7327780, 7328525, 7328760, 7328985, 7329020, 7329156, 7329199, 7329247, 7329373, 7329523, 7329586, 7329895, 7329983, 7330028, 7330078, 7330117, 7330217, 7330469, 7330477, 7330543, 7330637, 7330678, 7331016, 7331041, 7331044, 7331056, 7331057, 7331352, 7331518, 7331591, 7331594, 7331668, 7331756, 7331799, 7331868, 7331900, 7332107, 7332260, 7332493, 7332498, 7332656, 7332797, 7332851, 7333040, 7333122, 7333172, 7333212, 7333415, 7333460, 7333497, 7333554, 7333683, 7333765, 7333798, 7333822, 7333855, 7333903, 7333936, 7334273, 7334393, 7334515, 7334540, 7334622, 7334783, 7334890, 7335006, 7335070, 7335196, 7335228, 7335382, 7335516, 7335679, 7335795, 7335830, 7335883, 7335887, 7336288, 7336679, 7336742, 7336767, 7337019, 7337101, 7337215, 7337238, 7337444, 7337488, 7337863, 7337879, 7338115, 7338222, 7338541, 7338703, 7338803, 7338854, 7338900, 7339013, 7339106, 7339111, 7339259, 7339506, 7339598, 7340042, 7340063, 7340078, 7340209, 7340501, 7340601, 7340607, 7340718, 7340813, 7340918, 7340928, 7341031, 7341056, 7341077, 7341180, 7341186, 7341198, 7341255, 7341448, 7341450, 7341751, 7341838, 7341949, 7341981, 7342147, 7342191, 7342339, 7342377, 7342446, 7342509, 7342762, 7342766, 7342791, 7343036, 7343039, 7343327, 7343347, 7343349, 7343359, 7343437, 7343471, 7343939, 7344010, 7344088, 7344137, 7344258, 7344688, 7344689, 7344689, 7344703, 7344865, 7345066, 7345108, 7345143, 7345192, 7345313, 7345328, 7345501, 7345663, 7345802, 7345836, 7345879, 7345994, 7346143, 7346155, 7346255, 7346264, 7346328, 7346595, 7346800, 7346822, 7347045, 7347210, 7347261, 7347402, 7347425, 7347458, 7347635, 7347853, 7348004, 7348291, 7348404, 7348654, 7348708, 7348786, 7349090, 7349174, 7349275, 7349398, 7349410, 7349489, 7349576, 7349615, 7349768, 7349951, 7350036, 7350258, 7350507, 7350570, 7350805, 7350819, 7351006, 7351113, 7351185, 7351207, 7351261, 7351362, 7351694, 7351755, 7351821, 7351917, 7351953, 7351954, 7352041, 7352267, 7352387, 7352451, 7352480, 7352832, 7352903, 7352978, 7353084, 7353108, 7353166, 7353343, 7353362, 7353471, 7353489, 7353506, 7353720, 7353770, 7353813, 7354111, 7354112, 7354119, 7354176, 7354327, 7354344, 7354524, 7354847, 7355072, 7355584, 7355658, 7355760, 7355762, 7355877, 7355929, 7356081, 7356359, 7356426, 7356455, 7356730, 7357132, 7357157, 7357246, 7357363, 7357439, 7357539, 7357708, 7357937, 7357959, 7357971, 7358021, 7358054, 7358193, 7358229, 7358378, 7358416, 7358452, 7358826, 7358992, 7359237, 7359237, 7359310, 7359342, 7359443, 7359769, 7359825, 7359836, 7359857, 7359981, 7360173, 7360190, 7360196, 7360349, 7360419, 7360483, 7360536, 7360595, 7360661, 7360698, 7360791, 7360801, 7360986, 7361079, 7361083, 7361322, 7361322, 7361407, 7361419, 7361541, 7361677, 7361698, 7361828, 7361944, 7361995, 7362066, 7362101, 7362208, 7362262, 7362375, 7362380, 7362479, 7362505, 7362831, 7362853, 7362952, 7363260, 7363312, 7363638, 7363667, 7363899, 7364074, 7364178, 7364182, 7364240, 7364251, 7364253, 7364643, 7364709, 7365026, 7365061, 7365251, 7365336, 7365362, 7365379, 7365457, 7365463, 7365501, 7365573, 7365581, 7365813, 7365835, 7365838, 7365847, 7365848, 7365893, 7365899, 7365992, 7366010, 7366026, 7366196, 7366203, 7366554, 7366675, 7366718, 7366805, 7366966, 7366985, 7367053, 7367176, 7367244, 7367347, 7367372, 7367398, 7367405, 7367489, 7367687, 7367716, 7367921, 7367936, 7367937, 7367981, 7368083, 7368217, 7368369, 7368394, 7368855, 7369074, 7369222, 7369311, 7369359, 7369509, 7369552, 7369778, 7369779, 7369788, 7369810, 7369819, 7369826, 7370011, 7370059, 7370084, 7370272, 7370347, 7370440, 7370569, 7370594, 7370704, 7370777, 7370862, 7370865, 7370916, 7371093, 7371133, 7371284, 7371416, 7371533, 7371572, 7371626, 7371796, 7371843, 7371977, 7371982, 7371984, 7372014, 7372031, 7372202, 7372475, 7372662, 7372965, 7372995, 7373019, 7373063, 7373214, 7373215, 7373219, 7373520, 7373575, 7373641, 7373660, 7373724, 7373738, 7373774, 7373950, 7373997, 7374256, 7374305, 7374525, 7374851, 7374906, 7374974, 7375122, 7375134, 7375248, 7375487, 7375586, 7375666, 7375781, 7375892, 7375895, 7375991, 7376026, 7376141, 7376225, 7376246, 7376518, 7376518, 7376537, 7376572, 7376574, 7376763, 7376962, 7377075, 7377190, 7377259, 7377276, 7377374, 7377409, 7377523, 7377573, 7377626, 7377704, 7377718, 7377728, 7377846, 7377997, 7378043, 7378271, 7378284, 7378358, 7378365, 7378508, 7378599, 7378667, 7378987, 7379015, 7379088, 7379162, 7379177, 7379195, 7379226, 7379324, 7379378, 7379714, 7379780, 7379818, 7379882, 7379892, 7379921, 7380143, 7380206, 7380224, 7380302, 7380343, 7380622, 7380935, 7380966, 7381137, 7381156, 7381166, 7381261, 7381473, 7381566, 7381844, 7381853, 7381897, 7382055, 7382142, 7382153, 7382205, 7382206, 7382252, 7382279, 7382326, 7382406, 7382410, 7382641, 7382708, 7382737, 7382901, 7382916, 7382978, 7383279, 7383362, 7383372, 7383387, 7383409, 7383465, 7383771, 7383793, 7383928, 7384672, 7384679, 7384698, 7384846, 7385240, 7385265, 7385714, 7386013, 7386048, 7386229, 7386232, 7386281, 7386309, 7386341, 7386342, 7386618, 7386674, 7386701, 7386719, 7386763, 7386804, 7386840, 7386973, 7386984, 7387127, 7387158, 7387246, 7387248, 7387263, 7387417, 7387660, 7387795, 7387995, 7388023, 7388060, 7388223, 7388304, 7388393, 7388571, 7388595, 7388831, 7388844, 7388915, 7388954, 7389102, 7389212, 7389380, 7389391, 7389417, 7389676, 7389842, 7389845, 7389869, 7390025, 7390046, 7390075, 7390081, 7390127, 7390162, 7390489, 7390630, 7390708, 7390736, 7390824, 7390852, 7390861, 7391133, 7391262, 7391352, 7391376, 7391451, 7391457, 7391494, 7391574, 7391621, 7391690, 7391735, 7391749, 7391865, 7391909, 7391939, 7391952, 7392099, 7392135, 7392165, 7392174, 7392250, 7392284, 7392343, 7392465, 7392554, 7393120, 7393162, 7393178, 7393243, 7393264, 7393323, 7393437, 7393566, 7393618, 7393737, 7393847, 7394043, 7394043, 7394096, 7394213, 7394260, 7394267, 7394304, 7394383, 7394619, 7394910, 7394933, 7394959, 7394998, 7395023, 7395090, 7395155, 7395178, 7395211, 7395218, 7395230, 7395242, 7395243, 7395787, 7395844, 7395873, 7395876, 7396114, 7396193, 7396389, 7396458, 7396621, 7396665, 7396748, 7396761, 7397206, 7397228, 7397231, 7397425, 7397434, 7397536, 7397683, 7397704, 7397718, 7397809, 7397886, 7398203, 7398339, 7398396, 7398404, 7398481, 7398623, 7398889, 7398945, 7398960, 7398980, 7399013, 7399148, 7399232, 7399341, 7399357, 7399439, 7399502, 7399595, 7399650, 7399842, 7399877, 7399906, 7399960, 7400016, 7400370, 7400380, 7400394, 7400513, 7400726, 7400827, 7400855, 7401016, 7401105, 7401237, 7401310, 7401564, 7401651, 7401772, 7401845, 7402167, 7402335, 7402517, 7402650, 7402684, 7402965, 7402994, 7403465, 7403480, 7403594, 7403697, 7403732, 7403744, 7403761, 7403874, 7403883, 7403934, 7403934, 7404016, 7404178, 7404233, 7404239, 7404394, 7404469, 7404536, 7404575, 7404847, 7404858, 7404922, 7404923, 7404983, 7405020, 7405056, 7405079, 7405088, 7405101, 7405377, 7405734, 7405791, 7405889, 7406144, 7406236, 7406250, 7406425, 7406501, 7406512, 7406525, 7406588, 7406707, 7406749, 7406962, 7407049, 7407400, 7407441, 7407450, 7407604, 7407621, 7407701, 7407737, 7407766, 7407905, 7407929, 7408120, 7408278, 7408322, 7408384, 7408396, 7408441, 7408499, 7408590, 7408713, 7408791, 7409003, 7409185, 7409204, 7409339, 7409501, 7409727, 7409777, 7410025, 7410311, 7410870, 7410934, 7410950, 7411034, 7411072, 7411211, 7411542, 7411630, 7411864, 7412161, 7412175, 7412200, 7412296, 7412351, 7412375, 7412437, 7412568, 7412587, 7412660, 7412677, 7412738, 7412754, 7412973, 7413166, 7413280, 7413448, 7413592, 7413639, 7413640, 7413658, 7413757, 7413853, 7413939, 7413965, 7414023, 7414137, 7414151, 7414260, 7414565, 7414929, 7415367, 7415480, 7415491, 7415498, 7415599, 7415894, 7415908, 7416096, 7416102, 7416231, 7416517, 7416558, 7416602, 7416742, 7417009, 7417039, 7417134, 7417383, 7417453, 7417715, 7417888, 7417942, 7418042, 7418274, 7418417, 7418480, 7418701, 7418762, 7418773, 7419011, 7419321, 7419380, 7419406, 7419415, 7419678, 7419705, 7419786, 7419931, 7419935, 7420115, 7420173, 7420553, 7420555, 7420935, 7421251, 7421609, 7421700, 7421752, 7421950, 7421955, 7422029, 7422094, 7422147, 7422247, 7422270, 7422333, 7422396, 7422400, 7422482, 7422618, 7422788, 7422849, 7423312, 7424002, 7424136, 7424168, 7424564, 7424624, 7424636, 7424704, 7424797, 7424966, 7425046, 7425063, 7425108, 7425365, 7425372, 7425412, 7425520, 7425643, 7425747, 7425766, 7426051, 7426083, 7426084, 7426133, 7426186, 7426318, 7426472, 7426575, 7426655, 7426805, 7426808, 7426913, 7427066, 7427159, 7427174, 7427218, 7427290, 7427490, 7427544, 7427625, 7427686, 7427734, 7427870, 7427952, 7427971, 7427981, 7428014, 7428038, 7428176, 7428486, 7428517, 7428546, 7428589, 7428723, 7428871, 7428878, 7428919, 7428966, 7429007, 7429016, 7429024, 7429704, 7429853, 7429975, 7430036, 7430057, 7430163, 7430240, 7430317, 7430468, 7430505, 7430591, 7430642, 7430898, 7431032, 7431049, 7431118, 7431131, 7431155, 7431168, 7431169, 7431383, 7431454, 7431715, 7431894, 7431988, 7432011, 7432038, 7432095, 7432109, 7432236, 7432265, 7432362, 7432550, 7432591, 7432611, 7432774, 7432814, 7432950, 7433170, 7433605, 7433667, 7433830, 7433908, 7434060, 7434080, 7434155, 7434250, 7434408, 7434461, 7434598, 7434758, 7434856, 7434969, 7434971, 7435022, 7435334, 7435421, 7435598, 7435901, 7436014, 7436020, 7436122, 7436144, 7436221, 7436265, 7436293, 7436462, 7436533, 7436541, 7436617, 7436849, 7436859, 7436860, 7436971, 7437020, 7437025, 7437071, 7437183, 7437348, 7437370, 7437383, 7437418, 7437544, 7437549, 7437659, 7437720, 7437737, 7437869, 7438016, 7438262, 7438314, 7438330, 7438597, 7438618, 7438961, 7439102, 7439196, 7439251, 7439296, 7439349, 7439461, 7439461, 7439867, 7439873, 7440001, 7440204, 7440347, 7440367, 7440398, 7440468, 7440556, 7440612, 7440658, 7440719, 7440858, 7441007, 7441241, 7441248, 7441289, 7441292, 7441355, 7441879, 7441959, 7442090, 7442137, 7442292, 7442466, 7442570, 7442669, 7442671, 7442701, 7442841, 7443008, 7443034, 7443080, 7443228, 7443235, 7443445, 7443653, 7443713, 7443734, 7443758, 7443990, 7444048, 7444057, 7444265, 7444403, 7444437, 7444481, 7444552, 7444599, 7444799, 7444826, 7444901, 7445038, 7445421, 7445532, 7445548, 7445552, 7445649, 7445670, 7445804, 7445935, 7445981, 7446003, 7446021, 7446099, 7446136, 7446204, 7446387, 7446972, 7447028, 7447062, 7447131, 7447188, 7447254, 7447280, 7447532, 7447545, 7447601, 7447631, 7447664, 7447667, 7447744, 7447777, 7447819, 7447837, 7447910, 7447923, 7447948, 7447968, 7447980, 7448032, 7448054, 7448185, 7448312, 7448346, 7448587, 7448826, 7448843, 7448936, 7448953, 7449117, 7449189, 7449193, 7449260, 7449291, 7449378, 7449608, 7449727, 7449736, 7450181, 7450290, 7450305, 7450321, 7450434, 7450636, 7450654, 7450748, 7450796, 7450862, 7451045, 7451086, 7451124, 7451242, 7451248, 7451421, 7451625, 7451636, 7451727, 7451870, 7451954, 7451976, 7452079, 7452182, 7452184, 7452270, 7452348, 7452367, 7452391, 7452414, 7452532, 7452561, 7452604, 7452685, 7452864, 7453007, 7453022, 7453060, 7453067, 7453127, 7453241, 7453261, 7453278, 7453286, 7453443, 7453586, 7453666, 7453672, 7453787, 7453986, 7454114, 7454137, 7454153, 7454291, 7454346, 7454457, 7454471, 7454474, 7454511, 7454757, 7455055, 7455063, 7455169, 7455223, 7455546, 7455684, 7455710, 7455777, 7455795, 7455950, 7456132, 7456144, 7456305, 7456350, 7456384, 7456494, 7456538, 7456568, 7456599, 7456648, 7456717, 7456736, 7456803, 7456828, 7456863, 7457004, 7457260, 7457450, 7457524, 7457630, 7457665, 7457781, 7458067, 7458366, 7458490, 7459073, 7459225, 7459250, 7459401, 7459666, 7459672, 7459725, 7459793, 7459975, 7460393, 7460445, 7460452, 7460979, 7461013, 7461028, 7461071, 7461157, 7461250, 7461412, 7461797, 7461901, 7462112, 7462264, 7462434, 7462484, 7462756, 7462762, 7462918, 7463094, 7463097, 7463298, 7463364, 7463527, 7463527, 7463590, 7463610, 7463616, 7463685, 7463690, 7463703, 7463758, 7463779, 7463808, 7463878, 7463994, 7464016, 7464021, 7464095, 7464131, 7464243, 7464298, 7464326, 7464372, 7464422, 7464430, 7464510, 7464523, 7464544, 7464650, 7464669, 7464710, 7464911, 7464912, 7465020, 7465026, 7465150, 7465191, 7465244, 7465251, 7465272, 7465275, 7465318, 7465323, 7465416, 7466018, 7466032, 7466161, 7466183, 7466242, 7466326, 7466378, 7466476, 7466491, 7466508, 7466699, 7466773, 7466831, 7466864, 7466890, 7466893, 7466959, 7467034, 7467042, 7467048, 7467210, 7467268, 7467327, 7467361, 7467753, 7467780, 7468003, 7468134, 7468159, 7468184, 7468192, 7468224, 7468238, 7468251, 7468398, 7468414, 7468482, 7468542, 7468599, 7468624, 7468652, 7468658, 7468797, 7468885, 7468948, 7468977, 7469055, 7469187, 7469228, 7469399, 7469466, 7469720, 7469752, 7469768, 7469900, 7469919, 7470159, 7470308, 7470343, 7470602, 7470753, 7470812, 7470960, 7470978, 7471060, 7471264, 7471273, 7471275, 7471305, 7471394, 7471424, 7471490, 7471522, 7471632, 7471659, 7471685, 7471713, 7471895, 7471964, 7471973, 7472002, 7472168, 7472259, 7472304, 7472314, 7472334, 7472506, 7472625, 7472997, 7473021, 7473022, 7473032, 7473150, 7473157, 7473373, 7473702, 7473792, 7474084, 7474349, 7474368, 7474588, 7474770, 7475058, 7475080, 7475089, 7475168, 7475240, 7475287, 7475308, 7475415, 7475485, 7475504, 7475824, 7475899, 7475919, 7476171, 7476427, 7476541, 7476605, 7476670, 7476697, 7476739, 7476859, 7476871, 7476938, 7476943, 7476977, 7477032, 7477061, 7477401, 7477456, 7477510, 7477598, 7477701, 7477729, 7477742, 7477805, 7477859, 7477898, 7477909, 7477959, 7477962, 7478068, 7478134, 7478219, 7478308, 7478352, 7478784, 7478875, 7478926, 7478927, 7478929, 7479415, 7479590, 7479599, 7479711, 7479754, 7479826, 7479852, 7479899, 7479994, 7479995, 7480000, 7480008, 7480056, 7480092, 7480212, 7480550, 7480640, 7480645, 7480966, 7480985, 7481113, 7481124, 7481130, 7481138, 7481282, 7481287, 7481382, 7481426, 7481564, 7481606, 7481621, 7481708, 7481811, 7481946, 7482056, 7482392, 7482404, 7482590, 7482633, 7482764, 7482855, 7482868, 7482957, 7483027, 7483185, 7483400, 7483591, 7483749, 7483847, 7483859, 7483927, 7484129, 7484353, 7484420, 7484686, 7484787, 7484926, 7485187, 7485332, 7485483, 7486040, 7486175, 7486200, 7486208, 7486308, 7486452, 7486529, 7486602, 7486706, 7486796, 7486851, 7486914, 7487050, 7487139, 7487172, 7487261, 7487286, 7487403, 7487719, 7487761, 7487815, 7487816, 7487852, 7487860, 7488056, 7488060, 7488143, 7488225, 7488388, 7488463, 7488573, 7488637, 7488646, 7488691, 7488710, 7488779, 7488825, 7488849, 7489033, 7489049, 7489351, 7489393, 7489543, 7489675, 7489743, 7489798, 7489876, 7489973, 7490596, 7490947, 7491026, 7491068, 7491103, 7491112, 7491253, 7491278, 7491297, 7491335, 7491668, 7491775, 7491800, 7491844, 7491890, 7492043, 7492064, 7492088, 7492107, 7492133, 7492419, 7492457, 7492570, 7492634, 7492644, 7492690, 7492817, 7492820, 7492836, 7492881, 7492986, 7492992, 7493028, 7493165, 7493223, 7493341, 7493538, 7493760, 7493800, 7493933, 7493994, 7494023, 7494204, 7494262, 7494270, 7494342, 7494377, 7494547, 7494693, 7494738, 7494862, 7494874, 7495012, 7495050, 7495158, 7495174, 7495235, 7495300, 7495424, 7495467, 7495632, 7495691, 7495868, 7495887, 7495949, 7495967, 7495992, 7496222, 7496241, 7496419, 7496710, 7496973, 7496974, 7497073, 7497168, 7497398, 7497454, 7497465, 7497533, 7497561, 7497776, 7497815, 7497849, 7497975, 7498036, 7498053, 7498146, 7498212, 7498225, 7498336, 7498358, 7498447, 7498471, 7498867, 7498992, 7499167, 7499224, 7499390, 7499409, 7499440, 7499463, 7499572, 7499641, 7499710, 7499866, 7500026, 7500042, 7500095, 7500099, 7500116, 7500148, 7500332, 7500464, 7500502, 7500517, 7500597, 7500615, 7500842, 7500850, 7500881, 7500923, 7500979, 7501014, 7501071, 7501122, 7501146, 7501208, 7501261, 7501277, 7501298, 7501409, 7501420, 7501785, 7501983, 7502119, 7502377, 7502434, 7502484, 7502572, 7502583, 7502676, 7502721, 7502901, 7503020, 7503080, 7503097, 7503170, 7503221, 7503429, 7503549, 7503552, 7503623, 7503719, 7503780, 7503785, 7503800, 7503961, 7503987, 7504159, 7504226, 7504343, 7504356, 7504714, 7504912, 7504927, 7505099, 7505206, 7505262, 7505358, 7505470, 7505767, 7505974, 7506071, 7506113, 7506168, 7506294, 7506428, 7506477, 7506504, 7506614, 7506615, 7506617, 7506775, 7506780, 7506802, 7506922, 7507062, 7507453, 7507551, 7507847, 7507876, 7508130, 7508175, 7508293, 7508301, 7508497, 7508724, 7508809, 7508836, 7508982, 7509076, 7509263, 7509348, 7509498, 7509603, 7509621, 7509656, 7509805, 7509934, 7510055, 7510230, 7510253, 7510269, 7510335, 7510525, 7510701, 7510730, 7510786, 7510820, 7510966, 7511038, 7511221, 7511235, 7511256, 7511402, 7511411, 7511459, 7511473, 7511571, 7511615, 7511836, 7511900, 7511929, 7511979, 7512083, 7512295, 7512545, 7512578, 7512744, 7512828, 7512941, 7513043, 7513213, 7513374, 7513477, 7513510, 7513778, 7513806, 7514133, 7514176, 7514438, 7514556, 7514862, 7514884, 7514896, 7514992, 7515088, 7515246, 7515358, 7515398, 7515469, 7515805, 7515810, 7516105, 7516131, 7516180, 7516775, 7516879, 7517120, 7517125, 7517464, 7517525, 7517581, 7517649, 7518386, 7518403, 7518710, 7518766, 7518994, 7519119, 7519178, 7519314, 7519400, 7519470, 7519542, 7519805, 7519873, 7519908, 7520073, 7520124, 7520251, 7520320, 7520334, 7520524, 7520578, 7520581, 7520796, 7520929, 7521023, 7521100, 7521206, 7521257, 7521259, 7521345, 7521358, 7521369, 7521431, 7521434, 7521442, 7521487, 7521499, 7521521, 7521548, 7521629, 7521724, 7521759, 7521800, 7521886, 7521902, 7521996, 7522142, 7522143, 7522221, 7522337, 7522807, 7522874, 7523128, 7523210, 7523259, 7523266, 7523308, 7523350, 7523351, 7523440, 7523485, 7523619, 7523642, 7523768, 7524002, 7524017, 7524082, 7524266, 7524477, 7524541, 7524624, 7524656, 7524677, 7524927, 7524969, 7525115, 7525127, 7525173, 7525199, 7525546, 7525564, 7525617, 7525620, 7525620, 7525657, 7525678, 7526116, 7526251, 7526351, 7526607, 7526778, 7526801, 7526913, 7526941, 7527062, 7527134, 7527140, 7527158, 7527160, 7527225, 7527251, 7527381, 7527647, 7527705, 7527779, 7527920, 7528086, 7528120, 7528167, 7528371, 7528390, 7528725, 7528731, 7528951, 7529160, 7529232, 7529354, 7529477, 7529636, 7529658, 7529791, 7529793, 7530071, 7530240, 7530425, 7530431, 7530501, 7530566, 7530642, 7530681, 7530982, 7531099, 7531116, 7531279, 7531399, 7531644, 7531683, 7531979, 7532013, 7532020, 7532542, 7532756, 7532878, 7532904, 7532985, 7533010, 7533304, 7533316, 7533584, 7533598, 7533623, 7533805, 7533899, 7533966, 7534020, 7534099, 7534271, 7534273, 7534435, 7534491, 7534633, 7534734, 7534740, 7534836, 7534977, 7535137, 7535152, 7535178, 7535255, 7535351, 7535638, 7535743, 7535939, 7535956, 7536120, 7536141, 7536203, 7536300, 7536332, 7536332, 7536367, 7536556, 7536623, 7537280, 7537415, 7537610, 7537643, 7537719, 7537731, 7537738, 7537818, 7537821, 7537881, 7538292, 7538410, 7538456, 7538565, 7538737, 7538776, 7538818, 7538836, 7539165, 7539323, 7539373, 7539378, 7539462, 7539574, 7539669, 7539692, 7539756, 7539917, 7540008, 7540079, 7540550, 7540716, 7540724, 7540729, 7540852, 7540977, 7541054, 7541111, 7541163, 7541181, 7541273, 7541332, 7541346, 7541397, 7541410, 7541454, 7541548, 7541586, 7541593, 7541612, 7541978, 7542088, 7542151, 7542451, 7542575, 7542744, 7542748, 7542765, 7542777, 7542858, 7542882, 7542906, 7543014, 7543347, 7543376, 7543450, 7543477, 7543571, 7543642, 7543664, 7543666, 7543755, 7543832, 7543927, 7543961, 7544066, 7544145, 7544197, 7544323, 7544336, 7544794, 7545008, 7545092, 7545556, 7545616, 7545675, 7546000, 7546105, 7546205, 7546241, 7546247, 7546298, 7546364, 7546379, 7546525, 7546589, 7546596, 7546651, 7546762, 7546793, 7546895, 7547111, 7547146, 7547187, 7547187, 7547236, 7547248, 7547333, 7547334, 7547379, 7547469, 7547636, 7547753, 7548195, 7548201, 7548268, 7548385, 7548388, 7548457, 7548544, 7548809, 7548925, 7549072, 7549089, 7549238, 7549260, 7549285, 7549563, 7549695, 7549743, 7549844, 7550235, 7550415, 7550657, 7551188, 7551538, 7551625, 7551638, 7551852, 7551943, 7551946, 7551957, 7552086, 7552106, 7552117, 7552187, 7552297, 7552629, 7553050, 7553140, 7553171, 7553194, 7553233, 7553269, 7553296, 7553344, 7553638, 7553969, 7553983, 7553995, 7554086, 7554445, 7554610, 7554973, 7555105, 7555245, 7555316, 7555390, 7555414, 7555551, 7555571, 7555715, 7555786, 7555787, 7555885, 7556066, 7556095, 7556153, 7556208, 7556350, 7556416, 7556543, 7556570, 7556686, 7556702, 7556800, 7556803, 7557149, 7557164, 7557213, 7557284, 7557399, 7557429, 7557560, 7557618, 7557807, 7557959, 7558049, 7558253, 7558273, 7558500, 7558500, 7558702, 7558843, 7558892, 7559033, 7559053, 7559099, 7559177, 7559188, 7559366, 7559431, 7559575, 7559856, 7559928, 7559947, 7560221, 7560254, 7560885, 7561221, 7561239, 7561318, 7561334, 7561551, 7561570, 7561581, 7561917, 7561956, 7562269, 7562304, 7562524, 7562531, 7562545, 7562627, 7562637, 7562664, 7562770, 7562809, 7562828, 7562970, 7563000, 7563216, 7563221, 7563227, 7563613, 7563725, 7563794, 7563905, 7563935, 7563982, 7564030, 7564033, 7564094, 7564108, 7564301, 7564323, 7564345, 7564376, 7564560, 7564623, 7564684, 7564703, 7564741, 7564778, 7564988, 7565047, 7565155, 7565334, 7565569, 7565592, 7565811, 7565830, 7565917, 7565961, 7566023, 7566088, 7566108, 7566217, 7566225, 7566268, 7566406, 7566473, 7566546, 7566610, 7566703, 7566715, 7566820, 7566874, 7567114, 7567184, 7567187, 7567280, 7567299, 7567370, 7567374, 7567444, 7567584, 7567652, 7567752, 7567813, 7567884, 7567980, 7568011, 7568215, 7568376, 7568902, 7568969, 7569013, 7569014, 7569048, 7569109, 7569125, 7569371, 7569396, 7569597, 7569624, 7569652, 7569741, 7569839, 7569904, 7569917, 7569962, 7569968, 7570105, 7570137, 7570183, 7570186, 7570193, 7570267, 7570291, 7570458, 7570567, 7570631, 7571128, 7571251, 7571266, 7571297, 7571373, 7571405, 7571872, 7572028, 7572205, 7572211, 7572316, 7572348, 7572513, 7572650, 7572666, 7572696, 7572739, 7572832, 7572881, 7572924, 7572975, 7573223, 7573340, 7573359, 7573912, 7574122, 7574179, 7574366, 7574442, 7574502, 7574559, 7574739, 7574751, 7575029, 7575136, 7575151, 7575164, 7575336, 7575389, 7575421, 7575533, 7575551, 7575571, 7575689, 7575777, 7575783, 7575852, 7576137, 7576213, 7576236, 7576272, 7576326, 7576395, 7576617, 7576705, 7576774, 7576810, 7577268, 7577305, 7577381, 7577445, 7577599, 7577638, 7577673, 7577843, 7577931, 7577945, 7578069, 7578303, 7578432, 7578637, 7578703, 7578758, 7578777, 7578874, 7578983, 7579073, 7579076, 7579176, 7579257, 7579287, 7579325, 7579482, 7579485, 7579529, 7579571, 7579661, 7579739, 7579799, 7579802, 7580059, 7580329, 7580344, 7580357, 7580370, 7580564, 7580588, 7580712, 7580715, 7580755, 7580796, 7580842, 7580844, 7580917, 7580946, 7580978, 7581012, 7581108, 7581232, 7581524, 7581661, 7581669, 7581742, 7581829, 7581865, 7582065, 7582091, 7582199, 7582463, 7582476, 7582633, 7582874, 7582943, 7582973, 7583004, 7583012, 7583048, 7583097, 7583201, 7583332, 7583472, 7583621, 7583717, 7583762, 7583766, 7583915, 7583980, 7583987, 7584006, 7584242, 7584412, 7584504, 7584692, 7584699, 7584852, 7584962, 7585029, 7585270, 7585382, 7585484, 7585587, 7585592, 7585684, 7585699, 7585799, 7585829, 7585841, 7585854, 7586087, 7586108, 7586410, 7586468, 7586734, 7586797, 7586872, 7586995, 7587098, 7587164, 7587536, 7587757, 7587778, 7587849, 7587984, 7588039, 7588055, 7588057, 7588061, 7588341, 7588367, 7588425, 7588464, 7588552, 7588593, 7588697, 7588697, 7588735, 7588777, 7588967, 7588979, 7589523, 7589543, 7589673, 7589742, 7589947, 7590000, 7590107, 7590136, 7590199, 7590210, 7590279, 7590344, 7590367, 7590425, 7590488, 7590520, 7590553, 7590667, 7590681, 7590699, 7590700, 7591067, 7591126, 7591203, 7591315, 7591415, 7591531, 7591647, 7591785, 7591945, 7592000, 7592140, 7592341, 7592349, 7592601, 7592667, 7592670, 7592677, 7592758, 7592936, 7593163, 7593769, 7593941, 7594067, 7594129, 7594228, 7594286, 7594314, 7594345, 7594489, 7594598, 7594841, 7594858, 7594967, 7595026, 7595159, 7595192, 7595198, 7595332, 7595399, 7595403, 7595412, 7595424, 7595596, 7595603, 7595977, 7596095, 7596128, 7596276, 7596432, 7596501, 7596503, 7596667, 7596728, 7596936, 7596958, 7596976, 7597041, 7597062, 7597158, 7597175, 7597188, 7597217, 7597394, 7597483, 7597505, 7597603, 7597790, 7597798, 7597881, 7597963, 7598099, 7598112, 7598141, 7598425, 7598444, 7598488, 7598556, 7598639, 7598731, 7598754, 7598812, 7598833, 7598902, 7598906, 7598998, 7599168, 7599186, 7599315, 7599316, 7599749, 7599805, 7599857, 7600075, 7600173, 7600353, 7600391, 7600481, 7600619, 7600640, 7600697, 7600743, 7600777, 7600805, 7600902, 7600937, 7600996, 7601084, 7601127, 7601196, 7601269, 7601274, 7601464, 7601473, 7601848, 7601870, 7601881, 7601890, 7602099, 7602106, 7602296, 7602298, 7602346, 7602498, 7602553, 7602615, 7602661, 7602845, 7603078, 7603115, 7603128, 7603147, 7603171, 7603351, 7603367, 7603653, 7603748, 7604020, 7604063, 7604288, 7604371, 7604511, 7604794, 7604851, 7604890, 7604989, 7605129, 7605259, 7605619, 7605822, 7605832, 7605941, 7606234, 7606252, 7606325, 7606337, 7606375, 7606392, 7606414, 7607003, 7607054, 7607088, 7607116, 7607265, 7607410, 7607420, 7607473, 7607767, 7607776, 7607864, 7607989, 7608163, 7608182, 7608500, 7608656, 7608910, 7609017, 7609199, 7609204, 7609302, 7609507, 7609539, 7609555, 7609761, 7609862, 7610067, 7610107, 7610134, 7610227, 7610324, 7610378, 7610421, 7610862, 7610894, 7610973, 7611067, 7611084, 7611104, 7611299, 7611337, 7611390, 7611520, 7611602, 7611878, 7611888, 7611908, 7612019, 7612132, 7612148, 7612408, 7612432, 7612457, 7612543, 7612615, 7612689, 7612716, 7612728, 7612868, 7612888, 7612999, 7613143, 7613350, 7613390, 7613561, 7613707, 7613817, 7613890, 7613967, 7614127, 7614328, 7614378, 7614452, 7614514, 7614623, 7614765, 7614930, 7614978, 7615360, 7615406, 7615471, 7615485, 7615651, 7615671, 7615681, 7615784, 7615814, 7615842, 7615859, 7615913, 7615992, 7616133, 7616219, 7616226, 7616284, 7616715, 7616802, 7616955, 7616969, 7616984, 7617009, 7617044, 7617093, 7617103, 7617349, 7617361, 7617467, 7617619, 7617953, 7618019, 7618103, 7618393, 7618399, 7618413, 7618529, 7618634, 7618874, 7618921, 7618935, 7618987, 7619007, 7619043, 7619169, 7619181, 7619183, 7619512, 7619555, 7619557, 7619676, 7619779, 7619826, 7620206, 7620284, 7620553, 7620553, 7620595, 7620729, 7621092, 7621146, 7621185, 7621465, 7621631, 7621654, 7621722, 7621816, 7621958, 7622013, 7622155, 7622185, 7622251, 7622266, 7622558, 7622640, 7622725, 7623214, 7623315, 7623356, 7623461, 7623679, 7623718, 7623741, 7623949, 7624161, 7624202, 7624337, 7624373, 7624400, 7624408, 7624419, 7624520, 7624661, 7624810, 7624895, 7625083, 7625116, 7625208, 7625271, 7625328, 7625345, 7625357, 7625376, 7625421, 7625448, 7625577, 7625612, 7625702, 7625772, 7625776, 7625998, 7626024, 7626061, 7626119, 7626325, 7626444, 7626494, 7626495, 7626594, 7626685, 7626705, 7626723, 7626869, 7627067, 7627096, 7627145, 7627261, 7627323, 7627340, 7627544, 7627567, 7627981, 7628002, 7628157, 7628330, 7628423, 7628427, 7628468, 7628536, 7628722, 7628722, 7628753, 7628774, 7628846, 7629181, 7629322, 7629359, 7629384, 7629413, 7629435, 7629637, 7629883, 7629931, 7629964, 7629996, 7630173, 7630717, 7630925, 7631178, 7631312, 7631572, 7631604, 7631729, 7632020, 7632037, 7632202, 7632317, 7632420, 7632452, 7632526, 7632547, 7632958, 7633032, 7633062, 7633245, 7633336, 7633371, 7633723, 7633777, 7633936, 7633990, 7634261, 7634374, 7634403, 7634436, 7634450, 7634495, 7634865, 7634905, 7634924, 7634960, 7635042, 7635090, 7635295, 7635360, 7635590, 7635739, 7635750, 7635960, 7636310, 7636323, 7636437, 7636534, 7636629, 7636762, 7637183, 7637185, 7637187, 7637214, 7637218, 7637276, 7637375, 7637379, 7637467, 7637544, 7637612, 7637850, 7638013, 7638055, 7638141, 7638186, 7638249, 7638549, 7638692, 7638786, 7638812, 7638854, 7638914, 7638924, 7638946, 7639342, 7639373, 7639639, 7639760, 7639821, 7639839, 7639848, 7639886, 7640027, 7640218, 7640222, 7640244, 7640718, 7640949, 7640973, 7641052, 7641145, 7641184, 7641372, 7641410, 7641512, 7641559, 7641627, 7641827, 7641922, 7641933, 7642195, 7642553, 7642717, 7642823, 7642832, 7643073, 7643110, 7643265, 7643459, 7643818, 7643833, 7644005, 7644037, 7644101, 7644113, 7644124, 7644423, 7644439, 7644460, 7644497, 7644507, 7644511, 7644538, 7644576, 7644603, 7644637, 7644718, 7644743, 7644754, 7644799, 7644907, 7644907, 7644966, 7645041, 7645249, 7645349, 7645351, 7645397, 7645400, 7645513, 7645646, 7645717, 7645788, 7645874, 7646020, 7646025, 7646061, 7646076, 7646176, 7646481, 7646689, 7646692, 7646769, 7646818, 7646821, 7646903, 7646942, 7647113, 7647173, 7647180, 7647323, 7647347, 7647870, 7647893, 7647967, 7648014, 7648097, 7648211, 7648246, 7648299, 7648323, 7648331, 7648339, 7648363, 7648368, 7648431, 7648441, 7648703, 7648883, 7648934, 7648936, 7648976, 7649098, 7649309, 7649458, 7649511, 7649569, 7649682, 7649946, 7650100, 7650118, 7650148, 7650185, 7650261, 7650269, 7650273, 7650422, 7650443, 7650741, 7650816, 7650838, 7650839, 7650850, 7650982, 7651102, 7651128, 7651229, 7651479, 7651673, 7651802, 7651827, 7651912, 7651946, 7652009, 7652042, 7652077, 7652129, 7652170, 7652205, 7652233, 7652305, 7652359, 7652507, 7652567, 7652578, 7652670, 7652796, 7652804, 7652818, 7652911, 7653053, 7653092, 7653160, 7653234, 7653503, 7653554, 7653559, 7653856, 7653935, 7654114, 7654165, 7654174, 7654445, 7654460, 7654574, 7654622, 7654771, 7654840, 7655142, 7655148, 7655176, 7655248, 7655308, 7655321, 7655346, 7655415, 7655434, 7655577, 7655583, 7655587, 7655756, 7655782, 7655941, 7656102, 7656127, 7656262, 7656384, 7656468, 7656616, 7656831, 7656954, 7657182, 7657549, 7657551, 7657560, 7657593, 7657626, 7657654, 7657778, 7657859, 7657915, 7658038, 7658064, 7658224, 7658438, 7658575, 7658785, 7658974, 7659270, 7659362, 7659526, 7659564, 7659604, 7659626, 7659768, 7659892, 7659924, 7659941, 7660078, 7660079, 7660239, 7660261, 7660713, 7660722, 7660845, 7660853, 7661078, 7661110, 7661449, 7661543, 7661582, 7661592, 7661606, 7661819, 7661837, 7662114, 7662238, 7662243, 7662364, 7662826, 7662953, 7663030, 7663188, 7663217, 7663278, 7663332, 7663416, 7663434, 7663506, 7663957, 7663965, 7664295, 7664760, 7664789, 7664881, 7664981, 7665013, 7665042, 7665327, 7665344, 7665675, 7665833, 7665852, 7665924, 7665976, 7665977, 7666143, 7666147, 7666261, 7666371, 7666501, 7666506, 7666523, 7666570, 7666954, 7667190, 7667206, 7667458, 7667636, 7667723, 7667797, 7667926, 7668092, 7668186, 7668296, 7668308, 7668311, 7668339, 7668455, 7668476, 7668593, 7668838, 7668891, 7668921, 7669021, 7669098, 7669180, 7669253, 7669463, 7669529, 7669534, 7669704, 7669721, 7669738, 7669896, 7669954, 7670495, 7670663, 7670898, 7670958, 7671052, 7671097, 7671136, 7671303, 7671475, 7671648, 7671869, 7671891, 7671934, 7671955, 7672141, 7672401, 7672516, 7672519, 7672531, 7672680, 7672913, 7673179, 7673181, 7673203, 7673368, 7673559, 7673938, 7674021, 7674405, 7674483, 7674515, 7674568, 7674601, 7674605, 7674643, 7674831, 7674978, 7675023, 7675120, 7675293, 7675374, 7675402, 7675561, 7675673, 7675687, 7675714, 7675793, 7675810, 7675881, 7675952, 7675957, 7676039, 7676117, 7676132, 7676133, 7676147, 7676157, 7676212, 7676422, 7676495, 7676667, 7676761, 7676862, 7676877, 7676880, 7676983, 7677373, 7677486, 7677501, 7677522, 7677657, 7677671, 7677706, 7677765, 7677769, 7677813, 7677818, 7677941, 7678146, 7678299, 7678542, 7678769, 7678796, 7678821, 7678857, 7678937, 7678949, 7678978, 7678997, 7679045, 7679077, 7679097, 7679191, 7679483, 7679549, 7679599, 7679859, 7679924, 7680063, 7680148, 7680159, 7680204, 7680280, 7680443, 7680600, 7680637, 7680663, 7680723, 7680963, 7681014, 7681169, 7681619, 7681695, 7681714, 7681716, 7681717, 7681737, 7681792, 7681888, 7681972, 7681996, 7682178, 7682223, 7682337, 7682372, 7682455, 7682632, 7682632, 7682666, 7682759, 7682932, 7683216, 7683294, 7683529, 7683579, 7683724, 7683771, 7683778, 7683795, 7683801, 7683933, 7683985, 7683996, 7683998, 7684122, 7684256, 7684315, 7684383, 7684565, 7684639, 7684783, 7684899, 7685109, 7685238, 7685303, 7685407, 7685418, 7685595, 7685615, 7685619, 7685810, 7685844, 7685878, 7685906, 7685992, 7686041, 7686060, 7686437, 7686520, 7686618, 7686725, 7686801, 7686824, 7686891, 7686998, 7687000, 7687313, 7687421, 7687438, 7687486, 7687532, 7687625, 7687666, 7687695, 7687802, 7687875, 7687887, 7687958, 7687994, 7688182, 7688202, 7688215, 7688366, 7688443, 7688514, 7688522, 7688534, 7688594, 7688717, 7688741, 7688934, 7689125, 7689133, 7689148, 7689157, 7689200, 7689266, 7689339, 7689417, 7689441, 7689667, 7689804, 7689899, 7689907, 7690053, 7690128, 7690308, 7690368, 7690383, 7690594, 7690760, 7690838, 7690902, 7690946, 7691141, 7691375, 7691579, 7691600, 7691722, 7691966, 7691978, 7692152, 7692157, 7692352, 7692468, 7692709, 7692799, 7692866, 7692994, 7693196, 7693198, 7693315, 7693388, 7693436, 7693439, 7693478, 7693815, 7693839, 7693854, 7693892, 7694016, 7694326, 7694370, 7694709, 7694824, 7694921, 7694941, 7694964, 7695168, 7695295, 7695324, 7695331, 7695402, 7695447, 7695472, 7695474, 7696125, 7696188, 7696397, 7696409, 7696440, 7696612, 7696726, 7697171, 7697203, 7697355, 7697494, 7697569, 7697647, 7697715, 7697778, 7697841, 7697850, 7697968, 7698241, 7698319, 7698339, 7698383, 7698446, 7698622, 7698659, 7698740, 7698822, 7699038, 7699143, 7699274, 7699344, 7699597, 7699600, 7699611, 7699705, 7699726, 7699803, 7699888, 7699894, 7699899, 7699914, 7699956, 7699974, 7700129, 7700327, 7700383, 7700497, 7700549, 7700703, 7700783, 7700874, 7700949, 7701140, 7701251, 7701321, 7701511, 7701578, 7701714, 7701737, 7701769, 7701868, 7701997, 7702205, 7702216, 7702245, 7702292, 7702321, 7702362, 7702421, 7702554, 7702634, 7702711, 7702798, 7703124, 7703188, 7703269, 7703293, 7703463, 7703481, 7703581, 7703858, 7704111, 7704156, 7704183, 7704320, 7704333, 7704408, 7704529, 7704589, 7704605, 7704985, 7705057, 7705068, 7705281, 7705294, 7705552, 7705593, 7705594, 7705625, 7705931, 7706116, 7706177, 7706346, 7706408, 7706452, 7706598, 7706630, 7706693, 7706720, 7706760, 7706862, 7707262, 7707365, 7707380, 7707409, 7707418, 7707611, 7707624, 7707633, 7707862, 7707956, 7708061, 7708198, 7708223, 7708234, 7708301, 7708430, 7708546, 7708936, 7708942, 7709192, 7709251, 7709350, 7709362, 7709430, 7709546, 7709552, 7709874, 7710139, 7710216, 7710237, 7710264, 7710265, 7710371, 7710563, 7710576, 7710674, 7710698, 7710852, 7710961, 7711011, 7711083, 7711119, 7711155, 7711473, 7711528, 7711572, 7711616, 7711647, 7711834, 7711947, 7711959, 7712033, 7712068, 7712154, 7712156, 7712276, 7712387, 7712459, 7712557, 7712565, 7712726, 7712793, 7712858, 7712915, 7712960, 7713089, 7713144, 7713163, 7713268, 7713518, 7713667, 7713883, 7713963, 7713975, 7714046, 7714056, 7714155, 7714210, 7714217, 7714260, 7714273, 7714353, 7714379, 7714432, 7714536, 7714583, 7714777, 7714900, 7714914, 7714997, 7715200, 7715280, 7715303, 7715388, 7715430, 7715469, 7715634, 7715645, 7716000, 7716094, 7716182, 7716238, 7716549, 7716646, 7716850, 7716863, 7717077, 7717146, 7717179, 7717272, 7717319, 7717681, 7717939, 7717956, 7717977, 7718080, 7718095, 7718153, 7718158, 7718266, 7718380, 7718409, 7718480, 7718546, 7718627, 7718673, 7718679, 7719100, 7719308, 7719335, 7719356, 7719568, 7719617, 7719742, 7719782, 7719844, 7719852, 7719897, 7720131, 7720484, 7720487, 7720515, 7720606, 7720646, 7720851, 7721061, 7721209, 7721496, 7721759, 7721842, 7722043, 7722119, 7722431, 7722516, 7722521, 7722576, 7722628, 7722665, 7722812, 7722832, 7722978, 7723000, 7723024, 7723197, 7723203, 7723230, 7723271, 7723308, 7723364, 7723403, 7723426, 7723682, 7723740, 7723740, 7724080, 7724109, 7724185, 7724246, 7724278, 7724288, 7724372, 7724593, 7724688, 7724788, 7724838, 7724887, 7724904, 7724939, 7725126, 7725183, 7725362, 7725466, 7725490, 7725593, 7725695, 7725894, 7725895, 7726017, 7726197, 7726424, 7726525, 7726797, 7726887, 7726943, 7727136, 7727166, 7727419, 7727465, 7727657, 7727724, 7727738, 7727907, 7728027, 7728052, 7728066, 7728137, 7728572, 7728838, 7728891, 7728948, 7728973, 7728986, 7729169, 7729457, 7729516, 7729648, 7729965, 7730092, 7730196, 7730259, 7730267, 7730821, 7730880, 7730942, 7731122, 7731208, 7731215, 7731261, 7731408, 7731479, 7731513, 7731542, 7731552, 7731809, 7731870, 7731911, 7732013, 7732285, 7732309, 7732347, 7732408, 7732429, 7732448, 7732490, 7732501, 7732626, 7732646, 7733069, 7733144, 7733223, 7733258, 7733449, 7733479, 7733511, 7733532, 7733692, 7733919, 7733956, 7733971, 7734082, 7734093, 7734259, 7734273, 7734365, 7734415, 7734433, 7734490, 7734680, 7734694, 7734723, 7734996, 7735195, 7735502, 7735545, 7735556, 7735601, 7735943, 7735991, 7736166, 7736415, 7736517, 7736594, 7736766, 7736929, 7737044, 7737126, 7737308, 7737505, 7737821, 7737910, 7737967, 7738203, 7738284, 7738384, 7738453, 7738654, 7738701, 7738704, 7738881, 7739000, 7739239, 7739245, 7739283, 7739346, 7739388, 7739393, 7739400, 7739472, 7739544, 7739686, 7740110, 7740113, 7740134, 7740187, 7740250, 7740281, 7740373, 7740553, 7740626, 7740649, 7740835, 7740875, 7740993, 7741001, 7741063, 7741104, 7741251, 7741309, 7741311, 7741355, 7741570, 7741779, 7741797, 7741891, 7741891, 7741959, 7742210, 7742237, 7742334, 7742400, 7742407, 7742419, 7742466, 7742579, 7742736, 7742903, 7743160, 7743333, 7743345, 7743363, 7743408, 7743467, 7743552, 7743734, 7743840, 7743903, 7743969, 7744038, 7744307, 7744352, 7744403, 7744814, 7744821, 7744845, 7744875, 7744949, 7744989, 7745101, 7745128, 7745364, 7745405, 7745508, 7745587, 7745620, 7745775, 7745812, 7746073, 7746270, 7746322, 7746393, 7746447, 7746523, 7747047, 7747166, 7747215, 7747477, 7747721, 7747722, 7747737, 7747748, 7748209, 7748410, 7748577, 7748722, 7748805, 7748855, 7748945, 7749101, 7749335, 7749374, 7749392, 7749448, 7749511, 7749529, 7749622, 7749812, 7749817, 7749984, 7750099, 7750134, 7750221, 7750224, 7750289, 7750295, 7750567, 7750595, 7750731, 7750731, 7751015, 7751142, 7751298, 7751389, 7751450, 7751470, 7751491, 7751569, 7751622, 7751647, 7752098, 7752266, 7752273, 7752371, 7752434, 7752566, 7752723, 7752724, 7752826, 7753432, 7753539, 7753650, 7753884, 7754121, 7754123, 7754170, 7754307, 7754464, 7754676, 7754727, 7754730, 7754929, 7754954, 7754955, 7755090, 7755128, 7755228, 7755281, 7755394, 7755640, 7755661, 7755692, 7755797, 7755806, 7755849, 7756000, 7756098, 7756124, 7756169, 7756216, 7756240, 7756264, 7756294, 7756331, 7756345, 7756396, 7756667, 7757059, 7757168, 7757420, 7757491, 7757560, 7757569, 7757679, 7757766, 7757777, 7757799, 7757804, 7757842, 7757937, 7757954, 7758046, 7758120, 7758154, 7758349, 7758420, 7758527, 7758814, 7758931, 7759016, 7759248, 7759258, 7759446, 7759536, 7759710, 7759765, 7759843, 7760051, 7760118, 7760135, 7760280, 7760392, 7760404, 7760461, 7760538, 7760552, 7760682, 7760698, 7760810, 7760994, 7761144, 7761208, 7761406, 7761422, 7761524, 7761710, 7761711, 7761817, 7761857, 7761956, 7762027, 7762063, 7762112, 7762142, 7762354, 7762424, 7762491, 7762541, 7762625, 7762861, 7762879, 7762931, 7762940, 7762952, 7763030, 7763134, 7763258, 7763312, 7763363, 7763414, 7763439, 7763481, 7763517, 7763590, 7763678, 7763694, 7763795, 7764147, 7764289, 7764427, 7764493, 7764506, 7764562, 7764629, 7764806, 7765025, 7765066, 7765089, 7765120, 7765170, 7765192, 7765254, 7765531, 7766269, 7766271, 7766338, 7766768, 7767454, 7767525, 7767559, 7767560, 7767591, 7767721, 7767791, 7767941, 7768061, 7768120, 7768183, 7768375, 7768608, 7768760, 7768845, 7769345, 7769504, 7769682, 7769725, 7769733, 7769788, 7769793, 7769810, 7769918, 7770033, 7770122, 7770197, 7770277, 7770296, 7770933, 7770985, 7771089, 7771262, 7771280, 7771284, 7771426, 7771540, 7771595, 7771805, 7771841, 7771940, 7772259, 7772271, 7772345, 7772375, 7772390, 7772427, 7772445, 7772496, 7772573, 7772635, 7772821, 7773048, 7773074, 7773142, 7773216, 7773220, 7773235, 7773289, 7773561, 7773595, 7773693, 7773888, 7773895, 7773904, 7774003, 7774157, 7774177, 7774534, 7774594, 7774758, 7774910, 7774917, 7775095, 7775402, 7775541, 7775648, 7775741, 7775897, 7775925, 7776160, 7776378, 7776430, 7776505, 7776535, 7776590, 7776757, 7776792, 7776905, 7776969, 7776982, 7777004, 7777020, 7777134, 7777143, 7777445, 7777679, 7777680, 7777895, 7778016, 7778023, 7778235, 7778257, 7778269, 7778643, 7778663, 7778907, 7778946, 7778962, 7779002, 7779076, 7779131, 7779197, 7779431, 7779552, 7779632, 7779771, 7780038, 7780071, 7780129, 7780242, 7780248, 7780499, 7780732, 7780934, 7781081, 7781131, 7781147, 7781148, 7781169, 7781321, 7781434, 7781535, 7781830, 7781863, 7781886, 7781949, 7781990, 7782048, 7782081, 7782224, 7782449, 7782498, 7782636, 7782872, 7782895, 7782963, 7782963, 7783123, 7783207, 7783261, 7783279, 7783355, 7783387, 7783434, 7783438, 7783486, 7783555, 7783598, 7783650, 7783712, 7783784, 7783788, 7784037, 7784049, 7784104, 7784282, 7784311, 7784330, 7784433, 7784435, 7784548, 7784739, 7784779, 7784799, 7784949, 7784971, 7785090, 7785131, 7785525, 7785540, 7785541, 7785614, 7785727, 7785971, 7786181, 7786321, 7786391, 7786511, 7786547, 7786577, 7786727, 7786738, 7786848, 7786902, 7786980, 7787242, 7787311, 7787372, 7787374, 7787505, 7787523, 7787569, 7787610, 7787729, 7787854, 7787867, 7787890, 7787903, 7787989, 7788032, 7788274, 7788276, 7788360, 7788406, 7788421, 7788441, 7788638, 7788946, 7789067, 7789100, 7789153, 7789299, 7789497, 7789600, 7789824, 7789868, 7790027, 7790104, 7790315, 7790422, 7790547, 7790691, 7790776, 7790899, 7791022, 7791125, 7791209, 7791261, 7791472, 7791486, 7791550, 7791586, 7791657, 7791687, 7791788, 7791807, 7791821, 7791843, 7791936, 7792030, 7792168, 7792201, 7792220, 7792245, 7792350, 7792353, 7792455, 7792479, 7792640, 7792783, 7792898, 7792918, 7793069, 7793562, 7793641, 7793793, 7793875, 7793877, 7793958, 7793974, 7794101, 7794341, 7794398, 7794452, 7794522, 7794531, 7794614, 7794644, 7794842, 7794906, 7795175, 7795294, 7795340, 7795450, 7795482, 7795588, 7795933, 7796090, 7796106, 7796119, 7796184, 7796201, 7796204, 7796292, 7796316, 7796349, 7796535, 7796662, 7796706, 7796805, 7797031, 7797049, 7797062, 7797272, 7797302, 7797432, 7797473, 7797584, 7797715, 7797780, 7797855, 7797866, 7797946, 7798007, 7798064, 7798357, 7798368, 7798398, 7798571, 7798741, 7798758, 7798929, 7798966, 7799006, 7799165, 7799172, 7799225, 7799425, 7799444, 7799560, 7799724, 7799747, 7799761, 7799803, 7799809, 7799835, 7800038, 7800386, 7800414, 7800740, 7800853, 7800863, 7800948, 7801027, 7801076, 7801099, 7801150, 7801161, 7801193, 7801345, 7801355, 7801377, 7801494, 7801629, 7801646, 7801685, 7801701, 7801767, 7801768, 7801916, 7802255, 7802350, 7802400, 7802403, 7802418, 7802766, 7802772, 7802836, 7802844, 7802844, 7802929, 7802946, 7803358, 7803411, 7803476, 7803603, 7803611, 7803924, 7803928, 7803979, 7803983, 7804061, 7804128, 7804149, 7804200, 7804246, 7804585, 7804602, 7804608, 7804661, 7804848, 7805035, 7805038, 7805045, 7805109, 7805139, 7805517, 7805531, 7805534, 7805543, 7805593, 7805615, 7805917, 7805922, 7805928, 7806000, 7806036, 7806253, 7806305, 7806365, 7806368, 7806385, 7806709, 7806800, 7806864, 7806954, 7807050, 7807094, 7807120, 7807969, 7808143, 7808389, 7808445, 7808516, 7808726, 7808869, 7808988, 7808994, 7809095, 7809267, 7809324, 7809744, 7809746, 7809822, 7809849, 7809927, 7809958, 7810031, 7810060, 7810251, 7810361, 7810365, 7810399, 7810444, 7810506, 7810712, 7810843, 7811104, 7811239, 7811344, 7811438, 7811513, 7811530, 7811744, 7811906, 7811917, 7812105, 7812138, 7812155, 7812277, 7812340, 7812517, 7812626, 7812678, 7812696, 7812803, 7812864, 7812920, 7813345, 7813375, 7813392, 7813500, 7813632, 7813867, 7813890, 7814057, 7814113, 7814208, 7814219, 7814526, 7814569, 7814602, 7814649, 7814701, 7814702, 7814725, 7814758, 7814832, 7814865, 7814982, 7815082, 7815274, 7815327, 7815406, 7815534, 7815556, 7815588, 7815620, 7815669, 7815799, 7816063, 7816107, 7816192, 7816309, 7816399, 7816433, 7816563, 7816574, 7816576, 7816718, 7816834, 7816852, 7816956, 7816961, 7816994, 7817155, 7817176, 7817180, 7817269, 7817381, 7817513, 7817678, 7817700, 7817725, 7817756, 7817824, 7818269, 7818371, 7818389, 7818452, 7818497, 7818500, 7818579, 7818804, 7818839, 7818957, 7818966, 7819024, 7819165, 7819216, 7819230, 7819307, 7819445, 7819720, 7819725, 7820032, 7820050, 7820160, 7820490, 7820576, 7820730, 7820821, 7820905, 7820918, 7820947, 7821120, 7821206, 7821223, 7821230, 7821296, 7821344, 7821357, 7821494, 7821735, 7821860, 7821982, 7822076, 7822210, 7822234, 7822303, 7822401, 7822402, 7822420, 7822672, 7822714, 7822863, 7822892, 7822896, 7822906, 7823018, 7823111, 7823116, 7823402, 7823633, 7823710, 7823879, 7823897, 7824019, 7824091, 7824238, 7824253, 7824254, 7824254, 7824515, 7824592, 7824665, 7824681, 7824846, 7825038, 7825221, 7825229, 7825418, 7825427, 7825464, 7825502, 7825715, 7825764, 7825823, 7826022, 7826270, 7826312, 7826374, 7826379, 7826440, 7826516, 7826620, 7826787, 7826848, 7826900, 7827145, 7827203, 7827252, 7827342, 7827514, 7827639, 7827731, 7827819, 7827896, 7827896, 7827919, 7827934, 7827963, 7827993, 7828200, 7828284, 7828579, 7828706, 7828721, 7828844, 7828869, 7829120, 7829122, 7829172, 7829213, 7829275, 7829361, 7829462, 7829513, 7829626, 7829700, 7829778, 7830178, 7830363, 7830369, 7830382, 7830485, 7830540, 7830648, 7830846, 7830996, 7831089, 7831404, 7831405, 7831439, 7831490, 7831561, 7831631, 7831675, 7831677, 7831735, 7831825, 7831857, 7832072, 7832107, 7832248, 7832306, 7832391, 7832549, 7832555, 7832730, 7832807, 7832812, 7832846, 7832932, 7832945, 7833107, 7833132, 7833283, 7833326, 7833434, 7833442, 7833479, 7833677, 7833714, 7833842, 7833861, 7834020, 7834172, 7834210, 7834436, 7834468, 7834548, 7834730, 7834773, 7834984, 7834990, 7835056, 7835101, 7835276, 7835419, 7835508, 7835512, 7835850, 7836011, 7836050, 7836158, 7836217, 7836483, 7836693, 7836742, 7836815, 7836959, 7837066, 7837138, 7837169, 7837208, 7837260, 7837324, 7837687, 7837861, 7838117, 7838213, 7838213, 7838295, 7838392, 7838539, 7838604, 7838963, 7838967, 7838999, 7839224, 7839430, 7839517, 7839548, 7839549, 7839625, 7839645, 7839887, 7839928, 7839960, 7840222, 7840466, 7840622, 7840726, 7840930, 7841151, 7841188, 7841261, 7841265, 7841423, 7841502, 7841521, 7841580, 7841614, 7841641, 7841695, 7841910, 7841964, 7842007, 7842166, 7842227, 7842250, 7842361, 7842461, 7842655, 7842667, 7842694, 7842880, 7842946, 7842988, 7843072, 7843164, 7843217, 7843222, 7843309, 7843488, 7843584, 7843834, 7843909, 7843979, 7844078, 7844248, 7844285, 7844484, 7844528, 7844548, 7844672, 7844712, 7844714, 7844768, 7844847, 7844907, 7844941, 7845000, 7845002, 7845196, 7845215, 7845243, 7845437, 7845514, 7845540, 7845643, 7845978, 7846076, 7846173, 7846386, 7846396, 7846578, 7846600, 7846676, 7846815, 7846885, 7847060, 7847227, 7847233, 7847430, 7847446, 7847548, 7847577, 7847748, 7848016, 7848024, 7848263, 7848361, 7848405, 7848410, 7848413, 7848477, 7848583, 7848598, 7848641, 7848852, 7848917, 7849048, 7849186, 7849220, 7849235, 7849408, 7849468, 7849471, 7849493, 7849591, 7849649, 7849716, 7849864, 7850095, 7850206, 7850209, 7850221, 7850304, 7850323, 7850402, 7850429, 7850585, 7850712, 7850771, 7850822, 7850895, 7850968, 7850987, 7851052, 7851097, 7851115, 7851180, 7851215, 7851431, 7851550, 7851611, 7851756, 7851801, 7851946, 7851985, 7851995, 7852207, 7852264, 7852486, 7852577, 7852655, 7852702, 7852779, 7852823, 7852846, 7852872, 7852976, 7853102, 7853217, 7853347, 7853818, 7853819, 7853987, 7854010, 7854021, 7854209, 7854357, 7854473, 7854512, 7854529, 7854608, 7854659, 7854722, 7855209, 7855215, 7855307, 7855353, 7855424, 7855528, 7855718, 7855733, 7855747, 7855826, 7855885, 7856176, 7856311, 7856361, 7856398, 7856582, 7856635, 7856644, 7856922, 7856965, 7857002, 7857068, 7857094, 7857123, 7857330, 7857471, 7857638, 7857647, 7857677, 7857745, 7857771, 7857860, 7857896, 7858045, 7858141, 7858201, 7858250, 7858364, 7858404, 7858458, 7858604, 7858681, 7858709, 7858709, 7858803, 7859311, 7859312, 7859533, 7859883, 7859900, 7859936, 7859958, 7860067, 7860125, 7860190, 7860246, 7860442, 7860458, 7860463, 7860538, 7860694, 7860755, 7860860, 7860961, 7861095, 7861099, 7861111, 7861138, 7861269, 7861462, 7861538, 7861681, 7861871, 7862027, 7862136, 7862338, 7862431, 7862534, 7862585, 7862634, 7862931, 7862958, 7863257, 7863525, 7864226, 7864229, 7864426, 7864447, 7864482, 7864644, 7864691, 7864866, 7864931, 7864933, 7864970, 7865000, 7865048, 7865086, 7865122, 7865151, 7865207, 7865359, 7865579, 7865617, 7865696, 7865914, 7866084, 7866151, 7866200, 7866436, 7866468, 7866468, 7866539, 7866540, 7866653, 7866664, 7866753, 7867007, 7867113, 7867137, 7867327, 7867341, 7867346, 7867456, 7867492, 7867506, 7867528, 7867592, 7867856, 7867866, 7867866, 7868082, 7868100, 7868178, 7868420, 7868450, 7868601, 7868646, 7868880, 7868900, 7869009, 7869049, 7869090, 7869095, 7869291, 7869426, 7869471, 7869491, 7869625, 7869748, 7869775, 7869837, 7869870, 7870385, 7870432, 7870486, 7870522, 7870541, 7870584, 7870761, 7871074, 7871086, 7871162, 7871208, 7871325, 7871364, 7871420, 7871479, 7871511, 7871589, 7871737, 7871744, 7871799, 7871819, 7872026, 7872176, 7872219, 7872258, 7872378, 7872379, 7872563, 7872709, 7872751, 7872789, 7873008, 7873031, 7873168, 7873215, 7873261, 7873440, 7873444, 7873519, 7873543, 7873858, 7874027, 7874232, 7874233, 7874251, 7874338, 7874419, 7874894, 7874941, 7874995, 7875188, 7875333, 7875419, 7875529, 7875590, 7875681, 7875823, 7876041, 7876065, 7876273, 7876326, 7876342, 7876377, 7876606, 7876683, 7876695, 7876754, 7876782, 7876826, 7876918, 7876954, 7877092, 7877131, 7877175, 7877190, 7877272, 7877486, 7877486, 7877489, 7877561, 7877606, 7877833, 7878238, 7878584, 7878949, 7878988, 7879140, 7879253, 7879326, 7879521, 7879548, 7879699, 7879755, 7879835, 7879918, 7879962, 7880310, 7880447, 7880484, 7880493, 7880591, 7880681, 7880714, 7881033, 7881166, 7881348, 7881414, 7881464, 7881592, 7881594, 7881616, 7881619, 7881820, 7882274, 7882430, 7882480, 7882836, 7882870, 7883114, 7883363, 7883397, 7883431, 7883458, 7883674, 7883857, 7884071, 7884115, 7884189, 7884216, 7884229, 7884275, 7884411, 7884426, 7884485, 7884574, 7884597, 7884652, 7884782, 7884841, 7884883, 7885111, 7885132, 7885183, 7885265, 7885361, 7885408, 7885450, 7885499, 7885506, 7885515, 7885691, 7885793, 7885927, 7886029, 7886164, 7886191, 7886274, 7886541, 7886678, 7886731, 7886960, 7886993, 7887177, 7887365, 7887376, 7887413, 7887586, 7887722, 7887907, 7887934, 7887952, 7887953, 7888016, 7888150, 7888205, 7888276, 7888297, 7888364, 7888396, 7888413, 7888477, 7888494, 7888623, 7888632, 7888716, 7888767, 7888772, 7888859, 7888948, 7889249, 7889272, 7889281, 7889316, 7889545, 7889551, 7889586, 7889628, 7889662, 7889696, 7889878, 7889879, 7889891, 7890116, 7890164, 7890167, 7890199, 7890233, 7890244, 7890283, 7890327, 7890443, 7890519, 7890551, 7890621, 7890713, 7891040, 7891043, 7891071, 7891110, 7891187, 7891216, 7891280, 7891356, 7891408, 7891541, 7891549, 7891678, 7891687, 7891730, 7891880, 7892167, 7892179, 7892218, 7892355, 7892492, 7892496, 7892524, 7892562, 7892806, 7892843, 7892861, 7892932, 7892953, 7892981, 7892992, 7893124, 7893134, 7893177, 7893241, 7893275, 7893282, 7893298, 7893310, 7893430, 7893559, 7893789, 7893923, 7893969, 7894062, 7894145, 7894223, 7894545, 7894804, 7894830, 7895071, 7895244, 7895284, 7895367, 7895406, 7895462, 7895520, 7895587, 7895723, 7895908, 7896081, 7896109, 7896249, 7896294, 7896388, 7896574, 7896677, 7896730, 7896835, 7896844, 7896863, 7896909, 7897051, 7897177, 7897372, 7897436, 7897510, 7897638, 7897656, 7897706, 7897807, 7897929, 7897947, 7898220, 7898365, 7898422, 7898492, 7898616, 7898851, 7899027, 7899030, 7899053, 7899258, 7899316, 7899328, 7899394, 7899651, 7899754, 7899854, 7899994, 7900281, 7900448, 7900544, 7900591, 7900711, 7900843, 7900844, 7901085, 7901423, 7901509, 7901563, 7901778, 7902208, 7902351, 7902359, 7902467, 7902821, 7902858, 7902886, 7903032, 7903072, 7903077, 7903374, 7903405, 7903731, 7903748, 7903803, 7904150, 7904184, 7904351, 7904390, 7904528, 7904580, 7904808, 7904821, 7904847, 7904879, 7904888, 7904937, 7904961, 7905044, 7905122, 7905502, 7905531, 7905545, 7905652, 7905694, 7905740, 7906179, 7906694, 7906798, 7906835, 7906923, 7907038, 7907071, 7907084, 7907124, 7907133, 7907154, 7907179, 7908063, 7908194, 7908303, 7908404, 7908537, 7908563, 7908610, 7908765, 7908811, 7908873, 7908887, 7908929, 7909036, 7909125, 7909198, 7909296, 7909312, 7909367, 7909560, 7909572, 7909574, 7909870, 7909993, 7910004, 7910090, 7910187, 7910352, 7910352, 7910468, 7910529, 7910555, 7910829, 7910867, 7910923, 7910924, 7910925, 7910935, 7911144, 7911348, 7911381, 7911435, 7911437, 7911448, 7911573, 7911698, 7911882, 7912045, 7912070, 7912229, 7912350, 7912362, 7912452, 7912463, 7912558, 7912653, 7912668, 7912761, 7912847, 7913081, 7913161, 7913236, 7913381, 7913450, 7913594, 7913645, 7913688, 7913981, 7914062, 7914126, 7914131, 7914164, 7914289, 7914291, 7914322, 7914374, 7914377, 7914386, 7914517, 7914696, 7914845, 7914854, 7914945, 7914959, 7915068, 7915123, 7915213, 7915282, 7915599, 7915609, 7915923, 7915960, 7916282, 7916380, 7916383, 7916404, 7916475, 7916519, 7916845, 7916916, 7916951, 7917022, 7917083, 7917180, 7917215, 7917490, 7917510, 7917525, 7917666, 7917669, 7917710, 7917741, 7918117, 7918120, 7918359, 7918399, 7918430, 7918616, 7918828, 7918940, 7918947, 7919114, 7919116, 7919324, 7919398, 7919572, 7919641, 7919662, 7919712, 7919761, 7919963, 7920027, 7920090, 7920176, 7920233, 7920293, 7920352, 7920364, 7920453, 7920529, 7920639, 7920863, 7920909, 7920978, 7921132, 7921219, 7921299, 7921390, 7921461, 7921718, 7921718, 7921732, 7921921, 7922042, 7922056, 7922095, 7922369, 7922495, 7922607, 7923021, 7923191, 7923361, 7923405, 7923407, 7923545, 7923585, 7923615, 7923660, 7923716, 7923835, 7923847, 7923853, 7924006, 7924129, 7924353, 7924422, 7924434, 7924434, 7924548, 7925181, 7925261, 7925336, 7925379, 7925476, 7925516, 7925651, 7925794, 7925798, 7925914, 7926072, 7926464, 7926505, 7926655, 7926802, 7926879, 7926980, 7927003, 7927020, 7927057, 7927058, 7927089, 7927205, 7927240, 7927293, 7927353, 7927365, 7927407, 7927529, 7927672, 7927687, 7927691, 7927906, 7928026, 7928162, 7928192, 7928301, 7928503, 7928550, 7928662, 7928771, 7928903, 7928964, 7929183, 7929221, 7929233, 7929415, 7929490, 7929609, 7929619, 7930061, 7930187, 7930312, 7930595, 7930597, 7930598, 7930641, 7930791, 7930947, 7931012, 7931072, 7931223, 7931462, 7931498, 7931592, 7931613, 7931666, 7931688, 7931729, 7932204, 7932329, 7932419, 7932425, 7932721, 7932870, 7932993, 7933060, 7933119, 7933150, 7933270, 7933381, 7933421, 7933491, 7933513, 7933838, 7933959, 7934049, 7934058, 7934063, 7934101, 7934151, 7934221, 7934654, 7934685, 7934726, 7934833, 7935019, 7935046, 7935093, 7935111, 7935241, 7935351, 7935370, 7935567, 7935644, 7935921, 7936245, 7936343, 7936465, 7936540, 7936624, 7936662, 7936749, 7936754, 7936773, 7937011, 7937086, 7937239, 7937358, 7937452, 7937566, 7937657, 7937668, 7937819, 7937923, 7938054, 7938121, 7938130, 7938203, 7938421, 7938832, 7938874, 7938908, 7939122, 7939406, 7939631, 7939661, 7939699, 7939733, 7939826, 7939879, 7939931, 7940171, 7940213, 7940215, 7940333, 7940564, 7940605, 7940710, 7940793, 7940949, 7941013, 7941078, 7941095, 7941096, 7941158, 7941199, 7941275, 7941363, 7941483, 7941632, 7941816, 7941845, 7942030, 7942148, 7942178, 7942250, 7942268, 7942277, 7942514, 7942520, 7942543, 7942642, 7942662, 7942735, 7942858, 7943093, 7943259, 7943507, 7943547, 7943670, 7943683, 7943784, 7943788, 7943820, 7943858, 7943991, 7944044, 7944174, 7944460, 7944750, 7945127, 7945172, 7945872, 7945880, 7946000, 7946169, 7946293, 7946301, 7946500, 7946663, 7946763, 7946904, 7947045, 7947127, 7947298, 7947305, 7947598, 7947652, 7947681, 7947800, 7947823, 7947823, 7947851, 7947964, 7947981, 7948094, 7948183, 7948356, 7948457, 7948559, 7948582, 7948692, 7948714, 7948780, 7948881, 7948952, 7949101, 7949115, 7949124, 7949239, 7949246, 7949408, 7949461, 7949476, 7949557, 7949623, 7949843, 7950072, 7950095, 7950279, 7950393, 7950416, 7950559, 7950620, 7950633, 7950699, 7950774, 7950786, 7951107, 7951189, 7951320, 7951394, 7951511, 7951552, 7951728, 7951746, 7951823, 7951863, 7951901, 7951948, 7952045, 7952190, 7952230, 7952385, 7952399, 7952498, 7952530, 7952620, 7952913, 7952917, 7952964, 7953052, 7953231, 7953283, 7953314, 7953323, 7953364, 7953407, 7953414, 7953430, 7953442, 7953534, 7953652, 7953714, 7953714, 7953970, 7954240, 7954341, 7954421, 7954423, 7954519, 7954588, 7954864, 7954904, 7954954, 7955321, 7955452, 7955586, 7955663, 7955692, 7955712, 7955750, 7955950, 7956002, 7956007, 7956045, 7956095, 7956133, 7956163, 7956287, 7956288, 7956340, 7956427, 7956990, 7957017, 7957044, 7957056, 7957074, 7957168, 7957288, 7957478, 7957741, 7957850, 7957870, 7958001, 7958018, 7958033, 7958083, 7958175, 7958412, 7958423, 7958454, 7958483, 7958630, 7958695, 7958738, 7958808, 7958848, 7958867, 7958990, 7959097, 7959130, 7959541, 7959700, 7959724, 7959806, 7959915, 7959939, 7960166, 7960301, 7960393, 7960496, 7960560, 7960619, 7960756, 7960767, 7960819, 7960853, 7960995, 7961067, 7961096, 7961199, 7961280, 7961438, 7961677, 7961784, 7961794, 7961806, 7961809, 7962032, 7962429, 7962572, 7962576, 7962813, 7962818, 7963089, 7963155, 7963259, 7963318, 7963385, 7963539, 7963611, 7963728, 7963736, 7963825, 7964067, 7964147, 7964207, 7964302, 7964504, 7964738, 7964787, 7965302, 7965328, 7965480, 7965500, 7965561, 7965873, 7965910, 7966343, 7966470, 7966474, 7966660, 7966715, 7966912, 7966968, 7967033, 7967199, 7967268, 7967330, 7967554, 7967652, 7967659, 7967670, 7967864, 7967925, 7967942, 7967948, 7968255, 7968349, 7968371, 7968407, 7968454, 7968507, 7968787, 7968813, 7968836, 7968895, 7969855, 7969911, 7969977, 7969989, 7970330, 7970386, 7970484, 7970612, 7970617, 7970626, 7970692, 7970746, 7970884, 7970922, 7970939, 7971323, 7971413, 7971535, 7971582, 7971652, 7971777, 7971792, 7971947, 7972188, 7972441, 7972595, 7973041, 7973045, 7973393, 7973431, 7973890, 7974540, 7974576, 7974581, 7974626, 7974738, 7975036, 7975156, 7975257, 7975308, 7975382, 7975512, 7975521, 7975550, 7975592, 7975803, 7975889, 7975916, 7976152, 7976428, 7976441, 7976583, 7976598, 7976690, 7976749, 7976934, 7976942, 7976988, 7977183, 7977201, 7977213, 7977276, 7977304, 7977307, 7977485, 7977583, 7977766, 7977843, 7977935, 7977971, 7978245, 7978248, 7978331, 7978385, 7978404, 7978469, 7978526, 7978629, 7978681, 7978688, 7978841, 7978853, 7978864, 7978866, 7978870, 7978902, 7978905, 7978941, 7979486, 7979507, 7979577, 7979770, 7979834, 7980022, 7980478, 7980573, 7980581, 7980647, 7980660, 7980777, 7980782, 7980835, 7980896, 7981183, 7981331, 7981371, 7981392, 7981560, 7981748, 7981783, 7981815, 7981859, 7981952, 7982061, 7982119, 7982182, 7982402, 7982534, 7982554, 7982648, 7982656, 7982664, 7982737, 7982951, 7982987, 7983914, 7984152, 7984167, 7984212, 7984439, 7984516, 7984521, 7984596, 7984716, 7984762, 7984829, 7984923, 7984946, 7985025, 7985144, 7985247, 7985293, 7985300, 7985407, 7985498, 7985547, 7985618, 7985844, 7985854, 7985894, 7985922, 7986068, 7986208, 7986212, 7986265, 7986406, 7986417, 7986446, 7986468, 7986499, 7986569, 7986649, 7986663, 7986706, 7986713, 7986723, 7986745, 7986786, 7986870, 7986885, 7986927, 7986977, 7987001, 7987124, 7987125, 7987133, 7987234, 7987245, 7987379, 7987457, 7987523, 7987645, 7987683, 7987767, 7987870, 7987960, 7987988, 7988042, 7988057, 7988223, 7988300, 7988333, 7988601, 7988604, 7988756, 7988865, 7988873, 7988960, 7989490, 7989580, 7989612, 7989665, 7989669, 7989721, 7989927, 7989994, 7990200, 7990242, 7990273, 7990288, 7990299, 7990369, 7990532, 7990586, 7990683, 7990705, 7990728, 7990885, 7990919, 7991010, 7991119, 7991191, 7991337, 7991354, 7991431, 7991436, 7991475, 7991981, 7992135, 7992245, 7992253, 7992267, 7992375, 7992670, 7992746, 7992748, 7992847, 7992916, 7993271, 7993312, 7993330, 7993389, 7993414, 7993476, 7993504, 7993534, 7993742, 7993814, 7993989, 7994006, 7994010, 7994203, 7994248, 7994324, 7994478, 7994510, 7994640, 7994835, 7994864, 7994982, 7995110, 7995181, 7995190, 7995260, 7995263, 7995265, 7995411, 7995488, 7995656, 7995738, 7995924, 7996220, 7996226, 7996270, 7996270, 7996557, 7996843, 7996910, 7996963, 7996985, 7997043, 7997050, 7997226, 7997299, 7997367, 7997429, 7997430, 7997523, 7997787, 7997913, 7997955, 7998414, 7998451, 7998458, 7998483, 7998579, 7998820, 7998859, 7998913, 7999008, 7999014, 7999452, 7999951, 7999987]
]]></system-out>
  <system-err><![CDATA[]]></system-err>
</testsuite>
