<?xml version="1.0" encoding="UTF-8"?>
<testsuite name="com.apollo.SolutionTest" tests="1" skipped="0" failures="0" errors="0" timestamp="2020-05-02T05:49:51" hostname="DESKTOP-A10VHUM" time="0.004">
  <properties/>
  <testcase name="testMerge" classname="com.apollo.SolutionTest" time="0.004"/>
  <system-out><![CDATA[[1, 2, 2, 3, 5, 6]
]]></system-out>
  <system-err><![CDATA[]]></system-err>
</testsuite>
