<?xml version="1.0" encoding="UTF-8"?>
<testsuite name="com.apollo.SolutionTest" tests="1" skipped="0" failures="0" errors="0" timestamp="2020-05-01T17:13:33" hostname="DESKTOP-A10VHUM" time="0.002">
  <properties/>
  <testcase name="testReverseVowels" classname="com.apollo.SolutionTest" time="0.002"/>
  <system-out><![CDATA[]]></system-out>
  <system-err><![CDATA[]]></system-err>
</testsuite>
