<?xml version="1.0" encoding="UTF-8"?>
<testsuite name="com.apollo.SolutionTest" tests="1" skipped="0" failures="0" errors="0" timestamp="2020-05-02T14:02:33" hostname="LAPTOP-M2EA1U5K" time="0.006">
  <properties/>
  <testcase name="testFindLongestWord" classname="com.apollo.SolutionTest" time="0.006"/>
  <system-out><![CDATA[apple
]]></system-out>
  <system-err><![CDATA[]]></system-err>
</testsuite>
