<?xml version="1.0" encoding="UTF-8"?>
<testsuite name="com.apollo.MathTest" tests="1" skipped="0" failures="0" errors="0" timestamp="2020-06-27T03:40:13" hostname="DESKTOP-A10VHUM" time="0.005">
  <properties/>
  <testcase name="testCountPrimes" classname="com.apollo.MathTest" time="0.005"/>
  <system-out><![CDATA[1229
]]></system-out>
  <system-err><![CDATA[]]></system-err>
</testsuite>
